#
# There is insufficient memory for the Java Runtime Environment to continue.
# Native memory allocation (malloc) failed to allocate 1048576 bytes for AllocateHeap
# Possible reasons:
#   The system is out of physical RAM or swap space
#   The process is running with CompressedOops enabled, and the Java Heap may be blocking the growth of the native heap
# Possible solutions:
#   Reduce memory load on the system
#   Increase physical memory or swap space
#   Check if swap backing store is full
#   Decrease Java heap size (-Xmx/-Xms)
#   Decrease number of Java threads
#   Decrease Java thread stack sizes (-Xss)
#   Set larger code cache with -XX:ReservedCodeCacheSize=
#   JVM is running with Unscaled Compressed Oops mode in which the Java heap is
#     placed in the first 4GB address space. The Java Heap base address is the
#     maximum limit for the native heap growth. Please use -XX:HeapBaseMinAddress
#     to set the Java Heap base and to place the Java Heap above 4GB virtual address.
# This output file may be truncated or incomplete.
#
#  Out of Memory Error (./open/src/hotspot/share/memory/allocation.cpp:46), pid=9876, tid=4268
#
# JRE version: Java(TM) SE Runtime Environment 18.9 (11.0.17+10) (build 11.0.17+10-LTS-269)
# Java VM: Java HotSpot(TM) 64-Bit Server VM 18.9 (11.0.17+10-LTS-269, mixed mode, tiered, compressed oops, g1 gc, windows-amd64)
# No core dump will be written. Minidumps are not enabled by default on client versions of Windows
#

---------------  S U M M A R Y ------------

Command Line: -Xverify:none -XX:TieredStopAtLevel=1 -Dfile.encoding=windows-1252 -Duser.country=US -Duser.language=en -Duser.variant org.launchcode.techjobs.persistent.JavaWebDevTechjobsPersistentApplication

Host: Intel(R) Pentium(R) Silver N5000 CPU @ 1.10GHz, 4 cores, 3G,  Windows 11 , 64 bit Build 22000 (10.0.22000.1516)
Time: Mon Mar 27 17:29:39 2023 Central Daylight Time elapsed time: 38.309286 seconds (0d 0h 0m 38s)

---------------  T H R E A D  ---------------

Current thread (0x000001fb27454000):  VMThread "VM Thread" [stack: 0x000000a098100000,0x000000a098200000] [id=4268]

Stack: [0x000000a098100000,0x000000a098200000]
[error occurred during error reporting (printing stack bounds), id 0xc0000005, EXCEPTION_ACCESS_VIOLATION (0xc0000005) at pc=0x000001fb13b50f3d]

Native frames: (J=compiled Java code, j=interpreted, Vv=VM code, C=native code)
V  [jvm.dll+0x62b5da]
V  [jvm.dll+0x7653df]
V  [jvm.dll+0x766a89]
V  [jvm.dll+0x767075]
V  [jvm.dll+0x76702b]
V  [jvm.dll+0x62aac3]
V  [jvm.dll+0x62b1d8]
C  [ntdll.dll+0xa8b1f]
C  [ntdll.dll+0x35b9a]
C  [ntdll.dll+0xa7b2e]
C  0x000001fb13b50f3d

VM_Operation (0x000000a099af9a70): CollectForMetadataAllocation, mode: safepoint, requested by thread 0x000001fb2bff7800


---------------  P R O C E S S  ---------------

Threads class SMR info:
_java_thread_list=0x000001fb2c2a9250, length=29, elements={
0x000001fb27455800, 0x000001fb27479000, 0x000001fb274d7800, 0x000001fb274d8800,
0x000001fb274d9800, 0x000001fb274dc800, 0x000001fb27e20800, 0x000001fb27f32000,
0x000001fb284cf000, 0x000001fb28530000, 0x000001fb28531000, 0x000001fb29f7b800,
0x000001fb284b7800, 0x000001fb2bffb800, 0x000001fb2bffd000, 0x000001fb2bffc000,
0x000001fb2bff7800, 0x000001fb2bffe000, 0x000001fb2bff8000, 0x000001fb2bff9800,
0x000001fb2bffa800, 0x000001fb2bff9000, 0x000001fb2c3ec000, 0x000001fb2c3ea800,
0x000001fb2c3e9000, 0x000001fb2c3eb000, 0x000001fb2c3e7000, 0x000001fb2c3e9800,
0x000001fb2c3e6800
}

Java Threads: ( => current thread )
  0x000001fb27455800 JavaThread "Reference Handler" daemon [_thread_blocked, id=2576, stack(0x000000a098200000,0x000000a098300000)]
  0x000001fb27479000 JavaThread "Finalizer" daemon [_thread_blocked, id=6048, stack(0x000000a098300000,0x000000a098400000)]
  0x000001fb274d7800 JavaThread "Signal Dispatcher" daemon [_thread_blocked, id=8160, stack(0x000000a098400000,0x000000a098500000)]
  0x000001fb274d8800 JavaThread "Attach Listener" daemon [_thread_blocked, id=2816, stack(0x000000a098500000,0x000000a098600000)]
  0x000001fb274d9800 JavaThread "Service Thread" daemon [_thread_blocked, id=2864, stack(0x000000a098600000,0x000000a098700000)]
  0x000001fb274dc800 JavaThread "C1 CompilerThread0" daemon [_thread_blocked, id=3384, stack(0x000000a098700000,0x000000a098800000)]
  0x000001fb27e20800 JavaThread "Sweeper thread" daemon [_thread_blocked, id=10192, stack(0x000000a098800000,0x000000a098900000)]
  0x000001fb27f32000 JavaThread "Common-Cleaner" daemon [_thread_blocked, id=10332, stack(0x000000a098a00000,0x000000a098b00000)]
  0x000001fb284cf000 JavaThread "Catalina-utility-1" [_thread_blocked, id=3672, stack(0x000000a098e00000,0x000000a098f00000)]
  0x000001fb28530000 JavaThread "Catalina-utility-2" [_thread_blocked, id=7728, stack(0x000000a099100000,0x000000a099200000)]
  0x000001fb28531000 JavaThread "container-0" [_thread_blocked, id=9348, stack(0x000000a099200000,0x000000a099300000)]
  0x000001fb29f7b800 JavaThread "mysql-cj-abandoned-connection-cleanup" daemon [_thread_blocked, id=6228, stack(0x000000a099300000,0x000000a099400000)]
  0x000001fb284b7800 JavaThread "HikariPool-1 housekeeper" daemon [_thread_blocked, id=3624, stack(0x000000a099500000,0x000000a099600000)]
  0x000001fb2bffb800 JavaThread "Live Reload Server" daemon [_thread_in_native, id=1152, stack(0x000000a099800000,0x000000a099900000)]
  0x000001fb2bffd000 JavaThread "File Watcher" daemon [_thread_blocked, id=256, stack(0x000000a099700000,0x000000a099800000)]
  0x000001fb2bffc000 JavaThread "http-nio-8080-BlockPoller" daemon [_thread_blocked, id=7516, stack(0x000000a099900000,0x000000a099a00000)]
  0x000001fb2bff7800 JavaThread "http-nio-8080-exec-1" daemon [_thread_blocked, id=10388, stack(0x000000a099a00000,0x000000a099b00000)]
  0x000001fb2bffe000 JavaThread "http-nio-8080-exec-2" daemon [_thread_blocked, id=10828, stack(0x000000a099b00000,0x000000a099c00000)]
  0x000001fb2bff8000 JavaThread "http-nio-8080-exec-3" daemon [_thread_blocked, id=1724, stack(0x000000a099c00000,0x000000a099d00000)]
  0x000001fb2bff9800 JavaThread "http-nio-8080-exec-4" daemon [_thread_blocked, id=10796, stack(0x000000a099d00000,0x000000a099e00000)]
  0x000001fb2bffa800 JavaThread "http-nio-8080-exec-5" daemon [_thread_blocked, id=6376, stack(0x000000a099e00000,0x000000a099f00000)]
  0x000001fb2bff9000 JavaThread "http-nio-8080-exec-6" daemon [_thread_blocked, id=10768, stack(0x000000a099f00000,0x000000a09a000000)]
  0x000001fb2c3ec000 JavaThread "http-nio-8080-exec-7" daemon [_thread_blocked, id=10924, stack(0x000000a09a000000,0x000000a09a100000)]
  0x000001fb2c3ea800 JavaThread "http-nio-8080-exec-8" daemon [_thread_blocked, id=5456, stack(0x000000a09a100000,0x000000a09a200000)]
  0x000001fb2c3e9000 JavaThread "http-nio-8080-exec-9" daemon [_thread_blocked, id=3688, stack(0x000000a09a200000,0x000000a09a300000)]
  0x000001fb2c3eb000 JavaThread "http-nio-8080-exec-10" daemon [_thread_blocked, id=5484, stack(0x000000a09a300000,0x000000a09a400000)]
  0x000001fb2c3e7000 JavaThread "http-nio-8080-ClientPoller" daemon [_thread_in_native, id=4708, stack(0x000000a09a400000,0x000000a09a500000)]
  0x000001fb2c3e9800 JavaThread "http-nio-8080-Acceptor" daemon [_thread_in_native, id=2184, stack(0x000000a09a500000,0x000000a09a600000)]
  0x000001fb2c3e6800 JavaThread "DestroyJavaVM" [_thread_blocked, id=10020, stack(0x000000a097b00000,0x000000a097c00000)]

Other Threads:
=>0x000001fb27454000 VMThread "VM Thread" [stack: 0x000000a098100000,0x000000a098200000] [id=4268]
  0x000001fb27f31800 WatcherThread [stack: 0x000000a098900000,0x000000a098a00000] [id=5492]
  0x000001fb0c4a3800 GCTaskThread "GC Thread#0" [stack: 0x000000a097c00000,0x000000a097d00000] [id=8716]
  0x000001fb286c1000 GCTaskThread "GC Thread#1" [stack: 0x000000a098b00000,0x000000a098c00000] [id=10152]
  0x000001fb28954800 GCTaskThread "GC Thread#2" [stack: 0x000000a098f00000,0x000000a099000000] [id=9028]
  0x000001fb28956800 GCTaskThread "GC Thread#3" [stack: 0x000000a099000000,0x000000a099100000] [id=1128]
  0x000001fb0c4bf000 ConcurrentGCThread "G1 Main Marker" [stack: 0x000000a097d00000,0x000000a097e00000] [id=8568]
  0x000001fb0c4c1000 ConcurrentGCThread "G1 Conc#0" [stack: 0x000000a097e00000,0x000000a097f00000] [id=12540]
  0x000001fb0c50b000 ConcurrentGCThread "G1 Refine#0" [stack: 0x000000a097f00000,0x000000a098000000] [id=8876]
  0x000001fb0c50e000 ConcurrentGCThread "G1 Young RemSet Sampling" [stack: 0x000000a098000000,0x000000a098100000] [id=11056]

Threads with active compile tasks:

VM state:at safepoint (normal execution)

VM Mutex/Monitor currently owned by a thread:  ([mutex/lock_event])
[0x000001fb0c488680] Threads_lock - owner thread: 0x000001fb27454000
[0x000001fb0c488cb0] Heap_lock - owner thread: 0x000001fb2bff7800

Heap address: 0x00000000c2c00000, size: 980 MB, Compressed Oops mode: 32-bit
Narrow klass base: 0x0000000000000000, Narrow klass shift: 3
Compressed class space size: 1073741824 Address: 0x0000000100000000

Heap:
 garbage-first heap   total 76800K, used 27025K [0x00000000c2c00000, 0x0000000100000000)
  region size 1024K, 4 young (4096K), 4 survivors (4096K)
 Metaspace       used 58593K, capacity 60118K, committed 60240K, reserved 1103872K
  class space    used 7764K, capacity 8364K, committed 8448K, reserved 1048576K
Heap Regions: E=young(eden), S=young(survivor), O=old, HS=humongous(starts), HC=humongous(continues), CS=collection set, F=free, A=archive, TAMS=top-at-mark-start (previous, next)
|   0|0x00000000c2c00000, 0x00000000c2d00000, 0x00000000c2d00000|100%|HS|  |TAMS 0x00000000c2d00000, 0x00000000c2d00000| Complete 
|   1|0x00000000c2d00000, 0x00000000c2e00000, 0x00000000c2e00000|100%| O|  |TAMS 0x00000000c2e00000, 0x00000000c2e00000| Untracked 
|   2|0x00000000c2e00000, 0x00000000c2f00000, 0x00000000c2f00000|100%| O|  |TAMS 0x00000000c2f00000, 0x00000000c2f00000| Untracked 
|   3|0x00000000c2f00000, 0x00000000c3000000, 0x00000000c3000000|100%| O|  |TAMS 0x00000000c3000000, 0x00000000c3000000| Untracked 
|   4|0x00000000c3000000, 0x00000000c3100000, 0x00000000c3100000|100%| O|  |TAMS 0x00000000c3100000, 0x00000000c3100000| Untracked 
|   5|0x00000000c3100000, 0x00000000c3200000, 0x00000000c3200000|100%| O|  |TAMS 0x00000000c3200000, 0x00000000c3200000| Untracked 
|   6|0x00000000c3200000, 0x00000000c3300000, 0x00000000c3300000|100%| O|  |TAMS 0x00000000c3300000, 0x00000000c3300000| Untracked 
|   7|0x00000000c3300000, 0x00000000c3400000, 0x00000000c3400000|100%| O|  |TAMS 0x00000000c3400000, 0x00000000c3400000| Untracked 
|   8|0x00000000c3400000, 0x00000000c3500000, 0x00000000c3500000|100%| O|  |TAMS 0x00000000c3500000, 0x00000000c3500000| Untracked 
|   9|0x00000000c3500000, 0x00000000c3600000, 0x00000000c3600000|100%| O|  |TAMS 0x00000000c3600000, 0x00000000c3600000| Untracked 
|  10|0x00000000c3600000, 0x00000000c3700000, 0x00000000c3700000|100%| O|  |TAMS 0x00000000c3700000, 0x00000000c3700000| Untracked 
|  11|0x00000000c3700000, 0x00000000c3800000, 0x00000000c3800000|100%| O|  |TAMS 0x00000000c3800000, 0x00000000c3800000| Untracked 
|  12|0x00000000c3800000, 0x00000000c3900000, 0x00000000c3900000|100%| O|  |TAMS 0x00000000c3900000, 0x00000000c3900000| Untracked 
|  13|0x00000000c3900000, 0x00000000c3a00000, 0x00000000c3a00000|100%| O|  |TAMS 0x00000000c391d600, 0x00000000c3a00000| Untracked 
|  14|0x00000000c3a00000, 0x00000000c3b00000, 0x00000000c3b00000|100%| O|  |TAMS 0x00000000c3a00000, 0x00000000c3b00000| Untracked 
|  15|0x00000000c3b00000, 0x00000000c3c00000, 0x00000000c3c00000|100%| O|  |TAMS 0x00000000c3b00000, 0x00000000c3c00000| Untracked 
|  16|0x00000000c3c00000, 0x00000000c3d00000, 0x00000000c3d00000|100%| O|  |TAMS 0x00000000c3c00000, 0x00000000c3d00000| Untracked 
|  17|0x00000000c3d00000, 0x00000000c3e00000, 0x00000000c3e00000|100%| O|  |TAMS 0x00000000c3d00000, 0x00000000c3e00000| Untracked 
|  18|0x00000000c3e00000, 0x00000000c3f00000, 0x00000000c3f00000|100%| O|  |TAMS 0x00000000c3e00000, 0x00000000c3f00000| Untracked 
|  19|0x00000000c3f00000, 0x00000000c4000000, 0x00000000c4000000|100%| O|  |TAMS 0x00000000c3f00000, 0x00000000c4000000| Untracked 
|  20|0x00000000c4000000, 0x00000000c4100000, 0x00000000c4100000|100%| O|  |TAMS 0x00000000c4000000, 0x00000000c4100000| Untracked 
|  21|0x00000000c4100000, 0x00000000c4200000, 0x00000000c4200000|100%| O|  |TAMS 0x00000000c4100000, 0x00000000c4200000| Untracked 
|  22|0x00000000c4200000, 0x00000000c4264600, 0x00000000c4300000| 39%| O|  |TAMS 0x00000000c4200000, 0x00000000c4264600| Untracked 
|  23|0x00000000c4300000, 0x00000000c4300000, 0x00000000c4400000|  0%| F|  |TAMS 0x00000000c4300000, 0x00000000c4300000| Untracked 
|  24|0x00000000c4400000, 0x00000000c4400000, 0x00000000c4500000|  0%| F|  |TAMS 0x00000000c4400000, 0x00000000c4400000| Untracked 
|  25|0x00000000c4500000, 0x00000000c4500000, 0x00000000c4600000|  0%| F|  |TAMS 0x00000000c4500000, 0x00000000c4500000| Untracked 
|  26|0x00000000c4600000, 0x00000000c4600000, 0x00000000c4700000|  0%| F|  |TAMS 0x00000000c4600000, 0x00000000c4600000| Untracked 
|  27|0x00000000c4700000, 0x00000000c4700000, 0x00000000c4800000|  0%| F|  |TAMS 0x00000000c4700000, 0x00000000c4700000| Untracked 
|  28|0x00000000c4800000, 0x00000000c4800000, 0x00000000c4900000|  0%| F|  |TAMS 0x00000000c4800000, 0x00000000c4800000| Untracked 
|  29|0x00000000c4900000, 0x00000000c4900000, 0x00000000c4a00000|  0%| F|  |TAMS 0x00000000c4900000, 0x00000000c4900000| Untracked 
|  30|0x00000000c4a00000, 0x00000000c4a00000, 0x00000000c4b00000|  0%| F|  |TAMS 0x00000000c4a00000, 0x00000000c4a00000| Untracked 
|  31|0x00000000c4b00000, 0x00000000c4b00000, 0x00000000c4c00000|  0%| F|  |TAMS 0x00000000c4b00000, 0x00000000c4b00000| Untracked 
|  32|0x00000000c4c00000, 0x00000000c4c00000, 0x00000000c4d00000|  0%| F|  |TAMS 0x00000000c4c00000, 0x00000000c4c00000| Untracked 
|  33|0x00000000c4d00000, 0x00000000c4d00000, 0x00000000c4e00000|  0%| F|  |TAMS 0x00000000c4d00000, 0x00000000c4d00000| Untracked 
|  34|0x00000000c4e00000, 0x00000000c4e00000, 0x00000000c4f00000|  0%| F|  |TAMS 0x00000000c4e00000, 0x00000000c4e00000| Untracked 
|  35|0x00000000c4f00000, 0x00000000c4f00000, 0x00000000c5000000|  0%| F|  |TAMS 0x00000000c4f00000, 0x00000000c4f00000| Untracked 
|  36|0x00000000c5000000, 0x00000000c5000000, 0x00000000c5100000|  0%| F|  |TAMS 0x00000000c5000000, 0x00000000c5000000| Untracked 
|  37|0x00000000c5100000, 0x00000000c5100000, 0x00000000c5200000|  0%| F|  |TAMS 0x00000000c5100000, 0x00000000c5100000| Untracked 
|  38|0x00000000c5200000, 0x00000000c5200000, 0x00000000c5300000|  0%| F|  |TAMS 0x00000000c5200000, 0x00000000c5200000| Untracked 
|  39|0x00000000c5300000, 0x00000000c5300000, 0x00000000c5400000|  0%| F|  |TAMS 0x00000000c5300000, 0x00000000c5300000| Untracked 
|  40|0x00000000c5400000, 0x00000000c5400000, 0x00000000c5500000|  0%| F|  |TAMS 0x00000000c5400000, 0x00000000c5400000| Untracked 
|  41|0x00000000c5500000, 0x00000000c5500000, 0x00000000c5600000|  0%| F|  |TAMS 0x00000000c5500000, 0x00000000c5500000| Untracked 
|  42|0x00000000c5600000, 0x00000000c5600000, 0x00000000c5700000|  0%| F|  |TAMS 0x00000000c5600000, 0x00000000c5600000| Untracked 
|  43|0x00000000c5700000, 0x00000000c5700000, 0x00000000c5800000|  0%| F|  |TAMS 0x00000000c5700000, 0x00000000c5700000| Untracked 
|  44|0x00000000c5800000, 0x00000000c5800000, 0x00000000c5900000|  0%| F|  |TAMS 0x00000000c5800000, 0x00000000c5800000| Untracked 
|  45|0x00000000c5900000, 0x00000000c5900000, 0x00000000c5a00000|  0%| F|  |TAMS 0x00000000c5900000, 0x00000000c5900000| Untracked 
|  46|0x00000000c5a00000, 0x00000000c5a00000, 0x00000000c5b00000|  0%| F|  |TAMS 0x00000000c5a00000, 0x00000000c5a00000| Untracked 
|  47|0x00000000c5b00000, 0x00000000c5b00000, 0x00000000c5c00000|  0%| F|  |TAMS 0x00000000c5b00000, 0x00000000c5b00000| Untracked 
|  48|0x00000000c5c00000, 0x00000000c5c00000, 0x00000000c5d00000|  0%| F|  |TAMS 0x00000000c5c00000, 0x00000000c5c00000| Untracked 
|  49|0x00000000c5d00000, 0x00000000c5d00000, 0x00000000c5e00000|  0%| F|  |TAMS 0x00000000c5d00000, 0x00000000c5d00000| Untracked 
|  50|0x00000000c5e00000, 0x00000000c5e00000, 0x00000000c5f00000|  0%| F|  |TAMS 0x00000000c5e00000, 0x00000000c5e00000| Untracked 
|  51|0x00000000c5f00000, 0x00000000c5f00000, 0x00000000c6000000|  0%| F|  |TAMS 0x00000000c5f00000, 0x00000000c5f00000| Untracked 
|  52|0x00000000c6000000, 0x00000000c6000000, 0x00000000c6100000|  0%| F|  |TAMS 0x00000000c6000000, 0x00000000c6000000| Untracked 
|  53|0x00000000c6100000, 0x00000000c6100000, 0x00000000c6200000|  0%| F|  |TAMS 0x00000000c6100000, 0x00000000c6100000| Untracked 
|  54|0x00000000c6200000, 0x00000000c6200000, 0x00000000c6300000|  0%| F|  |TAMS 0x00000000c6200000, 0x00000000c6200000| Untracked 
|  55|0x00000000c6300000, 0x00000000c6300000, 0x00000000c6400000|  0%| F|  |TAMS 0x00000000c6300000, 0x00000000c6300000| Untracked 
|  56|0x00000000c6400000, 0x00000000c6400000, 0x00000000c6500000|  0%| F|  |TAMS 0x00000000c6400000, 0x00000000c6400000| Untracked 
|  57|0x00000000c6500000, 0x00000000c6500000, 0x00000000c6600000|  0%| F|  |TAMS 0x00000000c6500000, 0x00000000c6500000| Untracked 
|  58|0x00000000c6600000, 0x00000000c6600000, 0x00000000c6700000|  0%| F|  |TAMS 0x00000000c6600000, 0x00000000c6600000| Untracked 
|  59|0x00000000c6700000, 0x00000000c6700000, 0x00000000c6800000|  0%| F|  |TAMS 0x00000000c6700000, 0x00000000c6700000| Untracked 
|  60|0x00000000c6800000, 0x00000000c6800000, 0x00000000c6900000|  0%| F|  |TAMS 0x00000000c6800000, 0x00000000c6800000| Untracked 
|  61|0x00000000c6900000, 0x00000000c6a00000, 0x00000000c6a00000|100%| S|CS|TAMS 0x00000000c6900000, 0x00000000c6900000| Complete 
|  62|0x00000000c6a00000, 0x00000000c6b00000, 0x00000000c6b00000|100%| S|CS|TAMS 0x00000000c6a00000, 0x00000000c6a00000| Complete 
|  63|0x00000000c6b00000, 0x00000000c6c00000, 0x00000000c6c00000|100%| S|CS|TAMS 0x00000000c6b00000, 0x00000000c6b00000| Complete 
|  64|0x00000000c6c00000, 0x00000000c6d00000, 0x00000000c6d00000|100%| S|CS|TAMS 0x00000000c6c00000, 0x00000000c6c00000| Complete 
|  65|0x00000000c6d00000, 0x00000000c6d00000, 0x00000000c6e00000|  0%| F|  |TAMS 0x00000000c6d00000, 0x00000000c6d00000| Untracked 
|  66|0x00000000c6e00000, 0x00000000c6e00000, 0x00000000c6f00000|  0%| F|  |TAMS 0x00000000c6e00000, 0x00000000c6e00000| Untracked 
|  67|0x00000000c6f00000, 0x00000000c6f00000, 0x00000000c7000000|  0%| F|  |TAMS 0x00000000c6f00000, 0x00000000c6f00000| Untracked 
|  68|0x00000000c7000000, 0x00000000c7000000, 0x00000000c7100000|  0%| F|  |TAMS 0x00000000c7000000, 0x00000000c7000000| Untracked 
|  69|0x00000000c7100000, 0x00000000c7100000, 0x00000000c7200000|  0%| F|  |TAMS 0x00000000c7100000, 0x00000000c7100000| Untracked 
|  70|0x00000000c7200000, 0x00000000c7200000, 0x00000000c7300000|  0%| F|  |TAMS 0x00000000c7200000, 0x00000000c7200000| Untracked 
|  71|0x00000000c7300000, 0x00000000c7300000, 0x00000000c7400000|  0%| F|  |TAMS 0x00000000c7300000, 0x00000000c7300000| Untracked 
|  72|0x00000000c7400000, 0x00000000c7400000, 0x00000000c7500000|  0%| F|  |TAMS 0x00000000c7400000, 0x00000000c7400000| Untracked 
|  73|0x00000000c7500000, 0x00000000c7500000, 0x00000000c7600000|  0%| F|  |TAMS 0x00000000c7500000, 0x00000000c7500000| Untracked 
|  74|0x00000000c7600000, 0x00000000c7600000, 0x00000000c7700000|  0%| F|  |TAMS 0x00000000c7600000, 0x00000000c7600000| Untracked 

Card table byte_map: [0x000001fb22d40000,0x000001fb22f30000] _byte_map_base: 0x000001fb2272a000

Marking Bits (Prev, Next): (CMBitMap*) 0x000001fb0c4ba4f8, (CMBitMap*) 0x000001fb0c4ba530
 Prev Bits: [0x000001fb23120000, 0x000001fb24070000)
 Next Bits: [0x000001fb24070000, 0x000001fb24fc0000)

Polling page: 0x000001fb0a490000

Metaspace:

Usage:
  Non-class:     50.54 MB capacity,    49.64 MB ( 98%) used,   749.21 KB (  1%) free+waste,   175.38 KB ( <1%) overhead. 
      Class:      8.17 MB capacity,     7.58 MB ( 93%) used,   512.46 KB (  6%) free+waste,    87.06 KB (  1%) overhead. 
       Both:     58.71 MB capacity,    57.22 MB ( 97%) used,     1.23 MB (  2%) free+waste,   262.44 KB ( <1%) overhead. 

Virtual space:
  Non-class space:       54.00 MB reserved,      50.58 MB ( 94%) committed 
      Class space:        1.00 GB reserved,       8.25 MB ( <1%) committed 
             Both:        1.05 GB reserved,      58.83 MB (  5%) committed 

Chunk freelists:
   Non-Class:  4.75 KB
       Class:  2.50 KB
        Both:  7.25 KB

CodeHeap 'non-profiled nmethods': size=238912Kb used=7693Kb max_used=7693Kb free=231218Kb
 bounds [0x000001fb14200000, 0x000001fb14990000, 0x000001fb22b50000]
CodeHeap 'non-nmethods': size=6848Kb used=1228Kb max_used=1228Kb free=5620Kb
 bounds [0x000001fb13b50000, 0x000001fb13dc0000, 0x000001fb14200000]
 total_blobs=5616 nmethods=5003 adapters=540
 compilation: enabled
              stopped_count=0, restarted_count=0
 full_count=0

Compilation events (10 events):
Event: 38.182 Thread 0x000001fb274dc800 4999 %     1       java.util.Properties$LineReader::readLine @ 224 (584 bytes)
Event: 38.187 Thread 0x000001fb274dc800 nmethod 4999% 0x000001fb1497c510 code [0x000001fb1497c780, 0x000001fb1497dad8]
Event: 38.187 Thread 0x000001fb274dc800 5001       1       java.util.regex.Pattern::compile (498 bytes)
Event: 38.190 Thread 0x000001fb274dc800 nmethod 5001 0x000001fb1497e510 code [0x000001fb1497e840, 0x000001fb1497fd08]
Event: 38.190 Thread 0x000001fb274dc800 5000       1       java.util.regex.Pattern::sequence (645 bytes)
Event: 38.197 Thread 0x000001fb274dc800 nmethod 5000 0x000001fb14980310 code [0x000001fb14980740, 0x000001fb14982368]
Event: 38.197 Thread 0x000001fb274dc800 5002       1       java.util.regex.Pattern$Node::study (21 bytes)
Event: 38.197 Thread 0x000001fb274dc800 nmethod 5002 0x000001fb14982e10 code [0x000001fb14982fa0, 0x000001fb149830a8]
Event: 38.197 Thread 0x000001fb274dc800 5003       1       java.util.regex.Pattern$TreeInfo::reset (21 bytes)
Event: 38.198 Thread 0x000001fb274dc800 nmethod 5003 0x000001fb14983190 code [0x000001fb14983320, 0x000001fb149833f8]

GC Heap History (10 events):
Event: 20.285 GC heap before
{Heap before GC invocations=10 (full 0):
 garbage-first heap   total 76800K, used 51178K [0x00000000c2c00000, 0x0000000100000000)
  region size 1024K, 37 young (37888K), 2 survivors (2048K)
 Metaspace       used 44359K, capacity 45493K, committed 45616K, reserved 1089536K
  class space    used 5705K, capacity 6154K, committed 6272K, reserved 1048576K
}
Event: 20.297 GC heap after
{Heap after GC invocations=11 (full 0):
 garbage-first heap   total 76800K, used 19643K [0x00000000c2c00000, 0x0000000100000000)
  region size 1024K, 5 young (5120K), 5 survivors (5120K)
 Metaspace       used 44359K, capacity 45493K, committed 45616K, reserved 1089536K
  class space    used 5705K, capacity 6154K, committed 6272K, reserved 1048576K
}
Event: 21.839 GC heap before
{Heap before GC invocations=11 (full 0):
 garbage-first heap   total 76800K, used 54459K [0x00000000c2c00000, 0x0000000100000000)
  region size 1024K, 39 young (39936K), 5 survivors (5120K)
 Metaspace       used 49405K, capacity 50568K, committed 50736K, reserved 1093632K
  class space    used 6495K, capacity 6951K, committed 7040K, reserved 1048576K
}
Event: 21.851 GC heap after
{Heap after GC invocations=12 (full 0):
 garbage-first heap   total 76800K, used 21244K [0x00000000c2c00000, 0x0000000100000000)
  region size 1024K, 2 young (2048K), 2 survivors (2048K)
 Metaspace       used 49405K, capacity 50568K, committed 50736K, reserved 1093632K
  class space    used 6495K, capacity 6951K, committed 7040K, reserved 1048576K
}
Event: 23.333 GC heap before
{Heap before GC invocations=12 (full 0):
 garbage-first heap   total 76800K, used 55036K [0x00000000c2c00000, 0x0000000100000000)
  region size 1024K, 35 young (35840K), 2 survivors (2048K)
 Metaspace       used 53580K, capacity 54965K, committed 55216K, reserved 1097728K
  class space    used 7072K, capacity 7607K, committed 7680K, reserved 1048576K
}
Event: 23.341 GC heap after
{Heap after GC invocations=13 (full 0):
 garbage-first heap   total 76800K, used 23046K [0x00000000c2c00000, 0x0000000100000000)
  region size 1024K, 4 young (4096K), 4 survivors (4096K)
 Metaspace       used 53580K, capacity 54965K, committed 55216K, reserved 1097728K
  class space    used 7072K, capacity 7607K, committed 7680K, reserved 1048576K
}
Event: 37.470 GC heap before
{Heap before GC invocations=13 (full 0):
 garbage-first heap   total 76800K, used 55814K [0x00000000c2c00000, 0x0000000100000000)
  region size 1024K, 37 young (37888K), 4 survivors (4096K)
 Metaspace       used 57377K, capacity 58902K, committed 59056K, reserved 1099776K
  class space    used 7582K, capacity 8172K, committed 8192K, reserved 1048576K
}
Event: 37.496 GC heap after
{Heap after GC invocations=14 (full 0):
 garbage-first heap   total 76800K, used 25340K [0x00000000c2c00000, 0x0000000100000000)
  region size 1024K, 5 young (5120K), 5 survivors (5120K)
 Metaspace       used 57377K, capacity 58902K, committed 59056K, reserved 1099776K
  class space    used 7582K, capacity 8172K, committed 8192K, reserved 1048576K
}
Event: 38.284 GC heap before
{Heap before GC invocations=14 (full 0):
 garbage-first heap   total 76800K, used 34556K [0x00000000c2c00000, 0x0000000100000000)
  region size 1024K, 15 young (15360K), 5 survivors (5120K)
 Metaspace       used 58593K, capacity 60118K, committed 60240K, reserved 1101824K
  class space    used 7764K, capacity 8364K, committed 8448K, reserved 1048576K
}
Event: 38.298 GC heap after
{Heap after GC invocations=15 (full 0):
 garbage-first heap   total 76800K, used 27025K [0x00000000c2c00000, 0x0000000100000000)
  region size 1024K, 4 young (4096K), 4 survivors (4096K)
 Metaspace       used 58593K, capacity 60118K, committed 60240K, reserved 1101824K
  class space    used 7764K, capacity 8364K, committed 8448K, reserved 1048576K
}

Deoptimization events (0 events):
No events

Classes redefined (0 events):
No events

Internal exceptions (10 events):
Event: 23.278 Thread 0x000001fb28790000 Exception <a 'java/lang/ClassNotFoundException'{0x00000000c57ad890}: org/springframework/web/servlet/config/annotation/DelegatingWebMvcConfigurationCustomizer> (0x00000000c57ad890) thrown at [./open/src/hotspot/share/classfile/systemDictionary.cpp, line 2
Event: 23.280 Thread 0x000001fb28790000 Exception <a 'java/lang/ClassNotFoundException'{0x00000000c57c58f8}: org/springframework/boot/autoconfigure/web/servlet/WebMvcAutoConfiguration$EnableWebMvcConfigurationCustomizer> (0x00000000c57c58f8) thrown at [./open/src/hotspot/share/classfile/systemD
Event: 23.282 Thread 0x000001fb28790000 Exception <a 'java/lang/ClassNotFoundException'{0x00000000c57e1020}: org/springframework/context/ResourceLoaderAwareCustomizer> (0x00000000c57e1020) thrown at [./open/src/hotspot/share/classfile/systemDictionary.cpp, line 226]
Event: 23.283 Thread 0x000001fb28790000 Exception <a 'java/lang/ClassNotFoundException'{0x00000000c57ef610}: org/springframework/beans/factory/AwareCustomizer> (0x00000000c57ef610) thrown at [./open/src/hotspot/share/classfile/systemDictionary.cpp, line 226]
Event: 23.284 Thread 0x000001fb28790000 Exception <a 'java/lang/ClassNotFoundException'{0x00000000c57fe4e8}: org/springframework/context/ApplicationContextAwareCustomizer> (0x00000000c57fe4e8) thrown at [./open/src/hotspot/share/classfile/systemDictionary.cpp, line 226]
Event: 23.285 Thread 0x000001fb28790000 Exception <a 'java/lang/ClassNotFoundException'{0x00000000c560d920}: org/springframework/beans/factory/AwareCustomizer> (0x00000000c560d920) thrown at [./open/src/hotspot/share/classfile/systemDictionary.cpp, line 226]
Event: 23.286 Thread 0x000001fb28790000 Exception <a 'java/lang/ClassNotFoundException'{0x00000000c561c7d0}: org/springframework/web/context/ServletContextAwareCustomizer> (0x00000000c561c7d0) thrown at [./open/src/hotspot/share/classfile/systemDictionary.cpp, line 226]
Event: 23.287 Thread 0x000001fb28790000 Exception <a 'java/lang/ClassNotFoundException'{0x00000000c562b228}: org/springframework/beans/factory/AwareCustomizer> (0x00000000c562b228) thrown at [./open/src/hotspot/share/classfile/systemDictionary.cpp, line 226]
Event: 23.592 Thread 0x000001fb28790000 Exception <a 'java/lang/NoSuchMethodError'{0x00000000c6e86f18}: java.lang.invoke.DirectMethodHandle$Holder.invokeVirtual(Ljava/lang/Object;Ljava/lang/Object;I)V> (0x00000000c6e86f18) thrown at [./open/src/hotspot/share/interpreter/linkResolver.cpp, line 7
Event: 23.788 Thread 0x000001fb28790000 Exception <a 'java/lang/IncompatibleClassChangeError'{0x00000000c69ae8c8}: Found class java.lang.Object, but interface was expected> (0x00000000c69ae8c8) thrown at [./open/src/hotspot/share/interpreter/linkResolver.cpp, line 838]

Events (10 events):
Event: 38.280 loading class org/thymeleaf/engine/IEngineTemplateEvent done
Event: 38.280 loading class org/thymeleaf/engine/AbstractTemplateEvent
Event: 38.280 loading class org/thymeleaf/engine/AbstractTemplateEvent done
Event: 38.281 loading class org/thymeleaf/standard/processor/StandardInlineEnablementTemplateBoundariesProcessor$1
Event: 38.281 loading class org/thymeleaf/standard/processor/StandardInlineEnablementTemplateBoundariesProcessor$1 done
Event: 38.282 loading class org/thymeleaf/standard/inline/StandardHTMLInliner
Event: 38.282 loading class org/thymeleaf/standard/inline/StandardHTMLInliner done
Event: 38.283 loading class org/thymeleaf/standard/inline/AbstractStandardInliner
Event: 38.283 loading class org/thymeleaf/standard/inline/AbstractStandardInliner done
Event: 38.283 Executing VM operation: CollectForMetadataAllocation


Dynamic libraries:
0x00007ff6af9b0000 - 0x00007ff6af9bf000 	C:\Program Files\Java\jdk-11.0.17\bin\java.exe
0x00007ffaad340000 - 0x00007ffaad549000 	C:\WINDOWS\SYSTEM32\ntdll.dll
0x00007ffaac1d0000 - 0x00007ffaac28e000 	C:\WINDOWS\System32\KERNEL32.DLL
0x00007ffaaa980000 - 0x00007ffaaacfc000 	C:\WINDOWS\System32\KERNELBASE.dll
0x00007ffaaafe0000 - 0x00007ffaab0f1000 	C:\WINDOWS\System32\ucrtbase.dll
0x00007ffaa3830000 - 0x00007ffaa3848000 	C:\Program Files\Java\jdk-11.0.17\bin\jli.dll
0x00007ffaa3810000 - 0x00007ffaa3825000 	C:\Program Files\Java\jdk-11.0.17\bin\VCRUNTIME140.dll
0x00007ffaab4a0000 - 0x00007ffaab54e000 	C:\WINDOWS\System32\ADVAPI32.dll
0x00007ffaac290000 - 0x00007ffaac333000 	C:\WINDOWS\System32\msvcrt.dll
0x00007ffaab650000 - 0x00007ffaab6ee000 	C:\WINDOWS\System32\sechost.dll
0x00007ffaac010000 - 0x00007ffaac130000 	C:\WINDOWS\System32\RPCRT4.dll
0x00007ffaac950000 - 0x00007ffaacafd000 	C:\WINDOWS\System32\USER32.dll
0x00007ffaaadf0000 - 0x00007ffaaae16000 	C:\WINDOWS\System32\win32u.dll
0x00007ffaab470000 - 0x00007ffaab499000 	C:\WINDOWS\System32\GDI32.dll
0x00007ffaaaec0000 - 0x00007ffaaafd8000 	C:\WINDOWS\System32\gdi32full.dll
0x00007ffaaae20000 - 0x00007ffaaaebd000 	C:\WINDOWS\System32\msvcp_win.dll
0x00007ffa941e0000 - 0x00007ffa94485000 	C:\WINDOWS\WinSxS\amd64_microsoft.windows.common-controls_6595b64144ccf1df_6.0.22000.120_none_9d947278b86cc467\COMCTL32.dll
0x00007ffaa07f0000 - 0x00007ffaa07fa000 	C:\WINDOWS\SYSTEM32\VERSION.dll
0x00007ffaab550000 - 0x00007ffaab581000 	C:\WINDOWS\System32\IMM32.DLL
0x00007ffa99ea0000 - 0x00007ffa99f3b000 	C:\Program Files\Java\jdk-11.0.17\bin\msvcp140.dll
0x00007ffa7b890000 - 0x00007ffa7c3aa000 	C:\Program Files\Java\jdk-11.0.17\bin\server\jvm.dll
0x00007ffaacfe0000 - 0x00007ffaacfe8000 	C:\WINDOWS\System32\PSAPI.DLL
0x00007ffaa72d0000 - 0x00007ffaa72d9000 	C:\WINDOWS\SYSTEM32\WSOCK32.dll
0x00007ffaacb00000 - 0x00007ffaacb6f000 	C:\WINDOWS\System32\WS2_32.dll
0x00007ffaa3690000 - 0x00007ffaa36c3000 	C:\WINDOWS\SYSTEM32\WINMM.dll
0x00007ffaa9890000 - 0x00007ffaa98a8000 	C:\WINDOWS\SYSTEM32\kernel.appcore.dll
0x00007ffaa0850000 - 0x00007ffaa0860000 	C:\Program Files\Java\jdk-11.0.17\bin\verify.dll
0x00007ffaa8400000 - 0x00007ffaa8621000 	C:\WINDOWS\SYSTEM32\DBGHELP.DLL
0x00007ffaa6f60000 - 0x00007ffaa6f91000 	C:\WINDOWS\SYSTEM32\dbgcore.DLL
0x00007ffaaad70000 - 0x00007ffaaadef000 	C:\WINDOWS\System32\bcryptPrimitives.dll
0x00007ffa9e450000 - 0x00007ffa9e478000 	C:\Program Files\Java\jdk-11.0.17\bin\java.dll
0x00007ffaa0840000 - 0x00007ffaa084a000 	C:\Program Files\Java\jdk-11.0.17\bin\jimage.dll
0x00007ffa9a000000 - 0x00007ffa9a016000 	C:\Program Files\Java\jdk-11.0.17\bin\zip.dll
0x00007ffaab7e0000 - 0x00007ffaabfa5000 	C:\WINDOWS\System32\SHELL32.dll
0x00007ffaa8900000 - 0x00007ffaa9165000 	C:\WINDOWS\SYSTEM32\windows.storage.dll
0x00007ffaac3c0000 - 0x00007ffaac736000 	C:\WINDOWS\System32\combase.dll
0x00007ffaa8790000 - 0x00007ffaa88f6000 	C:\WINDOWS\SYSTEM32\wintypes.dll
0x00007ffaac860000 - 0x00007ffaac94a000 	C:\WINDOWS\System32\SHCORE.dll
0x00007ffaab590000 - 0x00007ffaab5ed000 	C:\WINDOWS\System32\shlwapi.dll
0x00007ffaaa740000 - 0x00007ffaaa761000 	C:\WINDOWS\SYSTEM32\profapi.dll
0x00007ffa99fe0000 - 0x00007ffa99ff9000 	C:\Program Files\Java\jdk-11.0.17\bin\net.dll
0x00007ffaa3350000 - 0x00007ffaa3462000 	C:\WINDOWS\SYSTEM32\WINHTTP.dll
0x00007ffaa9d30000 - 0x00007ffaa9d97000 	C:\WINDOWS\system32\mswsock.dll
0x00007ffa99fc0000 - 0x00007ffa99fd2000 	C:\Program Files\Java\jdk-11.0.17\bin\nio.dll
0x00007ffaa0760000 - 0x00007ffaa0769000 	C:\Program Files\Java\jdk-11.0.17\bin\management.dll
0x00007ffaa0750000 - 0x00007ffaa075b000 	C:\Program Files\Java\jdk-11.0.17\bin\management_ext.dll
0x00007ffa93a20000 - 0x00007ffa93a37000 	C:\WINDOWS\system32\napinsp.dll
0x00007ffa92270000 - 0x00007ffa9228b000 	C:\WINDOWS\system32\pnrpnsp.dll
0x00007ffaa93f0000 - 0x00007ffaa94d8000 	C:\WINDOWS\SYSTEM32\DNSAPI.dll
0x00007ffaa93c0000 - 0x00007ffaa93ed000 	C:\WINDOWS\SYSTEM32\IPHLPAPI.DLL
0x00007ffaad1b0000 - 0x00007ffaad1b9000 	C:\WINDOWS\System32\NSI.dll
0x00007ffa92250000 - 0x00007ffa92262000 	C:\WINDOWS\System32\winrnr.dll
0x00007ffaa0af0000 - 0x00007ffaa0b05000 	C:\WINDOWS\system32\wshbth.dll
0x00007ffa92230000 - 0x00007ffa9224f000 	C:\WINDOWS\system32\nlansp_c.dll
0x00007ffa9e510000 - 0x00007ffa9e51a000 	C:\Windows\System32\rasadhlp.dll
0x00007ffaa2da0000 - 0x00007ffaa2e21000 	C:\WINDOWS\System32\fwpuclnt.dll
0x00007ffaa9f80000 - 0x00007ffaa9f98000 	C:\WINDOWS\SYSTEM32\CRYPTSP.dll
0x00007ffaa97f0000 - 0x00007ffaa9825000 	C:\WINDOWS\system32\rsaenh.dll
0x00007ffaa9e20000 - 0x00007ffaa9e49000 	C:\WINDOWS\SYSTEM32\USERENV.dll
0x00007ffaaa100000 - 0x00007ffaaa127000 	C:\WINDOWS\SYSTEM32\bcrypt.dll
0x00007ffaa9f70000 - 0x00007ffaa9f7c000 	C:\WINDOWS\SYSTEM32\CRYPTBASE.dll
0x00007ffaa3c20000 - 0x00007ffaa3c39000 	C:\WINDOWS\SYSTEM32\dhcpcsvc6.DLL
0x00007ffaa3cb0000 - 0x00007ffaa3cce000 	C:\WINDOWS\SYSTEM32\dhcpcsvc.DLL
0x00007ffa99dd0000 - 0x00007ffa99ddd000 	C:\Program Files\Java\jdk-11.0.17\bin\sunmscapi.dll
0x00007ffaaa810000 - 0x00007ffaaa972000 	C:\WINDOWS\System32\CRYPT32.dll
0x00007ffaaa0d0000 - 0x00007ffaaa0f8000 	C:\WINDOWS\SYSTEM32\ncrypt.dll
0x00007ffaaa090000 - 0x00007ffaaa0c7000 	C:\WINDOWS\SYSTEM32\NTASN1.dll
0x00007ffa7ff10000 - 0x00007ffa7ff35000 	C:\Program Files\Java\jdk-11.0.17\bin\sunec.dll

dbghelp: loaded successfully - version: 4.0.5 - missing functions: none
symbol engine: initialized successfully - sym options: 0x614 - pdb path: .;C:\Program Files\Java\jdk-11.0.17\bin;C:\WINDOWS\SYSTEM32;C:\WINDOWS\WinSxS\amd64_microsoft.windows.common-controls_6595b64144ccf1df_6.0.22000.120_none_9d947278b86cc467;C:\Program Files\Java\jdk-11.0.17\bin\server

VM Arguments:
jvm_args: -Xverify:none -XX:TieredStopAtLevel=1 -Dfile.encoding=windows-1252 -Duser.country=US -Duser.language=en -Duser.variant 
java_command: org.launchcode.techjobs.persistent.JavaWebDevTechjobsPersistentApplication
java_class_path (initial): C:\Users\pedre\IdeaProjects\java-assignment-4-techjobs-persistent-edition-Alejo8835\build\classes\java\main;C:\Users\pedre\IdeaProjects\java-assignment-4-techjobs-persistent-edition-Alejo8835\build\resources\main;C:\Users\pedre\.gradle\caches\modules-2\files-2.1\org.springframework.boot\spring-boot-devtools\2.2.2.RELEASE\b72b182af53fdc10a0dda71cd20d37f357872de0\spring-boot-devtools-2.2.2.RELEASE.jar;C:\Users\pedre\.gradle\caches\modules-2\files-2.1\org.springframework.boot\spring-boot-starter-thymeleaf\2.2.2.RELEASE\fb3920ecfaeaed5190e4cd89441fced220f53507\spring-boot-starter-thymeleaf-2.2.2.RELEASE.jar;C:\Users\pedre\.gradle\caches\modules-2\files-2.1\org.springframework.boot\spring-boot-starter-web\2.2.2.RELEASE\3e15f18a4dafd499b900082f3cc25bb11ea91821\spring-boot-starter-web-2.2.2.RELEASE.jar;C:\Users\pedre\.gradle\caches\modules-2\files-2.1\org.springframework.boot\spring-boot-starter-data-jpa\2.2.2.RELEASE\70fca038c1bbb1e9d0d6bedd1035f091ad024a7e\spring-boot-starter-data-jpa-2.2.2.RELEASE.jar;C:\Users\pedre\.gradle\caches\modules-2\files-2.1\mysql\mysql-connector-java\8.0.18\e088efaa4b568bc7d9f7274b9c5ea1a00da1a45c\mysql-connector-java-8.0.18.jar;C:\Users\pedre\.gradle\caches\modules-2\files-2.1\org.springframework.boot\spring-boot-starter-json\2.2.2.RELEASE\7ef93e43938abf3064cce9b7317bdb8278060437\spring-boot-starter-json-2.2.2.RELEASE.jar;C:\Users\pedre\.gradle\caches\modules-2\files-2.1\org.springframework.boot\spring-boot-starter-validation\2.2.2.RELEASE\ef3ac3571ae518f22117e8bce826970b358f3cdf\spring-boot-starter-validation-2.2.2.RELEASE.jar;C:\Users\pedre\.gradle\caches\modules-2\files-2.1\org.springframework.boot\spring-boot-starter-aop\2.2.2.RELEASE\f3c7529b69898084018e69e101ebc108237b1cce\spring-boot-starter-aop-2.2.2.RELEASE.jar;C:\Users\pedre\.gradle\caches\modules-2\files-2.1\org.springframework.boot\spring-boot-starter-jdbc\2.2.2.RELEASE\62cbc3b594bd82e035bdcd6f93250f4826d407b6\spring-boot-starter-jdbc-2.2.2.RELEASE.jar
Launcher Type: SUN_STANDARD

[Global flags]
     bool BytecodeVerificationLocal                = false                                     {product} {command line}
     bool BytecodeVerificationRemote               = false                                     {product} {command line}
     intx CICompilerCount                          = 3                                         {product} {ergonomic}
     uint ConcGCThreads                            = 1                                         {product} {ergonomic}
     uint G1ConcRefinementThreads                  = 4                                         {product} {ergonomic}
   size_t G1HeapRegionSize                         = 1048576                                   {product} {ergonomic}
    uintx GCDrainStackTargetSize                   = 64                                        {product} {ergonomic}
   size_t InitialHeapSize                          = 65011712                                  {product} {ergonomic}
   size_t MarkStackSize                            = 4194304                                   {product} {ergonomic}
   size_t MaxHeapSize                              = 1027604480                                {product} {ergonomic}
   size_t MaxNewSize                               = 616562688                                 {product} {ergonomic}
   size_t MinHeapDeltaBytes                        = 1048576                                   {product} {ergonomic}
    uintx NonNMethodCodeHeapSize                   = 6973028                                {pd product} {ergonomic}
    uintx NonProfiledCodeHeapSize                  = 244685212                              {pd product} {ergonomic}
    uintx ProfiledCodeHeapSize                     = 0                                      {pd product} {ergonomic}
    uintx ReservedCodeCacheSize                    = 251658240                              {pd product} {ergonomic}
     bool SegmentedCodeCache                       = true                                      {product} {ergonomic}
     intx TieredStopAtLevel                        = 1                                         {product} {command line}
     bool UseCompressedClassPointers               = true                                 {lp64_product} {ergonomic}
     bool UseCompressedOops                        = true                                 {lp64_product} {ergonomic}
     bool UseG1GC                                  = true                                      {product} {ergonomic}
     bool UseLargePagesIndividualAllocation        = false                                  {pd product} {ergonomic}

Logging:
Log output configuration:
 #0: stdout all=warning uptime,level,tags
 #1: stderr all=off uptime,level,tags

Environment Variables:
PATH=C:\Program Files\Common Files\Oracle\Java\javapath;C:\WINDOWS\system32;C:\WINDOWS;C:\WINDOWS\System32\Wbem;C:\WINDOWS\System32\WindowsPowerShell\v1.0\;C:\WINDOWS\System32\OpenSSH\;C:\Program Files\Git\cmd;C:\Program Files\nodejs\;C:\Program Files\MySQL\MySQL Shell 8.0\bin\;C:\Users\pedre\AppData\Local\Microsoft\WindowsApps;;C:\Users\pedre\AppData\Roaming\npm;C:\Program Files\JetBrains\IntelliJ IDEA Community Edition 2022.3.1\bin;
USERNAME=pedre
OS=Windows_NT
PROCESSOR_IDENTIFIER=Intel64 Family 6 Model 122 Stepping 1, GenuineIntel



---------------  S Y S T E M  ---------------

OS: Windows 11 , 64 bit Build 22000 (10.0.22000.1516)

CPU:total 4 (initial active 4) (4 cores per cpu, 1 threads per core) family 6 model 122 stepping 1 microcode 0x34, cmov, cx8, fxsr, mmx, sse, sse2, sse3, ssse3, sse4.1, sse4.2, popcnt, aes, clmul, erms, 3dnowpref, tsc, tscinvbit, sha

Memory: 4k page, system-wide physical 3918M (585M free)
TotalPageFile size 8120M (AvailPageFile size 0M)
current process WorkingSet (physical memory assigned to process): 193M, peak: 193M
current process commit charge ("private bytes"): 229M, peak: 230M

vm_info: Java HotSpot(TM) 64-Bit Server VM (11.0.17+10-LTS-269) for windows-amd64 JRE (11.0.17+10-LTS-269), built on Sep 13 2022 19:26:37 by "mach5one" with MS VC++ 15.9 (VS2017)

END.
