#
# There is insufficient memory for the Java Runtime Environment to continue.
# Native memory allocation (malloc) failed to allocate 1868816 bytes for Chunk::new
# Possible reasons:
#   The system is out of physical RAM or swap space
#   The process is running with CompressedOops enabled, and the Java Heap may be blocking the growth of the native heap
# Possible solutions:
#   Reduce memory load on the system
#   Increase physical memory or swap space
#   Check if swap backing store is full
#   Decrease Java heap size (-Xmx/-Xms)
#   Decrease number of Java threads
#   Decrease Java thread stack sizes (-Xss)
#   Set larger code cache with -XX:ReservedCodeCacheSize=
#   JVM is running with Unscaled Compressed Oops mode in which the Java heap is
#     placed in the first 4GB address space. The Java Heap base address is the
#     maximum limit for the native heap growth. Please use -XX:HeapBaseMinAddress
#     to set the Java Heap base and to place the Java Heap above 4GB virtual address.
# This output file may be truncated or incomplete.
#
#  Out of Memory Error (./open/src/hotspot/share/memory/arena.cpp:197), pid=3556, tid=10820
#
# JRE version: Java(TM) SE Runtime Environment 18.9 (11.0.17+10) (build 11.0.17+10-LTS-269)
# Java VM: Java HotSpot(TM) 64-Bit Server VM 18.9 (11.0.17+10-LTS-269, mixed mode, tiered, compressed oops, g1 gc, windows-amd64)
# No core dump will be written. Minidumps are not enabled by default on client versions of Windows
#

---------------  S U M M A R Y ------------

Command Line: --add-opens=java.base/java.util=ALL-UNNAMED --add-opens=java.base/java.lang=ALL-UNNAMED --add-opens=java.base/java.lang.invoke=ALL-UNNAMED --add-opens=java.prefs/java.util.prefs=ALL-UNNAMED -XX:MaxMetaspaceSize=256m -XX:+HeapDumpOnOutOfMemoryError -Xms256m -Xmx512m -Dfile.encoding=windows-1252 -Duser.country=US -Duser.language=en -Duser.variant org.gradle.launcher.daemon.bootstrap.GradleDaemon 6.0.1

Host: Intel(R) Pentium(R) Silver N5000 CPU @ 1.10GHz, 4 cores, 3G,  Windows 11 , 64 bit Build 22000 (10.0.22000.1516)
Time: Thu Mar 30 18:04:46 2023 Central Daylight Time elapsed time: 4632.912883 seconds (0d 1h 17m 12s)

---------------  T H R E A D  ---------------

Current thread (0x000002047fd8a000):  JavaThread "C2 CompilerThread0" daemon [_thread_in_native, id=10820, stack(0x00000038aa700000,0x00000038aa800000)]


Current CompileTask:
C2:4632913 15413       4       groovy.lang.MetaClassImpl::inheritInterfaceNewMetaMethods (199 bytes)

Stack: [0x00000038aa700000,0x00000038aa800000]
Native frames: (J=compiled Java code, j=interpreted, Vv=VM code, C=native code)
V  [jvm.dll+0x62b5da]
V  [jvm.dll+0x7653df]
V  [jvm.dll+0x766a89]
V  [jvm.dll+0x767113]
V  [jvm.dll+0x23dd28]
V  [jvm.dll+0xb2a1c]
V  [jvm.dll+0xb2fdc]
V  [jvm.dll+0x341552]
V  [jvm.dll+0x30ef13]
V  [jvm.dll+0x30e25a]
V  [jvm.dll+0x1f8733]
V  [jvm.dll+0x1f78fd]
V  [jvm.dll+0x177c91]
V  [jvm.dll+0x207296]
V  [jvm.dll+0x20542b]
V  [jvm.dll+0x72b2c0]
V  [jvm.dll+0x723e64]
V  [jvm.dll+0x62a485]
C  [ucrtbase.dll+0x26c0c]
C  [KERNEL32.DLL+0x155a0]
C  [ntdll.dll+0x485b]


---------------  P R O C E S S  ---------------

Threads class SMR info:
_java_thread_list=0x0000020414d87430, length=42, elements={
0x0000020472f58800, 0x000002047fd3d000, 0x000002047fd5f800, 0x000002047fd7e800,
0x000002047fd7f800, 0x000002047fd80800, 0x000002047fd8a000, 0x000002047fd8b800,
0x000002047fd97000, 0x000002040f9ab000, 0x000002040f9ac000, 0x000002040f9a6800,
0x000002040f9a8000, 0x00000204109b9000, 0x00000204109ba800, 0x00000204109bb800,
0x00000204109c2800, 0x00000204109c0000, 0x00000204109c1000, 0x0000020411d70800,
0x00000204109b8000, 0x00000204109bd000, 0x00000204109be800, 0x00000204109bc000,
0x00000204109bf800, 0x00000204109b9800, 0x00000204109c3800, 0x00000204109c2000,
0x00000204109c5000, 0x00000204109c4800, 0x00000204109c6000, 0x0000020411d6f000,
0x0000020411d71800, 0x0000020411d72000, 0x0000020411d6c800, 0x0000020411d6f800,
0x0000020411d78800, 0x0000020411d79800, 0x0000020411d78000, 0x0000020411d74800,
0x0000020411d7b000, 0x0000020411d75800
}

Java Threads: ( => current thread )
  0x0000020472f58800 JavaThread "main" [_thread_blocked, id=13240, stack(0x00000038a9b00000,0x00000038a9c00000)]
  0x000002047fd3d000 JavaThread "Reference Handler" daemon [_thread_blocked, id=6256, stack(0x00000038aa200000,0x00000038aa300000)]
  0x000002047fd5f800 JavaThread "Finalizer" daemon [_thread_blocked, id=8708, stack(0x00000038aa300000,0x00000038aa400000)]
  0x000002047fd7e800 JavaThread "Signal Dispatcher" daemon [_thread_blocked, id=7440, stack(0x00000038aa400000,0x00000038aa500000)]
  0x000002047fd7f800 JavaThread "Attach Listener" daemon [_thread_blocked, id=13120, stack(0x00000038aa500000,0x00000038aa600000)]
  0x000002047fd80800 JavaThread "Service Thread" daemon [_thread_blocked, id=13248, stack(0x00000038aa600000,0x00000038aa700000)]
=>0x000002047fd8a000 JavaThread "C2 CompilerThread0" daemon [_thread_in_native, id=10820, stack(0x00000038aa700000,0x00000038aa800000)]
  0x000002047fd8b800 JavaThread "C1 CompilerThread0" daemon [_thread_blocked, id=7432, stack(0x00000038aa800000,0x00000038aa900000)]
  0x000002047fd97000 JavaThread "Sweeper thread" daemon [_thread_blocked, id=6956, stack(0x00000038aa900000,0x00000038aaa00000)]
  0x000002040f9ab000 JavaThread "Common-Cleaner" daemon [_thread_blocked, id=11712, stack(0x00000038aaa00000,0x00000038aab00000)]
  0x000002040f9ac000 JavaThread "Daemon health stats" [_thread_blocked, id=4664, stack(0x00000038ab000000,0x00000038ab100000)]
  0x000002040f9a6800 JavaThread "Incoming local TCP Connector on port 49736" [_thread_in_native, id=2000, stack(0x00000038aaf00000,0x00000038ab000000)]
  0x000002040f9a8000 JavaThread "Daemon periodic checks" [_thread_blocked, id=10940, stack(0x00000038ab100000,0x00000038ab200000)]
  0x00000204109b9000 JavaThread "Cache worker for file hash cache (C:\Users\pedre\.gradle\caches\6.0.1\fileHashes)" [_thread_blocked, id=7936, stack(0x00000038ab900000,0x00000038aba00000)]
  0x00000204109ba800 JavaThread "File lock request listener" [_thread_in_native, id=13256, stack(0x00000038aba00000,0x00000038abb00000)]
  0x00000204109bb800 JavaThread "Cache worker for journal cache (C:\Users\pedre\.gradle\caches\journal-1)" [_thread_blocked, id=12708, stack(0x00000038abb00000,0x00000038abc00000)]
  0x00000204109c2800 JavaThread "Cache worker for execution history cache (C:\Users\pedre\.gradle\caches\6.0.1\executionHistory)" [_thread_blocked, id=8476, stack(0x00000038abc00000,0x00000038abd00000)]
  0x00000204109c0000 JavaThread "Memory manager" [_thread_blocked, id=7812, stack(0x00000038ac500000,0x00000038ac600000)]
  0x00000204109c1000 JavaThread "Cache worker for file content cache (C:\Users\pedre\.gradle\caches\6.0.1\fileContent)" [_thread_blocked, id=7700, stack(0x00000038ac600000,0x00000038ac700000)]
  0x0000020411d70800 JavaThread "Cache worker for Java compile cache (C:\Users\pedre\.gradle\caches\6.0.1\javaCompile)" [_thread_blocked, id=7688, stack(0x00000038acb00000,0x00000038acc00000)]
  0x00000204109b8000 JavaThread "Daemon Thread 6" [_thread_blocked, id=872, stack(0x00000038a9a00000,0x00000038a9b00000)]
  0x00000204109bd000 JavaThread "Handler for socket connection from /127.0.0.1:49736 to /127.0.0.1:55846" [_thread_in_native, id=6416, stack(0x00000038ab200000,0x00000038ab300000)]
  0x00000204109be800 JavaThread "Cancel handler" [_thread_blocked, id=13272, stack(0x00000038ab300000,0x00000038ab400000)]
  0x00000204109bc000 JavaThread "Daemon worker Thread 6" [_thread_blocked, id=3896, stack(0x00000038ab400000,0x00000038ab500000)]
  0x00000204109bf800 JavaThread "Asynchronous log dispatcher for DefaultDaemonConnection: socket connection from /127.0.0.1:49736 to /127.0.0.1:55846" [_thread_blocked, id=272, stack(0x00000038ab500000,0x00000038ab600000)]
  0x00000204109b9800 JavaThread "Stdin handler" [_thread_blocked, id=13064, stack(0x00000038ab600000,0x00000038ab700000)]
  0x00000204109c3800 JavaThread "Thread-183" [_thread_blocked, id=5356, stack(0x00000038ab700000,0x00000038ab800000)]
  0x00000204109c2000 JavaThread "Cache worker for file hash cache (C:\Users\pedre\IdeaProjects\java-assignment-4-techjobs-persistent-edition-Alejo8835\.gradle\6.0.1\fileHashes)" [_thread_blocked, id=6888, stack(0x00000038ab800000,0x00000038ab900000)]
  0x00000204109c5000 JavaThread "Cache worker for cache directory md-supplier (C:\Users\pedre\.gradle\caches\6.0.1\md-supplier)" [_thread_blocked, id=12424, stack(0x00000038abd00000,0x00000038abe00000)]
  0x00000204109c4800 JavaThread "Cache worker for cache directory md-rule (C:\Users\pedre\.gradle\caches\6.0.1\md-rule)" [_thread_blocked, id=7116, stack(0x00000038abe00000,0x00000038abf00000)]
  0x00000204109c6000 JavaThread "Build operations" [_thread_blocked, id=8064, stack(0x00000038abf00000,0x00000038ac000000)]
  0x0000020411d6f000 JavaThread "Build operations Thread 2" [_thread_blocked, id=7768, stack(0x00000038ac000000,0x00000038ac100000)]
  0x0000020411d71800 JavaThread "Build operations Thread 3" [_thread_blocked, id=11952, stack(0x00000038ac100000,0x00000038ac200000)]
  0x0000020411d72000 JavaThread "Build operations Thread 4" [_thread_blocked, id=6660, stack(0x00000038ac200000,0x00000038ac300000)]
  0x0000020411d6c800 Thread [stack: 0x00000038ac800000,0x00000038ac900000] [id=6060]
  0x0000020411d6f800 Thread [stack: 0x00000038ac900000,0x00000038aca00000] [id=12816]
  0x0000020411d78800 JavaThread "Cache worker for execution history cache (C:\Users\pedre\IdeaProjects\java-assignment-4-techjobs-persistent-edition-Alejo8835\.gradle\6.0.1\executionHistory)" [_thread_blocked, id=4428, stack(0x00000038ace00000,0x00000038acf00000)]
  0x0000020411d79800 JavaThread "Cache worker for Java compile cache (C:\Users\pedre\IdeaProjects\java-assignment-4-techjobs-persistent-edition-Alejo8835\.gradle\6.0.1\javaCompile)" [_thread_blocked, id=2988, stack(0x00000038acf00000,0x00000038ad000000)]
  0x0000020411d78000 JavaThread "Exec process Thread 14" [_thread_blocked, id=12604, stack(0x00000038ad300000,0x00000038ad400000)]
  0x0000020411d74800 JavaThread "Exec process Thread 15" [_thread_blocked, id=5940, stack(0x00000038ad500000,0x00000038ad600000)]
  0x0000020411d7b000 JavaThread "Exec process Thread 16" [_thread_blocked, id=5376, stack(0x00000038ad600000,0x00000038ad700000)]
  0x0000020411d75800 JavaThread "Exec process Thread 17" [_thread_blocked, id=10664, stack(0x00000038ad700000,0x00000038ad800000)]

Other Threads:
  0x000002047fd39000 VMThread "VM Thread" [stack: 0x00000038aa100000,0x00000038aa200000] [id=8092]
  0x000002040f9c4800 WatcherThread [stack: 0x00000038aab00000,0x00000038aac00000] [id=6304]
  0x0000020472f6d800 GCTaskThread "GC Thread#0" [stack: 0x00000038a9c00000,0x00000038a9d00000] [id=13228]
  0x000002040ff48000 GCTaskThread "GC Thread#1" [stack: 0x00000038aac00000,0x00000038aad00000] [id=6492]
  0x000002040fe13800 GCTaskThread "GC Thread#2" [stack: 0x00000038aad00000,0x00000038aae00000] [id=3588]
  0x000002040fe14000 GCTaskThread "GC Thread#3" [stack: 0x00000038aae00000,0x00000038aaf00000] [id=1208]
  0x0000020472f81000 ConcurrentGCThread "G1 Main Marker" [stack: 0x00000038a9d00000,0x00000038a9e00000] [id=8924]
  0x0000020472f82000 ConcurrentGCThread "G1 Conc#0" [stack: 0x00000038a9e00000,0x00000038a9f00000] [id=13244]
  0x000002047303e000 ConcurrentGCThread "G1 Refine#0" [stack: 0x00000038a9f00000,0x00000038aa000000] [id=13268]
  0x00000204155f6800 ConcurrentGCThread "G1 Refine#1" [stack: 0x00000038ac300000,0x00000038ac400000] [id=13288]
  0x0000020415182800 ConcurrentGCThread "G1 Refine#2" [stack: 0x00000038ac400000,0x00000038ac500000] [id=4160]
  0x00000204158cb800 ConcurrentGCThread "G1 Refine#3" [stack: 0x00000038ac700000,0x00000038ac800000] [id=9944]
  0x000002047fbd6800 ConcurrentGCThread "G1 Young RemSet Sampling" [stack: 0x00000038aa000000,0x00000038aa100000] [id=7264]

Threads with active compile tasks:
C2 CompilerThread0  4633040 15413       4       groovy.lang.MetaClassImpl::inheritInterfaceNewMetaMethods (199 bytes)

VM state:not at safepoint (normal execution)

VM Mutex/Monitor currently owned by a thread: None

Heap address: 0x00000000e0000000, size: 512 MB, Compressed Oops mode: 32-bit
Narrow klass base: 0x0000000000000000, Narrow klass shift: 3
Compressed class space size: 260046848 Address: 0x0000000100000000

Heap:
 garbage-first heap   total 262144K, used 80877K [0x00000000e0000000, 0x0000000100000000)
  region size 1024K, 8 young (8192K), 1 survivors (1024K)
 Metaspace       used 67812K, capacity 69516K, committed 69832K, reserved 315392K
  class space    used 8161K, capacity 8816K, committed 8960K, reserved 253952K
Heap Regions: E=young(eden), S=young(survivor), O=old, HS=humongous(starts), HC=humongous(continues), CS=collection set, F=free, A=archive, TAMS=top-at-mark-start (previous, next)
|   0|0x00000000e0000000, 0x00000000e0100000, 0x00000000e0100000|100%| O|  |TAMS 0x00000000e0100000, 0x00000000e0000000| Untracked 
|   1|0x00000000e0100000, 0x00000000e0200000, 0x00000000e0200000|100%| O|  |TAMS 0x00000000e0200000, 0x00000000e0100000| Untracked 
|   2|0x00000000e0200000, 0x00000000e0300000, 0x00000000e0300000|100%| O|  |TAMS 0x00000000e0300000, 0x00000000e0200000| Untracked 
|   3|0x00000000e0300000, 0x00000000e0400000, 0x00000000e0400000|100%|HS|  |TAMS 0x00000000e0400000, 0x00000000e0300000| Complete 
|   4|0x00000000e0400000, 0x00000000e0500000, 0x00000000e0500000|100%|HC|  |TAMS 0x00000000e0500000, 0x00000000e0400000| Complete 
|   5|0x00000000e0500000, 0x00000000e0600000, 0x00000000e0600000|100%|HC|  |TAMS 0x00000000e0600000, 0x00000000e0500000| Complete 
|   6|0x00000000e0600000, 0x00000000e0700000, 0x00000000e0700000|100%| O|  |TAMS 0x00000000e0700000, 0x00000000e0600000| Untracked 
|   7|0x00000000e0700000, 0x00000000e0800000, 0x00000000e0800000|100%| O|  |TAMS 0x00000000e0800000, 0x00000000e0700000| Untracked 
|   8|0x00000000e0800000, 0x00000000e0900000, 0x00000000e0900000|100%| O|  |TAMS 0x00000000e0900000, 0x00000000e0800000| Untracked 
|   9|0x00000000e0900000, 0x00000000e0a00000, 0x00000000e0a00000|100%| O|  |TAMS 0x00000000e0a00000, 0x00000000e0900000| Untracked 
|  10|0x00000000e0a00000, 0x00000000e0b00000, 0x00000000e0b00000|100%| O|  |TAMS 0x00000000e0b00000, 0x00000000e0a00000| Untracked 
|  11|0x00000000e0b00000, 0x00000000e0c00000, 0x00000000e0c00000|100%| O|  |TAMS 0x00000000e0c00000, 0x00000000e0b00000| Untracked 
|  12|0x00000000e0c00000, 0x00000000e0d00000, 0x00000000e0d00000|100%| O|  |TAMS 0x00000000e0d00000, 0x00000000e0c00000| Untracked 
|  13|0x00000000e0d00000, 0x00000000e0e00000, 0x00000000e0e00000|100%| O|  |TAMS 0x00000000e0e00000, 0x00000000e0d00000| Untracked 
|  14|0x00000000e0e00000, 0x00000000e0f00000, 0x00000000e0f00000|100%| O|  |TAMS 0x00000000e0f00000, 0x00000000e0e00000| Untracked 
|  15|0x00000000e0f00000, 0x00000000e1000000, 0x00000000e1000000|100%| O|  |TAMS 0x00000000e1000000, 0x00000000e0f00000| Untracked 
|  16|0x00000000e1000000, 0x00000000e1100000, 0x00000000e1100000|100%| O|  |TAMS 0x00000000e1100000, 0x00000000e1000000| Untracked 
|  17|0x00000000e1100000, 0x00000000e1200000, 0x00000000e1200000|100%| O|  |TAMS 0x00000000e1200000, 0x00000000e1100000| Untracked 
|  18|0x00000000e1200000, 0x00000000e1300000, 0x00000000e1300000|100%| O|  |TAMS 0x00000000e1300000, 0x00000000e1200000| Untracked 
|  19|0x00000000e1300000, 0x00000000e1400000, 0x00000000e1400000|100%| O|  |TAMS 0x00000000e1400000, 0x00000000e1300000| Untracked 
|  20|0x00000000e1400000, 0x00000000e1500000, 0x00000000e1500000|100%| O|  |TAMS 0x00000000e1500000, 0x00000000e1400000| Untracked 
|  21|0x00000000e1500000, 0x00000000e1600000, 0x00000000e1600000|100%| O|  |TAMS 0x00000000e1600000, 0x00000000e1500000| Untracked 
|  22|0x00000000e1600000, 0x00000000e1700000, 0x00000000e1700000|100%| O|  |TAMS 0x00000000e1700000, 0x00000000e1600000| Untracked 
|  23|0x00000000e1700000, 0x00000000e1800000, 0x00000000e1800000|100%| O|  |TAMS 0x00000000e1800000, 0x00000000e1700000| Untracked 
|  24|0x00000000e1800000, 0x00000000e1800000, 0x00000000e1900000|  0%| F|  |TAMS 0x00000000e1800000, 0x00000000e1800000| Untracked 
|  25|0x00000000e1900000, 0x00000000e1a00000, 0x00000000e1a00000|100%| O|  |TAMS 0x00000000e1a00000, 0x00000000e1900000| Untracked 
|  26|0x00000000e1a00000, 0x00000000e1b00000, 0x00000000e1b00000|100%| O|  |TAMS 0x00000000e1b00000, 0x00000000e1a00000| Untracked 
|  27|0x00000000e1b00000, 0x00000000e1c00000, 0x00000000e1c00000|100%| O|  |TAMS 0x00000000e1c00000, 0x00000000e1b00000| Untracked 
|  28|0x00000000e1c00000, 0x00000000e1c00000, 0x00000000e1d00000|  0%| F|  |TAMS 0x00000000e1c00000, 0x00000000e1c00000| Untracked 
|  29|0x00000000e1d00000, 0x00000000e1e00000, 0x00000000e1e00000|100%| O|  |TAMS 0x00000000e1e00000, 0x00000000e1d00000| Untracked 
|  30|0x00000000e1e00000, 0x00000000e1f00000, 0x00000000e1f00000|100%| O|  |TAMS 0x00000000e1f00000, 0x00000000e1e00000| Untracked 
|  31|0x00000000e1f00000, 0x00000000e1f00000, 0x00000000e2000000|  0%| F|  |TAMS 0x00000000e1f00000, 0x00000000e1f00000| Untracked 
|  32|0x00000000e2000000, 0x00000000e2100000, 0x00000000e2100000|100%| O|  |TAMS 0x00000000e2100000, 0x00000000e2000000| Untracked 
|  33|0x00000000e2100000, 0x00000000e2200000, 0x00000000e2200000|100%| O|  |TAMS 0x00000000e2200000, 0x00000000e2100000| Untracked 
|  34|0x00000000e2200000, 0x00000000e2200000, 0x00000000e2300000|  0%| F|  |TAMS 0x00000000e2200000, 0x00000000e2200000| Untracked 
|  35|0x00000000e2300000, 0x00000000e2400000, 0x00000000e2400000|100%| O|  |TAMS 0x00000000e2300000, 0x00000000e2300000| Untracked 
|  36|0x00000000e2400000, 0x00000000e2500000, 0x00000000e2500000|100%| O|  |TAMS 0x00000000e2500000, 0x00000000e2400000| Untracked 
|  37|0x00000000e2500000, 0x00000000e2500000, 0x00000000e2600000|  0%| F|  |TAMS 0x00000000e2500000, 0x00000000e2500000| Untracked 
|  38|0x00000000e2600000, 0x00000000e2700000, 0x00000000e2700000|100%| O|  |TAMS 0x00000000e2600000, 0x00000000e2600000| Untracked 
|  39|0x00000000e2700000, 0x00000000e2736a00, 0x00000000e2800000| 21%| O|  |TAMS 0x00000000e2700000, 0x00000000e2700000| Untracked 
|  40|0x00000000e2800000, 0x00000000e2900000, 0x00000000e2900000|100%| O|  |TAMS 0x00000000e2900000, 0x00000000e2800000| Untracked 
|  41|0x00000000e2900000, 0x00000000e2a00000, 0x00000000e2a00000|100%| O|  |TAMS 0x00000000e2a00000, 0x00000000e2900000| Untracked 
|  42|0x00000000e2a00000, 0x00000000e2b00000, 0x00000000e2b00000|100%| O|  |TAMS 0x00000000e2b00000, 0x00000000e2a00000| Untracked 
|  43|0x00000000e2b00000, 0x00000000e2b00000, 0x00000000e2c00000|  0%| F|  |TAMS 0x00000000e2b00000, 0x00000000e2b00000| Untracked 
|  44|0x00000000e2c00000, 0x00000000e2c00000, 0x00000000e2d00000|  0%| F|  |TAMS 0x00000000e2c00000, 0x00000000e2c00000| Untracked 
|  45|0x00000000e2d00000, 0x00000000e2e00000, 0x00000000e2e00000|100%| O|  |TAMS 0x00000000e2e00000, 0x00000000e2d00000| Untracked 
|  46|0x00000000e2e00000, 0x00000000e2f00000, 0x00000000e2f00000|100%| O|  |TAMS 0x00000000e2f00000, 0x00000000e2e00000| Untracked 
|  47|0x00000000e2f00000, 0x00000000e2f00000, 0x00000000e3000000|  0%| F|  |TAMS 0x00000000e2f00000, 0x00000000e2f00000| Untracked 
|  48|0x00000000e3000000, 0x00000000e3100000, 0x00000000e3100000|100%| O|  |TAMS 0x00000000e3100000, 0x00000000e3000000| Untracked 
|  49|0x00000000e3100000, 0x00000000e3200000, 0x00000000e3200000|100%| O|  |TAMS 0x00000000e3200000, 0x00000000e3100000| Untracked 
|  50|0x00000000e3200000, 0x00000000e3200000, 0x00000000e3300000|  0%| F|  |TAMS 0x00000000e3200000, 0x00000000e3200000| Untracked 
|  51|0x00000000e3300000, 0x00000000e3400000, 0x00000000e3400000|100%| O|  |TAMS 0x00000000e3400000, 0x00000000e3300000| Untracked 
|  52|0x00000000e3400000, 0x00000000e3500000, 0x00000000e3500000|100%| O|  |TAMS 0x00000000e3500000, 0x00000000e3400000| Untracked 
|  53|0x00000000e3500000, 0x00000000e3600000, 0x00000000e3600000|100%| O|  |TAMS 0x00000000e3600000, 0x00000000e3500000| Untracked 
|  54|0x00000000e3600000, 0x00000000e3700000, 0x00000000e3700000|100%| O|  |TAMS 0x00000000e3700000, 0x00000000e3600000| Untracked 
|  55|0x00000000e3700000, 0x00000000e3800000, 0x00000000e3800000|100%| O|  |TAMS 0x00000000e3800000, 0x00000000e3700000| Untracked 
|  56|0x00000000e3800000, 0x00000000e3900000, 0x00000000e3900000|100%| O|  |TAMS 0x00000000e3900000, 0x00000000e3800000| Untracked 
|  57|0x00000000e3900000, 0x00000000e3a00000, 0x00000000e3a00000|100%| O|  |TAMS 0x00000000e3a00000, 0x00000000e3900000| Untracked 
|  58|0x00000000e3a00000, 0x00000000e3b00000, 0x00000000e3b00000|100%| O|  |TAMS 0x00000000e3b00000, 0x00000000e3a00000| Untracked 
|  59|0x00000000e3b00000, 0x00000000e3c00000, 0x00000000e3c00000|100%| O|  |TAMS 0x00000000e3c00000, 0x00000000e3b00000| Untracked 
|  60|0x00000000e3c00000, 0x00000000e3d00000, 0x00000000e3d00000|100%| O|  |TAMS 0x00000000e3d00000, 0x00000000e3c00000| Untracked 
|  61|0x00000000e3d00000, 0x00000000e3d00000, 0x00000000e3e00000|  0%| F|  |TAMS 0x00000000e3d00000, 0x00000000e3d00000| Untracked 
|  62|0x00000000e3e00000, 0x00000000e3e00000, 0x00000000e3f00000|  0%| F|  |TAMS 0x00000000e3e00000, 0x00000000e3e00000| Untracked 
|  63|0x00000000e3f00000, 0x00000000e4000000, 0x00000000e4000000|100%| O|  |TAMS 0x00000000e4000000, 0x00000000e3f00000| Untracked 
|  64|0x00000000e4000000, 0x00000000e4100000, 0x00000000e4100000|100%| O|  |TAMS 0x00000000e4100000, 0x00000000e4000000| Untracked 
|  65|0x00000000e4100000, 0x00000000e4200000, 0x00000000e4200000|100%| O|  |TAMS 0x00000000e4200000, 0x00000000e4100000| Untracked 
|  66|0x00000000e4200000, 0x00000000e4200000, 0x00000000e4300000|  0%| F|  |TAMS 0x00000000e4200000, 0x00000000e4200000| Untracked 
|  67|0x00000000e4300000, 0x00000000e4400000, 0x00000000e4400000|100%| O|  |TAMS 0x00000000e4400000, 0x00000000e4300000| Untracked 
|  68|0x00000000e4400000, 0x00000000e4500000, 0x00000000e4500000|100%| O|  |TAMS 0x00000000e4500000, 0x00000000e4400000| Untracked 
|  69|0x00000000e4500000, 0x00000000e4500000, 0x00000000e4600000|  0%| F|  |TAMS 0x00000000e4500000, 0x00000000e4500000| Untracked 
|  70|0x00000000e4600000, 0x00000000e4600000, 0x00000000e4700000|  0%| F|  |TAMS 0x00000000e4600000, 0x00000000e4600000| Untracked 
|  71|0x00000000e4700000, 0x00000000e4700000, 0x00000000e4800000|  0%| F|  |TAMS 0x00000000e4700000, 0x00000000e4700000| Untracked 
|  72|0x00000000e4800000, 0x00000000e4800000, 0x00000000e4900000|  0%| F|  |TAMS 0x00000000e4800000, 0x00000000e4800000| Untracked 
|  73|0x00000000e4900000, 0x00000000e4900000, 0x00000000e4a00000|  0%| F|  |TAMS 0x00000000e4900000, 0x00000000e4900000| Untracked 
|  74|0x00000000e4a00000, 0x00000000e4a00000, 0x00000000e4b00000|  0%| F|  |TAMS 0x00000000e4a00000, 0x00000000e4a00000| Untracked 
|  75|0x00000000e4b00000, 0x00000000e4b00000, 0x00000000e4c00000|  0%| F|  |TAMS 0x00000000e4b00000, 0x00000000e4b00000| Untracked 
|  76|0x00000000e4c00000, 0x00000000e4c00000, 0x00000000e4d00000|  0%| F|  |TAMS 0x00000000e4c00000, 0x00000000e4c00000| Untracked 
|  77|0x00000000e4d00000, 0x00000000e4d00000, 0x00000000e4e00000|  0%| F|  |TAMS 0x00000000e4d00000, 0x00000000e4d00000| Untracked 
|  78|0x00000000e4e00000, 0x00000000e4e00000, 0x00000000e4f00000|  0%| F|  |TAMS 0x00000000e4e00000, 0x00000000e4e00000| Untracked 
|  79|0x00000000e4f00000, 0x00000000e4f00000, 0x00000000e5000000|  0%| F|  |TAMS 0x00000000e4f00000, 0x00000000e4f00000| Untracked 
|  80|0x00000000e5000000, 0x00000000e5100000, 0x00000000e5100000|100%| O|  |TAMS 0x00000000e5100000, 0x00000000e5000000| Untracked 
|  81|0x00000000e5100000, 0x00000000e5200000, 0x00000000e5200000|100%| O|  |TAMS 0x00000000e5200000, 0x00000000e5100000| Untracked 
|  82|0x00000000e5200000, 0x00000000e5300000, 0x00000000e5300000|100%| O|  |TAMS 0x00000000e5300000, 0x00000000e5200000| Untracked 
|  83|0x00000000e5300000, 0x00000000e5400000, 0x00000000e5400000|100%| O|  |TAMS 0x00000000e5400000, 0x00000000e5300000| Untracked 
|  84|0x00000000e5400000, 0x00000000e5500000, 0x00000000e5500000|100%| O|  |TAMS 0x00000000e5500000, 0x00000000e5400000| Untracked 
|  85|0x00000000e5500000, 0x00000000e5600000, 0x00000000e5600000|100%| O|  |TAMS 0x00000000e5600000, 0x00000000e5500000| Untracked 
|  86|0x00000000e5600000, 0x00000000e5700000, 0x00000000e5700000|100%| O|  |TAMS 0x00000000e5700000, 0x00000000e5600000| Untracked 
|  87|0x00000000e5700000, 0x00000000e5800000, 0x00000000e5800000|100%| O|  |TAMS 0x00000000e5800000, 0x00000000e5700000| Untracked 
|  88|0x00000000e5800000, 0x00000000e5900000, 0x00000000e5900000|100%| O|  |TAMS 0x00000000e5900000, 0x00000000e5800000| Untracked 
|  89|0x00000000e5900000, 0x00000000e5a00000, 0x00000000e5a00000|100%| O|  |TAMS 0x00000000e5a00000, 0x00000000e5900000| Untracked 
|  90|0x00000000e5a00000, 0x00000000e5b00000, 0x00000000e5b00000|100%| O|  |TAMS 0x00000000e5b00000, 0x00000000e5a00000| Untracked 
|  91|0x00000000e5b00000, 0x00000000e5b00000, 0x00000000e5c00000|  0%| F|  |TAMS 0x00000000e5b00000, 0x00000000e5b00000| Untracked 
|  92|0x00000000e5c00000, 0x00000000e5c00000, 0x00000000e5d00000|  0%| F|  |TAMS 0x00000000e5c00000, 0x00000000e5c00000| Untracked 
|  93|0x00000000e5d00000, 0x00000000e5d00000, 0x00000000e5e00000|  0%| F|  |TAMS 0x00000000e5d00000, 0x00000000e5d00000| Untracked 
|  94|0x00000000e5e00000, 0x00000000e5e00000, 0x00000000e5f00000|  0%| F|  |TAMS 0x00000000e5e00000, 0x00000000e5e00000| Untracked 
|  95|0x00000000e5f00000, 0x00000000e5f00000, 0x00000000e6000000|  0%| F|  |TAMS 0x00000000e5f00000, 0x00000000e5f00000| Untracked 
|  96|0x00000000e6000000, 0x00000000e6000000, 0x00000000e6100000|  0%| F|  |TAMS 0x00000000e6000000, 0x00000000e6000000| Untracked 
|  97|0x00000000e6100000, 0x00000000e6100000, 0x00000000e6200000|  0%| F|  |TAMS 0x00000000e6100000, 0x00000000e6100000| Untracked 
|  98|0x00000000e6200000, 0x00000000e6300000, 0x00000000e6300000|100%| O|  |TAMS 0x00000000e6300000, 0x00000000e6200000| Untracked 
|  99|0x00000000e6300000, 0x00000000e6400000, 0x00000000e6400000|100%| O|  |TAMS 0x00000000e6400000, 0x00000000e6300000| Untracked 
| 100|0x00000000e6400000, 0x00000000e6500000, 0x00000000e6500000|100%| O|  |TAMS 0x00000000e6500000, 0x00000000e6400000| Untracked 
| 101|0x00000000e6500000, 0x00000000e6600000, 0x00000000e6600000|100%| O|  |TAMS 0x00000000e6600000, 0x00000000e6500000| Untracked 
| 102|0x00000000e6600000, 0x00000000e6700000, 0x00000000e6700000|100%| O|  |TAMS 0x00000000e6700000, 0x00000000e6600000| Untracked 
| 103|0x00000000e6700000, 0x00000000e6700000, 0x00000000e6800000|  0%| F|  |TAMS 0x00000000e6700000, 0x00000000e6700000| Untracked 
| 104|0x00000000e6800000, 0x00000000e6800000, 0x00000000e6900000|  0%| F|  |TAMS 0x00000000e6800000, 0x00000000e6800000| Untracked 
| 105|0x00000000e6900000, 0x00000000e6900000, 0x00000000e6a00000|  0%| F|  |TAMS 0x00000000e6900000, 0x00000000e6900000| Untracked 
| 106|0x00000000e6a00000, 0x00000000e6a00000, 0x00000000e6b00000|  0%| F|  |TAMS 0x00000000e6a00000, 0x00000000e6a00000| Untracked 
| 107|0x00000000e6b00000, 0x00000000e6b00000, 0x00000000e6c00000|  0%| F|  |TAMS 0x00000000e6b00000, 0x00000000e6b00000| Untracked 
| 108|0x00000000e6c00000, 0x00000000e6c00000, 0x00000000e6d00000|  0%| F|  |TAMS 0x00000000e6c00000, 0x00000000e6c00000| Untracked 
| 109|0x00000000e6d00000, 0x00000000e6d00000, 0x00000000e6e00000|  0%| F|  |TAMS 0x00000000e6d00000, 0x00000000e6d00000| Untracked 
| 110|0x00000000e6e00000, 0x00000000e6e00000, 0x00000000e6f00000|  0%| F|  |TAMS 0x00000000e6e00000, 0x00000000e6e00000| Untracked 
| 111|0x00000000e6f00000, 0x00000000e6f00000, 0x00000000e7000000|  0%| F|  |TAMS 0x00000000e6f00000, 0x00000000e6f00000| Untracked 
| 112|0x00000000e7000000, 0x00000000e7000000, 0x00000000e7100000|  0%| F|  |TAMS 0x00000000e7000000, 0x00000000e7000000| Untracked 
| 113|0x00000000e7100000, 0x00000000e7100000, 0x00000000e7200000|  0%| F|  |TAMS 0x00000000e7100000, 0x00000000e7100000| Untracked 
| 114|0x00000000e7200000, 0x00000000e7200000, 0x00000000e7300000|  0%| F|  |TAMS 0x00000000e7200000, 0x00000000e7200000| Untracked 
| 115|0x00000000e7300000, 0x00000000e7300000, 0x00000000e7400000|  0%| F|  |TAMS 0x00000000e7300000, 0x00000000e7300000| Untracked 
| 116|0x00000000e7400000, 0x00000000e7400000, 0x00000000e7500000|  0%| F|  |TAMS 0x00000000e7400000, 0x00000000e7400000| Untracked 
| 117|0x00000000e7500000, 0x00000000e7500000, 0x00000000e7600000|  0%| F|  |TAMS 0x00000000e7500000, 0x00000000e7500000| Untracked 
| 118|0x00000000e7600000, 0x00000000e7600000, 0x00000000e7700000|  0%| F|  |TAMS 0x00000000e7600000, 0x00000000e7600000| Untracked 
| 119|0x00000000e7700000, 0x00000000e7700000, 0x00000000e7800000|  0%| F|  |TAMS 0x00000000e7700000, 0x00000000e7700000| Untracked 
| 120|0x00000000e7800000, 0x00000000e7800000, 0x00000000e7900000|  0%| F|  |TAMS 0x00000000e7800000, 0x00000000e7800000| Untracked 
| 121|0x00000000e7900000, 0x00000000e7900000, 0x00000000e7a00000|  0%| F|  |TAMS 0x00000000e7900000, 0x00000000e7900000| Untracked 
| 122|0x00000000e7a00000, 0x00000000e7a00000, 0x00000000e7b00000|  0%| F|  |TAMS 0x00000000e7a00000, 0x00000000e7a00000| Untracked 
| 123|0x00000000e7b00000, 0x00000000e7b00000, 0x00000000e7c00000|  0%| F|  |TAMS 0x00000000e7b00000, 0x00000000e7b00000| Untracked 
| 124|0x00000000e7c00000, 0x00000000e7c00000, 0x00000000e7d00000|  0%| F|  |TAMS 0x00000000e7c00000, 0x00000000e7c00000| Untracked 
| 125|0x00000000e7d00000, 0x00000000e7d00000, 0x00000000e7e00000|  0%| F|  |TAMS 0x00000000e7d00000, 0x00000000e7d00000| Untracked 
| 126|0x00000000e7e00000, 0x00000000e7e00000, 0x00000000e7f00000|  0%| F|  |TAMS 0x00000000e7e00000, 0x00000000e7e00000| Untracked 
| 127|0x00000000e7f00000, 0x00000000e7f00000, 0x00000000e8000000|  0%| F|  |TAMS 0x00000000e7f00000, 0x00000000e7f00000| Untracked 
| 128|0x00000000e8000000, 0x00000000e8000000, 0x00000000e8100000|  0%| F|  |TAMS 0x00000000e8000000, 0x00000000e8000000| Untracked 
| 129|0x00000000e8100000, 0x00000000e8100000, 0x00000000e8200000|  0%| F|  |TAMS 0x00000000e8100000, 0x00000000e8100000| Untracked 
| 130|0x00000000e8200000, 0x00000000e8200000, 0x00000000e8300000|  0%| F|  |TAMS 0x00000000e8200000, 0x00000000e8200000| Untracked 
| 131|0x00000000e8300000, 0x00000000e8300000, 0x00000000e8400000|  0%| F|  |TAMS 0x00000000e8300000, 0x00000000e8300000| Untracked 
| 132|0x00000000e8400000, 0x00000000e8400000, 0x00000000e8500000|  0%| F|  |TAMS 0x00000000e8400000, 0x00000000e8400000| Untracked 
| 133|0x00000000e8500000, 0x00000000e8500000, 0x00000000e8600000|  0%| F|  |TAMS 0x00000000e8500000, 0x00000000e8500000| Untracked 
| 134|0x00000000e8600000, 0x00000000e8600000, 0x00000000e8700000|  0%| F|  |TAMS 0x00000000e8600000, 0x00000000e8600000| Untracked 
| 135|0x00000000e8700000, 0x00000000e8700000, 0x00000000e8800000|  0%| F|  |TAMS 0x00000000e8700000, 0x00000000e8700000| Untracked 
| 136|0x00000000e8800000, 0x00000000e8800000, 0x00000000e8900000|  0%| F|  |TAMS 0x00000000e8800000, 0x00000000e8800000| Untracked 
| 137|0x00000000e8900000, 0x00000000e8900000, 0x00000000e8a00000|  0%| F|  |TAMS 0x00000000e8900000, 0x00000000e8900000| Untracked 
| 138|0x00000000e8a00000, 0x00000000e8a00000, 0x00000000e8b00000|  0%| F|  |TAMS 0x00000000e8a00000, 0x00000000e8a00000| Untracked 
| 139|0x00000000e8b00000, 0x00000000e8b00000, 0x00000000e8c00000|  0%| F|  |TAMS 0x00000000e8b00000, 0x00000000e8b00000| Untracked 
| 140|0x00000000e8c00000, 0x00000000e8c00000, 0x00000000e8d00000|  0%| F|  |TAMS 0x00000000e8c00000, 0x00000000e8c00000| Untracked 
| 141|0x00000000e8d00000, 0x00000000e8d00000, 0x00000000e8e00000|  0%| F|  |TAMS 0x00000000e8d00000, 0x00000000e8d00000| Untracked 
| 142|0x00000000e8e00000, 0x00000000e8e00000, 0x00000000e8f00000|  0%| F|  |TAMS 0x00000000e8e00000, 0x00000000e8e00000| Untracked 
| 143|0x00000000e8f00000, 0x00000000e8f00000, 0x00000000e9000000|  0%| F|  |TAMS 0x00000000e8f00000, 0x00000000e8f00000| Untracked 
| 144|0x00000000e9000000, 0x00000000e9000000, 0x00000000e9100000|  0%| F|  |TAMS 0x00000000e9000000, 0x00000000e9000000| Untracked 
| 145|0x00000000e9100000, 0x00000000e9100000, 0x00000000e9200000|  0%| F|  |TAMS 0x00000000e9100000, 0x00000000e9100000| Untracked 
| 146|0x00000000e9200000, 0x00000000e9200000, 0x00000000e9300000|  0%| F|  |TAMS 0x00000000e9200000, 0x00000000e9200000| Untracked 
| 147|0x00000000e9300000, 0x00000000e9300000, 0x00000000e9400000|  0%| F|  |TAMS 0x00000000e9300000, 0x00000000e9300000| Untracked 
| 148|0x00000000e9400000, 0x00000000e9400000, 0x00000000e9500000|  0%| F|  |TAMS 0x00000000e9400000, 0x00000000e9400000| Untracked 
| 149|0x00000000e9500000, 0x00000000e9500000, 0x00000000e9600000|  0%| F|  |TAMS 0x00000000e9500000, 0x00000000e9500000| Untracked 
| 150|0x00000000e9600000, 0x00000000e9600000, 0x00000000e9700000|  0%| F|  |TAMS 0x00000000e9600000, 0x00000000e9600000| Untracked 
| 151|0x00000000e9700000, 0x00000000e9700000, 0x00000000e9800000|  0%| F|  |TAMS 0x00000000e9700000, 0x00000000e9700000| Untracked 
| 152|0x00000000e9800000, 0x00000000e9800000, 0x00000000e9900000|  0%| F|  |TAMS 0x00000000e9800000, 0x00000000e9800000| Untracked 
| 153|0x00000000e9900000, 0x00000000e9900000, 0x00000000e9a00000|  0%| F|  |TAMS 0x00000000e9900000, 0x00000000e9900000| Untracked 
| 154|0x00000000e9a00000, 0x00000000e9a00000, 0x00000000e9b00000|  0%| F|  |TAMS 0x00000000e9a00000, 0x00000000e9a00000| Untracked 
| 155|0x00000000e9b00000, 0x00000000e9b00000, 0x00000000e9c00000|  0%| F|  |TAMS 0x00000000e9b00000, 0x00000000e9b00000| Untracked 
| 156|0x00000000e9c00000, 0x00000000e9c00000, 0x00000000e9d00000|  0%| F|  |TAMS 0x00000000e9c00000, 0x00000000e9c00000| Untracked 
| 157|0x00000000e9d00000, 0x00000000e9d00000, 0x00000000e9e00000|  0%| F|  |TAMS 0x00000000e9d00000, 0x00000000e9d00000| Untracked 
| 158|0x00000000e9e00000, 0x00000000e9e00000, 0x00000000e9f00000|  0%| F|  |TAMS 0x00000000e9e00000, 0x00000000e9e00000| Untracked 
| 159|0x00000000e9f00000, 0x00000000e9f00000, 0x00000000ea000000|  0%| F|  |TAMS 0x00000000e9f00000, 0x00000000e9f00000| Untracked 
| 160|0x00000000ea000000, 0x00000000ea000000, 0x00000000ea100000|  0%| F|  |TAMS 0x00000000ea000000, 0x00000000ea000000| Untracked 
| 161|0x00000000ea100000, 0x00000000ea100000, 0x00000000ea200000|  0%| F|  |TAMS 0x00000000ea100000, 0x00000000ea100000| Untracked 
| 162|0x00000000ea200000, 0x00000000ea200000, 0x00000000ea300000|  0%| F|  |TAMS 0x00000000ea200000, 0x00000000ea200000| Untracked 
| 163|0x00000000ea300000, 0x00000000ea300000, 0x00000000ea400000|  0%| F|  |TAMS 0x00000000ea300000, 0x00000000ea300000| Untracked 
| 164|0x00000000ea400000, 0x00000000ea400000, 0x00000000ea500000|  0%| F|  |TAMS 0x00000000ea400000, 0x00000000ea400000| Untracked 
| 165|0x00000000ea500000, 0x00000000ea500000, 0x00000000ea600000|  0%| F|  |TAMS 0x00000000ea500000, 0x00000000ea500000| Untracked 
| 166|0x00000000ea600000, 0x00000000ea600000, 0x00000000ea700000|  0%| F|  |TAMS 0x00000000ea600000, 0x00000000ea600000| Untracked 
| 167|0x00000000ea700000, 0x00000000ea700000, 0x00000000ea800000|  0%| F|  |TAMS 0x00000000ea700000, 0x00000000ea700000| Untracked 
| 168|0x00000000ea800000, 0x00000000ea800000, 0x00000000ea900000|  0%| F|  |TAMS 0x00000000ea800000, 0x00000000ea800000| Untracked 
| 169|0x00000000ea900000, 0x00000000ea900000, 0x00000000eaa00000|  0%| F|  |TAMS 0x00000000ea900000, 0x00000000ea900000| Untracked 
| 170|0x00000000eaa00000, 0x00000000eaa00000, 0x00000000eab00000|  0%| F|  |TAMS 0x00000000eaa00000, 0x00000000eaa00000| Untracked 
| 171|0x00000000eab00000, 0x00000000eab00000, 0x00000000eac00000|  0%| F|  |TAMS 0x00000000eab00000, 0x00000000eab00000| Untracked 
| 172|0x00000000eac00000, 0x00000000eac00000, 0x00000000ead00000|  0%| F|  |TAMS 0x00000000eac00000, 0x00000000eac00000| Untracked 
| 173|0x00000000ead00000, 0x00000000ead00000, 0x00000000eae00000|  0%| F|  |TAMS 0x00000000ead00000, 0x00000000ead00000| Untracked 
| 174|0x00000000eae00000, 0x00000000eae00000, 0x00000000eaf00000|  0%| F|  |TAMS 0x00000000eae00000, 0x00000000eae00000| Untracked 
| 175|0x00000000eaf00000, 0x00000000eaf00000, 0x00000000eb000000|  0%| F|  |TAMS 0x00000000eaf00000, 0x00000000eaf00000| Untracked 
| 176|0x00000000eb000000, 0x00000000eb000000, 0x00000000eb100000|  0%| F|  |TAMS 0x00000000eb000000, 0x00000000eb000000| Untracked 
| 177|0x00000000eb100000, 0x00000000eb100000, 0x00000000eb200000|  0%| F|  |TAMS 0x00000000eb100000, 0x00000000eb100000| Untracked 
| 178|0x00000000eb200000, 0x00000000eb200000, 0x00000000eb300000|  0%| F|  |TAMS 0x00000000eb200000, 0x00000000eb200000| Untracked 
| 179|0x00000000eb300000, 0x00000000eb300000, 0x00000000eb400000|  0%| F|  |TAMS 0x00000000eb300000, 0x00000000eb300000| Untracked 
| 180|0x00000000eb400000, 0x00000000eb400000, 0x00000000eb500000|  0%| F|  |TAMS 0x00000000eb400000, 0x00000000eb400000| Untracked 
| 181|0x00000000eb500000, 0x00000000eb500000, 0x00000000eb600000|  0%| F|  |TAMS 0x00000000eb500000, 0x00000000eb500000| Untracked 
| 182|0x00000000eb600000, 0x00000000eb600000, 0x00000000eb700000|  0%| F|  |TAMS 0x00000000eb600000, 0x00000000eb600000| Untracked 
| 183|0x00000000eb700000, 0x00000000eb700000, 0x00000000eb800000|  0%| F|  |TAMS 0x00000000eb700000, 0x00000000eb700000| Untracked 
| 184|0x00000000eb800000, 0x00000000eb800000, 0x00000000eb900000|  0%| F|  |TAMS 0x00000000eb800000, 0x00000000eb800000| Untracked 
| 185|0x00000000eb900000, 0x00000000eb900000, 0x00000000eba00000|  0%| F|  |TAMS 0x00000000eb900000, 0x00000000eb900000| Untracked 
| 186|0x00000000eba00000, 0x00000000eba00000, 0x00000000ebb00000|  0%| F|  |TAMS 0x00000000eba00000, 0x00000000eba00000| Untracked 
| 187|0x00000000ebb00000, 0x00000000ebb00000, 0x00000000ebc00000|  0%| F|  |TAMS 0x00000000ebb00000, 0x00000000ebb00000| Untracked 
| 188|0x00000000ebc00000, 0x00000000ebc00000, 0x00000000ebd00000|  0%| F|  |TAMS 0x00000000ebc00000, 0x00000000ebc00000| Untracked 
| 189|0x00000000ebd00000, 0x00000000ebd00000, 0x00000000ebe00000|  0%| F|  |TAMS 0x00000000ebd00000, 0x00000000ebd00000| Untracked 
| 190|0x00000000ebe00000, 0x00000000ebe00000, 0x00000000ebf00000|  0%| F|  |TAMS 0x00000000ebe00000, 0x00000000ebe00000| Untracked 
| 191|0x00000000ebf00000, 0x00000000ebf00000, 0x00000000ec000000|  0%| F|  |TAMS 0x00000000ebf00000, 0x00000000ebf00000| Untracked 
| 192|0x00000000ec000000, 0x00000000ec000000, 0x00000000ec100000|  0%| F|  |TAMS 0x00000000ec000000, 0x00000000ec000000| Untracked 
| 193|0x00000000ec100000, 0x00000000ec100000, 0x00000000ec200000|  0%| F|  |TAMS 0x00000000ec100000, 0x00000000ec100000| Untracked 
| 194|0x00000000ec200000, 0x00000000ec200000, 0x00000000ec300000|  0%| F|  |TAMS 0x00000000ec200000, 0x00000000ec200000| Untracked 
| 195|0x00000000ec300000, 0x00000000ec300000, 0x00000000ec400000|  0%| F|  |TAMS 0x00000000ec300000, 0x00000000ec300000| Untracked 
| 196|0x00000000ec400000, 0x00000000ec400000, 0x00000000ec500000|  0%| F|  |TAMS 0x00000000ec400000, 0x00000000ec400000| Untracked 
| 197|0x00000000ec500000, 0x00000000ec500000, 0x00000000ec600000|  0%| F|  |TAMS 0x00000000ec500000, 0x00000000ec500000| Untracked 
| 198|0x00000000ec600000, 0x00000000ec600000, 0x00000000ec700000|  0%| F|  |TAMS 0x00000000ec600000, 0x00000000ec600000| Untracked 
| 199|0x00000000ec700000, 0x00000000ec700000, 0x00000000ec800000|  0%| F|  |TAMS 0x00000000ec700000, 0x00000000ec700000| Untracked 
| 200|0x00000000ec800000, 0x00000000ec800000, 0x00000000ec900000|  0%| F|  |TAMS 0x00000000ec800000, 0x00000000ec800000| Untracked 
| 201|0x00000000ec900000, 0x00000000ec900000, 0x00000000eca00000|  0%| F|  |TAMS 0x00000000ec900000, 0x00000000ec900000| Untracked 
| 202|0x00000000eca00000, 0x00000000eca00000, 0x00000000ecb00000|  0%| F|  |TAMS 0x00000000eca00000, 0x00000000eca00000| Untracked 
| 203|0x00000000ecb00000, 0x00000000ecb00000, 0x00000000ecc00000|  0%| F|  |TAMS 0x00000000ecb00000, 0x00000000ecb00000| Untracked 
| 204|0x00000000ecc00000, 0x00000000ecc00000, 0x00000000ecd00000|  0%| F|  |TAMS 0x00000000ecc00000, 0x00000000ecc00000| Untracked 
| 205|0x00000000ecd00000, 0x00000000ecd00000, 0x00000000ece00000|  0%| F|  |TAMS 0x00000000ecd00000, 0x00000000ecd00000| Untracked 
| 206|0x00000000ece00000, 0x00000000ece00000, 0x00000000ecf00000|  0%| F|  |TAMS 0x00000000ece00000, 0x00000000ece00000| Untracked 
| 207|0x00000000ecf00000, 0x00000000ecf00000, 0x00000000ed000000|  0%| F|  |TAMS 0x00000000ecf00000, 0x00000000ecf00000| Untracked 
| 208|0x00000000ed000000, 0x00000000ed000000, 0x00000000ed100000|  0%| F|  |TAMS 0x00000000ed000000, 0x00000000ed000000| Untracked 
| 209|0x00000000ed100000, 0x00000000ed100000, 0x00000000ed200000|  0%| F|  |TAMS 0x00000000ed100000, 0x00000000ed100000| Untracked 
| 210|0x00000000ed200000, 0x00000000ed200000, 0x00000000ed300000|  0%| F|  |TAMS 0x00000000ed200000, 0x00000000ed200000| Untracked 
| 211|0x00000000ed300000, 0x00000000ed300000, 0x00000000ed400000|  0%| F|  |TAMS 0x00000000ed300000, 0x00000000ed300000| Untracked 
| 212|0x00000000ed400000, 0x00000000ed400000, 0x00000000ed500000|  0%| F|  |TAMS 0x00000000ed400000, 0x00000000ed400000| Untracked 
| 213|0x00000000ed500000, 0x00000000ed500000, 0x00000000ed600000|  0%| F|  |TAMS 0x00000000ed500000, 0x00000000ed500000| Untracked 
| 214|0x00000000ed600000, 0x00000000ed600000, 0x00000000ed700000|  0%| F|  |TAMS 0x00000000ed600000, 0x00000000ed600000| Untracked 
| 215|0x00000000ed700000, 0x00000000ed700000, 0x00000000ed800000|  0%| F|  |TAMS 0x00000000ed700000, 0x00000000ed700000| Untracked 
| 216|0x00000000ed800000, 0x00000000ed800000, 0x00000000ed900000|  0%| F|  |TAMS 0x00000000ed800000, 0x00000000ed800000| Untracked 
| 217|0x00000000ed900000, 0x00000000ed900000, 0x00000000eda00000|  0%| F|  |TAMS 0x00000000ed900000, 0x00000000ed900000| Untracked 
| 218|0x00000000eda00000, 0x00000000eda00000, 0x00000000edb00000|  0%| F|  |TAMS 0x00000000eda00000, 0x00000000eda00000| Untracked 
| 219|0x00000000edb00000, 0x00000000edb00000, 0x00000000edc00000|  0%| F|  |TAMS 0x00000000edb00000, 0x00000000edb00000| Untracked 
| 220|0x00000000edc00000, 0x00000000edc00000, 0x00000000edd00000|  0%| F|  |TAMS 0x00000000edc00000, 0x00000000edc00000| Untracked 
| 221|0x00000000edd00000, 0x00000000edd00000, 0x00000000ede00000|  0%| F|  |TAMS 0x00000000edd00000, 0x00000000edd00000| Untracked 
| 222|0x00000000ede00000, 0x00000000ede00000, 0x00000000edf00000|  0%| F|  |TAMS 0x00000000ede00000, 0x00000000ede00000| Untracked 
| 223|0x00000000edf00000, 0x00000000edf00000, 0x00000000ee000000|  0%| F|  |TAMS 0x00000000edf00000, 0x00000000edf00000| Untracked 
| 224|0x00000000ee000000, 0x00000000ee000000, 0x00000000ee100000|  0%| F|  |TAMS 0x00000000ee000000, 0x00000000ee000000| Untracked 
| 225|0x00000000ee100000, 0x00000000ee100000, 0x00000000ee200000|  0%| F|  |TAMS 0x00000000ee100000, 0x00000000ee100000| Untracked 
| 226|0x00000000ee200000, 0x00000000ee200000, 0x00000000ee300000|  0%| F|  |TAMS 0x00000000ee200000, 0x00000000ee200000| Untracked 
| 227|0x00000000ee300000, 0x00000000ee300000, 0x00000000ee400000|  0%| F|  |TAMS 0x00000000ee300000, 0x00000000ee300000| Untracked 
| 228|0x00000000ee400000, 0x00000000ee400000, 0x00000000ee500000|  0%| F|  |TAMS 0x00000000ee400000, 0x00000000ee400000| Untracked 
| 229|0x00000000ee500000, 0x00000000ee500000, 0x00000000ee600000|  0%| F|  |TAMS 0x00000000ee500000, 0x00000000ee500000| Untracked 
| 230|0x00000000ee600000, 0x00000000ee600000, 0x00000000ee700000|  0%| F|  |TAMS 0x00000000ee600000, 0x00000000ee600000| Untracked 
| 231|0x00000000ee700000, 0x00000000ee700000, 0x00000000ee800000|  0%| F|  |TAMS 0x00000000ee700000, 0x00000000ee700000| Untracked 
| 232|0x00000000ee800000, 0x00000000ee800000, 0x00000000ee900000|  0%| F|  |TAMS 0x00000000ee800000, 0x00000000ee800000| Untracked 
| 233|0x00000000ee900000, 0x00000000ee900000, 0x00000000eea00000|  0%| F|  |TAMS 0x00000000ee900000, 0x00000000ee900000| Untracked 
| 234|0x00000000eea00000, 0x00000000eea00000, 0x00000000eeb00000|  0%| F|  |TAMS 0x00000000eea00000, 0x00000000eea00000| Untracked 
| 235|0x00000000eeb00000, 0x00000000eeb00000, 0x00000000eec00000|  0%| F|  |TAMS 0x00000000eeb00000, 0x00000000eeb00000| Untracked 
| 236|0x00000000eec00000, 0x00000000eec00000, 0x00000000eed00000|  0%| F|  |TAMS 0x00000000eec00000, 0x00000000eec00000| Untracked 
| 237|0x00000000eed00000, 0x00000000eed00000, 0x00000000eee00000|  0%| F|  |TAMS 0x00000000eed00000, 0x00000000eed00000| Untracked 
| 238|0x00000000eee00000, 0x00000000eee00000, 0x00000000eef00000|  0%| F|  |TAMS 0x00000000eee00000, 0x00000000eee00000| Untracked 
| 239|0x00000000eef00000, 0x00000000eef00000, 0x00000000ef000000|  0%| F|  |TAMS 0x00000000eef00000, 0x00000000eef00000| Untracked 
| 240|0x00000000ef000000, 0x00000000ef000000, 0x00000000ef100000|  0%| F|  |TAMS 0x00000000ef000000, 0x00000000ef000000| Untracked 
| 241|0x00000000ef100000, 0x00000000ef100000, 0x00000000ef200000|  0%| F|  |TAMS 0x00000000ef100000, 0x00000000ef100000| Untracked 
| 242|0x00000000ef200000, 0x00000000ef200000, 0x00000000ef300000|  0%| F|  |TAMS 0x00000000ef200000, 0x00000000ef200000| Untracked 
| 243|0x00000000ef300000, 0x00000000ef300000, 0x00000000ef400000|  0%| F|  |TAMS 0x00000000ef300000, 0x00000000ef300000| Untracked 
| 244|0x00000000ef400000, 0x00000000ef400000, 0x00000000ef500000|  0%| F|  |TAMS 0x00000000ef400000, 0x00000000ef400000| Untracked 
| 245|0x00000000ef500000, 0x00000000ef500000, 0x00000000ef600000|  0%| F|  |TAMS 0x00000000ef500000, 0x00000000ef500000| Untracked 
| 246|0x00000000ef600000, 0x00000000ef600000, 0x00000000ef700000|  0%| F|  |TAMS 0x00000000ef600000, 0x00000000ef600000| Untracked 
| 247|0x00000000ef700000, 0x00000000ef700000, 0x00000000ef800000|  0%| F|  |TAMS 0x00000000ef700000, 0x00000000ef700000| Untracked 
| 248|0x00000000ef800000, 0x00000000ef8d6520, 0x00000000ef900000| 83%| E|  |TAMS 0x00000000ef800000, 0x00000000ef800000| Complete 
| 249|0x00000000ef900000, 0x00000000efa00000, 0x00000000efa00000|100%| E|CS|TAMS 0x00000000ef900000, 0x00000000ef900000| Complete 
| 250|0x00000000efa00000, 0x00000000efac4a00, 0x00000000efb00000| 76%| S|CS|TAMS 0x00000000efa00000, 0x00000000efa00000| Complete 
| 251|0x00000000efb00000, 0x00000000efc00000, 0x00000000efc00000|100%| E|CS|TAMS 0x00000000efb00000, 0x00000000efb00000| Complete 
| 252|0x00000000efc00000, 0x00000000efd00000, 0x00000000efd00000|100%| E|CS|TAMS 0x00000000efc00000, 0x00000000efc00000| Complete 
| 253|0x00000000efd00000, 0x00000000efe00000, 0x00000000efe00000|100%| E|CS|TAMS 0x00000000efd00000, 0x00000000efd00000| Complete 
| 254|0x00000000efe00000, 0x00000000eff00000, 0x00000000eff00000|100%| E|CS|TAMS 0x00000000efe00000, 0x00000000efe00000| Complete 
| 255|0x00000000eff00000, 0x00000000f0000000, 0x00000000f0000000|100%| E|CS|TAMS 0x00000000eff00000, 0x00000000eff00000| Complete 

Card table byte_map: [0x000002047c540000,0x000002047c640000] _byte_map_base: 0x000002047be40000

Marking Bits (Prev, Next): (CMBitMap*) 0x0000020472f7e2f8, (CMBitMap*) 0x0000020472f7e330
 Prev Bits: [0x000002047c740000, 0x000002047cf40000)
 Next Bits: [0x000002047cf40000, 0x000002047d740000)

Polling page: 0x0000020473040000

Metaspace:

Usage:
  Non-class:     59.28 MB capacity,    58.25 MB ( 98%) used,   886.03 KB (  1%) free+waste,   162.06 KB ( <1%) overhead. 
      Class:      8.61 MB capacity,     7.97 MB ( 93%) used,   582.52 KB (  7%) free+waste,    71.63 KB ( <1%) overhead. 
       Both:     67.89 MB capacity,    66.22 MB ( 98%) used,     1.43 MB (  2%) free+waste,   233.69 KB ( <1%) overhead. 

Virtual space:
  Non-class space:       60.00 MB reserved,      59.45 MB (>99%) committed 
      Class space:      248.00 MB reserved,       8.75 MB (  4%) committed 
             Both:      308.00 MB reserved,      68.20 MB ( 22%) committed 

Chunk freelists:
   Non-Class:  21.50 KB
       Class:  7.25 KB
        Both:  28.75 KB

CodeHeap 'non-profiled nmethods': size=120064Kb used=9098Kb max_used=9098Kb free=110965Kb
 bounds [0x0000020407ac0000, 0x00000204083b0000, 0x000002040f000000]
CodeHeap 'profiled nmethods': size=120000Kb used=32839Kb max_used=32839Kb free=87160Kb
 bounds [0x0000020400590000, 0x00000204025b0000, 0x0000020407ac0000]
CodeHeap 'non-nmethods': size=5696Kb used=2243Kb max_used=2305Kb free=3453Kb
 bounds [0x0000020400000000, 0x0000020400270000, 0x0000020400590000]
 total_blobs=15168 nmethods=14324 adapters=755
 compilation: enabled
              stopped_count=0, restarted_count=0
 full_count=0

Compilation events (10 events):
Event: 4632.663 Thread 0x000002047fd8b800 15445       3       jdk.internal.reflect.ReflectionFactory::superHasAccessibleConstructor (165 bytes)
Event: 4632.664 Thread 0x000002047fd8b800 nmethod 15445 0x0000020402598290 code [0x0000020402598540, 0x0000020402598e78]
Event: 4632.664 Thread 0x000002047fd8b800 15446       3       jdk.internal.reflect.ReflectionFactory::packageEquals (66 bytes)
Event: 4632.666 Thread 0x000002047fd8b800 nmethod 15446 0x0000020402599290 code [0x0000020402599580, 0x000002040259a8c8]
Event: 4632.668 Thread 0x000002047fd8b800 15447       3       java.lang.ProcessEnvironment::addToEnv (20 bytes)
Event: 4632.668 Thread 0x000002047fd8b800 nmethod 15447 0x000002040259ae90 code [0x000002040259b080, 0x000002040259b3d8]
Event: 4632.695 Thread 0x000002047fd8b800 15449       1       org.gradle.util.DisconnectableInputStream::access$200 (5 bytes)
Event: 4632.696 Thread 0x000002047fd8b800 nmethod 15449 0x00000204083a2f90 code [0x00000204083a3120, 0x00000204083a31b8]
Event: 4632.696 Thread 0x000002047fd8b800 15450       1       org.gradle.util.DisconnectableInputStream::access$000 (5 bytes)
Event: 4632.696 Thread 0x000002047fd8b800 nmethod 15450 0x00000204083a3290 code [0x00000204083a3420, 0x00000204083a34b8]

GC Heap History (10 events):
Event: 4627.774 GC heap before
{Heap before GC invocations=57 (full 0):
 garbage-first heap   total 262144K, used 87985K [0x00000000e0000000, 0x0000000100000000)
  region size 1024K, 12 young (12288K), 8 survivors (8192K)
 Metaspace       used 67194K, capacity 68760K, committed 69576K, reserved 315392K
  class space    used 8117K, capacity 8694K, committed 8960K, reserved 253952K
}
Event: 4627.819 GC heap after
{Heap after GC invocations=58 (full 0):
 garbage-first heap   total 262144K, used 76825K [0x00000000e0000000, 0x0000000100000000)
  region size 1024K, 2 young (2048K), 2 survivors (2048K)
 Metaspace       used 67194K, capacity 68760K, committed 69576K, reserved 315392K
  class space    used 8117K, capacity 8694K, committed 8960K, reserved 253952K
}
Event: 4627.836 GC heap before
{Heap before GC invocations=58 (full 0):
 garbage-first heap   total 262144K, used 87065K [0x00000000e0000000, 0x0000000100000000)
  region size 1024K, 12 young (12288K), 2 survivors (2048K)
 Metaspace       used 67194K, capacity 68760K, committed 69576K, reserved 315392K
  class space    used 8117K, capacity 8694K, committed 8960K, reserved 253952K
}
Event: 4627.851 GC heap after
{Heap after GC invocations=59 (full 0):
 garbage-first heap   total 262144K, used 75660K [0x00000000e0000000, 0x0000000100000000)
  region size 1024K, 1 young (1024K), 1 survivors (1024K)
 Metaspace       used 67194K, capacity 68760K, committed 69576K, reserved 315392K
  class space    used 8117K, capacity 8694K, committed 8960K, reserved 253952K
}
Event: 4628.927 GC heap before
{Heap before GC invocations=59 (full 0):
 garbage-first heap   total 262144K, used 87948K [0x00000000e0000000, 0x0000000100000000)
  region size 1024K, 14 young (14336K), 1 survivors (1024K)
 Metaspace       used 67217K, capacity 68762K, committed 69576K, reserved 315392K
  class space    used 8117K, capacity 8694K, committed 8960K, reserved 253952K
}
Event: 4628.934 GC heap after
{Heap after GC invocations=60 (full 0):
 garbage-first heap   total 262144K, used 77412K [0x00000000e0000000, 0x0000000100000000)
  region size 1024K, 3 young (3072K), 3 survivors (3072K)
 Metaspace       used 67217K, capacity 68762K, committed 69576K, reserved 315392K
  class space    used 8117K, capacity 8694K, committed 8960K, reserved 253952K
}
Event: 4632.197 GC heap before
{Heap before GC invocations=61 (full 0):
 garbage-first heap   total 262144K, used 183908K [0x00000000e0000000, 0x0000000100000000)
  region size 1024K, 105 young (107520K), 3 survivors (3072K)
 Metaspace       used 67601K, capacity 69222K, committed 69832K, reserved 315392K
  class space    used 8127K, capacity 8706K, committed 8960K, reserved 253952K
}
Event: 4632.249 GC heap after
{Heap after GC invocations=62 (full 0):
 garbage-first heap   total 262144K, used 83738K [0x00000000e0000000, 0x0000000100000000)
  region size 1024K, 7 young (7168K), 7 survivors (7168K)
 Metaspace       used 67601K, capacity 69222K, committed 69832K, reserved 315392K
  class space    used 8127K, capacity 8706K, committed 8960K, reserved 253952K
}
Event: 4632.369 GC heap before
{Heap before GC invocations=62 (full 0):
 garbage-first heap   total 262144K, used 88858K [0x00000000e0000000, 0x0000000100000000)
  region size 1024K, 12 young (12288K), 7 survivors (7168K)
 Metaspace       used 67650K, capacity 69267K, committed 69832K, reserved 315392K
  class space    used 8136K, capacity 8719K, committed 8960K, reserved 253952K
}
Event: 4632.395 GC heap after
{Heap after GC invocations=63 (full 0):
 garbage-first heap   total 262144K, used 74733K [0x00000000e0000000, 0x0000000100000000)
  region size 1024K, 1 young (1024K), 1 survivors (1024K)
 Metaspace       used 67650K, capacity 69267K, committed 69832K, reserved 315392K
  class space    used 8136K, capacity 8719K, committed 8960K, reserved 253952K
}

Deoptimization events (10 events):
Event: 4627.336 Thread 0x00000204109bc000 Uncommon trap: reason=unstable_if action=reinterpret pc=0x0000020407bd63e8 method=java.lang.ref.SoftReference.get()Ljava/lang/Object; @ 6 c2
Event: 4627.342 Thread 0x00000204109bc000 Uncommon trap: reason=unstable_if action=reinterpret pc=0x0000020407cc4fd8 method=java.lang.ref.SoftReference.get()Ljava/lang/Object; @ 6 c2
Event: 4627.610 Thread 0x00000204109bc000 Uncommon trap: reason=unstable_if action=reinterpret pc=0x000002040809e0a4 method=groovy.lang.MetaClassImpl.checkIfStdMethod(Lgroovy/lang/MetaMethod;)V @ 78 c2
Event: 4627.916 Thread 0x0000020411d72000 Uncommon trap: reason=unstable_if action=reinterpret pc=0x000002040817e1ec method=java.util.concurrent.ConcurrentHashMap.addCount(JI)V @ 97 c2
Event: 4627.916 Thread 0x00000204109c6000 Uncommon trap: reason=unstable_if action=reinterpret pc=0x000002040817e1ec method=java.util.concurrent.ConcurrentHashMap.addCount(JI)V @ 97 c2
Event: 4629.799 Thread 0x0000020411d73000 Uncommon trap: reason=unstable_if action=reinterpret pc=0x0000020407b85c70 method=com.sun.tools.javac.util.Convert.utf2chars([BI[CII)I @ 37 c2
Event: 4632.108 Thread 0x0000020411d6f000 Uncommon trap: reason=unstable_if action=reinterpret pc=0x000002040804a43c method=java.util.concurrent.ConcurrentHashMap.addCount(JI)V @ 97 c2
Event: 4632.126 Thread 0x0000020411d71800 Uncommon trap: reason=unstable_if action=reinterpret pc=0x0000020407fef770 method=java.util.concurrent.ConcurrentLinkedQueue.offer(Ljava/lang/Object;)Z @ 42 c2
Event: 4632.257 Thread 0x0000020411d78800 Uncommon trap: reason=predicate action=maybe_recompile pc=0x000002040815af90 method=java.util.Collections.indexedBinarySearch(Ljava/util/List;Ljava/lang/Object;)I @ 13 c2
Event: 4632.399 Thread 0x0000020411d73000 Uncommon trap: reason=class_check action=maybe_recompile pc=0x0000020407c3e0d4 method=java.lang.Throwable.<init>(Ljava/lang/String;Ljava/lang/Throwable;)V @ 24 c2

Classes redefined (0 events):
No events

Internal exceptions (10 events):
Event: 4631.893 Thread 0x0000020411d73000 Exception <a 'sun/nio/fs/WindowsException'{0x00000000e9a4f980}> (0x00000000e9a4f980) thrown at [./open/src/hotspot/share/prims/jni.cpp, line 611]
Event: 4631.897 Thread 0x0000020411d73000 Exception <a 'sun/nio/fs/WindowsException'{0x00000000e9a54c20}> (0x00000000e9a54c20) thrown at [./open/src/hotspot/share/prims/jni.cpp, line 611]
Event: 4631.900 Thread 0x0000020411d73000 Exception <a 'sun/nio/fs/WindowsException'{0x00000000e9a59730}> (0x00000000e9a59730) thrown at [./open/src/hotspot/share/prims/jni.cpp, line 611]
Event: 4631.905 Thread 0x0000020411d73000 Exception <a 'sun/nio/fs/WindowsException'{0x00000000e9a5e550}> (0x00000000e9a5e550) thrown at [./open/src/hotspot/share/prims/jni.cpp, line 611]
Event: 4631.910 Thread 0x0000020411d73000 Exception <a 'sun/nio/fs/WindowsException'{0x00000000e9a637a0}> (0x00000000e9a637a0) thrown at [./open/src/hotspot/share/prims/jni.cpp, line 611]
Event: 4631.931 Thread 0x0000020411d73000 Exception <a 'sun/nio/fs/WindowsException'{0x00000000e9a95ab8}> (0x00000000e9a95ab8) thrown at [./open/src/hotspot/share/prims/jni.cpp, line 611]
Event: 4632.264 Thread 0x00000204109c3800 Exception <a 'java/lang/NoSuchMethodError'{0x00000000eff83970}: static Lorg/gradle/tooling/internal/provider/events/DefaultTaskSkippedResult;.<clinit>()V> (0x00000000eff83970) thrown at [./open/src/hotspot/share/prims/jni.cpp, line 1366]
Event: 4632.659 Thread 0x0000020411d76800 Exception <a 'java/lang/NoSuchMethodError'{0x00000000efdc81f0}: static Lorg/gradle/api/internal/tasks/testing/junitplatform/JUnitPlatformTestFramework$JUnitPlatformTestClassProcessorFactory;.<clinit>()V> (0x00000000efdc81f0) thrown at [./open/src/hotspot/
Event: 4632.660 Thread 0x0000020411d76800 Exception <a 'java/lang/NoSuchMethodError'{0x00000000efddb080}: static Lorg/gradle/api/internal/tasks/testing/junitplatform/JUnitPlatformSpec;.<clinit>()V> (0x00000000efddb080) thrown at [./open/src/hotspot/share/prims/jni.cpp, line 1366]
Event: 4632.660 Thread 0x0000020411d76800 Exception <a 'java/lang/NoSuchMethodError'{0x00000000efddf608}: static Lorg/gradle/api/internal/tasks/testing/junit/AbstractJUnitSpec;.<clinit>()V> (0x00000000efddf608) thrown at [./open/src/hotspot/share/prims/jni.cpp, line 1366]

Events (10 events):
Event: 4632.435 loading class org/gradle/api/internal/tasks/testing/TestClassProcessor
Event: 4632.435 loading class org/gradle/api/internal/tasks/testing/TestClassProcessor done
Event: 4632.494 Thread 0x0000020411d76800 DEOPT PACKING pc=0x0000020400700234 sp=0x00000038ad1fdf30
Event: 4632.494 Thread 0x0000020411d76800 DEOPT UNPACKING pc=0x00000204000266bf sp=0x00000038ad1fd480 mode 0
Event: 4632.641 Thread 0x0000020411d77000 Thread added: 0x0000020411d77000
Event: 4632.665 Thread 0x0000020411d78000 Thread added: 0x0000020411d78000
Event: 4632.695 Thread 0x0000020411d7a800 Thread added: 0x0000020411d7a800
Event: 4632.695 Thread 0x0000020411d74800 Thread added: 0x0000020411d74800
Event: 4632.696 Thread 0x0000020411d7b000 Thread added: 0x0000020411d7b000
Event: 4632.697 Thread 0x0000020411d75800 Thread added: 0x0000020411d75800


Dynamic libraries:
0x00007ff6b32c0000 - 0x00007ff6b32cf000 	C:\Program Files\Java\jdk-11.0.17\bin\java.exe
0x00007ffb8e6a0000 - 0x00007ffb8e8a9000 	C:\WINDOWS\SYSTEM32\ntdll.dll
0x00007ffb8cfd0000 - 0x00007ffb8d08e000 	C:\WINDOWS\System32\KERNEL32.DLL
0x00007ffb8be00000 - 0x00007ffb8c17c000 	C:\WINDOWS\System32\KERNELBASE.dll
0x00007ffb8bce0000 - 0x00007ffb8bdf1000 	C:\WINDOWS\System32\ucrtbase.dll
0x00007ffb88200000 - 0x00007ffb88218000 	C:\Program Files\Java\jdk-11.0.17\bin\jli.dll
0x00007ffb8cda0000 - 0x00007ffb8ce4e000 	C:\WINDOWS\System32\ADVAPI32.dll
0x00007ffb8e0d0000 - 0x00007ffb8e173000 	C:\WINDOWS\System32\msvcrt.dll
0x00007ffb8e030000 - 0x00007ffb8e0ce000 	C:\WINDOWS\System32\sechost.dll
0x00007ffb8dc60000 - 0x00007ffb8dd80000 	C:\WINDOWS\System32\RPCRT4.dll
0x00007ffb8cbf0000 - 0x00007ffb8cd9d000 	C:\WINDOWS\System32\USER32.dll
0x00007ffb8c400000 - 0x00007ffb8c426000 	C:\WINDOWS\System32\win32u.dll
0x00007ffb8d230000 - 0x00007ffb8d259000 	C:\WINDOWS\System32\GDI32.dll
0x00007ffb8c2e0000 - 0x00007ffb8c3f8000 	C:\WINDOWS\System32\gdi32full.dll
0x00007ffb8c180000 - 0x00007ffb8c21d000 	C:\WINDOWS\System32\msvcp_win.dll
0x00007ffb881e0000 - 0x00007ffb881f5000 	C:\Program Files\Java\jdk-11.0.17\bin\VCRUNTIME140.dll
0x00007ffb75ad0000 - 0x00007ffb75d75000 	C:\WINDOWS\WinSxS\amd64_microsoft.windows.common-controls_6595b64144ccf1df_6.0.22000.120_none_9d947278b86cc467\COMCTL32.dll
0x00007ffb7ddc0000 - 0x00007ffb7ddca000 	C:\WINDOWS\SYSTEM32\VERSION.dll
0x00007ffb8dc20000 - 0x00007ffb8dc51000 	C:\WINDOWS\System32\IMM32.DLL
0x00007ffb7dc60000 - 0x00007ffb7dcfb000 	C:\Program Files\Java\jdk-11.0.17\bin\msvcp140.dll
0x00007ffb5dbe0000 - 0x00007ffb5e6fa000 	C:\Program Files\Java\jdk-11.0.17\bin\server\jvm.dll
0x00007ffb8d430000 - 0x00007ffb8d438000 	C:\WINDOWS\System32\PSAPI.DLL
0x00007ffb870e0000 - 0x00007ffb870e9000 	C:\WINDOWS\SYSTEM32\WSOCK32.dll
0x00007ffb8cb60000 - 0x00007ffb8cbcf000 	C:\WINDOWS\System32\WS2_32.dll
0x00007ffb88220000 - 0x00007ffb88253000 	C:\WINDOWS\SYSTEM32\WINMM.dll
0x00007ffb8abf0000 - 0x00007ffb8ac08000 	C:\WINDOWS\SYSTEM32\kernel.appcore.dll
0x00007ffb88a50000 - 0x00007ffb88a60000 	C:\Program Files\Java\jdk-11.0.17\bin\verify.dll
0x00007ffb89670000 - 0x00007ffb89891000 	C:\WINDOWS\SYSTEM32\DBGHELP.DLL
0x00007ffb78d60000 - 0x00007ffb78d91000 	C:\WINDOWS\SYSTEM32\dbgcore.DLL
0x00007ffb8c430000 - 0x00007ffb8c4af000 	C:\WINDOWS\System32\bcryptPrimitives.dll
0x00007ffb881b0000 - 0x00007ffb881d8000 	C:\Program Files\Java\jdk-11.0.17\bin\java.dll
0x00007ffb881a0000 - 0x00007ffb881aa000 	C:\Program Files\Java\jdk-11.0.17\bin\jimage.dll
0x00007ffb873d0000 - 0x00007ffb873e6000 	C:\Program Files\Java\jdk-11.0.17\bin\zip.dll
0x00007ffb8d440000 - 0x00007ffb8dc05000 	C:\WINDOWS\System32\SHELL32.dll
0x00007ffb89b10000 - 0x00007ffb8a375000 	C:\WINDOWS\SYSTEM32\windows.storage.dll
0x00007ffb8e180000 - 0x00007ffb8e4f6000 	C:\WINDOWS\System32\combase.dll
0x00007ffb899a0000 - 0x00007ffb89b06000 	C:\WINDOWS\SYSTEM32\wintypes.dll
0x00007ffb8df40000 - 0x00007ffb8e02a000 	C:\WINDOWS\System32\SHCORE.dll
0x00007ffb8cf70000 - 0x00007ffb8cfcd000 	C:\WINDOWS\System32\shlwapi.dll
0x00007ffb8baa0000 - 0x00007ffb8bac1000 	C:\WINDOWS\SYSTEM32\profapi.dll
0x00007ffb7dad0000 - 0x00007ffb7dae9000 	C:\Program Files\Java\jdk-11.0.17\bin\net.dll
0x00007ffb84f10000 - 0x00007ffb85022000 	C:\WINDOWS\SYSTEM32\WINHTTP.dll
0x00007ffb8b090000 - 0x00007ffb8b0f7000 	C:\WINDOWS\system32\mswsock.dll
0x00007ffb786a0000 - 0x00007ffb786b2000 	C:\Program Files\Java\jdk-11.0.17\bin\nio.dll
0x00007ffb7db50000 - 0x00007ffb7db76000 	C:\Users\pedre\.gradle\native\30\windows-amd64\native-platform.dll
0x00007ffb7e110000 - 0x00007ffb7e119000 	C:\Program Files\Java\jdk-11.0.17\bin\management.dll
0x00007ffb7db40000 - 0x00007ffb7db4b000 	C:\Program Files\Java\jdk-11.0.17\bin\management_ext.dll
0x00007ffb8b2e0000 - 0x00007ffb8b2f8000 	C:\WINDOWS\SYSTEM32\CRYPTSP.dll
0x00007ffb8ab50000 - 0x00007ffb8ab85000 	C:\WINDOWS\system32\rsaenh.dll
0x00007ffb8b180000 - 0x00007ffb8b1a9000 	C:\WINDOWS\SYSTEM32\USERENV.dll
0x00007ffb8b460000 - 0x00007ffb8b487000 	C:\WINDOWS\SYSTEM32\bcrypt.dll
0x00007ffb8b2d0000 - 0x00007ffb8b2dc000 	C:\WINDOWS\SYSTEM32\CRYPTBASE.dll
0x00007ffb8a720000 - 0x00007ffb8a74d000 	C:\WINDOWS\SYSTEM32\IPHLPAPI.DLL
0x00007ffb8dc10000 - 0x00007ffb8dc19000 	C:\WINDOWS\System32\NSI.dll
0x00007ffb84c20000 - 0x00007ffb84c39000 	C:\WINDOWS\SYSTEM32\dhcpcsvc6.DLL
0x00007ffb857b0000 - 0x00007ffb857ce000 	C:\WINDOWS\SYSTEM32\dhcpcsvc.DLL
0x00007ffb8a750000 - 0x00007ffb8a838000 	C:\WINDOWS\SYSTEM32\DNSAPI.dll
0x00007ffb74b90000 - 0x00007ffb74ba7000 	C:\WINDOWS\system32\napinsp.dll
0x00007ffb73bc0000 - 0x00007ffb73bdb000 	C:\WINDOWS\system32\pnrpnsp.dll
0x00007ffb735a0000 - 0x00007ffb735b2000 	C:\WINDOWS\System32\winrnr.dll
0x00007ffb83920000 - 0x00007ffb83935000 	C:\WINDOWS\system32\wshbth.dll
0x00007ffb73580000 - 0x00007ffb7359f000 	C:\WINDOWS\system32\nlansp_c.dll
0x00007ffb80560000 - 0x00007ffb8056a000 	C:\Windows\System32\rasadhlp.dll
0x00007ffb82250000 - 0x00007ffb822d1000 	C:\WINDOWS\System32\fwpuclnt.dll

dbghelp: loaded successfully - version: 4.0.5 - missing functions: none
symbol engine: initialized successfully - sym options: 0x614 - pdb path: .;C:\Program Files\Java\jdk-11.0.17\bin;C:\WINDOWS\SYSTEM32;C:\WINDOWS\WinSxS\amd64_microsoft.windows.common-controls_6595b64144ccf1df_6.0.22000.120_none_9d947278b86cc467;C:\Program Files\Java\jdk-11.0.17\bin\server;C:\Users\pedre\.gradle\native\30\windows-amd64

VM Arguments:
jvm_args: --add-opens=java.base/java.util=ALL-UNNAMED --add-opens=java.base/java.lang=ALL-UNNAMED --add-opens=java.base/java.lang.invoke=ALL-UNNAMED --add-opens=java.prefs/java.util.prefs=ALL-UNNAMED -XX:MaxMetaspaceSize=256m -XX:+HeapDumpOnOutOfMemoryError -Xms256m -Xmx512m -Dfile.encoding=windows-1252 -Duser.country=US -Duser.language=en -Duser.variant 
java_command: org.gradle.launcher.daemon.bootstrap.GradleDaemon 6.0.1
java_class_path (initial): C:\Users\pedre\.gradle\wrapper\dists\gradle-6.0.1-bin\1lxlpkiy24sb18odw96cp4ojv\gradle-6.0.1\lib\gradle-launcher-6.0.1.jar
Launcher Type: SUN_STANDARD

[Global flags]
     intx CICompilerCount                          = 3                                         {product} {ergonomic}
   size_t CompressedClassSpaceSize                 = 260046848                                 {product} {ergonomic}
     uint ConcGCThreads                            = 1                                         {product} {ergonomic}
     uint G1ConcRefinementThreads                  = 4                                         {product} {ergonomic}
   size_t G1HeapRegionSize                         = 1048576                                   {product} {ergonomic}
    uintx GCDrainStackTargetSize                   = 64                                        {product} {ergonomic}
     bool HeapDumpOnOutOfMemoryError               = true                                   {manageable} {command line}
   size_t InitialHeapSize                          = 268435456                                 {product} {command line}
   size_t MarkStackSize                            = 4194304                                   {product} {ergonomic}
   size_t MaxHeapSize                              = 536870912                                 {product} {command line}
   size_t MaxMetaspaceSize                         = 268435456                                 {product} {command line}
   size_t MaxNewSize                               = 321912832                                 {product} {ergonomic}
   size_t MinHeapDeltaBytes                        = 1048576                                   {product} {ergonomic}
    uintx NonNMethodCodeHeapSize                   = 5830732                                {pd product} {ergonomic}
    uintx NonProfiledCodeHeapSize                  = 122913754                              {pd product} {ergonomic}
    uintx ProfiledCodeHeapSize                     = 122913754                              {pd product} {ergonomic}
    uintx ReservedCodeCacheSize                    = 251658240                              {pd product} {ergonomic}
     bool SegmentedCodeCache                       = true                                      {product} {ergonomic}
     bool UseCompressedClassPointers               = true                                 {lp64_product} {ergonomic}
     bool UseCompressedOops                        = true                                 {lp64_product} {ergonomic}
     bool UseG1GC                                  = true                                      {product} {ergonomic}
     bool UseLargePagesIndividualAllocation        = false                                  {pd product} {ergonomic}

Logging:
Log output configuration:
 #0: stdout all=warning uptime,level,tags
 #1: stderr all=off uptime,level,tags

Environment Variables:
PATH=C:\Program Files\Common Files\Oracle\Java\javapath;C:\WINDOWS\system32;C:\WINDOWS;C:\WINDOWS\System32\Wbem;C:\WINDOWS\System32\WindowsPowerShell\v1.0\;C:\WINDOWS\System32\OpenSSH\;C:\Program Files\Git\cmd;C:\Program Files\nodejs\;C:\Program Files\MySQL\MySQL Shell 8.0\bin\;C:\Users\pedre\AppData\Local\Microsoft\WindowsApps;;C:\Users\pedre\AppData\Roaming\npm;C:\Program Files\JetBrains\IntelliJ IDEA Community Edition 2022.3.1\bin;
USERNAME=pedre
OS=Windows_NT
PROCESSOR_IDENTIFIER=Intel64 Family 6 Model 122 Stepping 1, GenuineIntel



---------------  S Y S T E M  ---------------

OS: Windows 11 , 64 bit Build 22000 (10.0.22000.1516)

CPU:total 4 (initial active 4) (4 cores per cpu, 1 threads per core) family 6 model 122 stepping 1 microcode 0x34, cmov, cx8, fxsr, mmx, sse, sse2, sse3, ssse3, sse4.1, sse4.2, popcnt, aes, clmul, erms, 3dnowpref, tsc, tscinvbit, sha

Memory: 4k page, system-wide physical 3918M (342M free)
TotalPageFile size 7902M (AvailPageFile size 13M)
current process WorkingSet (physical memory assigned to process): 367M, peak: 377M
current process commit charge ("private bytes"): 508M, peak: 515M

vm_info: Java HotSpot(TM) 64-Bit Server VM (11.0.17+10-LTS-269) for windows-amd64 JRE (11.0.17+10-LTS-269), built on Sep 13 2022 19:26:37 by "mach5one" with MS VC++ 15.9 (VS2017)

END.
