#
# There is insufficient memory for the Java Runtime Environment to continue.
# Native memory allocation (malloc) failed to allocate 1048576 bytes for AllocateHeap
# Possible reasons:
#   The system is out of physical RAM or swap space
#   The process is running with CompressedOops enabled, and the Java Heap may be blocking the growth of the native heap
# Possible solutions:
#   Reduce memory load on the system
#   Increase physical memory or swap space
#   Check if swap backing store is full
#   Decrease Java heap size (-Xmx/-Xms)
#   Decrease number of Java threads
#   Decrease Java thread stack sizes (-Xss)
#   Set larger code cache with -XX:ReservedCodeCacheSize=
#   JVM is running with Unscaled Compressed Oops mode in which the Java heap is
#     placed in the first 4GB address space. The Java Heap base address is the
#     maximum limit for the native heap growth. Please use -XX:HeapBaseMinAddress
#     to set the Java Heap base and to place the Java Heap above 4GB virtual address.
# This output file may be truncated or incomplete.
#
#  Out of Memory Error (./open/src/hotspot/share/memory/allocation.cpp:46), pid=5168, tid=2172
#
# JRE version: Java(TM) SE Runtime Environment 18.9 (11.0.17+10) (build 11.0.17+10-LTS-269)
# Java VM: Java HotSpot(TM) 64-Bit Server VM 18.9 (11.0.17+10-LTS-269, mixed mode, tiered, compressed oops, g1 gc, windows-amd64)
# No core dump will be written. Minidumps are not enabled by default on client versions of Windows
#

---------------  S U M M A R Y ------------

Command Line: --add-opens=java.base/java.util=ALL-UNNAMED --add-opens=java.base/java.lang=ALL-UNNAMED --add-opens=java.base/java.lang.invoke=ALL-UNNAMED --add-opens=java.prefs/java.util.prefs=ALL-UNNAMED -XX:MaxMetaspaceSize=256m -XX:+HeapDumpOnOutOfMemoryError -Xms256m -Xmx512m -Dfile.encoding=windows-1252 -Duser.country=US -Duser.language=en -Duser.variant org.gradle.launcher.daemon.bootstrap.GradleDaemon 6.0.1

Host: Intel(R) Pentium(R) Silver N5000 CPU @ 1.10GHz, 4 cores, 3G,  Windows 11 , 64 bit Build 22000 (10.0.22000.1516)
Time: Tue Mar 28 17:06:05 2023 Central Daylight Time elapsed time: 27.584486 seconds (0d 0h 0m 27s)

---------------  T H R E A D  ---------------

Current thread (0x0000013e51d88800):  VMThread "VM Thread" [stack: 0x0000003851100000,0x0000003851200000] [id=2172]

Stack: [0x0000003851100000,0x0000003851200000]
[error occurred during error reporting (printing stack bounds), id 0xc0000005, EXCEPTION_ACCESS_VIOLATION (0xc0000005) at pc=0x0000013e3f5b0f3d]

Native frames: (J=compiled Java code, j=interpreted, Vv=VM code, C=native code)
V  [jvm.dll+0x62b5da]
V  [jvm.dll+0x7653df]
V  [jvm.dll+0x766a89]
V  [jvm.dll+0x767075]
V  [jvm.dll+0x76702b]
V  [jvm.dll+0x62aac3]
V  [jvm.dll+0x62b1d8]
C  [ntdll.dll+0xa8b1f]
C  [ntdll.dll+0x35b9a]
C  [ntdll.dll+0xa7b2e]
C  0x0000013e3f5b0f3d

VM_Operation (0x0000003853efb050): CollectForMetadataAllocation, mode: safepoint, requested by thread 0x0000013e589eb800


---------------  P R O C E S S  ---------------

Threads class SMR info:
_java_thread_list=0x0000013e5700bc80, length=47, elements={
0x0000013e37ed9800, 0x0000013e51d8c000, 0x0000013e51db6800, 0x0000013e51dcd800,
0x0000013e51dce800, 0x0000013e51dcf800, 0x0000013e51dd6000, 0x0000013e51dd9000,
0x0000013e52791800, 0x0000013e5288d800, 0x0000013e54816000, 0x0000013e539bc000,
0x0000013e5467a000, 0x0000013e535d6800, 0x0000013e5467e800, 0x0000013e53a43000,
0x0000013e53a43800, 0x0000013e53a45000, 0x0000013e54149800, 0x0000013e53fc6000,
0x0000013e53fc6800, 0x0000013e53fc7800, 0x0000013e53fc8800, 0x0000013e5516d800,
0x0000013e55169800, 0x0000013e55170000, 0x0000013e5516a000, 0x0000013e55170800,
0x0000013e5516b000, 0x0000013e5516c800, 0x0000013e55174000, 0x0000013e55174800,
0x0000013e55175800, 0x0000013e55173000, 0x0000013e55172800, 0x0000013e55177000,
0x0000013e55176800, 0x0000013e55171800, 0x0000013e55178000, 0x0000013e589ec000,
0x0000013e589eb800, 0x0000013e589ed000, 0x0000013e589ed800, 0x0000013e589ef800,
0x0000013e589e9800, 0x0000013e589ea800, 0x0000013e589ee800
}

Java Threads: ( => current thread )
  0x0000013e37ed9800 JavaThread "main" [_thread_blocked, id=8980, stack(0x0000003850b00000,0x0000003850c00000)]
  0x0000013e51d8c000 JavaThread "Reference Handler" daemon [_thread_blocked, id=8584, stack(0x0000003851200000,0x0000003851300000)]
  0x0000013e51db6800 JavaThread "Finalizer" daemon [_thread_blocked, id=5524, stack(0x0000003851300000,0x0000003851400000)]
  0x0000013e51dcd800 JavaThread "Signal Dispatcher" daemon [_thread_blocked, id=1492, stack(0x0000003851400000,0x0000003851500000)]
  0x0000013e51dce800 JavaThread "Attach Listener" daemon [_thread_blocked, id=8708, stack(0x0000003851500000,0x0000003851600000)]
  0x0000013e51dcf800 JavaThread "Service Thread" daemon [_thread_blocked, id=11220, stack(0x0000003851600000,0x0000003851700000)]
  0x0000013e51dd6000 JavaThread "C2 CompilerThread0" daemon [_thread_blocked, id=9956, stack(0x0000003851700000,0x0000003851800000)]
  0x0000013e51dd9000 JavaThread "C1 CompilerThread0" daemon [_thread_blocked, id=8460, stack(0x0000003851800000,0x0000003851900000)]
  0x0000013e52791800 JavaThread "Sweeper thread" daemon [_thread_blocked, id=2420, stack(0x0000003851900000,0x0000003851a00000)]
  0x0000013e5288d800 JavaThread "Common-Cleaner" daemon [_thread_blocked, id=9680, stack(0x0000003851a00000,0x0000003851b00000)]
  0x0000013e54816000 JavaThread "Daemon health stats" [_thread_blocked, id=5656, stack(0x0000003852000000,0x0000003852100000)]
  0x0000013e539bc000 JavaThread "Incoming local TCP Connector on port 63782" [_thread_in_native, id=7500, stack(0x0000003851f00000,0x0000003852000000)]
  0x0000013e5467a000 JavaThread "Daemon periodic checks" [_thread_blocked, id=2672, stack(0x0000003852100000,0x0000003852200000)]
  0x0000013e535d6800 JavaThread "Daemon" [_thread_blocked, id=6508, stack(0x0000003852200000,0x0000003852300000)]
  0x0000013e5467e800 JavaThread "Handler for socket connection from /127.0.0.1:63782 to /127.0.0.1:63783" [_thread_in_native, id=5432, stack(0x0000003852300000,0x0000003852400000)]
  0x0000013e53a43000 JavaThread "Cancel handler" [_thread_blocked, id=9600, stack(0x0000003852400000,0x0000003852500000)]
  0x0000013e53a43800 JavaThread "Daemon worker" [_thread_blocked, id=3220, stack(0x0000003852500000,0x0000003852600000)]
  0x0000013e53a45000 JavaThread "Asynchronous log dispatcher for DefaultDaemonConnection: socket connection from /127.0.0.1:63782 to /127.0.0.1:63783" [_thread_blocked, id=10920, stack(0x0000003852600000,0x0000003852700000)]
  0x0000013e54149800 JavaThread "Stdin handler" [_thread_blocked, id=376, stack(0x0000003852700000,0x0000003852800000)]
  0x0000013e53fc6000 JavaThread "Thread-8" [_thread_blocked, id=2120, stack(0x0000003852800000,0x0000003852900000)]
  0x0000013e53fc6800 JavaThread "Cache worker for file hash cache (C:\Users\pedre\.gradle\caches\6.0.1\fileHashes)" [_thread_blocked, id=7792, stack(0x0000003852900000,0x0000003852a00000)]
  0x0000013e53fc7800 JavaThread "File lock request listener" [_thread_in_native, id=7268, stack(0x0000003852a00000,0x0000003852b00000)]
  0x0000013e53fc8800 JavaThread "Cache worker for journal cache (C:\Users\pedre\.gradle\caches\journal-1)" [_thread_blocked, id=8792, stack(0x0000003852b00000,0x0000003852c00000)]
  0x0000013e5516d800 JavaThread "Cache worker for file hash cache (C:\Users\pedre\IdeaProjects\java-assignment-4-techjobs-persistent-edition-Alejo8835\.gradle\6.0.1\fileHashes)" [_thread_blocked, id=6616, stack(0x0000003852d00000,0x0000003852e00000)]
  0x0000013e55169800 JavaThread "Cache worker for cache directory md-supplier (C:\Users\pedre\.gradle\caches\6.0.1\md-supplier)" [_thread_blocked, id=8016, stack(0x0000003852e00000,0x0000003852f00000)]
  0x0000013e55170000 JavaThread "Cache worker for cache directory md-rule (C:\Users\pedre\.gradle\caches\6.0.1\md-rule)" [_thread_blocked, id=10516, stack(0x0000003852f00000,0x0000003853000000)]
  0x0000013e5516a000 JavaThread "Cache worker for execution history cache (C:\Users\pedre\.gradle\caches\6.0.1\executionHistory)" [_thread_blocked, id=8788, stack(0x0000003853000000,0x0000003853100000)]
  0x0000013e55170800 JavaThread "Build operations" [_thread_blocked, id=1396, stack(0x0000003853100000,0x0000003853200000)]
  0x0000013e5516b000 JavaThread "Build operations Thread 2" [_thread_blocked, id=8188, stack(0x0000003853200000,0x0000003853300000)]
  0x0000013e5516c800 JavaThread "Build operations Thread 3" [_thread_blocked, id=1412, stack(0x0000003853300000,0x0000003853400000)]
  0x0000013e55174000 JavaThread "Build operations Thread 4" [_thread_blocked, id=10460, stack(0x0000003853400000,0x0000003853500000)]
  0x0000013e55174800 JavaThread "Cache worker for Build Output Cleanup Cache (C:\Users\pedre\IdeaProjects\java-assignment-4-techjobs-persistent-edition-Alejo8835\.gradle\buildOutputCleanup)" [_thread_blocked, id=9944, stack(0x0000003853500000,0x0000003853600000)]
  0x0000013e55175800 JavaThread "Memory manager" [_thread_blocked, id=6600, stack(0x0000003853600000,0x0000003853700000)]
  0x0000013e55173000 JavaThread "Cache worker for file content cache (C:\Users\pedre\.gradle\caches\6.0.1\fileContent)" [_thread_blocked, id=10136, stack(0x0000003853700000,0x0000003853800000)]
  0x0000013e55172800 JavaThread "Cache worker for file content cache (C:\Users\pedre\IdeaProjects\java-assignment-4-techjobs-persistent-edition-Alejo8835\.gradle\6.0.1\fileContent)" [_thread_blocked, id=2068, stack(0x0000003853800000,0x0000003853900000)]
  0x0000013e55177000 JavaThread "Execution worker for ':'" [_thread_blocked, id=11400, stack(0x0000003853900000,0x0000003853a00000)]
  0x0000013e55176800 JavaThread "Execution worker for ':' Thread 2" [_thread_blocked, id=11492, stack(0x0000003853a00000,0x0000003853b00000)]
  0x0000013e55171800 JavaThread "Execution worker for ':' Thread 3" [_thread_blocked, id=2436, stack(0x0000003853b00000,0x0000003853c00000)]
  0x0000013e55178000 JavaThread "Cache worker for execution history cache (C:\Users\pedre\IdeaProjects\java-assignment-4-techjobs-persistent-edition-Alejo8835\.gradle\6.0.1\executionHistory)" [_thread_blocked, id=4344, stack(0x0000003853c00000,0x0000003853d00000)]
  0x0000013e589ec000 JavaThread "Dispatch org.gradle.api.internal.tasks.testing.results.AttachParentTestResultProcessor@1f862ec1" [_thread_blocked, id=11084, stack(0x0000003853d00000,0x0000003853e00000)]
  0x0000013e589eb800 JavaThread "Dispatch org.gradle.api.internal.tasks.testing.processors.RestartEveryNTestClassProcessor@2a64b767" [_thread_blocked, id=9768, stack(0x0000003853e00000,0x0000003853f00000)]
  0x0000013e589ed000 JavaThread "Incoming local TCP Connector on port 59744" [_thread_blocked, id=816, stack(0x0000003853f00000,0x0000003854000000)]
  0x0000013e589ed800 JavaThread "Exec process" [_thread_in_native, id=7628, stack(0x0000003854000000,0x0000003854100000)]
  0x0000013e589ef800 JavaThread "Exec process Thread 2" [_thread_blocked, id=1328, stack(0x0000003854200000,0x0000003854300000)]
  0x0000013e589e9800 JavaThread "Exec process Thread 3" [_thread_in_native, id=8552, stack(0x0000003854300000,0x0000003854400000)]
  0x0000013e589ea800 JavaThread "Exec process Thread 4" [_thread_blocked, id=6492, stack(0x0000003854400000,0x0000003854500000)]
  0x0000013e589ee800 JavaThread "/127.0.0.1:59744 to /127.0.0.1:59745 workers" [_thread_blocked, id=7176, stack(0x0000003852c00000,0x0000003852d00000)]

Other Threads:
=>0x0000013e51d88800 VMThread "VM Thread" [stack: 0x0000003851100000,0x0000003851200000] [id=2172]
  0x0000013e528d6800 WatcherThread [stack: 0x0000003851b00000,0x0000003851c00000] [id=6920]
  0x0000013e37eee800 GCTaskThread "GC Thread#0" [stack: 0x0000003850c00000,0x0000003850d00000] [id=4200]
  0x0000013e52eb8800 GCTaskThread "GC Thread#1" [stack: 0x0000003851c00000,0x0000003851d00000] [id=4204]
  0x0000013e52dd0800 GCTaskThread "GC Thread#2" [stack: 0x0000003851d00000,0x0000003851e00000] [id=10104]
  0x0000013e52ba5800 GCTaskThread "GC Thread#3" [stack: 0x0000003851e00000,0x0000003851f00000] [id=4892]
  0x0000013e37f01800 ConcurrentGCThread "G1 Main Marker" [stack: 0x0000003850d00000,0x0000003850e00000] [id=12084]
  0x0000013e37f02800 ConcurrentGCThread "G1 Conc#0" [stack: 0x0000003850e00000,0x0000003850f00000] [id=2056]
  0x0000013e37fbe000 ConcurrentGCThread "G1 Refine#0" [stack: 0x0000003850f00000,0x0000003851000000] [id=3448]
  0x0000013e51c2a800 ConcurrentGCThread "G1 Young RemSet Sampling" [stack: 0x0000003851000000,0x0000003851100000] [id=11860]

Threads with active compile tasks:

VM state:at safepoint (normal execution)

VM Mutex/Monitor currently owned by a thread:  ([mutex/lock_event])
[0x0000013e37ed4530] Threads_lock - owner thread: 0x0000013e51d88800
[0x0000013e37ed46e0] Heap_lock - owner thread: 0x0000013e589eb800

Heap address: 0x00000000e0000000, size: 512 MB, Compressed Oops mode: 32-bit
Narrow klass base: 0x0000000000000000, Narrow klass shift: 3
Compressed class space size: 260046848 Address: 0x0000000100000000

Heap:
 garbage-first heap   total 262144K, used 47131K [0x00000000e0000000, 0x0000000100000000)
  region size 1024K, 12 young (12288K), 12 survivors (12288K)
 Metaspace       used 52186K, capacity 53598K, committed 53632K, reserved 301056K
  class space    used 6743K, capacity 7278K, committed 7296K, reserved 253952K
Heap Regions: E=young(eden), S=young(survivor), O=old, HS=humongous(starts), HC=humongous(continues), CS=collection set, F=free, A=archive, TAMS=top-at-mark-start (previous, next)
|   0|0x00000000e0000000, 0x00000000e0100000, 0x00000000e0100000|100%| O|  |TAMS 0x00000000e0100000, 0x00000000e0100000| Untracked 
|   1|0x00000000e0100000, 0x00000000e0200000, 0x00000000e0200000|100%| O|  |TAMS 0x00000000e0200000, 0x00000000e0200000| Untracked 
|   2|0x00000000e0200000, 0x00000000e0300000, 0x00000000e0300000|100%| O|  |TAMS 0x00000000e0300000, 0x00000000e0300000| Untracked 
|   3|0x00000000e0300000, 0x00000000e0400000, 0x00000000e0400000|100%|HS|  |TAMS 0x00000000e0400000, 0x00000000e0400000| Complete 
|   4|0x00000000e0400000, 0x00000000e0500000, 0x00000000e0500000|100%|HC|  |TAMS 0x00000000e0500000, 0x00000000e0500000| Complete 
|   5|0x00000000e0500000, 0x00000000e0600000, 0x00000000e0600000|100%|HC|  |TAMS 0x00000000e0600000, 0x00000000e0600000| Complete 
|   6|0x00000000e0600000, 0x00000000e0700000, 0x00000000e0700000|100%| O|  |TAMS 0x00000000e0700000, 0x00000000e0700000| Untracked 
|   7|0x00000000e0700000, 0x00000000e0800000, 0x00000000e0800000|100%| O|  |TAMS 0x00000000e0800000, 0x00000000e0800000| Untracked 
|   8|0x00000000e0800000, 0x00000000e0900000, 0x00000000e0900000|100%| O|  |TAMS 0x00000000e0900000, 0x00000000e0900000| Untracked 
|   9|0x00000000e0900000, 0x00000000e0a00000, 0x00000000e0a00000|100%| O|  |TAMS 0x00000000e0a00000, 0x00000000e0a00000| Untracked 
|  10|0x00000000e0a00000, 0x00000000e0b00000, 0x00000000e0b00000|100%| O|  |TAMS 0x00000000e0b00000, 0x00000000e0b00000| Untracked 
|  11|0x00000000e0b00000, 0x00000000e0c00000, 0x00000000e0c00000|100%| O|  |TAMS 0x00000000e0c00000, 0x00000000e0c00000| Untracked 
|  12|0x00000000e0c00000, 0x00000000e0d00000, 0x00000000e0d00000|100%| O|  |TAMS 0x00000000e0d00000, 0x00000000e0d00000| Untracked 
|  13|0x00000000e0d00000, 0x00000000e0e00000, 0x00000000e0e00000|100%| O|  |TAMS 0x00000000e0e00000, 0x00000000e0e00000| Untracked 
|  14|0x00000000e0e00000, 0x00000000e0f00000, 0x00000000e0f00000|100%| O|  |TAMS 0x00000000e0f00000, 0x00000000e0f00000| Untracked 
|  15|0x00000000e0f00000, 0x00000000e1000000, 0x00000000e1000000|100%| O|  |TAMS 0x00000000e0f56000, 0x00000000e1000000| Untracked 
|  16|0x00000000e1000000, 0x00000000e1100000, 0x00000000e1100000|100%| O|  |TAMS 0x00000000e1000000, 0x00000000e1100000| Untracked 
|  17|0x00000000e1100000, 0x00000000e1200000, 0x00000000e1200000|100%| O|  |TAMS 0x00000000e1100000, 0x00000000e1200000| Untracked 
|  18|0x00000000e1200000, 0x00000000e1300000, 0x00000000e1300000|100%| O|  |TAMS 0x00000000e1200000, 0x00000000e1300000| Untracked 
|  19|0x00000000e1300000, 0x00000000e1400000, 0x00000000e1400000|100%| O|  |TAMS 0x00000000e1300000, 0x00000000e1400000| Untracked 
|  20|0x00000000e1400000, 0x00000000e1500000, 0x00000000e1500000|100%| O|  |TAMS 0x00000000e1400000, 0x00000000e1500000| Untracked 
|  21|0x00000000e1500000, 0x00000000e1600000, 0x00000000e1600000|100%| O|  |TAMS 0x00000000e1500000, 0x00000000e1600000| Untracked 
|  22|0x00000000e1600000, 0x00000000e1700000, 0x00000000e1700000|100%| O|  |TAMS 0x00000000e1600000, 0x00000000e1700000| Untracked 
|  23|0x00000000e1700000, 0x00000000e1800000, 0x00000000e1800000|100%| O|  |TAMS 0x00000000e1700000, 0x00000000e1800000| Untracked 
|  24|0x00000000e1800000, 0x00000000e1900000, 0x00000000e1900000|100%| O|  |TAMS 0x00000000e1800000, 0x00000000e1900000| Untracked 
|  25|0x00000000e1900000, 0x00000000e1a00000, 0x00000000e1a00000|100%| O|  |TAMS 0x00000000e1900000, 0x00000000e1a00000| Untracked 
|  26|0x00000000e1a00000, 0x00000000e1b00000, 0x00000000e1b00000|100%| O|  |TAMS 0x00000000e1a00000, 0x00000000e1b00000| Untracked 
|  27|0x00000000e1b00000, 0x00000000e1c00000, 0x00000000e1c00000|100%| O|  |TAMS 0x00000000e1b00000, 0x00000000e1c00000| Untracked 
|  28|0x00000000e1c00000, 0x00000000e1d00000, 0x00000000e1d00000|100%| O|  |TAMS 0x00000000e1c00000, 0x00000000e1d00000| Untracked 
|  29|0x00000000e1d00000, 0x00000000e1e00000, 0x00000000e1e00000|100%| O|  |TAMS 0x00000000e1d00000, 0x00000000e1e00000| Untracked 
|  30|0x00000000e1e00000, 0x00000000e1f00000, 0x00000000e1f00000|100%| O|  |TAMS 0x00000000e1e00000, 0x00000000e1f00000| Untracked 
|  31|0x00000000e1f00000, 0x00000000e2000000, 0x00000000e2000000|100%| O|  |TAMS 0x00000000e1f00000, 0x00000000e2000000| Untracked 
|  32|0x00000000e2000000, 0x00000000e2100000, 0x00000000e2100000|100%| O|  |TAMS 0x00000000e2000000, 0x00000000e2100000| Untracked 
|  33|0x00000000e2100000, 0x00000000e2200000, 0x00000000e2200000|100%| O|  |TAMS 0x00000000e2100000, 0x00000000e2200000| Untracked 
|  34|0x00000000e2200000, 0x00000000e22ae000, 0x00000000e2300000| 67%| O|  |TAMS 0x00000000e2200000, 0x00000000e22ae000| Untracked 
|  35|0x00000000e2300000, 0x00000000e2300000, 0x00000000e2400000|  0%| F|  |TAMS 0x00000000e2300000, 0x00000000e2300000| Untracked 
|  36|0x00000000e2400000, 0x00000000e2400000, 0x00000000e2500000|  0%| F|  |TAMS 0x00000000e2400000, 0x00000000e2400000| Untracked 
|  37|0x00000000e2500000, 0x00000000e2500000, 0x00000000e2600000|  0%| F|  |TAMS 0x00000000e2500000, 0x00000000e2500000| Untracked 
|  38|0x00000000e2600000, 0x00000000e2600000, 0x00000000e2700000|  0%| F|  |TAMS 0x00000000e2600000, 0x00000000e2600000| Untracked 
|  39|0x00000000e2700000, 0x00000000e2700000, 0x00000000e2800000|  0%| F|  |TAMS 0x00000000e2700000, 0x00000000e2700000| Untracked 
|  40|0x00000000e2800000, 0x00000000e2800000, 0x00000000e2900000|  0%| F|  |TAMS 0x00000000e2800000, 0x00000000e2800000| Untracked 
|  41|0x00000000e2900000, 0x00000000e2900000, 0x00000000e2a00000|  0%| F|  |TAMS 0x00000000e2900000, 0x00000000e2900000| Untracked 
|  42|0x00000000e2a00000, 0x00000000e2a00000, 0x00000000e2b00000|  0%| F|  |TAMS 0x00000000e2a00000, 0x00000000e2a00000| Untracked 
|  43|0x00000000e2b00000, 0x00000000e2b00000, 0x00000000e2c00000|  0%| F|  |TAMS 0x00000000e2b00000, 0x00000000e2b00000| Untracked 
|  44|0x00000000e2c00000, 0x00000000e2c00000, 0x00000000e2d00000|  0%| F|  |TAMS 0x00000000e2c00000, 0x00000000e2c00000| Untracked 
|  45|0x00000000e2d00000, 0x00000000e2d00000, 0x00000000e2e00000|  0%| F|  |TAMS 0x00000000e2d00000, 0x00000000e2d00000| Untracked 
|  46|0x00000000e2e00000, 0x00000000e2e00000, 0x00000000e2f00000|  0%| F|  |TAMS 0x00000000e2e00000, 0x00000000e2e00000| Untracked 
|  47|0x00000000e2f00000, 0x00000000e2f00000, 0x00000000e3000000|  0%| F|  |TAMS 0x00000000e2f00000, 0x00000000e2f00000| Untracked 
|  48|0x00000000e3000000, 0x00000000e3000000, 0x00000000e3100000|  0%| F|  |TAMS 0x00000000e3000000, 0x00000000e3000000| Untracked 
|  49|0x00000000e3100000, 0x00000000e3100000, 0x00000000e3200000|  0%| F|  |TAMS 0x00000000e3100000, 0x00000000e3100000| Untracked 
|  50|0x00000000e3200000, 0x00000000e3200000, 0x00000000e3300000|  0%| F|  |TAMS 0x00000000e3200000, 0x00000000e3200000| Untracked 
|  51|0x00000000e3300000, 0x00000000e3300000, 0x00000000e3400000|  0%| F|  |TAMS 0x00000000e3300000, 0x00000000e3300000| Untracked 
|  52|0x00000000e3400000, 0x00000000e3400000, 0x00000000e3500000|  0%| F|  |TAMS 0x00000000e3400000, 0x00000000e3400000| Untracked 
|  53|0x00000000e3500000, 0x00000000e3500000, 0x00000000e3600000|  0%| F|  |TAMS 0x00000000e3500000, 0x00000000e3500000| Untracked 
|  54|0x00000000e3600000, 0x00000000e3600000, 0x00000000e3700000|  0%| F|  |TAMS 0x00000000e3600000, 0x00000000e3600000| Untracked 
|  55|0x00000000e3700000, 0x00000000e3700000, 0x00000000e3800000|  0%| F|  |TAMS 0x00000000e3700000, 0x00000000e3700000| Untracked 
|  56|0x00000000e3800000, 0x00000000e3800000, 0x00000000e3900000|  0%| F|  |TAMS 0x00000000e3800000, 0x00000000e3800000| Untracked 
|  57|0x00000000e3900000, 0x00000000e3900000, 0x00000000e3a00000|  0%| F|  |TAMS 0x00000000e3900000, 0x00000000e3900000| Untracked 
|  58|0x00000000e3a00000, 0x00000000e3a00000, 0x00000000e3b00000|  0%| F|  |TAMS 0x00000000e3a00000, 0x00000000e3a00000| Untracked 
|  59|0x00000000e3b00000, 0x00000000e3b00000, 0x00000000e3c00000|  0%| F|  |TAMS 0x00000000e3b00000, 0x00000000e3b00000| Untracked 
|  60|0x00000000e3c00000, 0x00000000e3c00000, 0x00000000e3d00000|  0%| F|  |TAMS 0x00000000e3c00000, 0x00000000e3c00000| Untracked 
|  61|0x00000000e3d00000, 0x00000000e3d00000, 0x00000000e3e00000|  0%| F|  |TAMS 0x00000000e3d00000, 0x00000000e3d00000| Untracked 
|  62|0x00000000e3e00000, 0x00000000e3e00000, 0x00000000e3f00000|  0%| F|  |TAMS 0x00000000e3e00000, 0x00000000e3e00000| Untracked 
|  63|0x00000000e3f00000, 0x00000000e3f00000, 0x00000000e4000000|  0%| F|  |TAMS 0x00000000e3f00000, 0x00000000e3f00000| Untracked 
|  64|0x00000000e4000000, 0x00000000e4000000, 0x00000000e4100000|  0%| F|  |TAMS 0x00000000e4000000, 0x00000000e4000000| Untracked 
|  65|0x00000000e4100000, 0x00000000e4100000, 0x00000000e4200000|  0%| F|  |TAMS 0x00000000e4100000, 0x00000000e4100000| Untracked 
|  66|0x00000000e4200000, 0x00000000e4200000, 0x00000000e4300000|  0%| F|  |TAMS 0x00000000e4200000, 0x00000000e4200000| Untracked 
|  67|0x00000000e4300000, 0x00000000e4300000, 0x00000000e4400000|  0%| F|  |TAMS 0x00000000e4300000, 0x00000000e4300000| Untracked 
|  68|0x00000000e4400000, 0x00000000e4400000, 0x00000000e4500000|  0%| F|  |TAMS 0x00000000e4400000, 0x00000000e4400000| Untracked 
|  69|0x00000000e4500000, 0x00000000e4500000, 0x00000000e4600000|  0%| F|  |TAMS 0x00000000e4500000, 0x00000000e4500000| Untracked 
|  70|0x00000000e4600000, 0x00000000e4600000, 0x00000000e4700000|  0%| F|  |TAMS 0x00000000e4600000, 0x00000000e4600000| Untracked 
|  71|0x00000000e4700000, 0x00000000e4700000, 0x00000000e4800000|  0%| F|  |TAMS 0x00000000e4700000, 0x00000000e4700000| Untracked 
|  72|0x00000000e4800000, 0x00000000e4800000, 0x00000000e4900000|  0%| F|  |TAMS 0x00000000e4800000, 0x00000000e4800000| Untracked 
|  73|0x00000000e4900000, 0x00000000e4900000, 0x00000000e4a00000|  0%| F|  |TAMS 0x00000000e4900000, 0x00000000e4900000| Untracked 
|  74|0x00000000e4a00000, 0x00000000e4a00000, 0x00000000e4b00000|  0%| F|  |TAMS 0x00000000e4a00000, 0x00000000e4a00000| Untracked 
|  75|0x00000000e4b00000, 0x00000000e4b00000, 0x00000000e4c00000|  0%| F|  |TAMS 0x00000000e4b00000, 0x00000000e4b00000| Untracked 
|  76|0x00000000e4c00000, 0x00000000e4c00000, 0x00000000e4d00000|  0%| F|  |TAMS 0x00000000e4c00000, 0x00000000e4c00000| Untracked 
|  77|0x00000000e4d00000, 0x00000000e4d00000, 0x00000000e4e00000|  0%| F|  |TAMS 0x00000000e4d00000, 0x00000000e4d00000| Untracked 
|  78|0x00000000e4e00000, 0x00000000e4e00000, 0x00000000e4f00000|  0%| F|  |TAMS 0x00000000e4e00000, 0x00000000e4e00000| Untracked 
|  79|0x00000000e4f00000, 0x00000000e4f00000, 0x00000000e5000000|  0%| F|  |TAMS 0x00000000e4f00000, 0x00000000e4f00000| Untracked 
|  80|0x00000000e5000000, 0x00000000e5000000, 0x00000000e5100000|  0%| F|  |TAMS 0x00000000e5000000, 0x00000000e5000000| Untracked 
|  81|0x00000000e5100000, 0x00000000e5100000, 0x00000000e5200000|  0%| F|  |TAMS 0x00000000e5100000, 0x00000000e5100000| Untracked 
|  82|0x00000000e5200000, 0x00000000e5200000, 0x00000000e5300000|  0%| F|  |TAMS 0x00000000e5200000, 0x00000000e5200000| Untracked 
|  83|0x00000000e5300000, 0x00000000e5300000, 0x00000000e5400000|  0%| F|  |TAMS 0x00000000e5300000, 0x00000000e5300000| Untracked 
|  84|0x00000000e5400000, 0x00000000e5400000, 0x00000000e5500000|  0%| F|  |TAMS 0x00000000e5400000, 0x00000000e5400000| Untracked 
|  85|0x00000000e5500000, 0x00000000e5500000, 0x00000000e5600000|  0%| F|  |TAMS 0x00000000e5500000, 0x00000000e5500000| Untracked 
|  86|0x00000000e5600000, 0x00000000e5600000, 0x00000000e5700000|  0%| F|  |TAMS 0x00000000e5600000, 0x00000000e5600000| Untracked 
|  87|0x00000000e5700000, 0x00000000e5700000, 0x00000000e5800000|  0%| F|  |TAMS 0x00000000e5700000, 0x00000000e5700000| Untracked 
|  88|0x00000000e5800000, 0x00000000e5800000, 0x00000000e5900000|  0%| F|  |TAMS 0x00000000e5800000, 0x00000000e5800000| Untracked 
|  89|0x00000000e5900000, 0x00000000e5900000, 0x00000000e5a00000|  0%| F|  |TAMS 0x00000000e5900000, 0x00000000e5900000| Untracked 
|  90|0x00000000e5a00000, 0x00000000e5a00000, 0x00000000e5b00000|  0%| F|  |TAMS 0x00000000e5a00000, 0x00000000e5a00000| Untracked 
|  91|0x00000000e5b00000, 0x00000000e5b00000, 0x00000000e5c00000|  0%| F|  |TAMS 0x00000000e5b00000, 0x00000000e5b00000| Untracked 
|  92|0x00000000e5c00000, 0x00000000e5c00000, 0x00000000e5d00000|  0%| F|  |TAMS 0x00000000e5c00000, 0x00000000e5c00000| Untracked 
|  93|0x00000000e5d00000, 0x00000000e5d00000, 0x00000000e5e00000|  0%| F|  |TAMS 0x00000000e5d00000, 0x00000000e5d00000| Untracked 
|  94|0x00000000e5e00000, 0x00000000e5e00000, 0x00000000e5f00000|  0%| F|  |TAMS 0x00000000e5e00000, 0x00000000e5e00000| Untracked 
|  95|0x00000000e5f00000, 0x00000000e5f00000, 0x00000000e6000000|  0%| F|  |TAMS 0x00000000e5f00000, 0x00000000e5f00000| Untracked 
|  96|0x00000000e6000000, 0x00000000e6000000, 0x00000000e6100000|  0%| F|  |TAMS 0x00000000e6000000, 0x00000000e6000000| Untracked 
|  97|0x00000000e6100000, 0x00000000e6100000, 0x00000000e6200000|  0%| F|  |TAMS 0x00000000e6100000, 0x00000000e6100000| Untracked 
|  98|0x00000000e6200000, 0x00000000e6200000, 0x00000000e6300000|  0%| F|  |TAMS 0x00000000e6200000, 0x00000000e6200000| Untracked 
|  99|0x00000000e6300000, 0x00000000e6300000, 0x00000000e6400000|  0%| F|  |TAMS 0x00000000e6300000, 0x00000000e6300000| Untracked 
| 100|0x00000000e6400000, 0x00000000e6400000, 0x00000000e6500000|  0%| F|  |TAMS 0x00000000e6400000, 0x00000000e6400000| Untracked 
| 101|0x00000000e6500000, 0x00000000e6500000, 0x00000000e6600000|  0%| F|  |TAMS 0x00000000e6500000, 0x00000000e6500000| Untracked 
| 102|0x00000000e6600000, 0x00000000e6600000, 0x00000000e6700000|  0%| F|  |TAMS 0x00000000e6600000, 0x00000000e6600000| Untracked 
| 103|0x00000000e6700000, 0x00000000e6700000, 0x00000000e6800000|  0%| F|  |TAMS 0x00000000e6700000, 0x00000000e6700000| Untracked 
| 104|0x00000000e6800000, 0x00000000e6800000, 0x00000000e6900000|  0%| F|  |TAMS 0x00000000e6800000, 0x00000000e6800000| Untracked 
| 105|0x00000000e6900000, 0x00000000e6900000, 0x00000000e6a00000|  0%| F|  |TAMS 0x00000000e6900000, 0x00000000e6900000| Untracked 
| 106|0x00000000e6a00000, 0x00000000e6a00000, 0x00000000e6b00000|  0%| F|  |TAMS 0x00000000e6a00000, 0x00000000e6a00000| Untracked 
| 107|0x00000000e6b00000, 0x00000000e6b00000, 0x00000000e6c00000|  0%| F|  |TAMS 0x00000000e6b00000, 0x00000000e6b00000| Untracked 
| 108|0x00000000e6c00000, 0x00000000e6c00000, 0x00000000e6d00000|  0%| F|  |TAMS 0x00000000e6c00000, 0x00000000e6c00000| Untracked 
| 109|0x00000000e6d00000, 0x00000000e6d00000, 0x00000000e6e00000|  0%| F|  |TAMS 0x00000000e6d00000, 0x00000000e6d00000| Untracked 
| 110|0x00000000e6e00000, 0x00000000e6e00000, 0x00000000e6f00000|  0%| F|  |TAMS 0x00000000e6e00000, 0x00000000e6e00000| Untracked 
| 111|0x00000000e6f00000, 0x00000000e6f00000, 0x00000000e7000000|  0%| F|  |TAMS 0x00000000e6f00000, 0x00000000e6f00000| Untracked 
| 112|0x00000000e7000000, 0x00000000e7000000, 0x00000000e7100000|  0%| F|  |TAMS 0x00000000e7000000, 0x00000000e7000000| Untracked 
| 113|0x00000000e7100000, 0x00000000e7100000, 0x00000000e7200000|  0%| F|  |TAMS 0x00000000e7100000, 0x00000000e7100000| Untracked 
| 114|0x00000000e7200000, 0x00000000e7200000, 0x00000000e7300000|  0%| F|  |TAMS 0x00000000e7200000, 0x00000000e7200000| Untracked 
| 115|0x00000000e7300000, 0x00000000e7300000, 0x00000000e7400000|  0%| F|  |TAMS 0x00000000e7300000, 0x00000000e7300000| Untracked 
| 116|0x00000000e7400000, 0x00000000e7400000, 0x00000000e7500000|  0%| F|  |TAMS 0x00000000e7400000, 0x00000000e7400000| Untracked 
| 117|0x00000000e7500000, 0x00000000e7500000, 0x00000000e7600000|  0%| F|  |TAMS 0x00000000e7500000, 0x00000000e7500000| Untracked 
| 118|0x00000000e7600000, 0x00000000e7600000, 0x00000000e7700000|  0%| F|  |TAMS 0x00000000e7600000, 0x00000000e7600000| Untracked 
| 119|0x00000000e7700000, 0x00000000e7700000, 0x00000000e7800000|  0%| F|  |TAMS 0x00000000e7700000, 0x00000000e7700000| Untracked 
| 120|0x00000000e7800000, 0x00000000e7800000, 0x00000000e7900000|  0%| F|  |TAMS 0x00000000e7800000, 0x00000000e7800000| Untracked 
| 121|0x00000000e7900000, 0x00000000e7900000, 0x00000000e7a00000|  0%| F|  |TAMS 0x00000000e7900000, 0x00000000e7900000| Untracked 
| 122|0x00000000e7a00000, 0x00000000e7a00000, 0x00000000e7b00000|  0%| F|  |TAMS 0x00000000e7a00000, 0x00000000e7a00000| Untracked 
| 123|0x00000000e7b00000, 0x00000000e7b00000, 0x00000000e7c00000|  0%| F|  |TAMS 0x00000000e7b00000, 0x00000000e7b00000| Untracked 
| 124|0x00000000e7c00000, 0x00000000e7c00000, 0x00000000e7d00000|  0%| F|  |TAMS 0x00000000e7c00000, 0x00000000e7c00000| Untracked 
| 125|0x00000000e7d00000, 0x00000000e7d00000, 0x00000000e7e00000|  0%| F|  |TAMS 0x00000000e7d00000, 0x00000000e7d00000| Untracked 
| 126|0x00000000e7e00000, 0x00000000e7e00000, 0x00000000e7f00000|  0%| F|  |TAMS 0x00000000e7e00000, 0x00000000e7e00000| Untracked 
| 127|0x00000000e7f00000, 0x00000000e7f58e88, 0x00000000e8000000| 34%| S|CS|TAMS 0x00000000e7f00000, 0x00000000e7f00000| Complete 
| 128|0x00000000e8000000, 0x00000000e8100000, 0x00000000e8100000|100%| S|CS|TAMS 0x00000000e8000000, 0x00000000e8000000| Complete 
| 129|0x00000000e8100000, 0x00000000e8200000, 0x00000000e8200000|100%| S|CS|TAMS 0x00000000e8100000, 0x00000000e8100000| Complete 
| 130|0x00000000e8200000, 0x00000000e8300000, 0x00000000e8300000|100%| S|CS|TAMS 0x00000000e8200000, 0x00000000e8200000| Complete 
| 131|0x00000000e8300000, 0x00000000e8400000, 0x00000000e8400000|100%| S|CS|TAMS 0x00000000e8300000, 0x00000000e8300000| Complete 
| 132|0x00000000e8400000, 0x00000000e8500000, 0x00000000e8500000|100%| S|CS|TAMS 0x00000000e8400000, 0x00000000e8400000| Complete 
| 133|0x00000000e8500000, 0x00000000e8600000, 0x00000000e8600000|100%| S|CS|TAMS 0x00000000e8500000, 0x00000000e8500000| Complete 
| 134|0x00000000e8600000, 0x00000000e8700000, 0x00000000e8700000|100%| S|CS|TAMS 0x00000000e8600000, 0x00000000e8600000| Complete 
| 135|0x00000000e8700000, 0x00000000e8800000, 0x00000000e8800000|100%| S|CS|TAMS 0x00000000e8700000, 0x00000000e8700000| Complete 
| 136|0x00000000e8800000, 0x00000000e8900000, 0x00000000e8900000|100%| S|CS|TAMS 0x00000000e8800000, 0x00000000e8800000| Complete 
| 137|0x00000000e8900000, 0x00000000e8a00000, 0x00000000e8a00000|100%| S|CS|TAMS 0x00000000e8900000, 0x00000000e8900000| Complete 
| 138|0x00000000e8a00000, 0x00000000e8b00000, 0x00000000e8b00000|100%| S|CS|TAMS 0x00000000e8a00000, 0x00000000e8a00000| Complete 
| 139|0x00000000e8b00000, 0x00000000e8b00000, 0x00000000e8c00000|  0%| F|  |TAMS 0x00000000e8b00000, 0x00000000e8b00000| Untracked 
| 140|0x00000000e8c00000, 0x00000000e8c00000, 0x00000000e8d00000|  0%| F|  |TAMS 0x00000000e8c00000, 0x00000000e8c00000| Untracked 
| 141|0x00000000e8d00000, 0x00000000e8d00000, 0x00000000e8e00000|  0%| F|  |TAMS 0x00000000e8d00000, 0x00000000e8d00000| Untracked 
| 142|0x00000000e8e00000, 0x00000000e8e00000, 0x00000000e8f00000|  0%| F|  |TAMS 0x00000000e8e00000, 0x00000000e8e00000| Untracked 
| 143|0x00000000e8f00000, 0x00000000e8f00000, 0x00000000e9000000|  0%| F|  |TAMS 0x00000000e8f00000, 0x00000000e8f00000| Untracked 
| 144|0x00000000e9000000, 0x00000000e9000000, 0x00000000e9100000|  0%| F|  |TAMS 0x00000000e9000000, 0x00000000e9000000| Untracked 
| 145|0x00000000e9100000, 0x00000000e9100000, 0x00000000e9200000|  0%| F|  |TAMS 0x00000000e9100000, 0x00000000e9100000| Untracked 
| 146|0x00000000e9200000, 0x00000000e9200000, 0x00000000e9300000|  0%| F|  |TAMS 0x00000000e9200000, 0x00000000e9200000| Untracked 
| 147|0x00000000e9300000, 0x00000000e9300000, 0x00000000e9400000|  0%| F|  |TAMS 0x00000000e9300000, 0x00000000e9300000| Untracked 
| 148|0x00000000e9400000, 0x00000000e9400000, 0x00000000e9500000|  0%| F|  |TAMS 0x00000000e9400000, 0x00000000e9400000| Untracked 
| 149|0x00000000e9500000, 0x00000000e9500000, 0x00000000e9600000|  0%| F|  |TAMS 0x00000000e9500000, 0x00000000e9500000| Untracked 
| 150|0x00000000e9600000, 0x00000000e9600000, 0x00000000e9700000|  0%| F|  |TAMS 0x00000000e9600000, 0x00000000e9600000| Untracked 
| 151|0x00000000e9700000, 0x00000000e9700000, 0x00000000e9800000|  0%| F|  |TAMS 0x00000000e9700000, 0x00000000e9700000| Untracked 
| 152|0x00000000e9800000, 0x00000000e9800000, 0x00000000e9900000|  0%| F|  |TAMS 0x00000000e9800000, 0x00000000e9800000| Untracked 
| 153|0x00000000e9900000, 0x00000000e9900000, 0x00000000e9a00000|  0%| F|  |TAMS 0x00000000e9900000, 0x00000000e9900000| Untracked 
| 154|0x00000000e9a00000, 0x00000000e9a00000, 0x00000000e9b00000|  0%| F|  |TAMS 0x00000000e9a00000, 0x00000000e9a00000| Untracked 
| 155|0x00000000e9b00000, 0x00000000e9b00000, 0x00000000e9c00000|  0%| F|  |TAMS 0x00000000e9b00000, 0x00000000e9b00000| Untracked 
| 156|0x00000000e9c00000, 0x00000000e9c00000, 0x00000000e9d00000|  0%| F|  |TAMS 0x00000000e9c00000, 0x00000000e9c00000| Untracked 
| 157|0x00000000e9d00000, 0x00000000e9d00000, 0x00000000e9e00000|  0%| F|  |TAMS 0x00000000e9d00000, 0x00000000e9d00000| Untracked 
| 158|0x00000000e9e00000, 0x00000000e9e00000, 0x00000000e9f00000|  0%| F|  |TAMS 0x00000000e9e00000, 0x00000000e9e00000| Untracked 
| 159|0x00000000e9f00000, 0x00000000e9f00000, 0x00000000ea000000|  0%| F|  |TAMS 0x00000000e9f00000, 0x00000000e9f00000| Untracked 
| 160|0x00000000ea000000, 0x00000000ea000000, 0x00000000ea100000|  0%| F|  |TAMS 0x00000000ea000000, 0x00000000ea000000| Untracked 
| 161|0x00000000ea100000, 0x00000000ea100000, 0x00000000ea200000|  0%| F|  |TAMS 0x00000000ea100000, 0x00000000ea100000| Untracked 
| 162|0x00000000ea200000, 0x00000000ea200000, 0x00000000ea300000|  0%| F|  |TAMS 0x00000000ea200000, 0x00000000ea200000| Untracked 
| 163|0x00000000ea300000, 0x00000000ea300000, 0x00000000ea400000|  0%| F|  |TAMS 0x00000000ea300000, 0x00000000ea300000| Untracked 
| 164|0x00000000ea400000, 0x00000000ea400000, 0x00000000ea500000|  0%| F|  |TAMS 0x00000000ea400000, 0x00000000ea400000| Untracked 
| 165|0x00000000ea500000, 0x00000000ea500000, 0x00000000ea600000|  0%| F|  |TAMS 0x00000000ea500000, 0x00000000ea500000| Untracked 
| 166|0x00000000ea600000, 0x00000000ea600000, 0x00000000ea700000|  0%| F|  |TAMS 0x00000000ea600000, 0x00000000ea600000| Untracked 
| 167|0x00000000ea700000, 0x00000000ea700000, 0x00000000ea800000|  0%| F|  |TAMS 0x00000000ea700000, 0x00000000ea700000| Untracked 
| 168|0x00000000ea800000, 0x00000000ea800000, 0x00000000ea900000|  0%| F|  |TAMS 0x00000000ea800000, 0x00000000ea800000| Untracked 
| 169|0x00000000ea900000, 0x00000000ea900000, 0x00000000eaa00000|  0%| F|  |TAMS 0x00000000ea900000, 0x00000000ea900000| Untracked 
| 170|0x00000000eaa00000, 0x00000000eaa00000, 0x00000000eab00000|  0%| F|  |TAMS 0x00000000eaa00000, 0x00000000eaa00000| Untracked 
| 171|0x00000000eab00000, 0x00000000eab00000, 0x00000000eac00000|  0%| F|  |TAMS 0x00000000eab00000, 0x00000000eab00000| Untracked 
| 172|0x00000000eac00000, 0x00000000eac00000, 0x00000000ead00000|  0%| F|  |TAMS 0x00000000eac00000, 0x00000000eac00000| Untracked 
| 173|0x00000000ead00000, 0x00000000ead00000, 0x00000000eae00000|  0%| F|  |TAMS 0x00000000ead00000, 0x00000000ead00000| Untracked 
| 174|0x00000000eae00000, 0x00000000eae00000, 0x00000000eaf00000|  0%| F|  |TAMS 0x00000000eae00000, 0x00000000eae00000| Untracked 
| 175|0x00000000eaf00000, 0x00000000eaf00000, 0x00000000eb000000|  0%| F|  |TAMS 0x00000000eaf00000, 0x00000000eaf00000| Untracked 
| 176|0x00000000eb000000, 0x00000000eb000000, 0x00000000eb100000|  0%| F|  |TAMS 0x00000000eb000000, 0x00000000eb000000| Untracked 
| 177|0x00000000eb100000, 0x00000000eb100000, 0x00000000eb200000|  0%| F|  |TAMS 0x00000000eb100000, 0x00000000eb100000| Untracked 
| 178|0x00000000eb200000, 0x00000000eb200000, 0x00000000eb300000|  0%| F|  |TAMS 0x00000000eb200000, 0x00000000eb200000| Untracked 
| 179|0x00000000eb300000, 0x00000000eb300000, 0x00000000eb400000|  0%| F|  |TAMS 0x00000000eb300000, 0x00000000eb300000| Untracked 
| 180|0x00000000eb400000, 0x00000000eb400000, 0x00000000eb500000|  0%| F|  |TAMS 0x00000000eb400000, 0x00000000eb400000| Untracked 
| 181|0x00000000eb500000, 0x00000000eb500000, 0x00000000eb600000|  0%| F|  |TAMS 0x00000000eb500000, 0x00000000eb500000| Untracked 
| 182|0x00000000eb600000, 0x00000000eb600000, 0x00000000eb700000|  0%| F|  |TAMS 0x00000000eb600000, 0x00000000eb600000| Untracked 
| 183|0x00000000eb700000, 0x00000000eb700000, 0x00000000eb800000|  0%| F|  |TAMS 0x00000000eb700000, 0x00000000eb700000| Untracked 
| 184|0x00000000eb800000, 0x00000000eb800000, 0x00000000eb900000|  0%| F|  |TAMS 0x00000000eb800000, 0x00000000eb800000| Untracked 
| 185|0x00000000eb900000, 0x00000000eb900000, 0x00000000eba00000|  0%| F|  |TAMS 0x00000000eb900000, 0x00000000eb900000| Untracked 
| 186|0x00000000eba00000, 0x00000000eba00000, 0x00000000ebb00000|  0%| F|  |TAMS 0x00000000eba00000, 0x00000000eba00000| Untracked 
| 187|0x00000000ebb00000, 0x00000000ebb00000, 0x00000000ebc00000|  0%| F|  |TAMS 0x00000000ebb00000, 0x00000000ebb00000| Untracked 
| 188|0x00000000ebc00000, 0x00000000ebc00000, 0x00000000ebd00000|  0%| F|  |TAMS 0x00000000ebc00000, 0x00000000ebc00000| Untracked 
| 189|0x00000000ebd00000, 0x00000000ebd00000, 0x00000000ebe00000|  0%| F|  |TAMS 0x00000000ebd00000, 0x00000000ebd00000| Untracked 
| 190|0x00000000ebe00000, 0x00000000ebe00000, 0x00000000ebf00000|  0%| F|  |TAMS 0x00000000ebe00000, 0x00000000ebe00000| Untracked 
| 191|0x00000000ebf00000, 0x00000000ebf00000, 0x00000000ec000000|  0%| F|  |TAMS 0x00000000ebf00000, 0x00000000ebf00000| Untracked 
| 192|0x00000000ec000000, 0x00000000ec000000, 0x00000000ec100000|  0%| F|  |TAMS 0x00000000ec000000, 0x00000000ec000000| Untracked 
| 193|0x00000000ec100000, 0x00000000ec100000, 0x00000000ec200000|  0%| F|  |TAMS 0x00000000ec100000, 0x00000000ec100000| Untracked 
| 194|0x00000000ec200000, 0x00000000ec200000, 0x00000000ec300000|  0%| F|  |TAMS 0x00000000ec200000, 0x00000000ec200000| Untracked 
| 195|0x00000000ec300000, 0x00000000ec300000, 0x00000000ec400000|  0%| F|  |TAMS 0x00000000ec300000, 0x00000000ec300000| Untracked 
| 196|0x00000000ec400000, 0x00000000ec400000, 0x00000000ec500000|  0%| F|  |TAMS 0x00000000ec400000, 0x00000000ec400000| Untracked 
| 197|0x00000000ec500000, 0x00000000ec500000, 0x00000000ec600000|  0%| F|  |TAMS 0x00000000ec500000, 0x00000000ec500000| Untracked 
| 198|0x00000000ec600000, 0x00000000ec600000, 0x00000000ec700000|  0%| F|  |TAMS 0x00000000ec600000, 0x00000000ec600000| Untracked 
| 199|0x00000000ec700000, 0x00000000ec700000, 0x00000000ec800000|  0%| F|  |TAMS 0x00000000ec700000, 0x00000000ec700000| Untracked 
| 200|0x00000000ec800000, 0x00000000ec800000, 0x00000000ec900000|  0%| F|  |TAMS 0x00000000ec800000, 0x00000000ec800000| Untracked 
| 201|0x00000000ec900000, 0x00000000ec900000, 0x00000000eca00000|  0%| F|  |TAMS 0x00000000ec900000, 0x00000000ec900000| Untracked 
| 202|0x00000000eca00000, 0x00000000eca00000, 0x00000000ecb00000|  0%| F|  |TAMS 0x00000000eca00000, 0x00000000eca00000| Untracked 
| 203|0x00000000ecb00000, 0x00000000ecb00000, 0x00000000ecc00000|  0%| F|  |TAMS 0x00000000ecb00000, 0x00000000ecb00000| Untracked 
| 204|0x00000000ecc00000, 0x00000000ecc00000, 0x00000000ecd00000|  0%| F|  |TAMS 0x00000000ecc00000, 0x00000000ecc00000| Untracked 
| 205|0x00000000ecd00000, 0x00000000ecd00000, 0x00000000ece00000|  0%| F|  |TAMS 0x00000000ecd00000, 0x00000000ecd00000| Untracked 
| 206|0x00000000ece00000, 0x00000000ece00000, 0x00000000ecf00000|  0%| F|  |TAMS 0x00000000ece00000, 0x00000000ece00000| Untracked 
| 207|0x00000000ecf00000, 0x00000000ecf00000, 0x00000000ed000000|  0%| F|  |TAMS 0x00000000ecf00000, 0x00000000ecf00000| Untracked 
| 208|0x00000000ed000000, 0x00000000ed000000, 0x00000000ed100000|  0%| F|  |TAMS 0x00000000ed000000, 0x00000000ed000000| Untracked 
| 209|0x00000000ed100000, 0x00000000ed100000, 0x00000000ed200000|  0%| F|  |TAMS 0x00000000ed100000, 0x00000000ed100000| Untracked 
| 210|0x00000000ed200000, 0x00000000ed200000, 0x00000000ed300000|  0%| F|  |TAMS 0x00000000ed200000, 0x00000000ed200000| Untracked 
| 211|0x00000000ed300000, 0x00000000ed300000, 0x00000000ed400000|  0%| F|  |TAMS 0x00000000ed300000, 0x00000000ed300000| Untracked 
| 212|0x00000000ed400000, 0x00000000ed400000, 0x00000000ed500000|  0%| F|  |TAMS 0x00000000ed400000, 0x00000000ed400000| Untracked 
| 213|0x00000000ed500000, 0x00000000ed500000, 0x00000000ed600000|  0%| F|  |TAMS 0x00000000ed500000, 0x00000000ed500000| Untracked 
| 214|0x00000000ed600000, 0x00000000ed600000, 0x00000000ed700000|  0%| F|  |TAMS 0x00000000ed600000, 0x00000000ed600000| Untracked 
| 215|0x00000000ed700000, 0x00000000ed700000, 0x00000000ed800000|  0%| F|  |TAMS 0x00000000ed700000, 0x00000000ed700000| Untracked 
| 216|0x00000000ed800000, 0x00000000ed800000, 0x00000000ed900000|  0%| F|  |TAMS 0x00000000ed800000, 0x00000000ed800000| Untracked 
| 217|0x00000000ed900000, 0x00000000ed900000, 0x00000000eda00000|  0%| F|  |TAMS 0x00000000ed900000, 0x00000000ed900000| Untracked 
| 218|0x00000000eda00000, 0x00000000eda00000, 0x00000000edb00000|  0%| F|  |TAMS 0x00000000eda00000, 0x00000000eda00000| Untracked 
| 219|0x00000000edb00000, 0x00000000edb00000, 0x00000000edc00000|  0%| F|  |TAMS 0x00000000edb00000, 0x00000000edb00000| Untracked 
| 220|0x00000000edc00000, 0x00000000edc00000, 0x00000000edd00000|  0%| F|  |TAMS 0x00000000edc00000, 0x00000000edc00000| Untracked 
| 221|0x00000000edd00000, 0x00000000edd00000, 0x00000000ede00000|  0%| F|  |TAMS 0x00000000edd00000, 0x00000000edd00000| Untracked 
| 222|0x00000000ede00000, 0x00000000ede00000, 0x00000000edf00000|  0%| F|  |TAMS 0x00000000ede00000, 0x00000000ede00000| Untracked 
| 223|0x00000000edf00000, 0x00000000edf00000, 0x00000000ee000000|  0%| F|  |TAMS 0x00000000edf00000, 0x00000000edf00000| Untracked 
| 224|0x00000000ee000000, 0x00000000ee000000, 0x00000000ee100000|  0%| F|  |TAMS 0x00000000ee000000, 0x00000000ee000000| Untracked 
| 225|0x00000000ee100000, 0x00000000ee100000, 0x00000000ee200000|  0%| F|  |TAMS 0x00000000ee100000, 0x00000000ee100000| Untracked 
| 226|0x00000000ee200000, 0x00000000ee200000, 0x00000000ee300000|  0%| F|  |TAMS 0x00000000ee200000, 0x00000000ee200000| Untracked 
| 227|0x00000000ee300000, 0x00000000ee300000, 0x00000000ee400000|  0%| F|  |TAMS 0x00000000ee300000, 0x00000000ee300000| Untracked 
| 228|0x00000000ee400000, 0x00000000ee400000, 0x00000000ee500000|  0%| F|  |TAMS 0x00000000ee400000, 0x00000000ee400000| Untracked 
| 229|0x00000000ee500000, 0x00000000ee500000, 0x00000000ee600000|  0%| F|  |TAMS 0x00000000ee500000, 0x00000000ee500000| Untracked 
| 230|0x00000000ee600000, 0x00000000ee600000, 0x00000000ee700000|  0%| F|  |TAMS 0x00000000ee600000, 0x00000000ee600000| Untracked 
| 231|0x00000000ee700000, 0x00000000ee700000, 0x00000000ee800000|  0%| F|  |TAMS 0x00000000ee700000, 0x00000000ee700000| Untracked 
| 232|0x00000000ee800000, 0x00000000ee800000, 0x00000000ee900000|  0%| F|  |TAMS 0x00000000ee800000, 0x00000000ee800000| Untracked 
| 233|0x00000000ee900000, 0x00000000ee900000, 0x00000000eea00000|  0%| F|  |TAMS 0x00000000ee900000, 0x00000000ee900000| Untracked 
| 234|0x00000000eea00000, 0x00000000eea00000, 0x00000000eeb00000|  0%| F|  |TAMS 0x00000000eea00000, 0x00000000eea00000| Untracked 
| 235|0x00000000eeb00000, 0x00000000eeb00000, 0x00000000eec00000|  0%| F|  |TAMS 0x00000000eeb00000, 0x00000000eeb00000| Untracked 
| 236|0x00000000eec00000, 0x00000000eec00000, 0x00000000eed00000|  0%| F|  |TAMS 0x00000000eec00000, 0x00000000eec00000| Untracked 
| 237|0x00000000eed00000, 0x00000000eed00000, 0x00000000eee00000|  0%| F|  |TAMS 0x00000000eed00000, 0x00000000eed00000| Untracked 
| 238|0x00000000eee00000, 0x00000000eee00000, 0x00000000eef00000|  0%| F|  |TAMS 0x00000000eee00000, 0x00000000eee00000| Untracked 
| 239|0x00000000eef00000, 0x00000000eef00000, 0x00000000ef000000|  0%| F|  |TAMS 0x00000000eef00000, 0x00000000eef00000| Untracked 
| 240|0x00000000ef000000, 0x00000000ef000000, 0x00000000ef100000|  0%| F|  |TAMS 0x00000000ef000000, 0x00000000ef000000| Untracked 
| 241|0x00000000ef100000, 0x00000000ef100000, 0x00000000ef200000|  0%| F|  |TAMS 0x00000000ef100000, 0x00000000ef100000| Untracked 
| 242|0x00000000ef200000, 0x00000000ef200000, 0x00000000ef300000|  0%| F|  |TAMS 0x00000000ef200000, 0x00000000ef200000| Untracked 
| 243|0x00000000ef300000, 0x00000000ef300000, 0x00000000ef400000|  0%| F|  |TAMS 0x00000000ef300000, 0x00000000ef300000| Untracked 
| 244|0x00000000ef400000, 0x00000000ef400000, 0x00000000ef500000|  0%| F|  |TAMS 0x00000000ef400000, 0x00000000ef400000| Untracked 
| 245|0x00000000ef500000, 0x00000000ef500000, 0x00000000ef600000|  0%| F|  |TAMS 0x00000000ef500000, 0x00000000ef500000| Untracked 
| 246|0x00000000ef600000, 0x00000000ef600000, 0x00000000ef700000|  0%| F|  |TAMS 0x00000000ef600000, 0x00000000ef600000| Untracked 
| 247|0x00000000ef700000, 0x00000000ef700000, 0x00000000ef800000|  0%| F|  |TAMS 0x00000000ef700000, 0x00000000ef700000| Untracked 
| 248|0x00000000ef800000, 0x00000000ef800000, 0x00000000ef900000|  0%| F|  |TAMS 0x00000000ef800000, 0x00000000ef800000| Untracked 
| 249|0x00000000ef900000, 0x00000000ef900000, 0x00000000efa00000|  0%| F|  |TAMS 0x00000000ef900000, 0x00000000ef900000| Untracked 
| 250|0x00000000efa00000, 0x00000000efa00000, 0x00000000efb00000|  0%| F|  |TAMS 0x00000000efa00000, 0x00000000efa00000| Untracked 
| 251|0x00000000efb00000, 0x00000000efb00000, 0x00000000efc00000|  0%| F|  |TAMS 0x00000000efb00000, 0x00000000efb00000| Untracked 
| 252|0x00000000efc00000, 0x00000000efc00000, 0x00000000efd00000|  0%| F|  |TAMS 0x00000000efc00000, 0x00000000efc00000| Untracked 
| 253|0x00000000efd00000, 0x00000000efd00000, 0x00000000efe00000|  0%| F|  |TAMS 0x00000000efd00000, 0x00000000efd00000| Untracked 
| 254|0x00000000efe00000, 0x00000000efe00000, 0x00000000eff00000|  0%| F|  |TAMS 0x00000000efe00000, 0x00000000efe00000| Untracked 
| 255|0x00000000eff00000, 0x00000000eff00000, 0x00000000f0000000|  0%| F|  |TAMS 0x00000000eff00000, 0x00000000eff00000| Untracked 

Card table byte_map: [0x0000013e4e5b0000,0x0000013e4e6b0000] _byte_map_base: 0x0000013e4deb0000

Marking Bits (Prev, Next): (CMBitMap*) 0x0000013e37efebe8, (CMBitMap*) 0x0000013e37efec20
 Prev Bits: [0x0000013e4e7b0000, 0x0000013e4efb0000)
 Next Bits: [0x0000013e4efb0000, 0x0000013e4f7b0000)

Polling page: 0x0000013e376c0000

Metaspace:

Usage:
  Non-class:     45.23 MB capacity,    44.38 MB ( 98%) used,   761.88 KB (  2%) free+waste,   114.94 KB ( <1%) overhead. 
      Class:      7.11 MB capacity,     6.59 MB ( 93%) used,   479.88 KB (  7%) free+waste,    54.69 KB ( <1%) overhead. 
       Both:     52.34 MB capacity,    50.96 MB ( 97%) used,     1.21 MB (  2%) free+waste,   169.63 KB ( <1%) overhead. 

Virtual space:
  Non-class space:       46.00 MB reserved,      45.25 MB ( 98%) committed 
      Class space:      248.00 MB reserved,       7.13 MB (  3%) committed 
             Both:      294.00 MB reserved,      52.38 MB ( 18%) committed 

Chunk freelists:
   Non-Class:  2.00 KB
       Class:  2.25 KB
        Both:  4.25 KB

CodeHeap 'non-profiled nmethods': size=120064Kb used=4433Kb max_used=4433Kb free=115630Kb
 bounds [0x0000013e47070000, 0x0000013e474d0000, 0x0000013e4e5b0000]
CodeHeap 'profiled nmethods': size=120000Kb used=16047Kb max_used=16047Kb free=103952Kb
 bounds [0x0000013e3fb40000, 0x0000013e40af0000, 0x0000013e47070000]
CodeHeap 'non-nmethods': size=5696Kb used=2203Kb max_used=2255Kb free=3492Kb
 bounds [0x0000013e3f5b0000, 0x0000013e3f820000, 0x0000013e3fb40000]
 total_blobs=8118 nmethods=7338 adapters=692
 compilation: enabled
              stopped_count=0, restarted_count=0
 full_count=0

Compilation events (10 events):
Event: 25.391 Thread 0x0000013e51dd6000 nmethod 7408 0x0000013e474b2190 code [0x0000013e474b2320, 0x0000013e474b24e8]
Event: 25.391 Thread 0x0000013e51dd6000 7412       4       java.util.regex.Matcher::matches (10 bytes)
Event: 25.403 Thread 0x0000013e51dd6000 nmethod 7412 0x0000013e474b2690 code [0x0000013e474b2840, 0x0000013e474b2af8]
Event: 25.403 Thread 0x0000013e51dd6000 7418       4       java.util.regex.Pattern$Branch::match (66 bytes)
Event: 25.420 Thread 0x0000013e51dd6000 nmethod 7418 0x0000013e474b2d10 code [0x0000013e474b2ee0, 0x0000013e474b37a8]
Event: 25.420 Thread 0x0000013e51dd6000 7416       4       java.io.DataInputStream::readUTF (501 bytes)
Event: 25.462 Thread 0x0000013e51dd6000 nmethod 7416 0x0000013e474b3d10 code [0x0000013e474b3f00, 0x0000013e474b50d8]
Event: 26.095 Thread 0x0000013e5832f000 nmethod 7343% 0x0000013e474b5890 code [0x0000013e474b61c0, 0x0000013e474c00d8]
Event: 27.550 Thread 0x0000013e51dd6000 7444       4       java.lang.ClassLoader::checkPackageAccess (102 bytes)
Event: 27.551 Thread 0x0000013e51dd6000 nmethod 7444 0x0000013e474c4310 code [0x0000013e474c4480, 0x0000013e474c4518]

GC Heap History (10 events):
Event: 10.454 GC heap before
{Heap before GC invocations=7 (full 0):
 garbage-first heap   total 262144K, used 54046K [0x00000000e0000000, 0x0000000100000000)
  region size 1024K, 41 young (41984K), 7 survivors (7168K)
 Metaspace       used 35045K, capacity 35701K, committed 35840K, reserved 286720K
  class space    used 4383K, capacity 4614K, committed 4736K, reserved 253952K
}
Event: 10.472 GC heap after
{Heap after GC invocations=8 (full 0):
 garbage-first heap   total 262144K, used 23174K [0x00000000e0000000, 0x0000000100000000)
  region size 1024K, 8 young (8192K), 8 survivors (8192K)
 Metaspace       used 35045K, capacity 35701K, committed 35840K, reserved 286720K
  class space    used 4383K, capacity 4614K, committed 4736K, reserved 253952K
}
Event: 12.867 GC heap before
{Heap before GC invocations=9 (full 0):
 garbage-first heap   total 262144K, used 99974K [0x00000000e0000000, 0x0000000100000000)
  region size 1024K, 83 young (84992K), 8 survivors (8192K)
 Metaspace       used 41124K, capacity 41980K, committed 42112K, reserved 290816K
  class space    used 5349K, capacity 5644K, committed 5760K, reserved 253952K
}
Event: 12.904 GC heap after
{Heap after GC invocations=10 (full 0):
 garbage-first heap   total 262144K, used 25449K [0x00000000e0000000, 0x0000000100000000)
  region size 1024K, 5 young (5120K), 5 survivors (5120K)
 Metaspace       used 41124K, capacity 41980K, committed 42112K, reserved 290816K
  class space    used 5349K, capacity 5644K, committed 5760K, reserved 253952K
}
Event: 18.414 GC heap before
{Heap before GC invocations=10 (full 0):
 garbage-first heap   total 262144K, used 177001K [0x00000000e0000000, 0x0000000100000000)
  region size 1024K, 153 young (156672K), 5 survivors (5120K)
 Metaspace       used 46610K, capacity 47628K, committed 47872K, reserved 296960K
  class space    used 6030K, capacity 6381K, committed 6400K, reserved 253952K
}
Event: 18.507 GC heap after
{Heap after GC invocations=11 (full 0):
 garbage-first heap   total 262144K, used 36968K [0x00000000e0000000, 0x0000000100000000)
  region size 1024K, 17 young (17408K), 17 survivors (17408K)
 Metaspace       used 46610K, capacity 47628K, committed 47872K, reserved 296960K
  class space    used 6030K, capacity 6381K, committed 6400K, reserved 253952K
}
Event: 21.045 GC heap before
{Heap before GC invocations=11 (full 0):
 garbage-first heap   total 262144K, used 176232K [0x00000000e0000000, 0x0000000100000000)
  region size 1024K, 153 young (156672K), 17 survivors (17408K)
 Metaspace       used 47208K, capacity 48240K, committed 48384K, reserved 296960K
  class space    used 6038K, capacity 6390K, committed 6400K, reserved 253952K
}
Event: 21.088 GC heap after
{Heap after GC invocations=12 (full 0):
 garbage-first heap   total 262144K, used 41656K [0x00000000e0000000, 0x0000000100000000)
  region size 1024K, 6 young (6144K), 6 survivors (6144K)
 Metaspace       used 47208K, capacity 48240K, committed 48384K, reserved 296960K
  class space    used 6038K, capacity 6390K, committed 6400K, reserved 253952K
}
Event: 27.561 GC heap before
{Heap before GC invocations=12 (full 0):
 garbage-first heap   total 262144K, used 160440K [0x00000000e0000000, 0x0000000100000000)
  region size 1024K, 123 young (125952K), 6 survivors (6144K)
 Metaspace       used 52186K, capacity 53598K, committed 53632K, reserved 301056K
  class space    used 6743K, capacity 7278K, committed 7296K, reserved 253952K
}
Event: 27.580 GC heap after
{Heap after GC invocations=13 (full 0):
 garbage-first heap   total 262144K, used 47131K [0x00000000e0000000, 0x0000000100000000)
  region size 1024K, 12 young (12288K), 12 survivors (12288K)
 Metaspace       used 52186K, capacity 53598K, committed 53632K, reserved 301056K
  class space    used 6743K, capacity 7278K, committed 7296K, reserved 253952K
}

Deoptimization events (10 events):
Event: 24.804 Thread 0x0000013e55171800 Uncommon trap: reason=class_check action=maybe_recompile pc=0x0000013e4720aaa8 method=jdk.internal.loader.BuiltinClassLoader.loadClassOrNull(Ljava/lang/String;Z)Ljava/lang/Class; @ 86 c2
Event: 24.810 Thread 0x0000013e55171800 Uncommon trap: reason=unstable_if action=reinterpret pc=0x0000013e47407320 method=java.lang.Character.isUpperCase(I)Z @ 5 c2
Event: 24.810 Thread 0x0000013e55171800 Uncommon trap: reason=class_check action=maybe_recompile pc=0x0000013e4720aaa8 method=jdk.internal.loader.BuiltinClassLoader.loadClassOrNull(Ljava/lang/String;Z)Ljava/lang/Class; @ 86 c2
Event: 24.813 Thread 0x0000013e55171800 Uncommon trap: reason=class_check action=maybe_recompile pc=0x0000013e4720aaa8 method=jdk.internal.loader.BuiltinClassLoader.loadClassOrNull(Ljava/lang/String;Z)Ljava/lang/Class; @ 86 c2
Event: 25.105 Thread 0x0000013e589eb800 Uncommon trap: reason=unstable_if action=reinterpret pc=0x0000013e47116208 method=sun.nio.cs.SingleByte$Encoder.encodeArrayLoop(Ljava/nio/CharBuffer;Ljava/nio/ByteBuffer;)Ljava/nio/charset/CoderResult; @ 211 c2
Event: 25.110 Thread 0x0000013e589eb800 Uncommon trap: reason=class_check action=maybe_recompile pc=0x0000013e47156ff4 method=java.io.DataOutputStream.write(I)V @ 5 c2
Event: 25.110 Thread 0x0000013e589eb800 Uncommon trap: reason=class_check action=maybe_recompile pc=0x0000013e47156ff4 method=java.io.DataOutputStream.write(I)V @ 5 c2
Event: 25.110 Thread 0x0000013e589eb800 Uncommon trap: reason=class_check action=maybe_recompile pc=0x0000013e47156ff4 method=java.io.DataOutputStream.write(I)V @ 5 c2
Event: 25.110 Thread 0x0000013e589eb800 Uncommon trap: reason=class_check action=maybe_recompile pc=0x0000013e47156ff4 method=java.io.DataOutputStream.write(I)V @ 5 c2
Event: 25.361 Thread 0x0000013e589ea800 Uncommon trap: reason=class_check action=maybe_recompile pc=0x0000013e473e22dc method=java.io.BufferedInputStream.read1([BII)I @ 39 c2

Classes redefined (0 events):
No events

Internal exceptions (10 events):
Event: 24.932 Thread 0x0000013e55171800 Exception <a 'java/lang/ClassNotFoundException'{0x00000000e93de9d8}: org/gradle/api/internal/tasks/testing/DecoratingTestDescriptorBeanInfo> (0x00000000e93de9d8) thrown at [./open/src/hotspot/share/classfile/systemDictionary.cpp, line 226]
Event: 24.934 Thread 0x0000013e55171800 Exception <a 'java/lang/ClassNotFoundException'{0x00000000e9208448}: org/gradle/api/internal/tasks/testing/DecoratingTestDescriptorCustomizer> (0x00000000e9208448) thrown at [./open/src/hotspot/share/classfile/systemDictionary.cpp, line 226]
Event: 25.125 Thread 0x0000013e589eb800 Exception <a 'java/lang/NoSuchMethodError'{0x00000000e8eb0f98}: static Lorg/gradle/api/internal/tasks/testing/junitplatform/JUnitPlatformTestFramework$JUnitPlatformTestClassProcessorFactory;.<clinit>()V> (0x00000000e8eb0f98) thrown at [./open/src/hotspot/
Event: 25.132 Thread 0x0000013e589eb800 Exception <a 'java/lang/NoSuchMethodError'{0x00000000e8ec3ea8}: static Lorg/gradle/api/internal/tasks/testing/junitplatform/JUnitPlatformSpec;.<clinit>()V> (0x00000000e8ec3ea8) thrown at [./open/src/hotspot/share/prims/jni.cpp, line 1366]
Event: 25.132 Thread 0x0000013e589eb800 Exception <a 'java/lang/NoSuchMethodError'{0x00000000e8ec5f20}: static Lorg/gradle/api/internal/tasks/testing/junit/AbstractJUnitSpec;.<clinit>()V> (0x00000000e8ec5f20) thrown at [./open/src/hotspot/share/prims/jni.cpp, line 1366]
Event: 25.316 Thread 0x0000013e589ed800 Exception <a 'java/lang/NoSuchMethodError'{0x00000000e8d52c60}: java.lang.invoke.DirectMethodHandle$Holder.invokeStatic(Ljava/lang/Object;J)V> (0x00000000e8d52c60) thrown at [./open/src/hotspot/share/interpreter/linkResolver.cpp, line 772]
Event: 25.319 Thread 0x0000013e589ed800 Exception <a 'java/lang/NoSuchMethodError'{0x00000000e8d57e70}: java.lang.invoke.DirectMethodHandle$Holder.invokeStatic(Ljava/lang/Object;J)Ljava/lang/Object;> (0x00000000e8d57e70) thrown at [./open/src/hotspot/share/interpreter/linkResolver.cpp, line 772
Event: 25.326 Thread 0x0000013e589ed800 Exception <a 'java/lang/NoSuchMethodError'{0x00000000e8d65ee0}: java.lang.invoke.DirectMethodHandle$Holder.invokeStaticInit(Ljava/lang/Object;Ljava/lang/Object;JLjava/lang/Object;)Ljava/lang/Object;> (0x00000000e8d65ee0) thrown at [./open/src/hotspot/shar
Event: 25.328 Thread 0x0000013e589ed800 Exception <a 'java/lang/NoSuchMethodError'{0x00000000e8d6bdc8}: java.lang.invoke.DirectMethodHandle$Holder.invokeStatic(Ljava/lang/Object;Ljava/lang/Object;J)Ljava/lang/Object;> (0x00000000e8d6bdc8) thrown at [./open/src/hotspot/share/interpreter/linkReso
Event: 25.331 Thread 0x0000013e589ed800 Exception <a 'java/lang/NoSuchMethodError'{0x00000000e8d72098}: java.lang.invoke.Invokers$Holder.linkToTargetMethod(Ljava/lang/Object;JLjava/lang/Object;)Ljava/lang/Object;> (0x00000000e8d72098) thrown at [./open/src/hotspot/share/interpreter/linkResolver

Events (10 events):
Event: 27.558 loading class org/gradle/api/internal/tasks/testing/worker/TestEventSerializer$DefaultTestClassRunInfoSerializer
Event: 27.558 loading class org/gradle/api/internal/tasks/testing/worker/TestEventSerializer$DefaultTestClassRunInfoSerializer done
Event: 27.558 loading class java/nio/channels/AsynchronousCloseException done
Event: 27.559 loading class org/gradle/internal/id/CompositeIdGenerator$CompositeId
Event: 27.559 loading class org/gradle/internal/id/CompositeIdGenerator$CompositeId done
Event: 27.560 loading class org/gradle/api/internal/tasks/testing/worker/TestEventSerializer$IdSerializer
Event: 27.560 loading class org/gradle/api/internal/tasks/testing/worker/TestEventSerializer$IdSerializer done
Event: 27.560 loading class org/gradle/api/internal/tasks/testing/worker/TestEventSerializer$DefaultTestSuiteDescriptorSerializer
Event: 27.560 loading class org/gradle/api/internal/tasks/testing/worker/TestEventSerializer$DefaultTestSuiteDescriptorSerializer done
Event: 27.561 Executing VM operation: CollectForMetadataAllocation


Dynamic libraries:
0x00007ff632560000 - 0x00007ff63256f000 	C:\Program Files\Java\jdk-11.0.17\bin\java.exe
0x00007ffba2a20000 - 0x00007ffba2c29000 	C:\WINDOWS\SYSTEM32\ntdll.dll
0x00007ffba1380000 - 0x00007ffba143e000 	C:\WINDOWS\System32\KERNEL32.DLL
0x00007ffb9fef0000 - 0x00007ffba026c000 	C:\WINDOWS\System32\KERNELBASE.dll
0x00007ffba0780000 - 0x00007ffba0891000 	C:\WINDOWS\System32\ucrtbase.dll
0x00007ffb9ccd0000 - 0x00007ffb9cce8000 	C:\Program Files\Java\jdk-11.0.17\bin\jli.dll
0x00007ffb98c50000 - 0x00007ffb98c65000 	C:\Program Files\Java\jdk-11.0.17\bin\VCRUNTIME140.dll
0x00007ffba1440000 - 0x00007ffba14ee000 	C:\WINDOWS\System32\ADVAPI32.dll
0x00007ffba1fe0000 - 0x00007ffba2083000 	C:\WINDOWS\System32\msvcrt.dll
0x00007ffba0ee0000 - 0x00007ffba0f7e000 	C:\WINDOWS\System32\sechost.dll
0x00007ffba1530000 - 0x00007ffba1650000 	C:\WINDOWS\System32\RPCRT4.dll
0x00007ffba1e30000 - 0x00007ffba1fdd000 	C:\WINDOWS\System32\USER32.dll
0x00007ffba05c0000 - 0x00007ffba05e6000 	C:\WINDOWS\System32\win32u.dll
0x00007ffba1240000 - 0x00007ffba1269000 	C:\WINDOWS\System32\GDI32.dll
0x00007ffba0270000 - 0x00007ffba0388000 	C:\WINDOWS\System32\gdi32full.dll
0x00007ffba0670000 - 0x00007ffba070d000 	C:\WINDOWS\System32\msvcp_win.dll
0x00007ffb88590000 - 0x00007ffb88835000 	C:\WINDOWS\WinSxS\amd64_microsoft.windows.common-controls_6595b64144ccf1df_6.0.22000.120_none_9d947278b86cc467\COMCTL32.dll
0x00007ffb95dc0000 - 0x00007ffb95dca000 	C:\WINDOWS\SYSTEM32\VERSION.dll
0x00007ffba14f0000 - 0x00007ffba1521000 	C:\WINDOWS\System32\IMM32.DLL
0x00007ffb84a10000 - 0x00007ffb84aab000 	C:\Program Files\Java\jdk-11.0.17\bin\msvcp140.dll
0x00007ffb35440000 - 0x00007ffb35f5a000 	C:\Program Files\Java\jdk-11.0.17\bin\server\jvm.dll
0x00007ffba24e0000 - 0x00007ffba24e8000 	C:\WINDOWS\System32\PSAPI.DLL
0x00007ffb9b080000 - 0x00007ffb9b089000 	C:\WINDOWS\SYSTEM32\WSOCK32.dll
0x00007ffba1170000 - 0x00007ffba11df000 	C:\WINDOWS\System32\WS2_32.dll
0x00007ffb98b40000 - 0x00007ffb98b73000 	C:\WINDOWS\SYSTEM32\WINMM.dll
0x00007ffb9ef70000 - 0x00007ffb9ef88000 	C:\WINDOWS\SYSTEM32\kernel.appcore.dll
0x00007ffb9c010000 - 0x00007ffb9c020000 	C:\Program Files\Java\jdk-11.0.17\bin\verify.dll
0x00007ffb9dae0000 - 0x00007ffb9dd01000 	C:\WINDOWS\SYSTEM32\DBGHELP.DLL
0x00007ffb9ac20000 - 0x00007ffb9ac51000 	C:\WINDOWS\SYSTEM32\dbgcore.DLL
0x00007ffba05f0000 - 0x00007ffba066f000 	C:\WINDOWS\System32\bcryptPrimitives.dll
0x00007ffb8fc90000 - 0x00007ffb8fcb8000 	C:\Program Files\Java\jdk-11.0.17\bin\java.dll
0x00007ffb9aa80000 - 0x00007ffb9aa8a000 	C:\Program Files\Java\jdk-11.0.17\bin\jimage.dll
0x00007ffb8fba0000 - 0x00007ffb8fbb6000 	C:\Program Files\Java\jdk-11.0.17\bin\zip.dll
0x00007ffba1650000 - 0x00007ffba1e15000 	C:\WINDOWS\System32\SHELL32.dll
0x00007ffb9dfb0000 - 0x00007ffb9e815000 	C:\WINDOWS\SYSTEM32\windows.storage.dll
0x00007ffba0a60000 - 0x00007ffba0dd6000 	C:\WINDOWS\System32\combase.dll
0x00007ffb9dd10000 - 0x00007ffb9de76000 	C:\WINDOWS\SYSTEM32\wintypes.dll
0x00007ffba0df0000 - 0x00007ffba0eda000 	C:\WINDOWS\System32\SHCORE.dll
0x00007ffba11e0000 - 0x00007ffba123d000 	C:\WINDOWS\System32\shlwapi.dll
0x00007ffb9fe20000 - 0x00007ffb9fe41000 	C:\WINDOWS\SYSTEM32\profapi.dll
0x00007ffb8fb80000 - 0x00007ffb8fb99000 	C:\Program Files\Java\jdk-11.0.17\bin\net.dll
0x00007ffb98fd0000 - 0x00007ffb990e2000 	C:\WINDOWS\SYSTEM32\WINHTTP.dll
0x00007ffb9f410000 - 0x00007ffb9f477000 	C:\WINDOWS\system32\mswsock.dll
0x00007ffb87ff0000 - 0x00007ffb88002000 	C:\Program Files\Java\jdk-11.0.17\bin\nio.dll
0x00007ffb7d3d0000 - 0x00007ffb7d3f6000 	C:\Users\pedre\.gradle\native\30\windows-amd64\native-platform.dll
0x00007ffb8fc80000 - 0x00007ffb8fc89000 	C:\Program Files\Java\jdk-11.0.17\bin\management.dll
0x00007ffb812d0000 - 0x00007ffb812db000 	C:\Program Files\Java\jdk-11.0.17\bin\management_ext.dll
0x00007ffb9f650000 - 0x00007ffb9f668000 	C:\WINDOWS\SYSTEM32\CRYPTSP.dll
0x00007ffb9eed0000 - 0x00007ffb9ef05000 	C:\WINDOWS\system32\rsaenh.dll
0x00007ffb9f500000 - 0x00007ffb9f529000 	C:\WINDOWS\SYSTEM32\USERENV.dll
0x00007ffb9f7e0000 - 0x00007ffb9f807000 	C:\WINDOWS\SYSTEM32\bcrypt.dll
0x00007ffb9f670000 - 0x00007ffb9f67c000 	C:\WINDOWS\SYSTEM32\CRYPTBASE.dll
0x00007ffb9eaa0000 - 0x00007ffb9eacd000 	C:\WINDOWS\SYSTEM32\IPHLPAPI.DLL
0x00007ffba0de0000 - 0x00007ffba0de9000 	C:\WINDOWS\System32\NSI.dll
0x00007ffb988f0000 - 0x00007ffb98909000 	C:\WINDOWS\SYSTEM32\dhcpcsvc6.DLL
0x00007ffb99a90000 - 0x00007ffb99aae000 	C:\WINDOWS\SYSTEM32\dhcpcsvc.DLL
0x00007ffb9ead0000 - 0x00007ffb9ebb8000 	C:\WINDOWS\SYSTEM32\DNSAPI.dll

dbghelp: loaded successfully - version: 4.0.5 - missing functions: none
symbol engine: initialized successfully - sym options: 0x614 - pdb path: .;C:\Program Files\Java\jdk-11.0.17\bin;C:\WINDOWS\SYSTEM32;C:\WINDOWS\WinSxS\amd64_microsoft.windows.common-controls_6595b64144ccf1df_6.0.22000.120_none_9d947278b86cc467;C:\Program Files\Java\jdk-11.0.17\bin\server;C:\Users\pedre\.gradle\native\30\windows-amd64

VM Arguments:
jvm_args: --add-opens=java.base/java.util=ALL-UNNAMED --add-opens=java.base/java.lang=ALL-UNNAMED --add-opens=java.base/java.lang.invoke=ALL-UNNAMED --add-opens=java.prefs/java.util.prefs=ALL-UNNAMED -XX:MaxMetaspaceSize=256m -XX:+HeapDumpOnOutOfMemoryError -Xms256m -Xmx512m -Dfile.encoding=windows-1252 -Duser.country=US -Duser.language=en -Duser.variant 
java_command: org.gradle.launcher.daemon.bootstrap.GradleDaemon 6.0.1
java_class_path (initial): C:\Users\pedre\.gradle\wrapper\dists\gradle-6.0.1-bin\1lxlpkiy24sb18odw96cp4ojv\gradle-6.0.1\lib\gradle-launcher-6.0.1.jar
Launcher Type: SUN_STANDARD

[Global flags]
     intx CICompilerCount                          = 3                                         {product} {ergonomic}
   size_t CompressedClassSpaceSize                 = 260046848                                 {product} {ergonomic}
     uint ConcGCThreads                            = 1                                         {product} {ergonomic}
     uint G1ConcRefinementThreads                  = 4                                         {product} {ergonomic}
   size_t G1HeapRegionSize                         = 1048576                                   {product} {ergonomic}
    uintx GCDrainStackTargetSize                   = 64                                        {product} {ergonomic}
     bool HeapDumpOnOutOfMemoryError               = true                                   {manageable} {command line}
   size_t InitialHeapSize                          = 268435456                                 {product} {command line}
   size_t MarkStackSize                            = 4194304                                   {product} {ergonomic}
   size_t MaxHeapSize                              = 536870912                                 {product} {command line}
   size_t MaxMetaspaceSize                         = 268435456                                 {product} {command line}
   size_t MaxNewSize                               = 321912832                                 {product} {ergonomic}
   size_t MinHeapDeltaBytes                        = 1048576                                   {product} {ergonomic}
    uintx NonNMethodCodeHeapSize                   = 5830732                                {pd product} {ergonomic}
    uintx NonProfiledCodeHeapSize                  = 122913754                              {pd product} {ergonomic}
    uintx ProfiledCodeHeapSize                     = 122913754                              {pd product} {ergonomic}
    uintx ReservedCodeCacheSize                    = 251658240                              {pd product} {ergonomic}
     bool SegmentedCodeCache                       = true                                      {product} {ergonomic}
     bool UseCompressedClassPointers               = true                                 {lp64_product} {ergonomic}
     bool UseCompressedOops                        = true                                 {lp64_product} {ergonomic}
     bool UseG1GC                                  = true                                      {product} {ergonomic}
     bool UseLargePagesIndividualAllocation        = false                                  {pd product} {ergonomic}

Logging:
Log output configuration:
 #0: stdout all=warning uptime,level,tags
 #1: stderr all=off uptime,level,tags

Environment Variables:
PATH=C:\Program Files\Common Files\Oracle\Java\javapath;C:\WINDOWS\system32;C:\WINDOWS;C:\WINDOWS\System32\Wbem;C:\WINDOWS\System32\WindowsPowerShell\v1.0\;C:\WINDOWS\System32\OpenSSH\;C:\Program Files\Git\cmd;C:\Program Files\nodejs\;C:\Program Files\MySQL\MySQL Shell 8.0\bin\;C:\Users\pedre\AppData\Local\Microsoft\WindowsApps;;C:\Users\pedre\AppData\Roaming\npm;C:\Program Files\JetBrains\IntelliJ IDEA Community Edition 2022.3.1\bin;
USERNAME=pedre
OS=Windows_NT
PROCESSOR_IDENTIFIER=Intel64 Family 6 Model 122 Stepping 1, GenuineIntel



---------------  S Y S T E M  ---------------

OS: Windows 11 , 64 bit Build 22000 (10.0.22000.1516)

CPU:total 4 (initial active 4) (4 cores per cpu, 1 threads per core) family 6 model 122 stepping 1 microcode 0x34, cmov, cx8, fxsr, mmx, sse, sse2, sse3, ssse3, sse4.1, sse4.2, popcnt, aes, clmul, erms, 3dnowpref, tsc, tscinvbit, sha

Memory: 4k page, system-wide physical 3918M (469M free)
TotalPageFile size 7300M (AvailPageFile size 150M)
current process WorkingSet (physical memory assigned to process): 372M, peak: 395M
current process commit charge ("private bytes"): 464M, peak: 482M

vm_info: Java HotSpot(TM) 64-Bit Server VM (11.0.17+10-LTS-269) for windows-amd64 JRE (11.0.17+10-LTS-269), built on Sep 13 2022 19:26:37 by "mach5one" with MS VC++ 15.9 (VS2017)

END.
