#
# There is insufficient memory for the Java Runtime Environment to continue.
# Native memory allocation (malloc) failed to allocate 616176 bytes for Chunk::new
# Possible reasons:
#   The system is out of physical RAM or swap space
#   The process is running with CompressedOops enabled, and the Java Heap may be blocking the growth of the native heap
# Possible solutions:
#   Reduce memory load on the system
#   Increase physical memory or swap space
#   Check if swap backing store is full
#   Decrease Java heap size (-Xmx/-Xms)
#   Decrease number of Java threads
#   Decrease Java thread stack sizes (-Xss)
#   Set larger code cache with -XX:ReservedCodeCacheSize=
#   JVM is running with Unscaled Compressed Oops mode in which the Java heap is
#     placed in the first 4GB address space. The Java Heap base address is the
#     maximum limit for the native heap growth. Please use -XX:HeapBaseMinAddress
#     to set the Java Heap base and to place the Java Heap above 4GB virtual address.
# This output file may be truncated or incomplete.
#
#  Out of Memory Error (./open/src/hotspot/share/memory/arena.cpp:197), pid=12000, tid=7996
#
# JRE version: Java(TM) SE Runtime Environment 18.9 (11.0.17+10) (build 11.0.17+10-LTS-269)
# Java VM: Java HotSpot(TM) 64-Bit Server VM 18.9 (11.0.17+10-LTS-269, mixed mode, tiered, compressed oops, g1 gc, windows-amd64)
# No core dump will be written. Minidumps are not enabled by default on client versions of Windows
#

---------------  S U M M A R Y ------------

Command Line: --add-opens=java.base/java.util=ALL-UNNAMED --add-opens=java.base/java.lang=ALL-UNNAMED --add-opens=java.base/java.lang.invoke=ALL-UNNAMED --add-opens=java.prefs/java.util.prefs=ALL-UNNAMED -XX:MaxMetaspaceSize=256m -XX:+HeapDumpOnOutOfMemoryError -Xms256m -Xmx512m -Dfile.encoding=windows-1252 -Duser.country=US -Duser.language=en -Duser.variant org.gradle.launcher.daemon.bootstrap.GradleDaemon 6.0.1

Host: Intel(R) Pentium(R) Silver N5000 CPU @ 1.10GHz, 4 cores, 3G,  Windows 11 , 64 bit Build 22000 (10.0.22000.1516)
Time: Tue Mar 28 17:04:48 2023 Central Daylight Time elapsed time: 32.465852 seconds (0d 0h 0m 32s)

---------------  T H R E A D  ---------------

Current thread (0x00000233e1352800):  JavaThread "C2 CompilerThread0" daemon [_thread_in_native, id=7996, stack(0x000000670d200000,0x000000670d300000)]


Current CompileTask:
C2:  32466 9498  s    4       java.util.jar.JarFile::getInputStream (72 bytes)

Stack: [0x000000670d200000,0x000000670d300000]
Native frames: (J=compiled Java code, j=interpreted, Vv=VM code, C=native code)
V  [jvm.dll+0x62b5da]
V  [jvm.dll+0x7653df]
V  [jvm.dll+0x766a89]
V  [jvm.dll+0x767113]
V  [jvm.dll+0x23dd28]
V  [jvm.dll+0xb2a1c]
V  [jvm.dll+0xb2fdc]
V  [jvm.dll+0x341597]
V  [jvm.dll+0x30ef13]
V  [jvm.dll+0x30e25a]
V  [jvm.dll+0x1f8733]
V  [jvm.dll+0x1f78fd]
V  [jvm.dll+0x177c91]
V  [jvm.dll+0x207296]
V  [jvm.dll+0x20542b]
V  [jvm.dll+0x72b2c0]
V  [jvm.dll+0x723e64]
V  [jvm.dll+0x62a485]
C  [ucrtbase.dll+0x26c0c]
C  [KERNEL32.DLL+0x155a0]
C  [ntdll.dll+0x485b]


---------------  P R O C E S S  ---------------

Threads class SMR info:
_java_thread_list=0x00000233e282e090, length=52, elements={
0x00000233c52aa000, 0x00000233e1309000, 0x00000233e1336000, 0x00000233e134c800,
0x00000233e134d800, 0x00000233e1350800, 0x00000233e1352800, 0x00000233e1356000,
0x00000233e1368800, 0x00000233e1e09800, 0x00000233e2d73000, 0x00000233e1ee5800,
0x00000233e3682800, 0x00000233e2f7b800, 0x00000233e383e800, 0x00000233e3da6000,
0x00000233e3d77000, 0x00000233e3062800, 0x00000233e3c7a800, 0x00000233e3d6a000,
0x00000233e3d6d000, 0x00000233e3d6b800, 0x00000233e3d69000, 0x00000233e3d6a800,
0x00000233e7428800, 0x00000233e742a000, 0x00000233e742b800, 0x00000233e742c800,
0x00000233e742f000, 0x00000233e7429000, 0x00000233e7433000, 0x00000233e7430000,
0x00000233e7430800, 0x00000233e7437000, 0x00000233e7435800, 0x00000233e7431800,
0x00000233e7434800, 0x00000233e7432000, 0x00000233e5e5a000, 0x00000233e5e5c000,
0x00000233e5e58000, 0x00000233e5e59000, 0x00000233e5e5a800, 0x00000233e5e5b800,
0x00000233e5e57800, 0x00000233e2c9f800, 0x00000233e2ca4800, 0x00000233e2ca0800,
0x00000233e2ca1000, 0x00000233e2c9e800, 0x00000233e2ca6000, 0x00000233e2ca7000
}

Java Threads: ( => current thread )
  0x00000233c52aa000 JavaThread "main" [_thread_blocked, id=1276, stack(0x000000670c600000,0x000000670c700000)]
  0x00000233e1309000 JavaThread "Reference Handler" daemon [_thread_blocked, id=11448, stack(0x000000670cd00000,0x000000670ce00000)]
  0x00000233e1336000 JavaThread "Finalizer" daemon [_thread_blocked, id=10848, stack(0x000000670ce00000,0x000000670cf00000)]
  0x00000233e134c800 JavaThread "Signal Dispatcher" daemon [_thread_blocked, id=9468, stack(0x000000670cf00000,0x000000670d000000)]
  0x00000233e134d800 JavaThread "Attach Listener" daemon [_thread_blocked, id=7120, stack(0x000000670d000000,0x000000670d100000)]
  0x00000233e1350800 JavaThread "Service Thread" daemon [_thread_blocked, id=8424, stack(0x000000670d100000,0x000000670d200000)]
=>0x00000233e1352800 JavaThread "C2 CompilerThread0" daemon [_thread_in_native, id=7996, stack(0x000000670d200000,0x000000670d300000)]
  0x00000233e1356000 JavaThread "C1 CompilerThread0" daemon [_thread_blocked, id=8316, stack(0x000000670d300000,0x000000670d400000)]
  0x00000233e1368800 JavaThread "Sweeper thread" daemon [_thread_blocked, id=4716, stack(0x000000670d400000,0x000000670d500000)]
  0x00000233e1e09800 JavaThread "Common-Cleaner" daemon [_thread_blocked, id=8976, stack(0x000000670d500000,0x000000670d600000)]
  0x00000233e2d73000 JavaThread "Daemon health stats" [_thread_blocked, id=1400, stack(0x000000670db00000,0x000000670dc00000)]
  0x00000233e1ee5800 JavaThread "Incoming local TCP Connector on port 57357" [_thread_in_native, id=1540, stack(0x000000670d700000,0x000000670d800000)]
  0x00000233e3682800 JavaThread "Daemon periodic checks" [_thread_blocked, id=6264, stack(0x000000670dc00000,0x000000670dd00000)]
  0x00000233e2f7b800 JavaThread "Daemon" [_thread_blocked, id=7388, stack(0x000000670dd00000,0x000000670de00000)]
  0x00000233e383e800 JavaThread "Handler for socket connection from /127.0.0.1:57357 to /127.0.0.1:57358" [_thread_in_native, id=5896, stack(0x000000670de00000,0x000000670df00000)]
  0x00000233e3da6000 JavaThread "Cancel handler" [_thread_blocked, id=7964, stack(0x000000670df00000,0x000000670e000000)]
  0x00000233e3d77000 JavaThread "Daemon worker" [_thread_blocked, id=9384, stack(0x000000670e000000,0x000000670e100000)]
  0x00000233e3062800 JavaThread "Asynchronous log dispatcher for DefaultDaemonConnection: socket connection from /127.0.0.1:57357 to /127.0.0.1:57358" [_thread_blocked, id=5084, stack(0x000000670e200000,0x000000670e300000)]
  0x00000233e3c7a800 JavaThread "Stdin handler" [_thread_blocked, id=508, stack(0x000000670e300000,0x000000670e400000)]
  0x00000233e3d6a000 JavaThread "Thread-8" [_thread_blocked, id=6760, stack(0x000000670e400000,0x000000670e500000)]
  0x00000233e3d6d000 JavaThread "Cache worker for file hash cache (C:\Users\pedre\.gradle\caches\6.0.1\fileHashes)" [_thread_blocked, id=2072, stack(0x000000670e100000,0x000000670e200000)]
  0x00000233e3d6b800 JavaThread "File lock request listener" [_thread_in_native, id=6964, stack(0x000000670e500000,0x000000670e600000)]
  0x00000233e3d69000 JavaThread "Cache worker for journal cache (C:\Users\pedre\.gradle\caches\journal-1)" [_thread_blocked, id=7608, stack(0x000000670e600000,0x000000670e700000)]
  0x00000233e3d6a800 JavaThread "Cache worker for file hash cache (C:\Users\pedre\IdeaProjects\java-assignment-4-techjobs-persistent-edition-Alejo8835\.gradle\6.0.1\fileHashes)" [_thread_blocked, id=896, stack(0x000000670e800000,0x000000670e900000)]
  0x00000233e7428800 JavaThread "Cache worker for cache directory md-supplier (C:\Users\pedre\.gradle\caches\6.0.1\md-supplier)" [_thread_blocked, id=6676, stack(0x000000670e900000,0x000000670ea00000)]
  0x00000233e742a000 JavaThread "Cache worker for cache directory md-rule (C:\Users\pedre\.gradle\caches\6.0.1\md-rule)" [_thread_blocked, id=10500, stack(0x000000670ea00000,0x000000670eb00000)]
  0x00000233e742b800 JavaThread "Cache worker for execution history cache (C:\Users\pedre\.gradle\caches\6.0.1\executionHistory)" [_thread_blocked, id=5648, stack(0x000000670eb00000,0x000000670ec00000)]
  0x00000233e742c800 JavaThread "Build operations" [_thread_blocked, id=7484, stack(0x000000670ec00000,0x000000670ed00000)]
  0x00000233e742f000 JavaThread "Build operations Thread 2" [_thread_blocked, id=544, stack(0x000000670ed00000,0x000000670ee00000)]
  0x00000233e7429000 JavaThread "Build operations Thread 3" [_thread_blocked, id=5916, stack(0x000000670ee00000,0x000000670ef00000)]
  0x00000233e7433000 JavaThread "Build operations Thread 4" [_thread_blocked, id=496, stack(0x000000670ef00000,0x000000670f000000)]
  0x00000233e7430000 JavaThread "Cache worker for Build Output Cleanup Cache (C:\Users\pedre\IdeaProjects\java-assignment-4-techjobs-persistent-edition-Alejo8835\.gradle\buildOutputCleanup)" [_thread_blocked, id=5880, stack(0x000000670f000000,0x000000670f100000)]
  0x00000233e7430800 JavaThread "Memory manager" [_thread_blocked, id=9432, stack(0x000000670f100000,0x000000670f200000)]
  0x00000233e7437000 JavaThread "Cache worker for file content cache (C:\Users\pedre\.gradle\caches\6.0.1\fileContent)" [_thread_blocked, id=7840, stack(0x000000670f200000,0x000000670f300000)]
  0x00000233e7435800 JavaThread "Cache worker for file content cache (C:\Users\pedre\IdeaProjects\java-assignment-4-techjobs-persistent-edition-Alejo8835\.gradle\6.0.1\fileContent)" [_thread_blocked, id=10948, stack(0x000000670f300000,0x000000670f400000)]
  0x00000233e7431800 JavaThread "Execution worker for ':'" [_thread_blocked, id=6052, stack(0x000000670f400000,0x000000670f500000)]
  0x00000233e7434800 JavaThread "Execution worker for ':' Thread 2" [_thread_blocked, id=9620, stack(0x000000670f500000,0x000000670f600000)]
  0x00000233e7432000 JavaThread "Execution worker for ':' Thread 3" [_thread_blocked, id=1232, stack(0x000000670f600000,0x000000670f700000)]
  0x00000233e5e5a000 JavaThread "Cache worker for execution history cache (C:\Users\pedre\IdeaProjects\java-assignment-4-techjobs-persistent-edition-Alejo8835\.gradle\6.0.1\executionHistory)" [_thread_blocked, id=4464, stack(0x000000670f700000,0x000000670f800000)]
  0x00000233e5e5c000 JavaThread "Cache worker for Java compile cache (C:\Users\pedre\.gradle\caches\6.0.1\javaCompile)" [_thread_blocked, id=668, stack(0x000000670f800000,0x000000670f900000)]
  0x00000233e5e58000 JavaThread "Cache worker for Java compile cache (C:\Users\pedre\IdeaProjects\java-assignment-4-techjobs-persistent-edition-Alejo8835\.gradle\6.0.1\javaCompile)" [_thread_blocked, id=7684, stack(0x000000670f900000,0x000000670fa00000)]
  0x00000233e5e59000 JavaThread "Dispatch org.gradle.api.internal.tasks.testing.results.AttachParentTestResultProcessor@400f705e" [_thread_blocked, id=9544, stack(0x000000670c500000,0x000000670c600000)]
  0x00000233e5e5a800 JavaThread "Dispatch org.gradle.api.internal.tasks.testing.processors.RestartEveryNTestClassProcessor@2f74f602" [_thread_blocked, id=6420, stack(0x000000670e700000,0x000000670e800000)]
  0x00000233e5e5b800 JavaThread "Incoming local TCP Connector on port 63775" [_thread_blocked, id=152, stack(0x000000670fa00000,0x000000670fb00000)]
  0x00000233e5e57800 JavaThread "Exec process" [_thread_in_native, id=7548, stack(0x000000670fb00000,0x000000670fc00000)]
  0x00000233e2c9f800 JavaThread "Exec process Thread 2" [_thread_blocked, id=7140, stack(0x000000670fd00000,0x000000670fe00000)]
  0x00000233e2ca4800 JavaThread "Exec process Thread 3" [_thread_in_native, id=380, stack(0x000000670fe00000,0x000000670ff00000)]
  0x00000233e2ca0800 JavaThread "Exec process Thread 4" [_thread_in_native, id=7604, stack(0x000000670ff00000,0x0000006710000000)]
  0x00000233e2ca1000 JavaThread "/127.0.0.1:63775 to /127.0.0.1:63776 workers" [_thread_blocked, id=2564, stack(0x000000670fc00000,0x000000670fd00000)]
  0x00000233e2c9e800 JavaThread "/127.0.0.1:63775 to /127.0.0.1:63776 workers Thread 2" [_thread_blocked, id=11296, stack(0x0000006710000000,0x0000006710100000)]
  0x00000233e2ca6000 JavaThread "/127.0.0.1:63775 to /127.0.0.1:63776 workers Thread 3" [_thread_blocked, id=6804, stack(0x0000006710100000,0x0000006710200000)]
  0x00000233e2ca7000 JavaThread "/127.0.0.1:63775 to /127.0.0.1:63776 workers Thread 4" [_thread_in_native, id=7116, stack(0x0000006710200000,0x0000006710300000)]

Other Threads:
  0x00000233e1305800 VMThread "VM Thread" [stack: 0x000000670cc00000,0x000000670cd00000] [id=9776]
  0x00000233e1e65800 WatcherThread [stack: 0x000000670d600000,0x000000670d700000] [id=7068]
  0x00000233c746f000 GCTaskThread "GC Thread#0" [stack: 0x000000670c700000,0x000000670c800000] [id=10072]
  0x00000233e27a4000 GCTaskThread "GC Thread#1" [stack: 0x000000670d800000,0x000000670d900000] [id=3564]
  0x00000233e2010000 GCTaskThread "GC Thread#2" [stack: 0x000000670d900000,0x000000670da00000] [id=2380]
  0x00000233e2010800 GCTaskThread "GC Thread#3" [stack: 0x000000670da00000,0x000000670db00000] [id=6708]
  0x00000233c7480000 ConcurrentGCThread "G1 Main Marker" [stack: 0x000000670c800000,0x000000670c900000] [id=5048]
  0x00000233c7483800 ConcurrentGCThread "G1 Conc#0" [stack: 0x000000670c900000,0x000000670ca00000] [id=10220]
  0x00000233c753e000 ConcurrentGCThread "G1 Refine#0" [stack: 0x000000670ca00000,0x000000670cb00000] [id=7688]
  0x00000233e11a6800 ConcurrentGCThread "G1 Young RemSet Sampling" [stack: 0x000000670cb00000,0x000000670cc00000] [id=5472]

Threads with active compile tasks:
C2 CompilerThread0    32582 9498  s    4       java.util.jar.JarFile::getInputStream (72 bytes)

VM state:not at safepoint (normal execution)

VM Mutex/Monitor currently owned by a thread: None

Heap address: 0x00000000e0000000, size: 512 MB, Compressed Oops mode: 32-bit
Narrow klass base: 0x0000000000000000, Narrow klass shift: 3
Compressed class space size: 260046848 Address: 0x0000000100000000

Heap:
 garbage-first heap   total 262144K, used 123866K [0x00000000e0000000, 0x0000000100000000)
  region size 1024K, 56 young (57344K), 17 survivors (17408K)
 Metaspace       used 62814K, capacity 64526K, committed 64768K, reserved 311296K
  class space    used 7979K, capacity 8617K, committed 8704K, reserved 253952K
Heap Regions: E=young(eden), S=young(survivor), O=old, HS=humongous(starts), HC=humongous(continues), CS=collection set, F=free, A=archive, TAMS=top-at-mark-start (previous, next)
|   0|0x00000000e0000000, 0x00000000e0100000, 0x00000000e0100000|100%| O|  |TAMS 0x00000000e0100000, 0x00000000e0000000| Untracked 
|   1|0x00000000e0100000, 0x00000000e0200000, 0x00000000e0200000|100%| O|  |TAMS 0x00000000e0200000, 0x00000000e0100000| Untracked 
|   2|0x00000000e0200000, 0x00000000e0300000, 0x00000000e0300000|100%| O|  |TAMS 0x00000000e0300000, 0x00000000e0200000| Untracked 
|   3|0x00000000e0300000, 0x00000000e0400000, 0x00000000e0400000|100%|HS|  |TAMS 0x00000000e0400000, 0x00000000e0300000| Complete 
|   4|0x00000000e0400000, 0x00000000e0500000, 0x00000000e0500000|100%|HC|  |TAMS 0x00000000e0500000, 0x00000000e0400000| Complete 
|   5|0x00000000e0500000, 0x00000000e0600000, 0x00000000e0600000|100%|HC|  |TAMS 0x00000000e0600000, 0x00000000e0500000| Complete 
|   6|0x00000000e0600000, 0x00000000e0700000, 0x00000000e0700000|100%| O|  |TAMS 0x00000000e0700000, 0x00000000e0600000| Untracked 
|   7|0x00000000e0700000, 0x00000000e0800000, 0x00000000e0800000|100%| O|  |TAMS 0x00000000e0800000, 0x00000000e0700000| Untracked 
|   8|0x00000000e0800000, 0x00000000e0900000, 0x00000000e0900000|100%| O|  |TAMS 0x00000000e0900000, 0x00000000e0800000| Untracked 
|   9|0x00000000e0900000, 0x00000000e0a00000, 0x00000000e0a00000|100%| O|  |TAMS 0x00000000e0a00000, 0x00000000e0900000| Untracked 
|  10|0x00000000e0a00000, 0x00000000e0b00000, 0x00000000e0b00000|100%| O|  |TAMS 0x00000000e0b00000, 0x00000000e0a00000| Untracked 
|  11|0x00000000e0b00000, 0x00000000e0c00000, 0x00000000e0c00000|100%| O|  |TAMS 0x00000000e0c00000, 0x00000000e0b00000| Untracked 
|  12|0x00000000e0c00000, 0x00000000e0d00000, 0x00000000e0d00000|100%| O|  |TAMS 0x00000000e0d00000, 0x00000000e0c00000| Untracked 
|  13|0x00000000e0d00000, 0x00000000e0e00000, 0x00000000e0e00000|100%| O|  |TAMS 0x00000000e0e00000, 0x00000000e0d00000| Untracked 
|  14|0x00000000e0e00000, 0x00000000e0f00000, 0x00000000e0f00000|100%| O|  |TAMS 0x00000000e0f00000, 0x00000000e0e00000| Untracked 
|  15|0x00000000e0f00000, 0x00000000e1000000, 0x00000000e1000000|100%| O|  |TAMS 0x00000000e1000000, 0x00000000e0f00000| Untracked 
|  16|0x00000000e1000000, 0x00000000e1100000, 0x00000000e1100000|100%| O|  |TAMS 0x00000000e1100000, 0x00000000e1000000| Untracked 
|  17|0x00000000e1100000, 0x00000000e1200000, 0x00000000e1200000|100%| O|  |TAMS 0x00000000e1200000, 0x00000000e1100000| Untracked 
|  18|0x00000000e1200000, 0x00000000e1300000, 0x00000000e1300000|100%| O|  |TAMS 0x00000000e1300000, 0x00000000e1200000| Untracked 
|  19|0x00000000e1300000, 0x00000000e1400000, 0x00000000e1400000|100%| O|  |TAMS 0x00000000e1400000, 0x00000000e1300000| Untracked 
|  20|0x00000000e1400000, 0x00000000e1500000, 0x00000000e1500000|100%| O|  |TAMS 0x00000000e1500000, 0x00000000e1400000| Untracked 
|  21|0x00000000e1500000, 0x00000000e1600000, 0x00000000e1600000|100%| O|  |TAMS 0x00000000e1600000, 0x00000000e1500000| Untracked 
|  22|0x00000000e1600000, 0x00000000e1700000, 0x00000000e1700000|100%| O|  |TAMS 0x00000000e1700000, 0x00000000e1600000| Untracked 
|  23|0x00000000e1700000, 0x00000000e1800000, 0x00000000e1800000|100%| O|  |TAMS 0x00000000e1800000, 0x00000000e1700000| Untracked 
|  24|0x00000000e1800000, 0x00000000e1900000, 0x00000000e1900000|100%| O|  |TAMS 0x00000000e1900000, 0x00000000e1800000| Untracked 
|  25|0x00000000e1900000, 0x00000000e1a00000, 0x00000000e1a00000|100%| O|  |TAMS 0x00000000e1a00000, 0x00000000e1900000| Untracked 
|  26|0x00000000e1a00000, 0x00000000e1b00000, 0x00000000e1b00000|100%| O|  |TAMS 0x00000000e1b00000, 0x00000000e1a00000| Untracked 
|  27|0x00000000e1b00000, 0x00000000e1c00000, 0x00000000e1c00000|100%| O|  |TAMS 0x00000000e1c00000, 0x00000000e1b00000| Untracked 
|  28|0x00000000e1c00000, 0x00000000e1d00000, 0x00000000e1d00000|100%| O|  |TAMS 0x00000000e1d00000, 0x00000000e1c00000| Untracked 
|  29|0x00000000e1d00000, 0x00000000e1e00000, 0x00000000e1e00000|100%| O|  |TAMS 0x00000000e1e00000, 0x00000000e1d00000| Untracked 
|  30|0x00000000e1e00000, 0x00000000e1f00000, 0x00000000e1f00000|100%|HS|  |TAMS 0x00000000e1f00000, 0x00000000e1e00000| Complete 
|  31|0x00000000e1f00000, 0x00000000e2000000, 0x00000000e2000000|100%| O|  |TAMS 0x00000000e2000000, 0x00000000e1f00000| Untracked 
|  32|0x00000000e2000000, 0x00000000e2100000, 0x00000000e2100000|100%| O|  |TAMS 0x00000000e2100000, 0x00000000e2000000| Untracked 
|  33|0x00000000e2100000, 0x00000000e2200000, 0x00000000e2200000|100%| O|  |TAMS 0x00000000e2200000, 0x00000000e2100000| Untracked 
|  34|0x00000000e2200000, 0x00000000e2300000, 0x00000000e2300000|100%| O|  |TAMS 0x00000000e2300000, 0x00000000e2200000| Untracked 
|  35|0x00000000e2300000, 0x00000000e2400000, 0x00000000e2400000|100%| O|  |TAMS 0x00000000e2400000, 0x00000000e2300000| Untracked 
|  36|0x00000000e2400000, 0x00000000e2500000, 0x00000000e2500000|100%| O|  |TAMS 0x00000000e2500000, 0x00000000e2400000| Untracked 
|  37|0x00000000e2500000, 0x00000000e2600000, 0x00000000e2600000|100%| O|  |TAMS 0x00000000e256a000, 0x00000000e2500000| Untracked 
|  38|0x00000000e2600000, 0x00000000e2600000, 0x00000000e2700000|  0%| F|  |TAMS 0x00000000e2600000, 0x00000000e2600000| Untracked 
|  39|0x00000000e2700000, 0x00000000e2700000, 0x00000000e2800000|  0%| F|  |TAMS 0x00000000e2700000, 0x00000000e2700000| Untracked 
|  40|0x00000000e2800000, 0x00000000e2900000, 0x00000000e2900000|100%|HS|  |TAMS 0x00000000e2800000, 0x00000000e2800000| Complete 
|  41|0x00000000e2900000, 0x00000000e2a00000, 0x00000000e2a00000|100%| O|  |TAMS 0x00000000e2900000, 0x00000000e2900000| Untracked 
|  42|0x00000000e2a00000, 0x00000000e2b00000, 0x00000000e2b00000|100%| O|  |TAMS 0x00000000e2a00000, 0x00000000e2a00000| Untracked 
|  43|0x00000000e2b00000, 0x00000000e2c00000, 0x00000000e2c00000|100%| O|  |TAMS 0x00000000e2b00000, 0x00000000e2b00000| Untracked 
|  44|0x00000000e2c00000, 0x00000000e2d00000, 0x00000000e2d00000|100%| O|  |TAMS 0x00000000e2c00000, 0x00000000e2c00000| Untracked 
|  45|0x00000000e2d00000, 0x00000000e2e00000, 0x00000000e2e00000|100%| O|  |TAMS 0x00000000e2d00000, 0x00000000e2d00000| Untracked 
|  46|0x00000000e2e00000, 0x00000000e2f00000, 0x00000000e2f00000|100%| O|  |TAMS 0x00000000e2e00000, 0x00000000e2e00000| Untracked 
|  47|0x00000000e2f00000, 0x00000000e3000000, 0x00000000e3000000|100%| O|  |TAMS 0x00000000e2f00000, 0x00000000e2f00000| Untracked 
|  48|0x00000000e3000000, 0x00000000e3100000, 0x00000000e3100000|100%| O|  |TAMS 0x00000000e3000000, 0x00000000e3000000| Untracked 
|  49|0x00000000e3100000, 0x00000000e3200000, 0x00000000e3200000|100%| O|  |TAMS 0x00000000e3100000, 0x00000000e3100000| Untracked 
|  50|0x00000000e3200000, 0x00000000e3300000, 0x00000000e3300000|100%| O|  |TAMS 0x00000000e3200000, 0x00000000e3200000| Untracked 
|  51|0x00000000e3300000, 0x00000000e3400000, 0x00000000e3400000|100%| O|  |TAMS 0x00000000e3300000, 0x00000000e3300000| Untracked 
|  52|0x00000000e3400000, 0x00000000e3500000, 0x00000000e3500000|100%| O|  |TAMS 0x00000000e3400000, 0x00000000e3400000| Untracked 
|  53|0x00000000e3500000, 0x00000000e3600000, 0x00000000e3600000|100%| O|  |TAMS 0x00000000e3500000, 0x00000000e3500000| Untracked 
|  54|0x00000000e3600000, 0x00000000e3700000, 0x00000000e3700000|100%| O|  |TAMS 0x00000000e3600000, 0x00000000e3600000| Untracked 
|  55|0x00000000e3700000, 0x00000000e3800000, 0x00000000e3800000|100%| O|  |TAMS 0x00000000e3700000, 0x00000000e3700000| Untracked 
|  56|0x00000000e3800000, 0x00000000e3900000, 0x00000000e3900000|100%| O|  |TAMS 0x00000000e3800000, 0x00000000e3800000| Untracked 
|  57|0x00000000e3900000, 0x00000000e3a00000, 0x00000000e3a00000|100%| O|  |TAMS 0x00000000e3900000, 0x00000000e3900000| Untracked 
|  58|0x00000000e3a00000, 0x00000000e3b00000, 0x00000000e3b00000|100%| O|  |TAMS 0x00000000e3a00000, 0x00000000e3a00000| Untracked 
|  59|0x00000000e3b00000, 0x00000000e3c00000, 0x00000000e3c00000|100%| O|  |TAMS 0x00000000e3b00000, 0x00000000e3b00000| Untracked 
|  60|0x00000000e3c00000, 0x00000000e3d00000, 0x00000000e3d00000|100%| O|  |TAMS 0x00000000e3c00000, 0x00000000e3c00000| Untracked 
|  61|0x00000000e3d00000, 0x00000000e3e00000, 0x00000000e3e00000|100%| O|  |TAMS 0x00000000e3d00000, 0x00000000e3d00000| Untracked 
|  62|0x00000000e3e00000, 0x00000000e3f00000, 0x00000000e3f00000|100%| O|  |TAMS 0x00000000e3e00000, 0x00000000e3e00000| Untracked 
|  63|0x00000000e3f00000, 0x00000000e4000000, 0x00000000e4000000|100%| O|  |TAMS 0x00000000e3f00000, 0x00000000e3f00000| Untracked 
|  64|0x00000000e4000000, 0x00000000e4100000, 0x00000000e4100000|100%| O|  |TAMS 0x00000000e4000000, 0x00000000e4000000| Untracked 
|  65|0x00000000e4100000, 0x00000000e4200000, 0x00000000e4200000|100%| O|  |TAMS 0x00000000e4100000, 0x00000000e4100000| Untracked 
|  66|0x00000000e4200000, 0x00000000e4300000, 0x00000000e4300000|100%| O|  |TAMS 0x00000000e4200000, 0x00000000e4200000| Untracked 
|  67|0x00000000e4300000, 0x00000000e43f6a00, 0x00000000e4400000| 96%| O|  |TAMS 0x00000000e4300000, 0x00000000e4300000| Untracked 
|  68|0x00000000e4400000, 0x00000000e4400000, 0x00000000e4500000|  0%| F|  |TAMS 0x00000000e4400000, 0x00000000e4400000| Untracked 
|  69|0x00000000e4500000, 0x00000000e4500000, 0x00000000e4600000|  0%| F|  |TAMS 0x00000000e4500000, 0x00000000e4500000| Untracked 
|  70|0x00000000e4600000, 0x00000000e4600000, 0x00000000e4700000|  0%| F|  |TAMS 0x00000000e4600000, 0x00000000e4600000| Untracked 
|  71|0x00000000e4700000, 0x00000000e4700000, 0x00000000e4800000|  0%| F|  |TAMS 0x00000000e4700000, 0x00000000e4700000| Untracked 
|  72|0x00000000e4800000, 0x00000000e4800000, 0x00000000e4900000|  0%| F|  |TAMS 0x00000000e4800000, 0x00000000e4800000| Untracked 
|  73|0x00000000e4900000, 0x00000000e4900000, 0x00000000e4a00000|  0%| F|  |TAMS 0x00000000e4900000, 0x00000000e4900000| Untracked 
|  74|0x00000000e4a00000, 0x00000000e4a00000, 0x00000000e4b00000|  0%| F|  |TAMS 0x00000000e4a00000, 0x00000000e4a00000| Untracked 
|  75|0x00000000e4b00000, 0x00000000e4b00000, 0x00000000e4c00000|  0%| F|  |TAMS 0x00000000e4b00000, 0x00000000e4b00000| Untracked 
|  76|0x00000000e4c00000, 0x00000000e4c00000, 0x00000000e4d00000|  0%| F|  |TAMS 0x00000000e4c00000, 0x00000000e4c00000| Untracked 
|  77|0x00000000e4d00000, 0x00000000e4d00000, 0x00000000e4e00000|  0%| F|  |TAMS 0x00000000e4d00000, 0x00000000e4d00000| Untracked 
|  78|0x00000000e4e00000, 0x00000000e4e00000, 0x00000000e4f00000|  0%| F|  |TAMS 0x00000000e4e00000, 0x00000000e4e00000| Untracked 
|  79|0x00000000e4f00000, 0x00000000e4f00000, 0x00000000e5000000|  0%| F|  |TAMS 0x00000000e4f00000, 0x00000000e4f00000| Untracked 
|  80|0x00000000e5000000, 0x00000000e5000000, 0x00000000e5100000|  0%| F|  |TAMS 0x00000000e5000000, 0x00000000e5000000| Untracked 
|  81|0x00000000e5100000, 0x00000000e5100000, 0x00000000e5200000|  0%| F|  |TAMS 0x00000000e5100000, 0x00000000e5100000| Untracked 
|  82|0x00000000e5200000, 0x00000000e5200000, 0x00000000e5300000|  0%| F|  |TAMS 0x00000000e5200000, 0x00000000e5200000| Untracked 
|  83|0x00000000e5300000, 0x00000000e5300000, 0x00000000e5400000|  0%| F|  |TAMS 0x00000000e5300000, 0x00000000e5300000| Untracked 
|  84|0x00000000e5400000, 0x00000000e5400000, 0x00000000e5500000|  0%| F|  |TAMS 0x00000000e5400000, 0x00000000e5400000| Untracked 
|  85|0x00000000e5500000, 0x00000000e5500000, 0x00000000e5600000|  0%| F|  |TAMS 0x00000000e5500000, 0x00000000e5500000| Untracked 
|  86|0x00000000e5600000, 0x00000000e5600000, 0x00000000e5700000|  0%| F|  |TAMS 0x00000000e5600000, 0x00000000e5600000| Untracked 
|  87|0x00000000e5700000, 0x00000000e5700000, 0x00000000e5800000|  0%| F|  |TAMS 0x00000000e5700000, 0x00000000e5700000| Untracked 
|  88|0x00000000e5800000, 0x00000000e5800000, 0x00000000e5900000|  0%| F|  |TAMS 0x00000000e5800000, 0x00000000e5800000| Untracked 
|  89|0x00000000e5900000, 0x00000000e5900000, 0x00000000e5a00000|  0%| F|  |TAMS 0x00000000e5900000, 0x00000000e5900000| Untracked 
|  90|0x00000000e5a00000, 0x00000000e5a00000, 0x00000000e5b00000|  0%| F|  |TAMS 0x00000000e5a00000, 0x00000000e5a00000| Untracked 
|  91|0x00000000e5b00000, 0x00000000e5b00000, 0x00000000e5c00000|  0%| F|  |TAMS 0x00000000e5b00000, 0x00000000e5b00000| Untracked 
|  92|0x00000000e5c00000, 0x00000000e5c00000, 0x00000000e5d00000|  0%| F|  |TAMS 0x00000000e5c00000, 0x00000000e5c00000| Untracked 
|  93|0x00000000e5d00000, 0x00000000e5d00000, 0x00000000e5e00000|  0%| F|  |TAMS 0x00000000e5d00000, 0x00000000e5d00000| Untracked 
|  94|0x00000000e5e00000, 0x00000000e5e00000, 0x00000000e5f00000|  0%| F|  |TAMS 0x00000000e5e00000, 0x00000000e5e00000| Untracked 
|  95|0x00000000e5f00000, 0x00000000e5f00000, 0x00000000e6000000|  0%| F|  |TAMS 0x00000000e5f00000, 0x00000000e5f00000| Untracked 
|  96|0x00000000e6000000, 0x00000000e6000000, 0x00000000e6100000|  0%| F|  |TAMS 0x00000000e6000000, 0x00000000e6000000| Untracked 
|  97|0x00000000e6100000, 0x00000000e6100000, 0x00000000e6200000|  0%| F|  |TAMS 0x00000000e6100000, 0x00000000e6100000| Untracked 
|  98|0x00000000e6200000, 0x00000000e6200000, 0x00000000e6300000|  0%| F|  |TAMS 0x00000000e6200000, 0x00000000e6200000| Untracked 
|  99|0x00000000e6300000, 0x00000000e6300000, 0x00000000e6400000|  0%| F|  |TAMS 0x00000000e6300000, 0x00000000e6300000| Untracked 
| 100|0x00000000e6400000, 0x00000000e6400000, 0x00000000e6500000|  0%| F|  |TAMS 0x00000000e6400000, 0x00000000e6400000| Untracked 
| 101|0x00000000e6500000, 0x00000000e6500000, 0x00000000e6600000|  0%| F|  |TAMS 0x00000000e6500000, 0x00000000e6500000| Untracked 
| 102|0x00000000e6600000, 0x00000000e6600000, 0x00000000e6700000|  0%| F|  |TAMS 0x00000000e6600000, 0x00000000e6600000| Untracked 
| 103|0x00000000e6700000, 0x00000000e6700000, 0x00000000e6800000|  0%| F|  |TAMS 0x00000000e6700000, 0x00000000e6700000| Untracked 
| 104|0x00000000e6800000, 0x00000000e6800000, 0x00000000e6900000|  0%| F|  |TAMS 0x00000000e6800000, 0x00000000e6800000| Untracked 
| 105|0x00000000e6900000, 0x00000000e6a00000, 0x00000000e6a00000|100%| S|CS|TAMS 0x00000000e6900000, 0x00000000e6900000| Complete 
| 106|0x00000000e6a00000, 0x00000000e6b00000, 0x00000000e6b00000|100%| S|CS|TAMS 0x00000000e6a00000, 0x00000000e6a00000| Complete 
| 107|0x00000000e6b00000, 0x00000000e6c00000, 0x00000000e6c00000|100%| S|CS|TAMS 0x00000000e6b00000, 0x00000000e6b00000| Complete 
| 108|0x00000000e6c00000, 0x00000000e6d00000, 0x00000000e6d00000|100%| S|CS|TAMS 0x00000000e6c00000, 0x00000000e6c00000| Complete 
| 109|0x00000000e6d00000, 0x00000000e6e00000, 0x00000000e6e00000|100%| S|CS|TAMS 0x00000000e6d00000, 0x00000000e6d00000| Complete 
| 110|0x00000000e6e00000, 0x00000000e6f00000, 0x00000000e6f00000|100%| S|CS|TAMS 0x00000000e6e00000, 0x00000000e6e00000| Complete 
| 111|0x00000000e6f00000, 0x00000000e7000000, 0x00000000e7000000|100%| S|CS|TAMS 0x00000000e6f00000, 0x00000000e6f00000| Complete 
| 112|0x00000000e7000000, 0x00000000e7100000, 0x00000000e7100000|100%| S|CS|TAMS 0x00000000e7000000, 0x00000000e7000000| Complete 
| 113|0x00000000e7100000, 0x00000000e7200000, 0x00000000e7200000|100%| S|CS|TAMS 0x00000000e7100000, 0x00000000e7100000| Complete 
| 114|0x00000000e7200000, 0x00000000e7300000, 0x00000000e7300000|100%| S|CS|TAMS 0x00000000e7200000, 0x00000000e7200000| Complete 
| 115|0x00000000e7300000, 0x00000000e7400000, 0x00000000e7400000|100%| S|CS|TAMS 0x00000000e7300000, 0x00000000e7300000| Complete 
| 116|0x00000000e7400000, 0x00000000e7500000, 0x00000000e7500000|100%| S|CS|TAMS 0x00000000e7400000, 0x00000000e7400000| Complete 
| 117|0x00000000e7500000, 0x00000000e7600000, 0x00000000e7600000|100%| S|CS|TAMS 0x00000000e7500000, 0x00000000e7500000| Complete 
| 118|0x00000000e7600000, 0x00000000e7700000, 0x00000000e7700000|100%| S|CS|TAMS 0x00000000e7600000, 0x00000000e7600000| Complete 
| 119|0x00000000e7700000, 0x00000000e7800000, 0x00000000e7800000|100%| S|CS|TAMS 0x00000000e7700000, 0x00000000e7700000| Complete 
| 120|0x00000000e7800000, 0x00000000e7900000, 0x00000000e7900000|100%| S|CS|TAMS 0x00000000e7800000, 0x00000000e7800000| Complete 
| 121|0x00000000e7900000, 0x00000000e7a00000, 0x00000000e7a00000|100%| S|CS|TAMS 0x00000000e7900000, 0x00000000e7900000| Complete 
| 122|0x00000000e7a00000, 0x00000000e7a00000, 0x00000000e7b00000|  0%| F|  |TAMS 0x00000000e7a00000, 0x00000000e7a00000| Untracked 
| 123|0x00000000e7b00000, 0x00000000e7b00000, 0x00000000e7c00000|  0%| F|  |TAMS 0x00000000e7b00000, 0x00000000e7b00000| Untracked 
| 124|0x00000000e7c00000, 0x00000000e7c00000, 0x00000000e7d00000|  0%| F|  |TAMS 0x00000000e7c00000, 0x00000000e7c00000| Untracked 
| 125|0x00000000e7d00000, 0x00000000e7d00000, 0x00000000e7e00000|  0%| F|  |TAMS 0x00000000e7d00000, 0x00000000e7d00000| Untracked 
| 126|0x00000000e7e00000, 0x00000000e7e00000, 0x00000000e7f00000|  0%| F|  |TAMS 0x00000000e7e00000, 0x00000000e7e00000| Untracked 
| 127|0x00000000e7f00000, 0x00000000e7f00000, 0x00000000e8000000|  0%| F|  |TAMS 0x00000000e7f00000, 0x00000000e7f00000| Untracked 
| 128|0x00000000e8000000, 0x00000000e8000000, 0x00000000e8100000|  0%| F|  |TAMS 0x00000000e8000000, 0x00000000e8000000| Untracked 
| 129|0x00000000e8100000, 0x00000000e8100000, 0x00000000e8200000|  0%| F|  |TAMS 0x00000000e8100000, 0x00000000e8100000| Untracked 
| 130|0x00000000e8200000, 0x00000000e8200000, 0x00000000e8300000|  0%| F|  |TAMS 0x00000000e8200000, 0x00000000e8200000| Untracked 
| 131|0x00000000e8300000, 0x00000000e8300000, 0x00000000e8400000|  0%| F|  |TAMS 0x00000000e8300000, 0x00000000e8300000| Untracked 
| 132|0x00000000e8400000, 0x00000000e8400000, 0x00000000e8500000|  0%| F|  |TAMS 0x00000000e8400000, 0x00000000e8400000| Untracked 
| 133|0x00000000e8500000, 0x00000000e8500000, 0x00000000e8600000|  0%| F|  |TAMS 0x00000000e8500000, 0x00000000e8500000| Untracked 
| 134|0x00000000e8600000, 0x00000000e8600000, 0x00000000e8700000|  0%| F|  |TAMS 0x00000000e8600000, 0x00000000e8600000| Untracked 
| 135|0x00000000e8700000, 0x00000000e8700000, 0x00000000e8800000|  0%| F|  |TAMS 0x00000000e8700000, 0x00000000e8700000| Untracked 
| 136|0x00000000e8800000, 0x00000000e8800000, 0x00000000e8900000|  0%| F|  |TAMS 0x00000000e8800000, 0x00000000e8800000| Untracked 
| 137|0x00000000e8900000, 0x00000000e8900000, 0x00000000e8a00000|  0%| F|  |TAMS 0x00000000e8900000, 0x00000000e8900000| Untracked 
| 138|0x00000000e8a00000, 0x00000000e8a00000, 0x00000000e8b00000|  0%| F|  |TAMS 0x00000000e8a00000, 0x00000000e8a00000| Untracked 
| 139|0x00000000e8b00000, 0x00000000e8b00000, 0x00000000e8c00000|  0%| F|  |TAMS 0x00000000e8b00000, 0x00000000e8b00000| Untracked 
| 140|0x00000000e8c00000, 0x00000000e8c00000, 0x00000000e8d00000|  0%| F|  |TAMS 0x00000000e8c00000, 0x00000000e8c00000| Untracked 
| 141|0x00000000e8d00000, 0x00000000e8d00000, 0x00000000e8e00000|  0%| F|  |TAMS 0x00000000e8d00000, 0x00000000e8d00000| Untracked 
| 142|0x00000000e8e00000, 0x00000000e8e00000, 0x00000000e8f00000|  0%| F|  |TAMS 0x00000000e8e00000, 0x00000000e8e00000| Untracked 
| 143|0x00000000e8f00000, 0x00000000e8f00000, 0x00000000e9000000|  0%| F|  |TAMS 0x00000000e8f00000, 0x00000000e8f00000| Untracked 
| 144|0x00000000e9000000, 0x00000000e9000000, 0x00000000e9100000|  0%| F|  |TAMS 0x00000000e9000000, 0x00000000e9000000| Untracked 
| 145|0x00000000e9100000, 0x00000000e9100000, 0x00000000e9200000|  0%| F|  |TAMS 0x00000000e9100000, 0x00000000e9100000| Untracked 
| 146|0x00000000e9200000, 0x00000000e9200000, 0x00000000e9300000|  0%| F|  |TAMS 0x00000000e9200000, 0x00000000e9200000| Untracked 
| 147|0x00000000e9300000, 0x00000000e9300000, 0x00000000e9400000|  0%| F|  |TAMS 0x00000000e9300000, 0x00000000e9300000| Untracked 
| 148|0x00000000e9400000, 0x00000000e9400000, 0x00000000e9500000|  0%| F|  |TAMS 0x00000000e9400000, 0x00000000e9400000| Untracked 
| 149|0x00000000e9500000, 0x00000000e9500000, 0x00000000e9600000|  0%| F|  |TAMS 0x00000000e9500000, 0x00000000e9500000| Untracked 
| 150|0x00000000e9600000, 0x00000000e9600000, 0x00000000e9700000|  0%| F|  |TAMS 0x00000000e9600000, 0x00000000e9600000| Untracked 
| 151|0x00000000e9700000, 0x00000000e9700000, 0x00000000e9800000|  0%| F|  |TAMS 0x00000000e9700000, 0x00000000e9700000| Untracked 
| 152|0x00000000e9800000, 0x00000000e9800000, 0x00000000e9900000|  0%| F|  |TAMS 0x00000000e9800000, 0x00000000e9800000| Untracked 
| 153|0x00000000e9900000, 0x00000000e9900000, 0x00000000e9a00000|  0%| F|  |TAMS 0x00000000e9900000, 0x00000000e9900000| Untracked 
| 154|0x00000000e9a00000, 0x00000000e9a00000, 0x00000000e9b00000|  0%| F|  |TAMS 0x00000000e9a00000, 0x00000000e9a00000| Untracked 
| 155|0x00000000e9b00000, 0x00000000e9b00000, 0x00000000e9c00000|  0%| F|  |TAMS 0x00000000e9b00000, 0x00000000e9b00000| Untracked 
| 156|0x00000000e9c00000, 0x00000000e9c00000, 0x00000000e9d00000|  0%| F|  |TAMS 0x00000000e9c00000, 0x00000000e9c00000| Untracked 
| 157|0x00000000e9d00000, 0x00000000e9d00000, 0x00000000e9e00000|  0%| F|  |TAMS 0x00000000e9d00000, 0x00000000e9d00000| Untracked 
| 158|0x00000000e9e00000, 0x00000000e9e00000, 0x00000000e9f00000|  0%| F|  |TAMS 0x00000000e9e00000, 0x00000000e9e00000| Untracked 
| 159|0x00000000e9f00000, 0x00000000e9f00000, 0x00000000ea000000|  0%| F|  |TAMS 0x00000000e9f00000, 0x00000000e9f00000| Untracked 
| 160|0x00000000ea000000, 0x00000000ea000000, 0x00000000ea100000|  0%| F|  |TAMS 0x00000000ea000000, 0x00000000ea000000| Untracked 
| 161|0x00000000ea100000, 0x00000000ea100000, 0x00000000ea200000|  0%| F|  |TAMS 0x00000000ea100000, 0x00000000ea100000| Untracked 
| 162|0x00000000ea200000, 0x00000000ea200000, 0x00000000ea300000|  0%| F|  |TAMS 0x00000000ea200000, 0x00000000ea200000| Untracked 
| 163|0x00000000ea300000, 0x00000000ea300000, 0x00000000ea400000|  0%| F|  |TAMS 0x00000000ea300000, 0x00000000ea300000| Untracked 
| 164|0x00000000ea400000, 0x00000000ea400000, 0x00000000ea500000|  0%| F|  |TAMS 0x00000000ea400000, 0x00000000ea400000| Untracked 
| 165|0x00000000ea500000, 0x00000000ea500000, 0x00000000ea600000|  0%| F|  |TAMS 0x00000000ea500000, 0x00000000ea500000| Untracked 
| 166|0x00000000ea600000, 0x00000000ea600000, 0x00000000ea700000|  0%| F|  |TAMS 0x00000000ea600000, 0x00000000ea600000| Untracked 
| 167|0x00000000ea700000, 0x00000000ea700000, 0x00000000ea800000|  0%| F|  |TAMS 0x00000000ea700000, 0x00000000ea700000| Untracked 
| 168|0x00000000ea800000, 0x00000000ea800000, 0x00000000ea900000|  0%| F|  |TAMS 0x00000000ea800000, 0x00000000ea800000| Untracked 
| 169|0x00000000ea900000, 0x00000000ea900000, 0x00000000eaa00000|  0%| F|  |TAMS 0x00000000ea900000, 0x00000000ea900000| Untracked 
| 170|0x00000000eaa00000, 0x00000000eaa00000, 0x00000000eab00000|  0%| F|  |TAMS 0x00000000eaa00000, 0x00000000eaa00000| Untracked 
| 171|0x00000000eab00000, 0x00000000eab00000, 0x00000000eac00000|  0%| F|  |TAMS 0x00000000eab00000, 0x00000000eab00000| Untracked 
| 172|0x00000000eac00000, 0x00000000eac00000, 0x00000000ead00000|  0%| F|  |TAMS 0x00000000eac00000, 0x00000000eac00000| Untracked 
| 173|0x00000000ead00000, 0x00000000ead00000, 0x00000000eae00000|  0%| F|  |TAMS 0x00000000ead00000, 0x00000000ead00000| Untracked 
| 174|0x00000000eae00000, 0x00000000eae00000, 0x00000000eaf00000|  0%| F|  |TAMS 0x00000000eae00000, 0x00000000eae00000| Untracked 
| 175|0x00000000eaf00000, 0x00000000eaf00000, 0x00000000eb000000|  0%| F|  |TAMS 0x00000000eaf00000, 0x00000000eaf00000| Untracked 
| 176|0x00000000eb000000, 0x00000000eb000000, 0x00000000eb100000|  0%| F|  |TAMS 0x00000000eb000000, 0x00000000eb000000| Untracked 
| 177|0x00000000eb100000, 0x00000000eb100000, 0x00000000eb200000|  0%| F|  |TAMS 0x00000000eb100000, 0x00000000eb100000| Untracked 
| 178|0x00000000eb200000, 0x00000000eb200000, 0x00000000eb300000|  0%| F|  |TAMS 0x00000000eb200000, 0x00000000eb200000| Untracked 
| 179|0x00000000eb300000, 0x00000000eb300000, 0x00000000eb400000|  0%| F|  |TAMS 0x00000000eb300000, 0x00000000eb300000| Untracked 
| 180|0x00000000eb400000, 0x00000000eb400000, 0x00000000eb500000|  0%| F|  |TAMS 0x00000000eb400000, 0x00000000eb400000| Untracked 
| 181|0x00000000eb500000, 0x00000000eb500000, 0x00000000eb600000|  0%| F|  |TAMS 0x00000000eb500000, 0x00000000eb500000| Untracked 
| 182|0x00000000eb600000, 0x00000000eb600000, 0x00000000eb700000|  0%| F|  |TAMS 0x00000000eb600000, 0x00000000eb600000| Untracked 
| 183|0x00000000eb700000, 0x00000000eb700000, 0x00000000eb800000|  0%| F|  |TAMS 0x00000000eb700000, 0x00000000eb700000| Untracked 
| 184|0x00000000eb800000, 0x00000000eb800000, 0x00000000eb900000|  0%| F|  |TAMS 0x00000000eb800000, 0x00000000eb800000| Untracked 
| 185|0x00000000eb900000, 0x00000000eb900000, 0x00000000eba00000|  0%| F|  |TAMS 0x00000000eb900000, 0x00000000eb900000| Untracked 
| 186|0x00000000eba00000, 0x00000000eba00000, 0x00000000ebb00000|  0%| F|  |TAMS 0x00000000eba00000, 0x00000000eba00000| Untracked 
| 187|0x00000000ebb00000, 0x00000000ebb00000, 0x00000000ebc00000|  0%| F|  |TAMS 0x00000000ebb00000, 0x00000000ebb00000| Untracked 
| 188|0x00000000ebc00000, 0x00000000ebc00000, 0x00000000ebd00000|  0%| F|  |TAMS 0x00000000ebc00000, 0x00000000ebc00000| Untracked 
| 189|0x00000000ebd00000, 0x00000000ebd00000, 0x00000000ebe00000|  0%| F|  |TAMS 0x00000000ebd00000, 0x00000000ebd00000| Untracked 
| 190|0x00000000ebe00000, 0x00000000ebe00000, 0x00000000ebf00000|  0%| F|  |TAMS 0x00000000ebe00000, 0x00000000ebe00000| Untracked 
| 191|0x00000000ebf00000, 0x00000000ebf00000, 0x00000000ec000000|  0%| F|  |TAMS 0x00000000ebf00000, 0x00000000ebf00000| Untracked 
| 192|0x00000000ec000000, 0x00000000ec000000, 0x00000000ec100000|  0%| F|  |TAMS 0x00000000ec000000, 0x00000000ec000000| Untracked 
| 193|0x00000000ec100000, 0x00000000ec100000, 0x00000000ec200000|  0%| F|  |TAMS 0x00000000ec100000, 0x00000000ec100000| Untracked 
| 194|0x00000000ec200000, 0x00000000ec200000, 0x00000000ec300000|  0%| F|  |TAMS 0x00000000ec200000, 0x00000000ec200000| Untracked 
| 195|0x00000000ec300000, 0x00000000ec300000, 0x00000000ec400000|  0%| F|  |TAMS 0x00000000ec300000, 0x00000000ec300000| Untracked 
| 196|0x00000000ec400000, 0x00000000ec400000, 0x00000000ec500000|  0%| F|  |TAMS 0x00000000ec400000, 0x00000000ec400000| Untracked 
| 197|0x00000000ec500000, 0x00000000ec500000, 0x00000000ec600000|  0%| F|  |TAMS 0x00000000ec500000, 0x00000000ec500000| Untracked 
| 198|0x00000000ec600000, 0x00000000ec600000, 0x00000000ec700000|  0%| F|  |TAMS 0x00000000ec600000, 0x00000000ec600000| Untracked 
| 199|0x00000000ec700000, 0x00000000ec700000, 0x00000000ec800000|  0%| F|  |TAMS 0x00000000ec700000, 0x00000000ec700000| Untracked 
| 200|0x00000000ec800000, 0x00000000ec800000, 0x00000000ec900000|  0%| F|  |TAMS 0x00000000ec800000, 0x00000000ec800000| Untracked 
| 201|0x00000000ec900000, 0x00000000ec900000, 0x00000000eca00000|  0%| F|  |TAMS 0x00000000ec900000, 0x00000000ec900000| Untracked 
| 202|0x00000000eca00000, 0x00000000eca00000, 0x00000000ecb00000|  0%| F|  |TAMS 0x00000000eca00000, 0x00000000eca00000| Untracked 
| 203|0x00000000ecb00000, 0x00000000ecb00000, 0x00000000ecc00000|  0%| F|  |TAMS 0x00000000ecb00000, 0x00000000ecb00000| Untracked 
| 204|0x00000000ecc00000, 0x00000000ecc00000, 0x00000000ecd00000|  0%| F|  |TAMS 0x00000000ecc00000, 0x00000000ecc00000| Untracked 
| 205|0x00000000ecd00000, 0x00000000ecd00000, 0x00000000ece00000|  0%| F|  |TAMS 0x00000000ecd00000, 0x00000000ecd00000| Untracked 
| 206|0x00000000ece00000, 0x00000000ece00000, 0x00000000ecf00000|  0%| F|  |TAMS 0x00000000ece00000, 0x00000000ece00000| Untracked 
| 207|0x00000000ecf00000, 0x00000000ecf00000, 0x00000000ed000000|  0%| F|  |TAMS 0x00000000ecf00000, 0x00000000ecf00000| Untracked 
| 208|0x00000000ed000000, 0x00000000ed000000, 0x00000000ed100000|  0%| F|  |TAMS 0x00000000ed000000, 0x00000000ed000000| Untracked 
| 209|0x00000000ed100000, 0x00000000ed100000, 0x00000000ed200000|  0%| F|  |TAMS 0x00000000ed100000, 0x00000000ed100000| Untracked 
| 210|0x00000000ed200000, 0x00000000ed200000, 0x00000000ed300000|  0%| F|  |TAMS 0x00000000ed200000, 0x00000000ed200000| Untracked 
| 211|0x00000000ed300000, 0x00000000ed300000, 0x00000000ed400000|  0%| F|  |TAMS 0x00000000ed300000, 0x00000000ed300000| Untracked 
| 212|0x00000000ed400000, 0x00000000ed400000, 0x00000000ed500000|  0%| F|  |TAMS 0x00000000ed400000, 0x00000000ed400000| Untracked 
| 213|0x00000000ed500000, 0x00000000ed500000, 0x00000000ed600000|  0%| F|  |TAMS 0x00000000ed500000, 0x00000000ed500000| Untracked 
| 214|0x00000000ed600000, 0x00000000ed600000, 0x00000000ed700000|  0%| F|  |TAMS 0x00000000ed600000, 0x00000000ed600000| Untracked 
| 215|0x00000000ed700000, 0x00000000ed700000, 0x00000000ed800000|  0%| F|  |TAMS 0x00000000ed700000, 0x00000000ed700000| Untracked 
| 216|0x00000000ed800000, 0x00000000ed800000, 0x00000000ed900000|  0%| F|  |TAMS 0x00000000ed800000, 0x00000000ed800000| Untracked 
| 217|0x00000000ed900000, 0x00000000ed900800, 0x00000000eda00000|  0%| E|  |TAMS 0x00000000ed900000, 0x00000000ed900000| Complete 
| 218|0x00000000eda00000, 0x00000000edb00000, 0x00000000edb00000|100%| E|CS|TAMS 0x00000000eda00000, 0x00000000eda00000| Complete 
| 219|0x00000000edb00000, 0x00000000edc00000, 0x00000000edc00000|100%| E|CS|TAMS 0x00000000edb00000, 0x00000000edb00000| Complete 
| 220|0x00000000edc00000, 0x00000000edd00000, 0x00000000edd00000|100%| E|CS|TAMS 0x00000000edc00000, 0x00000000edc00000| Complete 
| 221|0x00000000edd00000, 0x00000000ede00000, 0x00000000ede00000|100%| E|CS|TAMS 0x00000000edd00000, 0x00000000edd00000| Complete 
| 222|0x00000000ede00000, 0x00000000edf00000, 0x00000000edf00000|100%| E|CS|TAMS 0x00000000ede00000, 0x00000000ede00000| Complete 
| 223|0x00000000edf00000, 0x00000000ee000000, 0x00000000ee000000|100%| E|CS|TAMS 0x00000000edf00000, 0x00000000edf00000| Complete 
| 224|0x00000000ee000000, 0x00000000ee100000, 0x00000000ee100000|100%| E|CS|TAMS 0x00000000ee000000, 0x00000000ee000000| Complete 
| 225|0x00000000ee100000, 0x00000000ee200000, 0x00000000ee200000|100%| E|CS|TAMS 0x00000000ee100000, 0x00000000ee100000| Complete 
| 226|0x00000000ee200000, 0x00000000ee300000, 0x00000000ee300000|100%| E|CS|TAMS 0x00000000ee200000, 0x00000000ee200000| Complete 
| 227|0x00000000ee300000, 0x00000000ee400000, 0x00000000ee400000|100%| E|CS|TAMS 0x00000000ee300000, 0x00000000ee300000| Complete 
| 228|0x00000000ee400000, 0x00000000ee500000, 0x00000000ee500000|100%| E|CS|TAMS 0x00000000ee400000, 0x00000000ee400000| Complete 
| 229|0x00000000ee500000, 0x00000000ee600000, 0x00000000ee600000|100%| E|CS|TAMS 0x00000000ee500000, 0x00000000ee500000| Complete 
| 230|0x00000000ee600000, 0x00000000ee700000, 0x00000000ee700000|100%| E|CS|TAMS 0x00000000ee600000, 0x00000000ee600000| Complete 
| 231|0x00000000ee700000, 0x00000000ee800000, 0x00000000ee800000|100%| E|CS|TAMS 0x00000000ee700000, 0x00000000ee700000| Complete 
| 232|0x00000000ee800000, 0x00000000ee900000, 0x00000000ee900000|100%| E|CS|TAMS 0x00000000ee800000, 0x00000000ee800000| Complete 
| 233|0x00000000ee900000, 0x00000000eea00000, 0x00000000eea00000|100%| E|CS|TAMS 0x00000000ee900000, 0x00000000ee900000| Complete 
| 234|0x00000000eea00000, 0x00000000eeb00000, 0x00000000eeb00000|100%| E|CS|TAMS 0x00000000eea00000, 0x00000000eea00000| Complete 
| 235|0x00000000eeb00000, 0x00000000eec00000, 0x00000000eec00000|100%| E|CS|TAMS 0x00000000eeb00000, 0x00000000eeb00000| Complete 
| 236|0x00000000eec00000, 0x00000000eed00000, 0x00000000eed00000|100%| E|CS|TAMS 0x00000000eec00000, 0x00000000eec00000| Complete 
| 237|0x00000000eed00000, 0x00000000eee00000, 0x00000000eee00000|100%| E|CS|TAMS 0x00000000eed00000, 0x00000000eed00000| Complete 
| 238|0x00000000eee00000, 0x00000000eef00000, 0x00000000eef00000|100%| E|CS|TAMS 0x00000000eee00000, 0x00000000eee00000| Complete 
| 239|0x00000000eef00000, 0x00000000ef000000, 0x00000000ef000000|100%| E|CS|TAMS 0x00000000eef00000, 0x00000000eef00000| Complete 
| 240|0x00000000ef000000, 0x00000000ef100000, 0x00000000ef100000|100%| E|CS|TAMS 0x00000000ef000000, 0x00000000ef000000| Complete 
| 241|0x00000000ef100000, 0x00000000ef200000, 0x00000000ef200000|100%| E|CS|TAMS 0x00000000ef100000, 0x00000000ef100000| Complete 
| 242|0x00000000ef200000, 0x00000000ef300000, 0x00000000ef300000|100%| E|CS|TAMS 0x00000000ef200000, 0x00000000ef200000| Complete 
| 243|0x00000000ef300000, 0x00000000ef400000, 0x00000000ef400000|100%| E|CS|TAMS 0x00000000ef300000, 0x00000000ef300000| Complete 
| 244|0x00000000ef400000, 0x00000000ef500000, 0x00000000ef500000|100%| E|CS|TAMS 0x00000000ef400000, 0x00000000ef400000| Complete 
| 245|0x00000000ef500000, 0x00000000ef600000, 0x00000000ef600000|100%| E|CS|TAMS 0x00000000ef500000, 0x00000000ef500000| Complete 
| 246|0x00000000ef600000, 0x00000000ef700000, 0x00000000ef700000|100%| E|CS|TAMS 0x00000000ef600000, 0x00000000ef600000| Complete 
| 247|0x00000000ef700000, 0x00000000ef800000, 0x00000000ef800000|100%| E|CS|TAMS 0x00000000ef700000, 0x00000000ef700000| Complete 
| 248|0x00000000ef800000, 0x00000000ef900000, 0x00000000ef900000|100%| E|CS|TAMS 0x00000000ef800000, 0x00000000ef800000| Complete 
| 249|0x00000000ef900000, 0x00000000efa00000, 0x00000000efa00000|100%| E|CS|TAMS 0x00000000ef900000, 0x00000000ef900000| Complete 
| 250|0x00000000efa00000, 0x00000000efb00000, 0x00000000efb00000|100%| E|CS|TAMS 0x00000000efa00000, 0x00000000efa00000| Complete 
| 251|0x00000000efb00000, 0x00000000efc00000, 0x00000000efc00000|100%| E|CS|TAMS 0x00000000efb00000, 0x00000000efb00000| Complete 
| 252|0x00000000efc00000, 0x00000000efd00000, 0x00000000efd00000|100%| E|CS|TAMS 0x00000000efc00000, 0x00000000efc00000| Complete 
| 253|0x00000000efd00000, 0x00000000efe00000, 0x00000000efe00000|100%| E|CS|TAMS 0x00000000efd00000, 0x00000000efd00000| Complete 
| 254|0x00000000efe00000, 0x00000000eff00000, 0x00000000eff00000|100%| E|CS|TAMS 0x00000000efe00000, 0x00000000efe00000| Complete 
| 255|0x00000000eff00000, 0x00000000f0000000, 0x00000000f0000000|100%| E|CS|TAMS 0x00000000eff00000, 0x00000000eff00000| Complete 

Card table byte_map: [0x00000233ddb30000,0x00000233ddc30000] _byte_map_base: 0x00000233dd430000

Marking Bits (Prev, Next): (CMBitMap*) 0x00000233c747d6f0, (CMBitMap*) 0x00000233c747d6b8
 Prev Bits: [0x00000233de530000, 0x00000233ded30000)
 Next Bits: [0x00000233ddd30000, 0x00000233de530000)

Polling page: 0x00000233c5450000

Metaspace:

Usage:
  Non-class:     54.60 MB capacity,    53.55 MB ( 98%) used,   923.70 KB (  2%) free+waste,   150.06 KB ( <1%) overhead. 
      Class:      8.42 MB capacity,     7.79 MB ( 93%) used,   566.72 KB (  7%) free+waste,    70.56 KB ( <1%) overhead. 
       Both:     63.01 MB capacity,    61.34 MB ( 97%) used,     1.46 MB (  2%) free+waste,   220.63 KB ( <1%) overhead. 

Virtual space:
  Non-class space:       56.00 MB reserved,      54.75 MB ( 98%) committed 
      Class space:      248.00 MB reserved,       8.50 MB (  3%) committed 
             Both:      304.00 MB reserved,      63.25 MB ( 21%) committed 

Chunk freelists:
   Non-Class:  3.38 KB
       Class:  2.88 KB
        Both:  6.25 KB

CodeHeap 'non-profiled nmethods': size=120064Kb used=4929Kb max_used=4929Kb free=115134Kb
 bounds [0x00000233d65f0000, 0x00000233d6ad0000, 0x00000233ddb30000]
CodeHeap 'profiled nmethods': size=120000Kb used=20127Kb max_used=20127Kb free=99873Kb
 bounds [0x00000233cf0c0000, 0x00000233d0470000, 0x00000233d65f0000]
CodeHeap 'non-nmethods': size=5696Kb used=2224Kb max_used=2265Kb free=3471Kb
 bounds [0x00000233ceb30000, 0x00000233ceda0000, 0x00000233cf0c0000]
 total_blobs=10158 nmethods=9342 adapters=728
 compilation: enabled
              stopped_count=0, restarted_count=0
 full_count=0

Compilation events (10 events):
Event: 31.089 Thread 0x00000233e1352800 nmethod 9467 0x00000233d6abf110 code [0x00000233d6abf2c0, 0x00000233d6ac00c8]
Event: 31.089 Thread 0x00000233e1352800 9496       4       java.io.DataOutputStream::incCount (20 bytes)
Event: 31.090 Thread 0x00000233e1352800 nmethod 9496 0x00000233d6ac0510 code [0x00000233d6ac0680, 0x00000233d6ac06f8]
Event: 32.364 Thread 0x00000233e1356000 9497       3       sun.security.provider.SHA2::implCompress0 (322 bytes)
Event: 32.365 Thread 0x00000233e1356000 nmethod 9497 0x00000233d0461610 code [0x00000233d0461880, 0x00000233d0462658]
Event: 32.373 Thread 0x00000233e1352800 9498  s    4       java.util.jar.JarFile::getInputStream (72 bytes)
Event: 32.396 Thread 0x00000233e1356000 9499   !   3       sun.management.Util::newObjectName (15 bytes)
Event: 32.397 Thread 0x00000233e1356000 nmethod 9499 0x00000233d0462d90 code [0x00000233d0462f60, 0x00000233d04632d8]
Event: 32.398 Thread 0x00000233e1356000 9500       3       sun.management.Util::newObjectName (11 bytes)
Event: 32.403 Thread 0x00000233e1356000 nmethod 9500 0x00000233d0463490 code [0x00000233d04639a0, 0x00000233d04669a8]

GC Heap History (10 events):
Event: 15.095 GC heap before
{Heap before GC invocations=9 (full 0):
 garbage-first heap   total 262144K, used 169691K [0x00000000e0000000, 0x0000000100000000)
  region size 1024K, 153 young (156672K), 10 survivors (10240K)
 Metaspace       used 44967K, capacity 45957K, committed 46208K, reserved 294912K
  class space    used 5939K, capacity 6256K, committed 6272K, reserved 253952K
}
Event: 15.181 GC heap after
{Heap after GC invocations=10 (full 0):
 garbage-first heap   total 262144K, used 30852K [0x00000000e0000000, 0x0000000100000000)
  region size 1024K, 17 young (17408K), 17 survivors (17408K)
 Metaspace       used 44967K, capacity 45957K, committed 46208K, reserved 294912K
  class space    used 5939K, capacity 6256K, committed 6272K, reserved 253952K
}
Event: 19.143 GC heap before
{Heap before GC invocations=10 (full 0):
 garbage-first heap   total 262144K, used 170116K [0x00000000e0000000, 0x0000000100000000)
  region size 1024K, 153 young (156672K), 17 survivors (17408K)
 Metaspace       used 46838K, capacity 47830K, committed 47872K, reserved 296960K
  class space    used 6034K, capacity 6383K, committed 6400K, reserved 253952K
}
Event: 19.272 GC heap after
{Heap after GC invocations=11 (full 0):
 garbage-first heap   total 262144K, used 39833K [0x00000000e0000000, 0x0000000100000000)
  region size 1024K, 19 young (19456K), 19 survivors (19456K)
 Metaspace       used 46838K, capacity 47830K, committed 47872K, reserved 296960K
  class space    used 6034K, capacity 6383K, committed 6400K, reserved 253952K
}
Event: 21.861 GC heap before
{Heap before GC invocations=11 (full 0):
 garbage-first heap   total 262144K, used 177049K [0x00000000e0000000, 0x0000000100000000)
  region size 1024K, 153 young (156672K), 19 survivors (19456K)
 Metaspace       used 49990K, capacity 51219K, committed 51456K, reserved 299008K
  class space    used 6435K, capacity 6885K, committed 6912K, reserved 253952K
}
Event: 21.916 GC heap after
{Heap after GC invocations=12 (full 0):
 garbage-first heap   total 262144K, used 45017K [0x00000000e0000000, 0x0000000100000000)
  region size 1024K, 14 young (14336K), 14 survivors (14336K)
 Metaspace       used 49990K, capacity 51219K, committed 51456K, reserved 299008K
  class space    used 6435K, capacity 6885K, committed 6912K, reserved 253952K
}
Event: 25.110 GC heap before
{Heap before GC invocations=12 (full 0):
 garbage-first heap   total 262144K, used 113625K [0x00000000e0000000, 0x0000000100000000)
  region size 1024K, 82 young (83968K), 14 survivors (14336K)
 Metaspace       used 58645K, capacity 60155K, committed 60160K, reserved 307200K
  class space    used 7513K, capacity 8059K, committed 8064K, reserved 253952K
}
Event: 25.155 GC heap after
{Heap after GC invocations=13 (full 0):
 garbage-first heap   total 262144K, used 58792K [0x00000000e0000000, 0x0000000100000000)
  region size 1024K, 20 young (20480K), 20 survivors (20480K)
 Metaspace       used 58645K, capacity 60155K, committed 60160K, reserved 307200K
  class space    used 7513K, capacity 8059K, committed 8064K, reserved 253952K
}
Event: 28.909 GC heap before
{Heap before GC invocations=14 (full 0):
 garbage-first heap   total 262144K, used 177576K [0x00000000e0000000, 0x0000000100000000)
  region size 1024K, 134 young (137216K), 20 survivors (20480K)
 Metaspace       used 61226K, capacity 62746K, committed 62976K, reserved 309248K
  class space    used 7810K, capacity 8377K, committed 8448K, reserved 253952K
}
Event: 28.992 GC heap after
{Heap after GC invocations=15 (full 0):
 garbage-first heap   total 262144K, used 84954K [0x00000000e0000000, 0x0000000100000000)
  region size 1024K, 17 young (17408K), 17 survivors (17408K)
 Metaspace       used 61226K, capacity 62746K, committed 62976K, reserved 309248K
  class space    used 7810K, capacity 8377K, committed 8448K, reserved 253952K
}

Deoptimization events (10 events):
Event: 28.418 Thread 0x00000233e7431800 Uncommon trap: reason=array_check action=maybe_recompile pc=0x00000233d6a842e8 method=java.util.AbstractCollection.toArray([Ljava/lang/Object;)[Ljava/lang/Object; @ 116 c2
Event: 28.418 Thread 0x00000233e7431800 Uncommon trap: reason=profile_predicate action=maybe_recompile pc=0x00000233d6a83bbc method=java.util.AbstractCollection.toArray([Ljava/lang/Object;)[Ljava/lang/Object; @ 39 c2
Event: 28.650 Thread 0x00000233e7431800 Uncommon trap: reason=null_check action=make_not_entrant pc=0x00000233d6a86810 method=jdk.nio.zipfs.JarFileSystem.lambda$createVersionedLinks$3(Ljava/util/HashMap;[B)[B @ 8 c2
Event: 28.882 Thread 0x00000233e7431800 Uncommon trap: reason=range_check action=make_not_entrant pc=0x00000233d6a2f238 method=com.sun.tools.javac.util.Convert.utf2chars([BI[CII)I @ 25 c2
Event: 29.290 Thread 0x00000233e7431800 Uncommon trap: reason=unstable_if action=reinterpret pc=0x00000233d6a7ab18 method=com.sun.tools.javac.util.IntHashTable.lookup(Ljava/lang/Object;I)I @ 67 c2
Event: 29.967 Thread 0x00000233e7431800 Uncommon trap: reason=class_check action=maybe_recompile pc=0x00000233d6752854 method=java.lang.Throwable.<init>(Ljava/lang/String;Ljava/lang/Throwable;)V @ 24 c2
Event: 30.420 Thread 0x00000233e5e5a800 Uncommon trap: reason=class_check action=maybe_recompile pc=0x00000233d66d90f4 method=java.io.DataOutputStream.write(I)V @ 5 c2
Event: 30.420 Thread 0x00000233e5e5a800 Uncommon trap: reason=class_check action=maybe_recompile pc=0x00000233d66d90f4 method=java.io.DataOutputStream.write(I)V @ 5 c2
Event: 30.420 Thread 0x00000233e5e5a800 Uncommon trap: reason=class_check action=maybe_recompile pc=0x00000233d66d90f4 method=java.io.DataOutputStream.write(I)V @ 5 c2
Event: 30.420 Thread 0x00000233e5e5a800 Uncommon trap: reason=class_check action=maybe_recompile pc=0x00000233d66d90f4 method=java.io.DataOutputStream.write(I)V @ 5 c2

Classes redefined (0 events):
No events

Internal exceptions (10 events):
Event: 30.118 Thread 0x00000233e7431800 Exception <a 'java/lang/ClassNotFoundException'{0x00000000ee12ca28}: org/gradle/api/internal/tasks/testing/DecoratingTestDescriptorCustomizer> (0x00000000ee12ca28) thrown at [./open/src/hotspot/share/classfile/systemDictionary.cpp, line 226]
Event: 30.425 Thread 0x00000233e5e5a800 Exception <a 'java/lang/NoSuchMethodError'{0x00000000edd67250}: static Lorg/gradle/api/internal/tasks/testing/junitplatform/JUnitPlatformTestFramework$JUnitPlatformTestClassProcessorFactory;.<clinit>()V> (0x00000000edd67250) thrown at [./open/src/hotspot/
Event: 30.427 Thread 0x00000233e5e5a800 Exception <a 'java/lang/NoSuchMethodError'{0x00000000edd7a3a8}: static Lorg/gradle/api/internal/tasks/testing/junitplatform/JUnitPlatformSpec;.<clinit>()V> (0x00000000edd7a3a8) thrown at [./open/src/hotspot/share/prims/jni.cpp, line 1366]
Event: 30.427 Thread 0x00000233e5e5a800 Exception <a 'java/lang/NoSuchMethodError'{0x00000000edd7c420}: static Lorg/gradle/api/internal/tasks/testing/junit/AbstractJUnitSpec;.<clinit>()V> (0x00000000edd7c420) thrown at [./open/src/hotspot/share/prims/jni.cpp, line 1366]
Event: 30.509 Thread 0x00000233e5e57800 Exception <a 'java/lang/NoSuchMethodError'{0x00000000edc082e0}: java.lang.invoke.DirectMethodHandle$Holder.invokeStatic(Ljava/lang/Object;J)V> (0x00000000edc082e0) thrown at [./open/src/hotspot/share/interpreter/linkResolver.cpp, line 772]
Event: 30.510 Thread 0x00000233e5e57800 Exception <a 'java/lang/NoSuchMethodError'{0x00000000edc0d4f0}: java.lang.invoke.DirectMethodHandle$Holder.invokeStatic(Ljava/lang/Object;J)Ljava/lang/Object;> (0x00000000edc0d4f0) thrown at [./open/src/hotspot/share/interpreter/linkResolver.cpp, line 772
Event: 30.510 Thread 0x00000233e5e57800 Exception <a 'java/lang/NoSuchMethodError'{0x00000000edc135c8}: java.lang.invoke.Invokers$Holder.linkToTargetMethod(JLjava/lang/Object;)Ljava/lang/Object;> (0x00000000edc135c8) thrown at [./open/src/hotspot/share/interpreter/linkResolver.cpp, line 772]
Event: 30.514 Thread 0x00000233e5e57800 Exception <a 'java/lang/NoSuchMethodError'{0x00000000edc1b8b8}: java.lang.invoke.DirectMethodHandle$Holder.invokeStaticInit(Ljava/lang/Object;Ljava/lang/Object;JLjava/lang/Object;)Ljava/lang/Object;> (0x00000000edc1b8b8) thrown at [./open/src/hotspot/shar
Event: 30.514 Thread 0x00000233e5e57800 Exception <a 'java/lang/NoSuchMethodError'{0x00000000edc21dd8}: java.lang.invoke.DirectMethodHandle$Holder.invokeStatic(Ljava/lang/Object;Ljava/lang/Object;J)Ljava/lang/Object;> (0x00000000edc21dd8) thrown at [./open/src/hotspot/share/interpreter/linkReso
Event: 30.515 Thread 0x00000233e5e57800 Exception <a 'java/lang/NoSuchMethodError'{0x00000000edc280a8}: java.lang.invoke.Invokers$Holder.linkToTargetMethod(Ljava/lang/Object;JLjava/lang/Object;)Ljava/lang/Object;> (0x00000000edc280a8) thrown at [./open/src/hotspot/share/interpreter/linkResolver

Events (10 events):
Event: 32.416 loading class org/gradle/internal/remote/internal/hub/queue/MultiEndPointQueue$1
Event: 32.416 loading class org/gradle/internal/remote/internal/hub/queue/MultiEndPointQueue$1 done
Event: 32.417 loading class org/gradle/internal/remote/internal/hub/protocol/InterHubMessage$Delivery
Event: 32.417 loading class org/gradle/internal/remote/internal/hub/protocol/InterHubMessage$Delivery done
Event: 32.418 loading class org/gradle/internal/remote/internal/hub/MethodInvocationSerializer$MethodDetails
Event: 32.418 loading class org/gradle/internal/remote/internal/hub/MethodInvocationSerializer$MethodDetails done
Event: 32.418 loading class org/gradle/internal/remote/internal/hub/DefaultMethodArgsSerializer$EmptyArraySerializer
Event: 32.418 loading class org/gradle/internal/remote/internal/hub/DefaultMethodArgsSerializer$EmptyArraySerializer done
Event: 32.419 loading class org/gradle/internal/remote/internal/hub/DefaultMethodArgsSerializer$ArraySerializer
Event: 32.419 loading class org/gradle/internal/remote/internal/hub/DefaultMethodArgsSerializer$ArraySerializer done


Dynamic libraries:
0x00007ff632560000 - 0x00007ff63256f000 	C:\Program Files\Java\jdk-11.0.17\bin\java.exe
0x00007ffba2a20000 - 0x00007ffba2c29000 	C:\WINDOWS\SYSTEM32\ntdll.dll
0x00007ffba1380000 - 0x00007ffba143e000 	C:\WINDOWS\System32\KERNEL32.DLL
0x00007ffb9fef0000 - 0x00007ffba026c000 	C:\WINDOWS\System32\KERNELBASE.dll
0x00007ffba0780000 - 0x00007ffba0891000 	C:\WINDOWS\System32\ucrtbase.dll
0x00007ffb9ccd0000 - 0x00007ffb9cce8000 	C:\Program Files\Java\jdk-11.0.17\bin\jli.dll
0x00007ffb98c50000 - 0x00007ffb98c65000 	C:\Program Files\Java\jdk-11.0.17\bin\VCRUNTIME140.dll
0x00007ffba1440000 - 0x00007ffba14ee000 	C:\WINDOWS\System32\ADVAPI32.dll
0x00007ffba1fe0000 - 0x00007ffba2083000 	C:\WINDOWS\System32\msvcrt.dll
0x00007ffba0ee0000 - 0x00007ffba0f7e000 	C:\WINDOWS\System32\sechost.dll
0x00007ffba1530000 - 0x00007ffba1650000 	C:\WINDOWS\System32\RPCRT4.dll
0x00007ffba1e30000 - 0x00007ffba1fdd000 	C:\WINDOWS\System32\USER32.dll
0x00007ffba05c0000 - 0x00007ffba05e6000 	C:\WINDOWS\System32\win32u.dll
0x00007ffba1240000 - 0x00007ffba1269000 	C:\WINDOWS\System32\GDI32.dll
0x00007ffba0270000 - 0x00007ffba0388000 	C:\WINDOWS\System32\gdi32full.dll
0x00007ffba0670000 - 0x00007ffba070d000 	C:\WINDOWS\System32\msvcp_win.dll
0x00007ffb88590000 - 0x00007ffb88835000 	C:\WINDOWS\WinSxS\amd64_microsoft.windows.common-controls_6595b64144ccf1df_6.0.22000.120_none_9d947278b86cc467\COMCTL32.dll
0x00007ffb95dc0000 - 0x00007ffb95dca000 	C:\WINDOWS\SYSTEM32\VERSION.dll
0x00007ffba14f0000 - 0x00007ffba1521000 	C:\WINDOWS\System32\IMM32.DLL
0x00007ffb84a10000 - 0x00007ffb84aab000 	C:\Program Files\Java\jdk-11.0.17\bin\msvcp140.dll
0x00007ffb35440000 - 0x00007ffb35f5a000 	C:\Program Files\Java\jdk-11.0.17\bin\server\jvm.dll
0x00007ffba24e0000 - 0x00007ffba24e8000 	C:\WINDOWS\System32\PSAPI.DLL
0x00007ffb9b080000 - 0x00007ffb9b089000 	C:\WINDOWS\SYSTEM32\WSOCK32.dll
0x00007ffba1170000 - 0x00007ffba11df000 	C:\WINDOWS\System32\WS2_32.dll
0x00007ffb98b40000 - 0x00007ffb98b73000 	C:\WINDOWS\SYSTEM32\WINMM.dll
0x00007ffb9ef70000 - 0x00007ffb9ef88000 	C:\WINDOWS\SYSTEM32\kernel.appcore.dll
0x00007ffb9c010000 - 0x00007ffb9c020000 	C:\Program Files\Java\jdk-11.0.17\bin\verify.dll
0x00007ffb9dae0000 - 0x00007ffb9dd01000 	C:\WINDOWS\SYSTEM32\DBGHELP.DLL
0x00007ffb9ac20000 - 0x00007ffb9ac51000 	C:\WINDOWS\SYSTEM32\dbgcore.DLL
0x00007ffba05f0000 - 0x00007ffba066f000 	C:\WINDOWS\System32\bcryptPrimitives.dll
0x00007ffb8fc90000 - 0x00007ffb8fcb8000 	C:\Program Files\Java\jdk-11.0.17\bin\java.dll
0x00007ffb9aa80000 - 0x00007ffb9aa8a000 	C:\Program Files\Java\jdk-11.0.17\bin\jimage.dll
0x00007ffb8fba0000 - 0x00007ffb8fbb6000 	C:\Program Files\Java\jdk-11.0.17\bin\zip.dll
0x00007ffba1650000 - 0x00007ffba1e15000 	C:\WINDOWS\System32\SHELL32.dll
0x00007ffb9dfb0000 - 0x00007ffb9e815000 	C:\WINDOWS\SYSTEM32\windows.storage.dll
0x00007ffba0a60000 - 0x00007ffba0dd6000 	C:\WINDOWS\System32\combase.dll
0x00007ffb9dd10000 - 0x00007ffb9de76000 	C:\WINDOWS\SYSTEM32\wintypes.dll
0x00007ffba0df0000 - 0x00007ffba0eda000 	C:\WINDOWS\System32\SHCORE.dll
0x00007ffba11e0000 - 0x00007ffba123d000 	C:\WINDOWS\System32\shlwapi.dll
0x00007ffb9fe20000 - 0x00007ffb9fe41000 	C:\WINDOWS\SYSTEM32\profapi.dll
0x00007ffb8fb80000 - 0x00007ffb8fb99000 	C:\Program Files\Java\jdk-11.0.17\bin\net.dll
0x00007ffb98fd0000 - 0x00007ffb990e2000 	C:\WINDOWS\SYSTEM32\WINHTTP.dll
0x00007ffb9f410000 - 0x00007ffb9f477000 	C:\WINDOWS\system32\mswsock.dll
0x00007ffb87ff0000 - 0x00007ffb88002000 	C:\Program Files\Java\jdk-11.0.17\bin\nio.dll
0x00007ffb7d3d0000 - 0x00007ffb7d3f6000 	C:\Users\pedre\.gradle\native\30\windows-amd64\native-platform.dll
0x00007ffb8fc80000 - 0x00007ffb8fc89000 	C:\Program Files\Java\jdk-11.0.17\bin\management.dll
0x00007ffb812d0000 - 0x00007ffb812db000 	C:\Program Files\Java\jdk-11.0.17\bin\management_ext.dll
0x00007ffb9f650000 - 0x00007ffb9f668000 	C:\WINDOWS\SYSTEM32\CRYPTSP.dll
0x00007ffb9eed0000 - 0x00007ffb9ef05000 	C:\WINDOWS\system32\rsaenh.dll
0x00007ffb9f500000 - 0x00007ffb9f529000 	C:\WINDOWS\SYSTEM32\USERENV.dll
0x00007ffb9f7e0000 - 0x00007ffb9f807000 	C:\WINDOWS\SYSTEM32\bcrypt.dll
0x00007ffb9f670000 - 0x00007ffb9f67c000 	C:\WINDOWS\SYSTEM32\CRYPTBASE.dll
0x00007ffb9eaa0000 - 0x00007ffb9eacd000 	C:\WINDOWS\SYSTEM32\IPHLPAPI.DLL
0x00007ffba0de0000 - 0x00007ffba0de9000 	C:\WINDOWS\System32\NSI.dll
0x00007ffb988f0000 - 0x00007ffb98909000 	C:\WINDOWS\SYSTEM32\dhcpcsvc6.DLL
0x00007ffb99a90000 - 0x00007ffb99aae000 	C:\WINDOWS\SYSTEM32\dhcpcsvc.DLL
0x00007ffb9ead0000 - 0x00007ffb9ebb8000 	C:\WINDOWS\SYSTEM32\DNSAPI.dll

dbghelp: loaded successfully - version: 4.0.5 - missing functions: none
symbol engine: initialized successfully - sym options: 0x614 - pdb path: .;C:\Program Files\Java\jdk-11.0.17\bin;C:\WINDOWS\SYSTEM32;C:\WINDOWS\WinSxS\amd64_microsoft.windows.common-controls_6595b64144ccf1df_6.0.22000.120_none_9d947278b86cc467;C:\Program Files\Java\jdk-11.0.17\bin\server;C:\Users\pedre\.gradle\native\30\windows-amd64

VM Arguments:
jvm_args: --add-opens=java.base/java.util=ALL-UNNAMED --add-opens=java.base/java.lang=ALL-UNNAMED --add-opens=java.base/java.lang.invoke=ALL-UNNAMED --add-opens=java.prefs/java.util.prefs=ALL-UNNAMED -XX:MaxMetaspaceSize=256m -XX:+HeapDumpOnOutOfMemoryError -Xms256m -Xmx512m -Dfile.encoding=windows-1252 -Duser.country=US -Duser.language=en -Duser.variant 
java_command: org.gradle.launcher.daemon.bootstrap.GradleDaemon 6.0.1
java_class_path (initial): C:\Users\pedre\.gradle\wrapper\dists\gradle-6.0.1-bin\1lxlpkiy24sb18odw96cp4ojv\gradle-6.0.1\lib\gradle-launcher-6.0.1.jar
Launcher Type: SUN_STANDARD

[Global flags]
     intx CICompilerCount                          = 3                                         {product} {ergonomic}
   size_t CompressedClassSpaceSize                 = 260046848                                 {product} {ergonomic}
     uint ConcGCThreads                            = 1                                         {product} {ergonomic}
     uint G1ConcRefinementThreads                  = 4                                         {product} {ergonomic}
   size_t G1HeapRegionSize                         = 1048576                                   {product} {ergonomic}
    uintx GCDrainStackTargetSize                   = 64                                        {product} {ergonomic}
     bool HeapDumpOnOutOfMemoryError               = true                                   {manageable} {command line}
   size_t InitialHeapSize                          = 268435456                                 {product} {command line}
   size_t MarkStackSize                            = 4194304                                   {product} {ergonomic}
   size_t MaxHeapSize                              = 536870912                                 {product} {command line}
   size_t MaxMetaspaceSize                         = 268435456                                 {product} {command line}
   size_t MaxNewSize                               = 321912832                                 {product} {ergonomic}
   size_t MinHeapDeltaBytes                        = 1048576                                   {product} {ergonomic}
    uintx NonNMethodCodeHeapSize                   = 5830732                                {pd product} {ergonomic}
    uintx NonProfiledCodeHeapSize                  = 122913754                              {pd product} {ergonomic}
    uintx ProfiledCodeHeapSize                     = 122913754                              {pd product} {ergonomic}
    uintx ReservedCodeCacheSize                    = 251658240                              {pd product} {ergonomic}
     bool SegmentedCodeCache                       = true                                      {product} {ergonomic}
     bool UseCompressedClassPointers               = true                                 {lp64_product} {ergonomic}
     bool UseCompressedOops                        = true                                 {lp64_product} {ergonomic}
     bool UseG1GC                                  = true                                      {product} {ergonomic}
     bool UseLargePagesIndividualAllocation        = false                                  {pd product} {ergonomic}

Logging:
Log output configuration:
 #0: stdout all=warning uptime,level,tags
 #1: stderr all=off uptime,level,tags

Environment Variables:
PATH=C:\Program Files\Common Files\Oracle\Java\javapath;C:\WINDOWS\system32;C:\WINDOWS;C:\WINDOWS\System32\Wbem;C:\WINDOWS\System32\WindowsPowerShell\v1.0\;C:\WINDOWS\System32\OpenSSH\;C:\Program Files\Git\cmd;C:\Program Files\nodejs\;C:\Program Files\MySQL\MySQL Shell 8.0\bin\;C:\Users\pedre\AppData\Local\Microsoft\WindowsApps;;C:\Users\pedre\AppData\Roaming\npm;C:\Program Files\JetBrains\IntelliJ IDEA Community Edition 2022.3.1\bin;
USERNAME=pedre
OS=Windows_NT
PROCESSOR_IDENTIFIER=Intel64 Family 6 Model 122 Stepping 1, GenuineIntel



---------------  S Y S T E M  ---------------

OS: Windows 11 , 64 bit Build 22000 (10.0.22000.1516)

CPU:total 4 (initial active 4) (4 cores per cpu, 1 threads per core) family 6 model 122 stepping 1 microcode 0x34, cmov, cx8, fxsr, mmx, sse, sse2, sse3, ssse3, sse4.1, sse4.2, popcnt, aes, clmul, erms, 3dnowpref, tsc, tscinvbit, sha

Memory: 4k page, system-wide physical 3918M (323M free)
TotalPageFile size 7300M (AvailPageFile size 1M)
current process WorkingSet (physical memory assigned to process): 393M, peak: 436M
current process commit charge ("private bytes"): 477M, peak: 484M

vm_info: Java HotSpot(TM) 64-Bit Server VM (11.0.17+10-LTS-269) for windows-amd64 JRE (11.0.17+10-LTS-269), built on Sep 13 2022 19:26:37 by "mach5one" with MS VC++ 15.9 (VS2017)

END.
