#
# There is insufficient memory for the Java Runtime Environment to continue.
# Native memory allocation (malloc) failed to allocate 32744 bytes for ChunkPool::allocate
# Possible reasons:
#   The system is out of physical RAM or swap space
#   The process is running with CompressedOops enabled, and the Java Heap may be blocking the growth of the native heap
# Possible solutions:
#   Reduce memory load on the system
#   Increase physical memory or swap space
#   Check if swap backing store is full
#   Decrease Java heap size (-Xmx/-Xms)
#   Decrease number of Java threads
#   Decrease Java thread stack sizes (-Xss)
#   Set larger code cache with -XX:ReservedCodeCacheSize=
#   JVM is running with Unscaled Compressed Oops mode in which the Java heap is
#     placed in the first 4GB address space. The Java Heap base address is the
#     maximum limit for the native heap growth. Please use -XX:HeapBaseMinAddress
#     to set the Java Heap base and to place the Java Heap above 4GB virtual address.
# This output file may be truncated or incomplete.
#
#  Out of Memory Error (./open/src/hotspot/share/memory/arena.cpp:81), pid=11492, tid=12064
#
# JRE version: Java(TM) SE Runtime Environment 18.9 (11.0.17+10) (build 11.0.17+10-LTS-269)
# Java VM: Java HotSpot(TM) 64-Bit Server VM 18.9 (11.0.17+10-LTS-269, mixed mode, tiered, compressed oops, g1 gc, windows-amd64)
# No core dump will be written. Minidumps are not enabled by default on client versions of Windows
#

---------------  S U M M A R Y ------------

Command Line: --add-opens=java.base/java.util=ALL-UNNAMED --add-opens=java.base/java.lang=ALL-UNNAMED --add-opens=java.base/java.lang.invoke=ALL-UNNAMED --add-opens=java.prefs/java.util.prefs=ALL-UNNAMED -XX:MaxMetaspaceSize=256m -XX:+HeapDumpOnOutOfMemoryError -Xms256m -Xmx512m -Dfile.encoding=windows-1252 -Duser.country=US -Duser.language=en -Duser.variant org.gradle.launcher.daemon.bootstrap.GradleDaemon 6.0.1

Host: Intel(R) Pentium(R) Silver N5000 CPU @ 1.10GHz, 4 cores, 3G,  Windows 11 , 64 bit Build 22000 (10.0.22000.1516)
Time: Tue Mar 28 16:18:42 2023 Central Daylight Time elapsed time: 17.790113 seconds (0d 0h 0m 17s)

---------------  T H R E A D  ---------------

Current thread (0x000002683d2d6000):  JavaThread "C2 CompilerThread0" daemon [_thread_in_native, id=12064, stack(0x000000b500300000,0x000000b500400000)]


Current CompileTask:
C2:  17790 7400   !   4       com.sun.tools.javac.file.JavacFileManager$ArchiveContainer::walkDirectories (134 bytes)

Stack: [0x000000b500300000,0x000000b500400000]
Native frames: (J=compiled Java code, j=interpreted, Vv=VM code, C=native code)
V  [jvm.dll+0x62b5da]
V  [jvm.dll+0x7653df]
V  [jvm.dll+0x766a89]
V  [jvm.dll+0x767113]
V  [jvm.dll+0x23dd28]
V  [jvm.dll+0xb2c7b]
V  [jvm.dll+0xb2fdc]
V  [jvm.dll+0x34633d]
V  [jvm.dll+0x523936]
V  [jvm.dll+0x30ef42]
V  [jvm.dll+0x30e25a]
V  [jvm.dll+0x1f8733]
V  [jvm.dll+0x1f78fd]
V  [jvm.dll+0x177c91]
V  [jvm.dll+0x207296]
V  [jvm.dll+0x20542b]
V  [jvm.dll+0x72b2c0]
V  [jvm.dll+0x723e64]
V  [jvm.dll+0x62a485]
C  [ucrtbase.dll+0x26c0c]
C  [KERNEL32.DLL+0x155a0]
C  [ntdll.dll+0x485b]


---------------  P R O C E S S  ---------------

Threads class SMR info:
_java_thread_list=0x000002683e836550, length=41, elements={
0x00000268233d1800, 0x000002683d2ac800, 0x000002683d2b6800, 0x000002683d2ce800,
0x000002683d2d1800, 0x000002683d2d2800, 0x000002683d2d6000, 0x000002683d2e1800,
0x000002683d2e5800, 0x000002683dd8a800, 0x000002683f628800, 0x000002683e027800,
0x000002683eec9800, 0x000002683f32d800, 0x000002683f00b800, 0x000002683f01b000,
0x000002683f256000, 0x000002683f643800, 0x000002683f644800, 0x000002683fb67800,
0x000002683fb65800, 0x000002683fb66000, 0x000002683fb6c000, 0x000002683fb68800,
0x000002683fb6b000, 0x0000026842565800, 0x000002684256b000, 0x0000026842567800,
0x0000026842567000, 0x0000026842566000, 0x000002684256a000, 0x000002684256d800,
0x000002684256c000, 0x0000026842569800, 0x000002684256c800, 0x000002684256e800,
0x0000026842568800, 0x0000026842572800, 0x000002684256f000, 0x0000026842574000,
0x0000026842570800
}

Java Threads: ( => current thread )
  0x00000268233d1800 JavaThread "main" [_thread_blocked, id=3076, stack(0x000000b57f700000,0x000000b57f800000)]
  0x000002683d2ac800 JavaThread "Reference Handler" daemon [_thread_blocked, id=9628, stack(0x000000b57fe00000,0x000000b57ff00000)]
  0x000002683d2b6800 JavaThread "Finalizer" daemon [_thread_blocked, id=12428, stack(0x000000b57ff00000,0x000000b580000000)]
  0x000002683d2ce800 JavaThread "Signal Dispatcher" daemon [_thread_blocked, id=3628, stack(0x000000b500000000,0x000000b500100000)]
  0x000002683d2d1800 JavaThread "Attach Listener" daemon [_thread_blocked, id=3772, stack(0x000000b500100000,0x000000b500200000)]
  0x000002683d2d2800 JavaThread "Service Thread" daemon [_thread_blocked, id=10648, stack(0x000000b500200000,0x000000b500300000)]
=>0x000002683d2d6000 JavaThread "C2 CompilerThread0" daemon [_thread_in_native, id=12064, stack(0x000000b500300000,0x000000b500400000)]
  0x000002683d2e1800 JavaThread "C1 CompilerThread0" daemon [_thread_blocked, id=4384, stack(0x000000b500400000,0x000000b500500000)]
  0x000002683d2e5800 JavaThread "Sweeper thread" daemon [_thread_blocked, id=3760, stack(0x000000b500500000,0x000000b500600000)]
  0x000002683dd8a800 JavaThread "Common-Cleaner" daemon [_thread_blocked, id=8104, stack(0x000000b500600000,0x000000b500700000)]
  0x000002683f628800 JavaThread "Daemon health stats" [_thread_blocked, id=7156, stack(0x000000b500c00000,0x000000b500d00000)]
  0x000002683e027800 JavaThread "Incoming local TCP Connector on port 60878" [_thread_in_native, id=12968, stack(0x000000b500800000,0x000000b500900000)]
  0x000002683eec9800 JavaThread "Daemon periodic checks" [_thread_blocked, id=8156, stack(0x000000b500d00000,0x000000b500e00000)]
  0x000002683f32d800 JavaThread "Daemon" [_thread_blocked, id=1316, stack(0x000000b500e00000,0x000000b500f00000)]
  0x000002683f00b800 JavaThread "Handler for socket connection from /127.0.0.1:60878 to /127.0.0.1:60879" [_thread_in_native, id=2044, stack(0x000000b500f00000,0x000000b501000000)]
  0x000002683f01b000 JavaThread "Cancel handler" [_thread_blocked, id=15204, stack(0x000000b501000000,0x000000b501100000)]
  0x000002683f256000 JavaThread "Daemon worker" [_thread_blocked, id=14936, stack(0x000000b501100000,0x000000b501200000)]
  0x000002683f643800 JavaThread "Asynchronous log dispatcher for DefaultDaemonConnection: socket connection from /127.0.0.1:60878 to /127.0.0.1:60879" [_thread_blocked, id=92, stack(0x000000b501200000,0x000000b501300000)]
  0x000002683f644800 JavaThread "Stdin handler" [_thread_blocked, id=14792, stack(0x000000b501300000,0x000000b501400000)]
  0x000002683fb67800 JavaThread "Thread-8" [_thread_blocked, id=504, stack(0x000000b501400000,0x000000b501500000)]
  0x000002683fb65800 JavaThread "Cache worker for file hash cache (C:\Users\pedre\.gradle\caches\6.0.1\fileHashes)" [_thread_blocked, id=2920, stack(0x000000b501500000,0x000000b501600000)]
  0x000002683fb66000 JavaThread "File lock request listener" [_thread_in_native, id=15236, stack(0x000000b501600000,0x000000b501700000)]
  0x000002683fb6c000 JavaThread "Cache worker for journal cache (C:\Users\pedre\.gradle\caches\journal-1)" [_thread_blocked, id=5268, stack(0x000000b501700000,0x000000b501800000)]
  0x000002683fb68800 JavaThread "Cache worker for file hash cache (C:\Users\pedre\IdeaProjects\java-assignment-4-techjobs-persistent-edition-Alejo8835\.gradle\6.0.1\fileHashes)" [_thread_blocked, id=4940, stack(0x000000b501800000,0x000000b501900000)]
  0x000002683fb6b000 JavaThread "Cache worker for cache directory md-supplier (C:\Users\pedre\.gradle\caches\6.0.1\md-supplier)" [_thread_blocked, id=5440, stack(0x000000b501900000,0x000000b501a00000)]
  0x0000026842565800 JavaThread "Cache worker for cache directory md-rule (C:\Users\pedre\.gradle\caches\6.0.1\md-rule)" [_thread_blocked, id=7396, stack(0x000000b501a00000,0x000000b501b00000)]
  0x000002684256b000 JavaThread "Cache worker for execution history cache (C:\Users\pedre\.gradle\caches\6.0.1\executionHistory)" [_thread_blocked, id=3336, stack(0x000000b501b00000,0x000000b501c00000)]
  0x0000026842567800 JavaThread "Build operations" [_thread_blocked, id=14004, stack(0x000000b501c00000,0x000000b501d00000)]
  0x0000026842567000 JavaThread "Build operations Thread 2" [_thread_blocked, id=12772, stack(0x000000b501d00000,0x000000b501e00000)]
  0x0000026842566000 JavaThread "Build operations Thread 3" [_thread_blocked, id=6224, stack(0x000000b501e00000,0x000000b501f00000)]
  0x000002684256a000 JavaThread "Build operations Thread 4" [_thread_blocked, id=14840, stack(0x000000b501f00000,0x000000b502000000)]
  0x000002684256d800 JavaThread "Cache worker for Build Output Cleanup Cache (C:\Users\pedre\IdeaProjects\java-assignment-4-techjobs-persistent-edition-Alejo8835\.gradle\buildOutputCleanup)" [_thread_blocked, id=6844, stack(0x000000b502000000,0x000000b502100000)]
  0x000002684256c000 JavaThread "Memory manager" [_thread_blocked, id=12548, stack(0x000000b502100000,0x000000b502200000)]
  0x0000026842569800 JavaThread "Cache worker for file content cache (C:\Users\pedre\.gradle\caches\6.0.1\fileContent)" [_thread_blocked, id=7632, stack(0x000000b502200000,0x000000b502300000)]
  0x000002684256c800 JavaThread "Cache worker for file content cache (C:\Users\pedre\IdeaProjects\java-assignment-4-techjobs-persistent-edition-Alejo8835\.gradle\6.0.1\fileContent)" [_thread_blocked, id=14376, stack(0x000000b502300000,0x000000b502400000)]
  0x000002684256e800 JavaThread "Execution worker for ':'" [_thread_in_vm, id=15320, stack(0x000000b502400000,0x000000b502500000)]
  0x0000026842568800 JavaThread "Execution worker for ':' Thread 2" [_thread_blocked, id=2576, stack(0x000000b502500000,0x000000b502600000)]
  0x0000026842572800 JavaThread "Execution worker for ':' Thread 3" [_thread_blocked, id=3308, stack(0x000000b502600000,0x000000b502700000)]
  0x000002684256f000 JavaThread "Cache worker for execution history cache (C:\Users\pedre\IdeaProjects\java-assignment-4-techjobs-persistent-edition-Alejo8835\.gradle\6.0.1\executionHistory)" [_thread_blocked, id=1568, stack(0x000000b502700000,0x000000b502800000)]
  0x0000026842574000 JavaThread "Cache worker for Java compile cache (C:\Users\pedre\.gradle\caches\6.0.1\javaCompile)" [_thread_blocked, id=8732, stack(0x000000b502800000,0x000000b502900000)]
  0x0000026842570800 JavaThread "Cache worker for Java compile cache (C:\Users\pedre\IdeaProjects\java-assignment-4-techjobs-persistent-edition-Alejo8835\.gradle\6.0.1\javaCompile)" [_thread_blocked, id=2652, stack(0x000000b502900000,0x000000b502a00000)]

Other Threads:
  0x000002683d286800 VMThread "VM Thread" [stack: 0x000000b57fd00000,0x000000b57fe00000] [id=12496]
  0x000002683dd9a800 WatcherThread [stack: 0x000000b500700000,0x000000b500800000] [id=12840]
  0x00000268233e6000 GCTaskThread "GC Thread#0" [stack: 0x000000b57f800000,0x000000b57f900000] [id=6904]
  0x000002683e8c3800 GCTaskThread "GC Thread#1" [stack: 0x000000b500900000,0x000000b500a00000] [id=8752]
  0x000002683e150800 GCTaskThread "GC Thread#2" [stack: 0x000000b500a00000,0x000000b500b00000] [id=8252]
  0x000002683e868000 GCTaskThread "GC Thread#3" [stack: 0x000000b500b00000,0x000000b500c00000] [id=1612]
  0x00000268233f2800 ConcurrentGCThread "G1 Main Marker" [stack: 0x000000b57f900000,0x000000b57fa00000] [id=6648]
  0x00000268233f3800 ConcurrentGCThread "G1 Conc#0" [stack: 0x000000b57fa00000,0x000000b57fb00000] [id=15276]
  0x00000268234ad800 ConcurrentGCThread "G1 Refine#0" [stack: 0x000000b57fb00000,0x000000b57fc00000] [id=8224]
  0x000002683dfba800 ConcurrentGCThread "G1 Refine#1" [stack: 0x000000b502a00000,0x000000b502b00000] [id=13960]
  0x00000268234ae800 ConcurrentGCThread "G1 Young RemSet Sampling" [stack: 0x000000b57fc00000,0x000000b57fd00000] [id=7384]

Threads with active compile tasks:
C2 CompilerThread0    17874 7400   !   4       com.sun.tools.javac.file.JavacFileManager$ArchiveContainer::walkDirectories (134 bytes)
C1 CompilerThread0    17874 7616       2       com.sun.tools.javac.code.Symtab::lookupPackage (259 bytes)

VM state:not at safepoint (normal execution)

VM Mutex/Monitor currently owned by a thread: None

Heap address: 0x00000000e0000000, size: 512 MB, Compressed Oops mode: 32-bit
Narrow klass base: 0x0000000000000000, Narrow klass shift: 3
Compressed class space size: 260046848 Address: 0x0000000100000000

Heap:
 garbage-first heap   total 262144K, used 69952K [0x00000000e0000000, 0x0000000100000000)
  region size 1024K, 22 young (22528K), 20 survivors (20480K)
 Metaspace       used 58811K, capacity 60249K, committed 60416K, reserved 307200K
  class space    used 7566K, capacity 8115K, committed 8192K, reserved 253952K
Heap Regions: E=young(eden), S=young(survivor), O=old, HS=humongous(starts), HC=humongous(continues), CS=collection set, F=free, A=archive, TAMS=top-at-mark-start (previous, next)
|   0|0x00000000e0000000, 0x00000000e0100000, 0x00000000e0100000|100%| O|  |TAMS 0x00000000e0100000, 0x00000000e0100000| Untracked 
|   1|0x00000000e0100000, 0x00000000e0200000, 0x00000000e0200000|100%| O|  |TAMS 0x00000000e0200000, 0x00000000e0200000| Untracked 
|   2|0x00000000e0200000, 0x00000000e0300000, 0x00000000e0300000|100%| O|  |TAMS 0x00000000e0300000, 0x00000000e0300000| Untracked 
|   3|0x00000000e0300000, 0x00000000e0400000, 0x00000000e0400000|100%|HS|  |TAMS 0x00000000e0400000, 0x00000000e0400000| Complete 
|   4|0x00000000e0400000, 0x00000000e0500000, 0x00000000e0500000|100%|HC|  |TAMS 0x00000000e0500000, 0x00000000e0500000| Complete 
|   5|0x00000000e0500000, 0x00000000e0600000, 0x00000000e0600000|100%|HC|  |TAMS 0x00000000e0600000, 0x00000000e0600000| Complete 
|   6|0x00000000e0600000, 0x00000000e0700000, 0x00000000e0700000|100%| O|  |TAMS 0x00000000e0700000, 0x00000000e0700000| Untracked 
|   7|0x00000000e0700000, 0x00000000e0800000, 0x00000000e0800000|100%| O|  |TAMS 0x00000000e0800000, 0x00000000e0800000| Untracked 
|   8|0x00000000e0800000, 0x00000000e0900000, 0x00000000e0900000|100%| O|  |TAMS 0x00000000e0900000, 0x00000000e0900000| Untracked 
|   9|0x00000000e0900000, 0x00000000e0a00000, 0x00000000e0a00000|100%| O|  |TAMS 0x00000000e0a00000, 0x00000000e0a00000| Untracked 
|  10|0x00000000e0a00000, 0x00000000e0b00000, 0x00000000e0b00000|100%| O|  |TAMS 0x00000000e0b00000, 0x00000000e0b00000| Untracked 
|  11|0x00000000e0b00000, 0x00000000e0c00000, 0x00000000e0c00000|100%| O|  |TAMS 0x00000000e0c00000, 0x00000000e0c00000| Untracked 
|  12|0x00000000e0c00000, 0x00000000e0d00000, 0x00000000e0d00000|100%| O|  |TAMS 0x00000000e0d00000, 0x00000000e0d00000| Untracked 
|  13|0x00000000e0d00000, 0x00000000e0e00000, 0x00000000e0e00000|100%| O|  |TAMS 0x00000000e0e00000, 0x00000000e0e00000| Untracked 
|  14|0x00000000e0e00000, 0x00000000e0f00000, 0x00000000e0f00000|100%| O|  |TAMS 0x00000000e0ebe000, 0x00000000e0f00000| Untracked 
|  15|0x00000000e0f00000, 0x00000000e1000000, 0x00000000e1000000|100%| O|  |TAMS 0x00000000e0f00000, 0x00000000e1000000| Untracked 
|  16|0x00000000e1000000, 0x00000000e1100000, 0x00000000e1100000|100%| O|  |TAMS 0x00000000e1000000, 0x00000000e1100000| Untracked 
|  17|0x00000000e1100000, 0x00000000e1200000, 0x00000000e1200000|100%| O|  |TAMS 0x00000000e1100000, 0x00000000e1200000| Untracked 
|  18|0x00000000e1200000, 0x00000000e1300000, 0x00000000e1300000|100%| O|  |TAMS 0x00000000e1200000, 0x00000000e1300000| Untracked 
|  19|0x00000000e1300000, 0x00000000e1400000, 0x00000000e1400000|100%| O|  |TAMS 0x00000000e1300000, 0x00000000e1400000| Untracked 
|  20|0x00000000e1400000, 0x00000000e1500000, 0x00000000e1500000|100%| O|  |TAMS 0x00000000e1400000, 0x00000000e1500000| Untracked 
|  21|0x00000000e1500000, 0x00000000e1600000, 0x00000000e1600000|100%| O|  |TAMS 0x00000000e1500000, 0x00000000e1600000| Untracked 
|  22|0x00000000e1600000, 0x00000000e1700000, 0x00000000e1700000|100%| O|  |TAMS 0x00000000e1600000, 0x00000000e1700000| Untracked 
|  23|0x00000000e1700000, 0x00000000e1800000, 0x00000000e1800000|100%| O|  |TAMS 0x00000000e1700000, 0x00000000e1800000| Untracked 
|  24|0x00000000e1800000, 0x00000000e1900000, 0x00000000e1900000|100%| O|  |TAMS 0x00000000e1800000, 0x00000000e1900000| Untracked 
|  25|0x00000000e1900000, 0x00000000e1a00000, 0x00000000e1a00000|100%| O|  |TAMS 0x00000000e1900000, 0x00000000e1a00000| Untracked 
|  26|0x00000000e1a00000, 0x00000000e1b00000, 0x00000000e1b00000|100%| O|  |TAMS 0x00000000e1a00000, 0x00000000e1b00000| Untracked 
|  27|0x00000000e1b00000, 0x00000000e1b00000, 0x00000000e1c00000|  0%| F|  |TAMS 0x00000000e1b00000, 0x00000000e1b00000| Untracked 
|  28|0x00000000e1c00000, 0x00000000e1d00000, 0x00000000e1d00000|100%|HS|  |TAMS 0x00000000e1c00000, 0x00000000e1d00000| Complete 
|  29|0x00000000e1d00000, 0x00000000e1e00000, 0x00000000e1e00000|100%| O|  |TAMS 0x00000000e1d00000, 0x00000000e1e00000| Untracked 
|  30|0x00000000e1e00000, 0x00000000e1f00000, 0x00000000e1f00000|100%| O|  |TAMS 0x00000000e1e00000, 0x00000000e1f00000| Untracked 
|  31|0x00000000e1f00000, 0x00000000e2000000, 0x00000000e2000000|100%| O|  |TAMS 0x00000000e1f00000, 0x00000000e2000000| Untracked 
|  32|0x00000000e2000000, 0x00000000e2100000, 0x00000000e2100000|100%| O|  |TAMS 0x00000000e2000000, 0x00000000e2100000| Untracked 
|  33|0x00000000e2100000, 0x00000000e2200000, 0x00000000e2200000|100%| O|  |TAMS 0x00000000e2100000, 0x00000000e2200000| Untracked 
|  34|0x00000000e2200000, 0x00000000e2300000, 0x00000000e2300000|100%| O|  |TAMS 0x00000000e2200000, 0x00000000e2300000| Untracked 
|  35|0x00000000e2300000, 0x00000000e2400000, 0x00000000e2400000|100%| O|  |TAMS 0x00000000e2300000, 0x00000000e2400000| Untracked 
|  36|0x00000000e2400000, 0x00000000e2500000, 0x00000000e2500000|100%| O|  |TAMS 0x00000000e2400000, 0x00000000e2500000| Untracked 
|  37|0x00000000e2500000, 0x00000000e2600000, 0x00000000e2600000|100%| O|  |TAMS 0x00000000e2500000, 0x00000000e2600000| Untracked 
|  38|0x00000000e2600000, 0x00000000e2700000, 0x00000000e2700000|100%| O|  |TAMS 0x00000000e2600000, 0x00000000e2700000| Untracked 
|  39|0x00000000e2700000, 0x00000000e2800000, 0x00000000e2800000|100%| O|  |TAMS 0x00000000e2700000, 0x00000000e2800000| Untracked 
|  40|0x00000000e2800000, 0x00000000e2900000, 0x00000000e2900000|100%| O|  |TAMS 0x00000000e2800000, 0x00000000e2900000| Untracked 
|  41|0x00000000e2900000, 0x00000000e2a00000, 0x00000000e2a00000|100%| O|  |TAMS 0x00000000e2900000, 0x00000000e2a00000| Untracked 
|  42|0x00000000e2a00000, 0x00000000e2b00000, 0x00000000e2b00000|100%| O|  |TAMS 0x00000000e2a00000, 0x00000000e2b00000| Untracked 
|  43|0x00000000e2b00000, 0x00000000e2c00000, 0x00000000e2c00000|100%| O|  |TAMS 0x00000000e2b00000, 0x00000000e2c00000| Untracked 
|  44|0x00000000e2c00000, 0x00000000e2d00000, 0x00000000e2d00000|100%| O|  |TAMS 0x00000000e2c00000, 0x00000000e2d00000| Untracked 
|  45|0x00000000e2d00000, 0x00000000e2e00000, 0x00000000e2e00000|100%| O|  |TAMS 0x00000000e2d00000, 0x00000000e2e00000| Untracked 
|  46|0x00000000e2e00000, 0x00000000e2f00000, 0x00000000e2f00000|100%| O|  |TAMS 0x00000000e2e00000, 0x00000000e2f00000| Untracked 
|  47|0x00000000e2f00000, 0x00000000e3000000, 0x00000000e3000000|100%| O|  |TAMS 0x00000000e2f00000, 0x00000000e3000000| Untracked 
|  48|0x00000000e3000000, 0x00000000e3050000, 0x00000000e3100000| 31%| O|  |TAMS 0x00000000e3000000, 0x00000000e3050000| Untracked 
|  49|0x00000000e3100000, 0x00000000e3100000, 0x00000000e3200000|  0%| F|  |TAMS 0x00000000e3100000, 0x00000000e3100000| Untracked 
|  50|0x00000000e3200000, 0x00000000e3200000, 0x00000000e3300000|  0%| F|  |TAMS 0x00000000e3200000, 0x00000000e3200000| Untracked 
|  51|0x00000000e3300000, 0x00000000e3300000, 0x00000000e3400000|  0%| F|  |TAMS 0x00000000e3300000, 0x00000000e3300000| Untracked 
|  52|0x00000000e3400000, 0x00000000e3400000, 0x00000000e3500000|  0%| F|  |TAMS 0x00000000e3400000, 0x00000000e3400000| Untracked 
|  53|0x00000000e3500000, 0x00000000e3500000, 0x00000000e3600000|  0%| F|  |TAMS 0x00000000e3500000, 0x00000000e3500000| Untracked 
|  54|0x00000000e3600000, 0x00000000e3600000, 0x00000000e3700000|  0%| F|  |TAMS 0x00000000e3600000, 0x00000000e3600000| Untracked 
|  55|0x00000000e3700000, 0x00000000e3700000, 0x00000000e3800000|  0%| F|  |TAMS 0x00000000e3700000, 0x00000000e3700000| Untracked 
|  56|0x00000000e3800000, 0x00000000e3800000, 0x00000000e3900000|  0%| F|  |TAMS 0x00000000e3800000, 0x00000000e3800000| Untracked 
|  57|0x00000000e3900000, 0x00000000e3900000, 0x00000000e3a00000|  0%| F|  |TAMS 0x00000000e3900000, 0x00000000e3900000| Untracked 
|  58|0x00000000e3a00000, 0x00000000e3a00000, 0x00000000e3b00000|  0%| F|  |TAMS 0x00000000e3a00000, 0x00000000e3a00000| Untracked 
|  59|0x00000000e3b00000, 0x00000000e3b00000, 0x00000000e3c00000|  0%| F|  |TAMS 0x00000000e3b00000, 0x00000000e3b00000| Untracked 
|  60|0x00000000e3c00000, 0x00000000e3c00000, 0x00000000e3d00000|  0%| F|  |TAMS 0x00000000e3c00000, 0x00000000e3c00000| Untracked 
|  61|0x00000000e3d00000, 0x00000000e3d00000, 0x00000000e3e00000|  0%| F|  |TAMS 0x00000000e3d00000, 0x00000000e3d00000| Untracked 
|  62|0x00000000e3e00000, 0x00000000e3e00000, 0x00000000e3f00000|  0%| F|  |TAMS 0x00000000e3e00000, 0x00000000e3e00000| Untracked 
|  63|0x00000000e3f00000, 0x00000000e3f00000, 0x00000000e4000000|  0%| F|  |TAMS 0x00000000e3f00000, 0x00000000e3f00000| Untracked 
|  64|0x00000000e4000000, 0x00000000e4000000, 0x00000000e4100000|  0%| F|  |TAMS 0x00000000e4000000, 0x00000000e4000000| Untracked 
|  65|0x00000000e4100000, 0x00000000e4100000, 0x00000000e4200000|  0%| F|  |TAMS 0x00000000e4100000, 0x00000000e4100000| Untracked 
|  66|0x00000000e4200000, 0x00000000e4200000, 0x00000000e4300000|  0%| F|  |TAMS 0x00000000e4200000, 0x00000000e4200000| Untracked 
|  67|0x00000000e4300000, 0x00000000e4300000, 0x00000000e4400000|  0%| F|  |TAMS 0x00000000e4300000, 0x00000000e4300000| Untracked 
|  68|0x00000000e4400000, 0x00000000e4400000, 0x00000000e4500000|  0%| F|  |TAMS 0x00000000e4400000, 0x00000000e4400000| Untracked 
|  69|0x00000000e4500000, 0x00000000e4500000, 0x00000000e4600000|  0%| F|  |TAMS 0x00000000e4500000, 0x00000000e4500000| Untracked 
|  70|0x00000000e4600000, 0x00000000e4600000, 0x00000000e4700000|  0%| F|  |TAMS 0x00000000e4600000, 0x00000000e4600000| Untracked 
|  71|0x00000000e4700000, 0x00000000e4700000, 0x00000000e4800000|  0%| F|  |TAMS 0x00000000e4700000, 0x00000000e4700000| Untracked 
|  72|0x00000000e4800000, 0x00000000e4800000, 0x00000000e4900000|  0%| F|  |TAMS 0x00000000e4800000, 0x00000000e4800000| Untracked 
|  73|0x00000000e4900000, 0x00000000e4900000, 0x00000000e4a00000|  0%| F|  |TAMS 0x00000000e4900000, 0x00000000e4900000| Untracked 
|  74|0x00000000e4a00000, 0x00000000e4a00000, 0x00000000e4b00000|  0%| F|  |TAMS 0x00000000e4a00000, 0x00000000e4a00000| Untracked 
|  75|0x00000000e4b00000, 0x00000000e4b00000, 0x00000000e4c00000|  0%| F|  |TAMS 0x00000000e4b00000, 0x00000000e4b00000| Untracked 
|  76|0x00000000e4c00000, 0x00000000e4c00000, 0x00000000e4d00000|  0%| F|  |TAMS 0x00000000e4c00000, 0x00000000e4c00000| Untracked 
|  77|0x00000000e4d00000, 0x00000000e4d00000, 0x00000000e4e00000|  0%| F|  |TAMS 0x00000000e4d00000, 0x00000000e4d00000| Untracked 
|  78|0x00000000e4e00000, 0x00000000e4e00000, 0x00000000e4f00000|  0%| F|  |TAMS 0x00000000e4e00000, 0x00000000e4e00000| Untracked 
|  79|0x00000000e4f00000, 0x00000000e4f00000, 0x00000000e5000000|  0%| F|  |TAMS 0x00000000e4f00000, 0x00000000e4f00000| Untracked 
|  80|0x00000000e5000000, 0x00000000e5000000, 0x00000000e5100000|  0%| F|  |TAMS 0x00000000e5000000, 0x00000000e5000000| Untracked 
|  81|0x00000000e5100000, 0x00000000e5100000, 0x00000000e5200000|  0%| F|  |TAMS 0x00000000e5100000, 0x00000000e5100000| Untracked 
|  82|0x00000000e5200000, 0x00000000e5200000, 0x00000000e5300000|  0%| F|  |TAMS 0x00000000e5200000, 0x00000000e5200000| Untracked 
|  83|0x00000000e5300000, 0x00000000e5300000, 0x00000000e5400000|  0%| F|  |TAMS 0x00000000e5300000, 0x00000000e5300000| Untracked 
|  84|0x00000000e5400000, 0x00000000e5400000, 0x00000000e5500000|  0%| F|  |TAMS 0x00000000e5400000, 0x00000000e5400000| Untracked 
|  85|0x00000000e5500000, 0x00000000e5500000, 0x00000000e5600000|  0%| F|  |TAMS 0x00000000e5500000, 0x00000000e5500000| Untracked 
|  86|0x00000000e5600000, 0x00000000e5600000, 0x00000000e5700000|  0%| F|  |TAMS 0x00000000e5600000, 0x00000000e5600000| Untracked 
|  87|0x00000000e5700000, 0x00000000e5700000, 0x00000000e5800000|  0%| F|  |TAMS 0x00000000e5700000, 0x00000000e5700000| Untracked 
|  88|0x00000000e5800000, 0x00000000e5800000, 0x00000000e5900000|  0%| F|  |TAMS 0x00000000e5800000, 0x00000000e5800000| Untracked 
|  89|0x00000000e5900000, 0x00000000e5900000, 0x00000000e5a00000|  0%| F|  |TAMS 0x00000000e5900000, 0x00000000e5900000| Untracked 
|  90|0x00000000e5a00000, 0x00000000e5a00000, 0x00000000e5b00000|  0%| F|  |TAMS 0x00000000e5a00000, 0x00000000e5a00000| Untracked 
|  91|0x00000000e5b00000, 0x00000000e5b00000, 0x00000000e5c00000|  0%| F|  |TAMS 0x00000000e5b00000, 0x00000000e5b00000| Untracked 
|  92|0x00000000e5c00000, 0x00000000e5c00000, 0x00000000e5d00000|  0%| F|  |TAMS 0x00000000e5c00000, 0x00000000e5c00000| Untracked 
|  93|0x00000000e5d00000, 0x00000000e5d00000, 0x00000000e5e00000|  0%| F|  |TAMS 0x00000000e5d00000, 0x00000000e5d00000| Untracked 
|  94|0x00000000e5e00000, 0x00000000e5e00000, 0x00000000e5f00000|  0%| F|  |TAMS 0x00000000e5e00000, 0x00000000e5e00000| Untracked 
|  95|0x00000000e5f00000, 0x00000000e5f00000, 0x00000000e6000000|  0%| F|  |TAMS 0x00000000e5f00000, 0x00000000e5f00000| Untracked 
|  96|0x00000000e6000000, 0x00000000e6000000, 0x00000000e6100000|  0%| F|  |TAMS 0x00000000e6000000, 0x00000000e6000000| Untracked 
|  97|0x00000000e6100000, 0x00000000e6100000, 0x00000000e6200000|  0%| F|  |TAMS 0x00000000e6100000, 0x00000000e6100000| Untracked 
|  98|0x00000000e6200000, 0x00000000e6200000, 0x00000000e6300000|  0%| F|  |TAMS 0x00000000e6200000, 0x00000000e6200000| Untracked 
|  99|0x00000000e6300000, 0x00000000e6300000, 0x00000000e6400000|  0%| F|  |TAMS 0x00000000e6300000, 0x00000000e6300000| Untracked 
| 100|0x00000000e6400000, 0x00000000e6400000, 0x00000000e6500000|  0%| F|  |TAMS 0x00000000e6400000, 0x00000000e6400000| Untracked 
| 101|0x00000000e6500000, 0x00000000e6600000, 0x00000000e6600000|100%| S|CS|TAMS 0x00000000e6500000, 0x00000000e6500000| Complete 
| 102|0x00000000e6600000, 0x00000000e6700000, 0x00000000e6700000|100%| S|CS|TAMS 0x00000000e6600000, 0x00000000e6600000| Complete 
| 103|0x00000000e6700000, 0x00000000e6800000, 0x00000000e6800000|100%| S|CS|TAMS 0x00000000e6700000, 0x00000000e6700000| Complete 
| 104|0x00000000e6800000, 0x00000000e6900000, 0x00000000e6900000|100%| S|CS|TAMS 0x00000000e6800000, 0x00000000e6800000| Complete 
| 105|0x00000000e6900000, 0x00000000e6a00000, 0x00000000e6a00000|100%| S|CS|TAMS 0x00000000e6900000, 0x00000000e6900000| Complete 
| 106|0x00000000e6a00000, 0x00000000e6b00000, 0x00000000e6b00000|100%| S|CS|TAMS 0x00000000e6a00000, 0x00000000e6a00000| Complete 
| 107|0x00000000e6b00000, 0x00000000e6b00000, 0x00000000e6c00000|  0%| F|  |TAMS 0x00000000e6b00000, 0x00000000e6b00000| Untracked 
| 108|0x00000000e6c00000, 0x00000000e6c00000, 0x00000000e6d00000|  0%| F|  |TAMS 0x00000000e6c00000, 0x00000000e6c00000| Untracked 
| 109|0x00000000e6d00000, 0x00000000e6d00000, 0x00000000e6e00000|  0%| F|  |TAMS 0x00000000e6d00000, 0x00000000e6d00000| Untracked 
| 110|0x00000000e6e00000, 0x00000000e6e00000, 0x00000000e6f00000|  0%| F|  |TAMS 0x00000000e6e00000, 0x00000000e6e00000| Untracked 
| 111|0x00000000e6f00000, 0x00000000e6f00000, 0x00000000e7000000|  0%| F|  |TAMS 0x00000000e6f00000, 0x00000000e6f00000| Untracked 
| 112|0x00000000e7000000, 0x00000000e7000000, 0x00000000e7100000|  0%| F|  |TAMS 0x00000000e7000000, 0x00000000e7000000| Untracked 
| 113|0x00000000e7100000, 0x00000000e7100000, 0x00000000e7200000|  0%| F|  |TAMS 0x00000000e7100000, 0x00000000e7100000| Untracked 
| 114|0x00000000e7200000, 0x00000000e7200000, 0x00000000e7300000|  0%| F|  |TAMS 0x00000000e7200000, 0x00000000e7200000| Untracked 
| 115|0x00000000e7300000, 0x00000000e7300000, 0x00000000e7400000|  0%| F|  |TAMS 0x00000000e7300000, 0x00000000e7300000| Untracked 
| 116|0x00000000e7400000, 0x00000000e7400000, 0x00000000e7500000|  0%| F|  |TAMS 0x00000000e7400000, 0x00000000e7400000| Untracked 
| 117|0x00000000e7500000, 0x00000000e7500000, 0x00000000e7600000|  0%| F|  |TAMS 0x00000000e7500000, 0x00000000e7500000| Untracked 
| 118|0x00000000e7600000, 0x00000000e7600000, 0x00000000e7700000|  0%| F|  |TAMS 0x00000000e7600000, 0x00000000e7600000| Untracked 
| 119|0x00000000e7700000, 0x00000000e7700000, 0x00000000e7800000|  0%| F|  |TAMS 0x00000000e7700000, 0x00000000e7700000| Untracked 
| 120|0x00000000e7800000, 0x00000000e7800000, 0x00000000e7900000|  0%| F|  |TAMS 0x00000000e7800000, 0x00000000e7800000| Untracked 
| 121|0x00000000e7900000, 0x00000000e7a00000, 0x00000000e7a00000|100%| S|CS|TAMS 0x00000000e7900000, 0x00000000e7900000| Complete 
| 122|0x00000000e7a00000, 0x00000000e7b00000, 0x00000000e7b00000|100%| S|CS|TAMS 0x00000000e7a00000, 0x00000000e7a00000| Complete 
| 123|0x00000000e7b00000, 0x00000000e7c00000, 0x00000000e7c00000|100%| S|CS|TAMS 0x00000000e7b00000, 0x00000000e7b00000| Complete 
| 124|0x00000000e7c00000, 0x00000000e7d00000, 0x00000000e7d00000|100%| S|CS|TAMS 0x00000000e7c00000, 0x00000000e7c00000| Complete 
| 125|0x00000000e7d00000, 0x00000000e7e00000, 0x00000000e7e00000|100%| S|CS|TAMS 0x00000000e7d00000, 0x00000000e7d00000| Complete 
| 126|0x00000000e7e00000, 0x00000000e7f00000, 0x00000000e7f00000|100%| S|CS|TAMS 0x00000000e7e00000, 0x00000000e7e00000| Complete 
| 127|0x00000000e7f00000, 0x00000000e8000000, 0x00000000e8000000|100%| S|CS|TAMS 0x00000000e7f00000, 0x00000000e7f00000| Complete 
| 128|0x00000000e8000000, 0x00000000e8100000, 0x00000000e8100000|100%| S|CS|TAMS 0x00000000e8000000, 0x00000000e8000000| Complete 
| 129|0x00000000e8100000, 0x00000000e8200000, 0x00000000e8200000|100%| S|CS|TAMS 0x00000000e8100000, 0x00000000e8100000| Complete 
| 130|0x00000000e8200000, 0x00000000e8300000, 0x00000000e8300000|100%| S|CS|TAMS 0x00000000e8200000, 0x00000000e8200000| Complete 
| 131|0x00000000e8300000, 0x00000000e8400000, 0x00000000e8400000|100%| S|CS|TAMS 0x00000000e8300000, 0x00000000e8300000| Complete 
| 132|0x00000000e8400000, 0x00000000e8500000, 0x00000000e8500000|100%| S|CS|TAMS 0x00000000e8400000, 0x00000000e8400000| Complete 
| 133|0x00000000e8500000, 0x00000000e8600000, 0x00000000e8600000|100%| S|CS|TAMS 0x00000000e8500000, 0x00000000e8500000| Complete 
| 134|0x00000000e8600000, 0x00000000e8700000, 0x00000000e8700000|100%| S|CS|TAMS 0x00000000e8600000, 0x00000000e8600000| Complete 
| 135|0x00000000e8700000, 0x00000000e8700000, 0x00000000e8800000|  0%| F|  |TAMS 0x00000000e8700000, 0x00000000e8700000| Untracked 
| 136|0x00000000e8800000, 0x00000000e8800000, 0x00000000e8900000|  0%| F|  |TAMS 0x00000000e8800000, 0x00000000e8800000| Untracked 
| 137|0x00000000e8900000, 0x00000000e8900000, 0x00000000e8a00000|  0%| F|  |TAMS 0x00000000e8900000, 0x00000000e8900000| Untracked 
| 138|0x00000000e8a00000, 0x00000000e8a00000, 0x00000000e8b00000|  0%| F|  |TAMS 0x00000000e8a00000, 0x00000000e8a00000| Untracked 
| 139|0x00000000e8b00000, 0x00000000e8b00000, 0x00000000e8c00000|  0%| F|  |TAMS 0x00000000e8b00000, 0x00000000e8b00000| Untracked 
| 140|0x00000000e8c00000, 0x00000000e8c00000, 0x00000000e8d00000|  0%| F|  |TAMS 0x00000000e8c00000, 0x00000000e8c00000| Untracked 
| 141|0x00000000e8d00000, 0x00000000e8d00000, 0x00000000e8e00000|  0%| F|  |TAMS 0x00000000e8d00000, 0x00000000e8d00000| Untracked 
| 142|0x00000000e8e00000, 0x00000000e8e00000, 0x00000000e8f00000|  0%| F|  |TAMS 0x00000000e8e00000, 0x00000000e8e00000| Untracked 
| 143|0x00000000e8f00000, 0x00000000e8f00000, 0x00000000e9000000|  0%| F|  |TAMS 0x00000000e8f00000, 0x00000000e8f00000| Untracked 
| 144|0x00000000e9000000, 0x00000000e9000000, 0x00000000e9100000|  0%| F|  |TAMS 0x00000000e9000000, 0x00000000e9000000| Untracked 
| 145|0x00000000e9100000, 0x00000000e9100000, 0x00000000e9200000|  0%| F|  |TAMS 0x00000000e9100000, 0x00000000e9100000| Untracked 
| 146|0x00000000e9200000, 0x00000000e9200000, 0x00000000e9300000|  0%| F|  |TAMS 0x00000000e9200000, 0x00000000e9200000| Untracked 
| 147|0x00000000e9300000, 0x00000000e9300000, 0x00000000e9400000|  0%| F|  |TAMS 0x00000000e9300000, 0x00000000e9300000| Untracked 
| 148|0x00000000e9400000, 0x00000000e9400000, 0x00000000e9500000|  0%| F|  |TAMS 0x00000000e9400000, 0x00000000e9400000| Untracked 
| 149|0x00000000e9500000, 0x00000000e9500000, 0x00000000e9600000|  0%| F|  |TAMS 0x00000000e9500000, 0x00000000e9500000| Untracked 
| 150|0x00000000e9600000, 0x00000000e9600000, 0x00000000e9700000|  0%| F|  |TAMS 0x00000000e9600000, 0x00000000e9600000| Untracked 
| 151|0x00000000e9700000, 0x00000000e9700000, 0x00000000e9800000|  0%| F|  |TAMS 0x00000000e9700000, 0x00000000e9700000| Untracked 
| 152|0x00000000e9800000, 0x00000000e9800000, 0x00000000e9900000|  0%| F|  |TAMS 0x00000000e9800000, 0x00000000e9800000| Untracked 
| 153|0x00000000e9900000, 0x00000000e9900000, 0x00000000e9a00000|  0%| F|  |TAMS 0x00000000e9900000, 0x00000000e9900000| Untracked 
| 154|0x00000000e9a00000, 0x00000000e9a00000, 0x00000000e9b00000|  0%| F|  |TAMS 0x00000000e9a00000, 0x00000000e9a00000| Untracked 
| 155|0x00000000e9b00000, 0x00000000e9b00000, 0x00000000e9c00000|  0%| F|  |TAMS 0x00000000e9b00000, 0x00000000e9b00000| Untracked 
| 156|0x00000000e9c00000, 0x00000000e9c00000, 0x00000000e9d00000|  0%| F|  |TAMS 0x00000000e9c00000, 0x00000000e9c00000| Untracked 
| 157|0x00000000e9d00000, 0x00000000e9d00000, 0x00000000e9e00000|  0%| F|  |TAMS 0x00000000e9d00000, 0x00000000e9d00000| Untracked 
| 158|0x00000000e9e00000, 0x00000000e9e00000, 0x00000000e9f00000|  0%| F|  |TAMS 0x00000000e9e00000, 0x00000000e9e00000| Untracked 
| 159|0x00000000e9f00000, 0x00000000e9f00000, 0x00000000ea000000|  0%| F|  |TAMS 0x00000000e9f00000, 0x00000000e9f00000| Untracked 
| 160|0x00000000ea000000, 0x00000000ea000000, 0x00000000ea100000|  0%| F|  |TAMS 0x00000000ea000000, 0x00000000ea000000| Untracked 
| 161|0x00000000ea100000, 0x00000000ea100000, 0x00000000ea200000|  0%| F|  |TAMS 0x00000000ea100000, 0x00000000ea100000| Untracked 
| 162|0x00000000ea200000, 0x00000000ea200000, 0x00000000ea300000|  0%| F|  |TAMS 0x00000000ea200000, 0x00000000ea200000| Untracked 
| 163|0x00000000ea300000, 0x00000000ea300000, 0x00000000ea400000|  0%| F|  |TAMS 0x00000000ea300000, 0x00000000ea300000| Untracked 
| 164|0x00000000ea400000, 0x00000000ea400000, 0x00000000ea500000|  0%| F|  |TAMS 0x00000000ea400000, 0x00000000ea400000| Untracked 
| 165|0x00000000ea500000, 0x00000000ea500000, 0x00000000ea600000|  0%| F|  |TAMS 0x00000000ea500000, 0x00000000ea500000| Untracked 
| 166|0x00000000ea600000, 0x00000000ea600000, 0x00000000ea700000|  0%| F|  |TAMS 0x00000000ea600000, 0x00000000ea600000| Untracked 
| 167|0x00000000ea700000, 0x00000000ea700000, 0x00000000ea800000|  0%| F|  |TAMS 0x00000000ea700000, 0x00000000ea700000| Untracked 
| 168|0x00000000ea800000, 0x00000000ea800000, 0x00000000ea900000|  0%| F|  |TAMS 0x00000000ea800000, 0x00000000ea800000| Untracked 
| 169|0x00000000ea900000, 0x00000000ea900000, 0x00000000eaa00000|  0%| F|  |TAMS 0x00000000ea900000, 0x00000000ea900000| Untracked 
| 170|0x00000000eaa00000, 0x00000000eaa00000, 0x00000000eab00000|  0%| F|  |TAMS 0x00000000eaa00000, 0x00000000eaa00000| Untracked 
| 171|0x00000000eab00000, 0x00000000eab00000, 0x00000000eac00000|  0%| F|  |TAMS 0x00000000eab00000, 0x00000000eab00000| Untracked 
| 172|0x00000000eac00000, 0x00000000eac00000, 0x00000000ead00000|  0%| F|  |TAMS 0x00000000eac00000, 0x00000000eac00000| Untracked 
| 173|0x00000000ead00000, 0x00000000ead00000, 0x00000000eae00000|  0%| F|  |TAMS 0x00000000ead00000, 0x00000000ead00000| Untracked 
| 174|0x00000000eae00000, 0x00000000eae00000, 0x00000000eaf00000|  0%| F|  |TAMS 0x00000000eae00000, 0x00000000eae00000| Untracked 
| 175|0x00000000eaf00000, 0x00000000eaf00000, 0x00000000eb000000|  0%| F|  |TAMS 0x00000000eaf00000, 0x00000000eaf00000| Untracked 
| 176|0x00000000eb000000, 0x00000000eb000000, 0x00000000eb100000|  0%| F|  |TAMS 0x00000000eb000000, 0x00000000eb000000| Untracked 
| 177|0x00000000eb100000, 0x00000000eb100000, 0x00000000eb200000|  0%| F|  |TAMS 0x00000000eb100000, 0x00000000eb100000| Untracked 
| 178|0x00000000eb200000, 0x00000000eb200000, 0x00000000eb300000|  0%| F|  |TAMS 0x00000000eb200000, 0x00000000eb200000| Untracked 
| 179|0x00000000eb300000, 0x00000000eb300000, 0x00000000eb400000|  0%| F|  |TAMS 0x00000000eb300000, 0x00000000eb300000| Untracked 
| 180|0x00000000eb400000, 0x00000000eb400000, 0x00000000eb500000|  0%| F|  |TAMS 0x00000000eb400000, 0x00000000eb400000| Untracked 
| 181|0x00000000eb500000, 0x00000000eb500000, 0x00000000eb600000|  0%| F|  |TAMS 0x00000000eb500000, 0x00000000eb500000| Untracked 
| 182|0x00000000eb600000, 0x00000000eb600000, 0x00000000eb700000|  0%| F|  |TAMS 0x00000000eb600000, 0x00000000eb600000| Untracked 
| 183|0x00000000eb700000, 0x00000000eb700000, 0x00000000eb800000|  0%| F|  |TAMS 0x00000000eb700000, 0x00000000eb700000| Untracked 
| 184|0x00000000eb800000, 0x00000000eb800000, 0x00000000eb900000|  0%| F|  |TAMS 0x00000000eb800000, 0x00000000eb800000| Untracked 
| 185|0x00000000eb900000, 0x00000000eb900000, 0x00000000eba00000|  0%| F|  |TAMS 0x00000000eb900000, 0x00000000eb900000| Untracked 
| 186|0x00000000eba00000, 0x00000000eba00000, 0x00000000ebb00000|  0%| F|  |TAMS 0x00000000eba00000, 0x00000000eba00000| Untracked 
| 187|0x00000000ebb00000, 0x00000000ebb00000, 0x00000000ebc00000|  0%| F|  |TAMS 0x00000000ebb00000, 0x00000000ebb00000| Untracked 
| 188|0x00000000ebc00000, 0x00000000ebc00000, 0x00000000ebd00000|  0%| F|  |TAMS 0x00000000ebc00000, 0x00000000ebc00000| Untracked 
| 189|0x00000000ebd00000, 0x00000000ebd00000, 0x00000000ebe00000|  0%| F|  |TAMS 0x00000000ebd00000, 0x00000000ebd00000| Untracked 
| 190|0x00000000ebe00000, 0x00000000ebe00000, 0x00000000ebf00000|  0%| F|  |TAMS 0x00000000ebe00000, 0x00000000ebe00000| Untracked 
| 191|0x00000000ebf00000, 0x00000000ebf00000, 0x00000000ec000000|  0%| F|  |TAMS 0x00000000ebf00000, 0x00000000ebf00000| Untracked 
| 192|0x00000000ec000000, 0x00000000ec000000, 0x00000000ec100000|  0%| F|  |TAMS 0x00000000ec000000, 0x00000000ec000000| Untracked 
| 193|0x00000000ec100000, 0x00000000ec100000, 0x00000000ec200000|  0%| F|  |TAMS 0x00000000ec100000, 0x00000000ec100000| Untracked 
| 194|0x00000000ec200000, 0x00000000ec200000, 0x00000000ec300000|  0%| F|  |TAMS 0x00000000ec200000, 0x00000000ec200000| Untracked 
| 195|0x00000000ec300000, 0x00000000ec300000, 0x00000000ec400000|  0%| F|  |TAMS 0x00000000ec300000, 0x00000000ec300000| Untracked 
| 196|0x00000000ec400000, 0x00000000ec400000, 0x00000000ec500000|  0%| F|  |TAMS 0x00000000ec400000, 0x00000000ec400000| Untracked 
| 197|0x00000000ec500000, 0x00000000ec500000, 0x00000000ec600000|  0%| F|  |TAMS 0x00000000ec500000, 0x00000000ec500000| Untracked 
| 198|0x00000000ec600000, 0x00000000ec600000, 0x00000000ec700000|  0%| F|  |TAMS 0x00000000ec600000, 0x00000000ec600000| Untracked 
| 199|0x00000000ec700000, 0x00000000ec700000, 0x00000000ec800000|  0%| F|  |TAMS 0x00000000ec700000, 0x00000000ec700000| Untracked 
| 200|0x00000000ec800000, 0x00000000ec800000, 0x00000000ec900000|  0%| F|  |TAMS 0x00000000ec800000, 0x00000000ec800000| Untracked 
| 201|0x00000000ec900000, 0x00000000ec900000, 0x00000000eca00000|  0%| F|  |TAMS 0x00000000ec900000, 0x00000000ec900000| Untracked 
| 202|0x00000000eca00000, 0x00000000eca00000, 0x00000000ecb00000|  0%| F|  |TAMS 0x00000000eca00000, 0x00000000eca00000| Untracked 
| 203|0x00000000ecb00000, 0x00000000ecb00000, 0x00000000ecc00000|  0%| F|  |TAMS 0x00000000ecb00000, 0x00000000ecb00000| Untracked 
| 204|0x00000000ecc00000, 0x00000000ecc00000, 0x00000000ecd00000|  0%| F|  |TAMS 0x00000000ecc00000, 0x00000000ecc00000| Untracked 
| 205|0x00000000ecd00000, 0x00000000ecd00000, 0x00000000ece00000|  0%| F|  |TAMS 0x00000000ecd00000, 0x00000000ecd00000| Untracked 
| 206|0x00000000ece00000, 0x00000000ece00000, 0x00000000ecf00000|  0%| F|  |TAMS 0x00000000ece00000, 0x00000000ece00000| Untracked 
| 207|0x00000000ecf00000, 0x00000000ecf00000, 0x00000000ed000000|  0%| F|  |TAMS 0x00000000ecf00000, 0x00000000ecf00000| Untracked 
| 208|0x00000000ed000000, 0x00000000ed000000, 0x00000000ed100000|  0%| F|  |TAMS 0x00000000ed000000, 0x00000000ed000000| Untracked 
| 209|0x00000000ed100000, 0x00000000ed100000, 0x00000000ed200000|  0%| F|  |TAMS 0x00000000ed100000, 0x00000000ed100000| Untracked 
| 210|0x00000000ed200000, 0x00000000ed200000, 0x00000000ed300000|  0%| F|  |TAMS 0x00000000ed200000, 0x00000000ed200000| Untracked 
| 211|0x00000000ed300000, 0x00000000ed300000, 0x00000000ed400000|  0%| F|  |TAMS 0x00000000ed300000, 0x00000000ed300000| Untracked 
| 212|0x00000000ed400000, 0x00000000ed400000, 0x00000000ed500000|  0%| F|  |TAMS 0x00000000ed400000, 0x00000000ed400000| Untracked 
| 213|0x00000000ed500000, 0x00000000ed500000, 0x00000000ed600000|  0%| F|  |TAMS 0x00000000ed500000, 0x00000000ed500000| Untracked 
| 214|0x00000000ed600000, 0x00000000ed600000, 0x00000000ed700000|  0%| F|  |TAMS 0x00000000ed600000, 0x00000000ed600000| Untracked 
| 215|0x00000000ed700000, 0x00000000ed700000, 0x00000000ed800000|  0%| F|  |TAMS 0x00000000ed700000, 0x00000000ed700000| Untracked 
| 216|0x00000000ed800000, 0x00000000ed800000, 0x00000000ed900000|  0%| F|  |TAMS 0x00000000ed800000, 0x00000000ed800000| Untracked 
| 217|0x00000000ed900000, 0x00000000ed900000, 0x00000000eda00000|  0%| F|  |TAMS 0x00000000ed900000, 0x00000000ed900000| Untracked 
| 218|0x00000000eda00000, 0x00000000eda00000, 0x00000000edb00000|  0%| F|  |TAMS 0x00000000eda00000, 0x00000000eda00000| Untracked 
| 219|0x00000000edb00000, 0x00000000edb00000, 0x00000000edc00000|  0%| F|  |TAMS 0x00000000edb00000, 0x00000000edb00000| Untracked 
| 220|0x00000000edc00000, 0x00000000edc00000, 0x00000000edd00000|  0%| F|  |TAMS 0x00000000edc00000, 0x00000000edc00000| Untracked 
| 221|0x00000000edd00000, 0x00000000edd00000, 0x00000000ede00000|  0%| F|  |TAMS 0x00000000edd00000, 0x00000000edd00000| Untracked 
| 222|0x00000000ede00000, 0x00000000ede00000, 0x00000000edf00000|  0%| F|  |TAMS 0x00000000ede00000, 0x00000000ede00000| Untracked 
| 223|0x00000000edf00000, 0x00000000edf00000, 0x00000000ee000000|  0%| F|  |TAMS 0x00000000edf00000, 0x00000000edf00000| Untracked 
| 224|0x00000000ee000000, 0x00000000ee000000, 0x00000000ee100000|  0%| F|  |TAMS 0x00000000ee000000, 0x00000000ee000000| Untracked 
| 225|0x00000000ee100000, 0x00000000ee100000, 0x00000000ee200000|  0%| F|  |TAMS 0x00000000ee100000, 0x00000000ee100000| Untracked 
| 226|0x00000000ee200000, 0x00000000ee200000, 0x00000000ee300000|  0%| F|  |TAMS 0x00000000ee200000, 0x00000000ee200000| Untracked 
| 227|0x00000000ee300000, 0x00000000ee300000, 0x00000000ee400000|  0%| F|  |TAMS 0x00000000ee300000, 0x00000000ee300000| Untracked 
| 228|0x00000000ee400000, 0x00000000ee400000, 0x00000000ee500000|  0%| F|  |TAMS 0x00000000ee400000, 0x00000000ee400000| Untracked 
| 229|0x00000000ee500000, 0x00000000ee500000, 0x00000000ee600000|  0%| F|  |TAMS 0x00000000ee500000, 0x00000000ee500000| Untracked 
| 230|0x00000000ee600000, 0x00000000ee600000, 0x00000000ee700000|  0%| F|  |TAMS 0x00000000ee600000, 0x00000000ee600000| Untracked 
| 231|0x00000000ee700000, 0x00000000ee700000, 0x00000000ee800000|  0%| F|  |TAMS 0x00000000ee700000, 0x00000000ee700000| Untracked 
| 232|0x00000000ee800000, 0x00000000ee800000, 0x00000000ee900000|  0%| F|  |TAMS 0x00000000ee800000, 0x00000000ee800000| Untracked 
| 233|0x00000000ee900000, 0x00000000ee900000, 0x00000000eea00000|  0%| F|  |TAMS 0x00000000ee900000, 0x00000000ee900000| Untracked 
| 234|0x00000000eea00000, 0x00000000eea00000, 0x00000000eeb00000|  0%| F|  |TAMS 0x00000000eea00000, 0x00000000eea00000| Untracked 
| 235|0x00000000eeb00000, 0x00000000eeb00000, 0x00000000eec00000|  0%| F|  |TAMS 0x00000000eeb00000, 0x00000000eeb00000| Untracked 
| 236|0x00000000eec00000, 0x00000000eec00000, 0x00000000eed00000|  0%| F|  |TAMS 0x00000000eec00000, 0x00000000eec00000| Untracked 
| 237|0x00000000eed00000, 0x00000000eed00000, 0x00000000eee00000|  0%| F|  |TAMS 0x00000000eed00000, 0x00000000eed00000| Untracked 
| 238|0x00000000eee00000, 0x00000000eee00000, 0x00000000eef00000|  0%| F|  |TAMS 0x00000000eee00000, 0x00000000eee00000| Untracked 
| 239|0x00000000eef00000, 0x00000000eef00000, 0x00000000ef000000|  0%| F|  |TAMS 0x00000000eef00000, 0x00000000eef00000| Untracked 
| 240|0x00000000ef000000, 0x00000000ef000000, 0x00000000ef100000|  0%| F|  |TAMS 0x00000000ef000000, 0x00000000ef000000| Untracked 
| 241|0x00000000ef100000, 0x00000000ef100000, 0x00000000ef200000|  0%| F|  |TAMS 0x00000000ef100000, 0x00000000ef100000| Untracked 
| 242|0x00000000ef200000, 0x00000000ef200000, 0x00000000ef300000|  0%| F|  |TAMS 0x00000000ef200000, 0x00000000ef200000| Untracked 
| 243|0x00000000ef300000, 0x00000000ef300000, 0x00000000ef400000|  0%| F|  |TAMS 0x00000000ef300000, 0x00000000ef300000| Untracked 
| 244|0x00000000ef400000, 0x00000000ef400000, 0x00000000ef500000|  0%| F|  |TAMS 0x00000000ef400000, 0x00000000ef400000| Untracked 
| 245|0x00000000ef500000, 0x00000000ef500000, 0x00000000ef600000|  0%| F|  |TAMS 0x00000000ef500000, 0x00000000ef500000| Untracked 
| 246|0x00000000ef600000, 0x00000000ef600000, 0x00000000ef700000|  0%| F|  |TAMS 0x00000000ef600000, 0x00000000ef600000| Untracked 
| 247|0x00000000ef700000, 0x00000000ef700000, 0x00000000ef800000|  0%| F|  |TAMS 0x00000000ef700000, 0x00000000ef700000| Untracked 
| 248|0x00000000ef800000, 0x00000000ef800000, 0x00000000ef900000|  0%| F|  |TAMS 0x00000000ef800000, 0x00000000ef800000| Untracked 
| 249|0x00000000ef900000, 0x00000000ef900000, 0x00000000efa00000|  0%| F|  |TAMS 0x00000000ef900000, 0x00000000ef900000| Untracked 
| 250|0x00000000efa00000, 0x00000000efa00000, 0x00000000efb00000|  0%| F|  |TAMS 0x00000000efa00000, 0x00000000efa00000| Untracked 
| 251|0x00000000efb00000, 0x00000000efb00000, 0x00000000efc00000|  0%| F|  |TAMS 0x00000000efb00000, 0x00000000efb00000| Untracked 
| 252|0x00000000efc00000, 0x00000000efc00000, 0x00000000efd00000|  0%| F|  |TAMS 0x00000000efc00000, 0x00000000efc00000| Untracked 
| 253|0x00000000efd00000, 0x00000000efd00000, 0x00000000efe00000|  0%| F|  |TAMS 0x00000000efd00000, 0x00000000efd00000| Untracked 
| 254|0x00000000efe00000, 0x00000000eff00000, 0x00000000eff00000|100%| E|  |TAMS 0x00000000efe00000, 0x00000000efe00000| Complete 
| 255|0x00000000eff00000, 0x00000000f0000000, 0x00000000f0000000|100%| E|CS|TAMS 0x00000000eff00000, 0x00000000eff00000| Complete 

Card table byte_map: [0x0000026839aa0000,0x0000026839ba0000] _byte_map_base: 0x00000268393a0000

Marking Bits (Prev, Next): (CMBitMap*) 0x00000268233efb10, (CMBitMap*) 0x00000268233efad8
 Prev Bits: [0x000002683a4a0000, 0x000002683aca0000)
 Next Bits: [0x0000026839ca0000, 0x000002683a4a0000)

Polling page: 0x0000026822bb0000

Metaspace:

Usage:
  Non-class:     50.90 MB capacity,    50.04 MB ( 98%) used,   757.59 KB (  1%) free+waste,   127.31 KB ( <1%) overhead. 
      Class:      7.92 MB capacity,     7.39 MB ( 93%) used,   485.71 KB (  6%) free+waste,    60.63 KB ( <1%) overhead. 
       Both:     58.82 MB capacity,    57.43 MB ( 98%) used,     1.21 MB (  2%) free+waste,   187.94 KB ( <1%) overhead. 

Virtual space:
  Non-class space:       52.00 MB reserved,      51.00 MB ( 98%) committed 
      Class space:      248.00 MB reserved,       8.00 MB (  3%) committed 
             Both:      300.00 MB reserved,      59.00 MB ( 20%) committed 

Chunk freelists:
   Non-Class:  4.38 KB
       Class:  2.25 KB
        Both:  6.63 KB

CodeHeap 'non-profiled nmethods': size=120064Kb used=3113Kb max_used=3113Kb free=116950Kb
 bounds [0x0000026832560000, 0x0000026832870000, 0x0000026839aa0000]
CodeHeap 'profiled nmethods': size=120000Kb used=14484Kb max_used=14484Kb free=105515Kb
 bounds [0x000002682b030000, 0x000002682be60000, 0x0000026832560000]
CodeHeap 'non-nmethods': size=5696Kb used=2219Kb max_used=2238Kb free=3476Kb
 bounds [0x000002682aaa0000, 0x000002682ad10000, 0x000002682b030000]
 total_blobs=8329 nmethods=7523 adapters=718
 compilation: enabled
              stopped_count=0, restarted_count=0
 full_count=0

Compilation events (10 events):
Event: 17.773 Thread 0x000002683d2e1800 nmethod 7539 0x000002682be36790 code [0x000002682be36a00, 0x000002682be370f8]
Event: 17.773 Thread 0x000002683d2e1800 7540       2       java.time.ZoneOffset::equals (36 bytes)
Event: 17.773 Thread 0x000002683d2e1800 nmethod 7540 0x000002682be37710 code [0x000002682be378a0, 0x000002682be37a58]
Event: 17.774 Thread 0x000002683d2e1800 7541       2       jdk.nio.zipfs.ZipFileSystem::ensureOpen (16 bytes)
Event: 17.774 Thread 0x000002683d2e1800 nmethod 7541 0x000002682be37b10 code [0x000002682be37cc0, 0x000002682be37e88]
Event: 17.784 Thread 0x000002683d2e1800 7542       1       java.util.Spliterators$ArraySpliterator::characteristics (5 bytes)
Event: 17.784 Thread 0x000002683d2e1800 nmethod 7542 0x0000026832869890 code [0x0000026832869a20, 0x0000026832869ad8]
Event: 17.784 Thread 0x000002683d2e1800 7543       2       com.sun.tools.javac.code.Type$ClassType::<init> (38 bytes)
Event: 17.785 Thread 0x000002683d2e1800 nmethod 7543 0x000002682be37f90 code [0x000002682be38140, 0x000002682be38528]
Event: 17.785 Thread 0x000002683d2e1800 7546       2       java.util.stream.AbstractPipeline::sourceSpliterator (265 bytes)

GC Heap History (10 events):
Event: 7.315 GC heap before
{Heap before GC invocations=7 (full 0):
 garbage-first heap   total 262144K, used 54829K [0x00000000e0000000, 0x0000000100000000)
  region size 1024K, 44 young (45056K), 8 survivors (8192K)
 Metaspace       used 34999K, capacity 35701K, committed 35840K, reserved 286720K
  class space    used 4383K, capacity 4614K, committed 4736K, reserved 253952K
}
Event: 7.328 GC heap after
{Heap after GC invocations=8 (full 0):
 garbage-first heap   total 262144K, used 23187K [0x00000000e0000000, 0x0000000100000000)
  region size 1024K, 8 young (8192K), 8 survivors (8192K)
 Metaspace       used 34999K, capacity 35701K, committed 35840K, reserved 286720K
  class space    used 4383K, capacity 4614K, committed 4736K, reserved 253952K
}
Event: 9.932 GC heap before
{Heap before GC invocations=9 (full 0):
 garbage-first heap   total 262144K, used 142995K [0x00000000e0000000, 0x0000000100000000)
  region size 1024K, 125 young (128000K), 8 survivors (8192K)
 Metaspace       used 43804K, capacity 44868K, committed 45056K, reserved 292864K
  class space    used 5768K, capacity 6126K, committed 6144K, reserved 253952K
}
Event: 9.956 GC heap after
{Heap after GC invocations=10 (full 0):
 garbage-first heap   total 262144K, used 28022K [0x00000000e0000000, 0x0000000100000000)
  region size 1024K, 13 young (13312K), 13 survivors (13312K)
 Metaspace       used 43804K, capacity 44868K, committed 45056K, reserved 292864K
  class space    used 5768K, capacity 6126K, committed 6144K, reserved 253952K
}
Event: 12.809 GC heap before
{Heap before GC invocations=10 (full 0):
 garbage-first heap   total 262144K, used 170358K [0x00000000e0000000, 0x0000000100000000)
  region size 1024K, 153 young (156672K), 13 survivors (13312K)
 Metaspace       used 46630K, capacity 47646K, committed 47872K, reserved 296960K
  class space    used 6026K, capacity 6387K, committed 6400K, reserved 253952K
}
Event: 12.846 GC heap after
{Heap after GC invocations=11 (full 0):
 garbage-first heap   total 262144K, used 37532K [0x00000000e0000000, 0x0000000100000000)
  region size 1024K, 18 young (18432K), 18 survivors (18432K)
 Metaspace       used 46630K, capacity 47646K, committed 47872K, reserved 296960K
  class space    used 6026K, capacity 6387K, committed 6400K, reserved 253952K
}
Event: 14.240 GC heap before
{Heap before GC invocations=11 (full 0):
 garbage-first heap   total 262144K, used 175772K [0x00000000e0000000, 0x0000000100000000)
  region size 1024K, 153 young (156672K), 18 survivors (18432K)
 Metaspace       used 47662K, capacity 48754K, committed 49024K, reserved 296960K
  class space    used 6108K, capacity 6475K, committed 6528K, reserved 253952K
}
Event: 14.269 GC heap after
{Heap after GC invocations=12 (full 0):
 garbage-first heap   total 262144K, used 41984K [0x00000000e0000000, 0x0000000100000000)
  region size 1024K, 14 young (14336K), 14 survivors (14336K)
 Metaspace       used 47662K, capacity 48754K, committed 49024K, reserved 296960K
  class space    used 6108K, capacity 6475K, committed 6528K, reserved 253952K
}
Event: 17.623 GC heap before
{Heap before GC invocations=12 (full 0):
 garbage-first heap   total 262144K, used 165888K [0x00000000e0000000, 0x0000000100000000)
  region size 1024K, 135 young (138240K), 14 survivors (14336K)
 Metaspace       used 58617K, capacity 60010K, committed 60160K, reserved 307200K
  class space    used 7546K, capacity 8078K, committed 8192K, reserved 253952K
}
Event: 17.717 GC heap after
{Heap after GC invocations=13 (full 0):
 garbage-first heap   total 262144K, used 68928K [0x00000000e0000000, 0x0000000100000000)
  region size 1024K, 20 young (20480K), 20 survivors (20480K)
 Metaspace       used 58617K, capacity 60010K, committed 60160K, reserved 307200K
  class space    used 7546K, capacity 8078K, committed 8192K, reserved 253952K
}

Deoptimization events (10 events):
Event: 16.027 Thread 0x000002684256e800 Uncommon trap: reason=unstable_if action=reinterpret pc=0x000002683257793c method=sun.nio.fs.WindowsPathParser.isSlash(C)Z @ 9 c2
Event: 16.027 Thread 0x000002684256e800 Uncommon trap: reason=unstable_if action=reinterpret pc=0x00000268325cd0c0 method=sun.nio.fs.WindowsPathParser.isSlash(C)Z @ 9 c2
Event: 17.035 Thread 0x000002684256e800 Uncommon trap: reason=bimorphic_or_optimized_type_check action=maybe_recompile pc=0x000002683276a248 method=java.io.DataInputStream.readInt()I @ 4 c2
Event: 17.035 Thread 0x000002684256e800 Uncommon trap: reason=bimorphic_or_optimized_type_check action=maybe_recompile pc=0x000002683276a248 method=java.io.DataInputStream.readInt()I @ 4 c2
Event: 17.035 Thread 0x000002684256e800 Uncommon trap: reason=bimorphic_or_optimized_type_check action=maybe_recompile pc=0x000002683276a248 method=java.io.DataInputStream.readInt()I @ 4 c2
Event: 17.035 Thread 0x000002684256e800 Uncommon trap: reason=bimorphic_or_optimized_type_check action=maybe_recompile pc=0x000002683276a248 method=java.io.DataInputStream.readInt()I @ 4 c2
Event: 17.584 Thread 0x000002684256e800 Uncommon trap: reason=class_check action=maybe_recompile pc=0x0000026832866280 method=java.nio.file.Files$AcceptAllFilter.accept(Ljava/lang/Object;)Z @ 2 c2
Event: 17.584 Thread 0x000002684256e800 Uncommon trap: reason=class_check action=maybe_recompile pc=0x0000026832866280 method=java.nio.file.Files$AcceptAllFilter.accept(Ljava/lang/Object;)Z @ 2 c2
Event: 17.585 Thread 0x000002684256e800 Uncommon trap: reason=class_check action=maybe_recompile pc=0x0000026832866280 method=java.nio.file.Files$AcceptAllFilter.accept(Ljava/lang/Object;)Z @ 2 c2
Event: 17.598 Thread 0x000002684256e800 Uncommon trap: reason=class_check action=maybe_recompile pc=0x0000026832866280 method=java.nio.file.Files$AcceptAllFilter.accept(Ljava/lang/Object;)Z @ 2 c2

Classes redefined (0 events):
No events

Internal exceptions (10 events):
Event: 17.192 Thread 0x000002684256e800 Exception <a 'sun/nio/fs/WindowsException'{0x00000000e94b6e60}> (0x00000000e94b6e60) thrown at [./open/src/hotspot/share/prims/jni.cpp, line 611]
Event: 17.192 Thread 0x000002684256e800 Exception <a 'sun/nio/fs/WindowsException'{0x00000000e94b7d90}> (0x00000000e94b7d90) thrown at [./open/src/hotspot/share/prims/jni.cpp, line 611]
Event: 17.192 Thread 0x000002684256e800 Exception <a 'sun/nio/fs/WindowsException'{0x00000000e94b8cd8}> (0x00000000e94b8cd8) thrown at [./open/src/hotspot/share/prims/jni.cpp, line 611]
Event: 17.582 Thread 0x000002684256e800 Exception <a 'sun/nio/fs/WindowsException'{0x00000000e891fe60}> (0x00000000e891fe60) thrown at [./open/src/hotspot/share/prims/jni.cpp, line 611]
Event: 17.591 Thread 0x000002684256e800 Exception <a 'java/lang/NoSuchMethodError'{0x00000000e893a180}: java.lang.invoke.DirectMethodHandle$Holder.invokeSpecial(Ljava/lang/Object;Ljava/lang/Object;Ljava/lang/Object;Ljava/lang/Object;Ljava/lang/Object;)I> (0x00000000e893a180) thrown at [./open/s
Event: 17.596 Thread 0x000002684256e800 Exception <a 'sun/nio/fs/WindowsException'{0x00000000e8946d40}> (0x00000000e8946d40) thrown at [./open/src/hotspot/share/prims/jni.cpp, line 611]
Event: 17.754 Thread 0x000002684256e800 Exception <a 'sun/nio/fs/WindowsException'{0x00000000eff867d0}> (0x00000000eff867d0) thrown at [./open/src/hotspot/share/prims/jni.cpp, line 611]
Event: 17.759 Thread 0x000002684256e800 Exception <a 'sun/nio/fs/WindowsException'{0x00000000eff8d0d8}> (0x00000000eff8d0d8) thrown at [./open/src/hotspot/share/prims/jni.cpp, line 611]
Event: 17.762 Thread 0x000002684256e800 Exception <a 'sun/nio/fs/WindowsException'{0x00000000eff913f8}> (0x00000000eff913f8) thrown at [./open/src/hotspot/share/prims/jni.cpp, line 611]
Event: 17.775 Thread 0x000002684256e800 Exception <a 'sun/nio/fs/WindowsException'{0x00000000effa23a0}> (0x00000000effa23a0) thrown at [./open/src/hotspot/share/prims/jni.cpp, line 611]

Events (10 events):
Event: 17.778 loading class com/sun/tools/javac/code/Symbol$ModuleSymbol
Event: 17.778 loading class com/sun/tools/javac/code/Symbol$ModuleSymbol done
Event: 17.778 loading class com/sun/tools/javac/code/Symbol$ModuleSymbol
Event: 17.778 loading class com/sun/tools/javac/code/Symbol$ModuleSymbol done
Event: 17.779 loading class com/sun/tools/javac/util/JCDiagnostic$Factory
Event: 17.779 loading class com/sun/tools/javac/util/JCDiagnostic$Factory done
Event: 17.780 loading class java/util/stream/Nodes$FixedNodeBuilder
Event: 17.781 loading class java/util/stream/Nodes$ArrayNode
Event: 17.782 loading class java/util/stream/Nodes$ArrayNode done
Event: 17.782 loading class java/util/stream/Nodes$FixedNodeBuilder done


Dynamic libraries:
0x00007ff6895e0000 - 0x00007ff6895ef000 	C:\Program Files\Java\jdk-11.0.17\bin\java.exe
0x00007ffa18b20000 - 0x00007ffa18d29000 	C:\WINDOWS\SYSTEM32\ntdll.dll
0x00007ffa17450000 - 0x00007ffa1750e000 	C:\WINDOWS\System32\KERNEL32.DLL
0x00007ffa162d0000 - 0x00007ffa1664c000 	C:\WINDOWS\System32\KERNELBASE.dll
0x00007ffa16090000 - 0x00007ffa161a1000 	C:\WINDOWS\System32\ucrtbase.dll
0x00007ffa12c20000 - 0x00007ffa12c35000 	C:\Program Files\Java\jdk-11.0.17\bin\VCRUNTIME140.dll
0x00007ffa12c40000 - 0x00007ffa12c58000 	C:\Program Files\Java\jdk-11.0.17\bin\jli.dll
0x00007ffa17dd0000 - 0x00007ffa17e7e000 	C:\WINDOWS\System32\ADVAPI32.dll
0x00007ffa176d0000 - 0x00007ffa17773000 	C:\WINDOWS\System32\msvcrt.dll
0x00007ffa16a10000 - 0x00007ffa16aae000 	C:\WINDOWS\System32\sechost.dll
0x00007ffa17fd0000 - 0x00007ffa180f0000 	C:\WINDOWS\System32\RPCRT4.dll
0x00007ffa16b50000 - 0x00007ffa16cfd000 	C:\WINDOWS\System32\USER32.dll
0x00007ff9fdf30000 - 0x00007ff9fe1d5000 	C:\WINDOWS\WinSxS\amd64_microsoft.windows.common-controls_6595b64144ccf1df_6.0.22000.120_none_9d947278b86cc467\COMCTL32.dll
0x00007ffa16060000 - 0x00007ffa16086000 	C:\WINDOWS\System32\win32u.dll
0x00007ffa17da0000 - 0x00007ffa17dc9000 	C:\WINDOWS\System32\GDI32.dll
0x00007ffa167c0000 - 0x00007ffa168d8000 	C:\WINDOWS\System32\gdi32full.dll
0x00007ffa161b0000 - 0x00007ffa1624d000 	C:\WINDOWS\System32\msvcp_win.dll
0x00007ffa0bd90000 - 0x00007ffa0bd9a000 	C:\WINDOWS\SYSTEM32\VERSION.dll
0x00007ffa178d0000 - 0x00007ffa17901000 	C:\WINDOWS\System32\IMM32.DLL
0x00007ffa04180000 - 0x00007ffa0421b000 	C:\Program Files\Java\jdk-11.0.17\bin\msvcp140.dll
0x00007ff9e5970000 - 0x00007ff9e648a000 	C:\Program Files\Java\jdk-11.0.17\bin\server\jvm.dll
0x00007ffa16d10000 - 0x00007ffa16d18000 	C:\WINDOWS\System32\PSAPI.DLL
0x00007ffa12ac0000 - 0x00007ffa12af3000 	C:\WINDOWS\SYSTEM32\WINMM.dll
0x00007ffa12960000 - 0x00007ffa12969000 	C:\WINDOWS\SYSTEM32\WSOCK32.dll
0x00007ffa16ae0000 - 0x00007ffa16b4f000 	C:\WINDOWS\System32\WS2_32.dll
0x00007ffa15070000 - 0x00007ffa15088000 	C:\WINDOWS\SYSTEM32\kernel.appcore.dll
0x00007ffa12c10000 - 0x00007ffa12c20000 	C:\Program Files\Java\jdk-11.0.17\bin\verify.dll
0x00007ffa13a80000 - 0x00007ffa13ca1000 	C:\WINDOWS\SYSTEM32\DBGHELP.DLL
0x00007ffa125c0000 - 0x00007ffa125f1000 	C:\WINDOWS\SYSTEM32\dbgcore.DLL
0x00007ffa16250000 - 0x00007ffa162cf000 	C:\WINDOWS\System32\bcryptPrimitives.dll
0x00007ffa0bd60000 - 0x00007ffa0bd88000 	C:\Program Files\Java\jdk-11.0.17\bin\java.dll
0x00007ffa12c00000 - 0x00007ffa12c0a000 	C:\Program Files\Java\jdk-11.0.17\bin\jimage.dll
0x00007ffa12a60000 - 0x00007ffa12a76000 	C:\Program Files\Java\jdk-11.0.17\bin\zip.dll
0x00007ffa18310000 - 0x00007ffa18ad5000 	C:\WINDOWS\System32\SHELL32.dll
0x00007ffa140e0000 - 0x00007ffa14945000 	C:\WINDOWS\SYSTEM32\windows.storage.dll
0x00007ffa16d20000 - 0x00007ffa17096000 	C:\WINDOWS\System32\combase.dll
0x00007ffa13f70000 - 0x00007ffa140d6000 	C:\WINDOWS\SYSTEM32\wintypes.dll
0x00007ffa171c0000 - 0x00007ffa172aa000 	C:\WINDOWS\System32\SHCORE.dll
0x00007ffa17870000 - 0x00007ffa178cd000 	C:\WINDOWS\System32\shlwapi.dll
0x00007ffa15f20000 - 0x00007ffa15f41000 	C:\WINDOWS\SYSTEM32\profapi.dll
0x00007ffa0ee50000 - 0x00007ffa0ee69000 	C:\Program Files\Java\jdk-11.0.17\bin\net.dll
0x00007ffa0ea20000 - 0x00007ffa0eb32000 	C:\WINDOWS\SYSTEM32\WINHTTP.dll
0x00007ffa15510000 - 0x00007ffa15577000 	C:\WINDOWS\system32\mswsock.dll
0x00007ffa0a140000 - 0x00007ffa0a152000 	C:\Program Files\Java\jdk-11.0.17\bin\nio.dll
0x00007ffa12eb0000 - 0x00007ffa12ed6000 	C:\Users\pedre\.gradle\native\30\windows-amd64\native-platform.dll
0x00007ffa130a0000 - 0x00007ffa130a9000 	C:\Program Files\Java\jdk-11.0.17\bin\management.dll
0x00007ffa12ea0000 - 0x00007ffa12eab000 	C:\Program Files\Java\jdk-11.0.17\bin\management_ext.dll
0x00007ffa15760000 - 0x00007ffa15778000 	C:\WINDOWS\SYSTEM32\CRYPTSP.dll
0x00007ffa14fd0000 - 0x00007ffa15005000 	C:\WINDOWS\system32\rsaenh.dll
0x00007ffa15600000 - 0x00007ffa15629000 	C:\WINDOWS\SYSTEM32\USERENV.dll
0x00007ffa158e0000 - 0x00007ffa15907000 	C:\WINDOWS\SYSTEM32\bcrypt.dll
0x00007ffa15750000 - 0x00007ffa1575c000 	C:\WINDOWS\SYSTEM32\CRYPTBASE.dll
0x00007ffa14ba0000 - 0x00007ffa14bcd000 	C:\WINDOWS\SYSTEM32\IPHLPAPI.DLL
0x00007ffa17780000 - 0x00007ffa17789000 	C:\WINDOWS\System32\NSI.dll
0x00007ffa0edb0000 - 0x00007ffa0edc9000 	C:\WINDOWS\SYSTEM32\dhcpcsvc6.DLL
0x00007ffa0f450000 - 0x00007ffa0f46e000 	C:\WINDOWS\SYSTEM32\dhcpcsvc.DLL
0x00007ffa14bd0000 - 0x00007ffa14cb8000 	C:\WINDOWS\SYSTEM32\DNSAPI.dll

dbghelp: loaded successfully - version: 4.0.5 - missing functions: none
symbol engine: initialized successfully - sym options: 0x614 - pdb path: .;C:\Program Files\Java\jdk-11.0.17\bin;C:\WINDOWS\SYSTEM32;C:\WINDOWS\WinSxS\amd64_microsoft.windows.common-controls_6595b64144ccf1df_6.0.22000.120_none_9d947278b86cc467;C:\Program Files\Java\jdk-11.0.17\bin\server;C:\Users\pedre\.gradle\native\30\windows-amd64

VM Arguments:
jvm_args: --add-opens=java.base/java.util=ALL-UNNAMED --add-opens=java.base/java.lang=ALL-UNNAMED --add-opens=java.base/java.lang.invoke=ALL-UNNAMED --add-opens=java.prefs/java.util.prefs=ALL-UNNAMED -XX:MaxMetaspaceSize=256m -XX:+HeapDumpOnOutOfMemoryError -Xms256m -Xmx512m -Dfile.encoding=windows-1252 -Duser.country=US -Duser.language=en -Duser.variant 
java_command: org.gradle.launcher.daemon.bootstrap.GradleDaemon 6.0.1
java_class_path (initial): C:\Users\pedre\.gradle\wrapper\dists\gradle-6.0.1-bin\1lxlpkiy24sb18odw96cp4ojv\gradle-6.0.1\lib\gradle-launcher-6.0.1.jar
Launcher Type: SUN_STANDARD

[Global flags]
     intx CICompilerCount                          = 3                                         {product} {ergonomic}
   size_t CompressedClassSpaceSize                 = 260046848                                 {product} {ergonomic}
     uint ConcGCThreads                            = 1                                         {product} {ergonomic}
     uint G1ConcRefinementThreads                  = 4                                         {product} {ergonomic}
   size_t G1HeapRegionSize                         = 1048576                                   {product} {ergonomic}
    uintx GCDrainStackTargetSize                   = 64                                        {product} {ergonomic}
     bool HeapDumpOnOutOfMemoryError               = true                                   {manageable} {command line}
   size_t InitialHeapSize                          = 268435456                                 {product} {command line}
   size_t MarkStackSize                            = 4194304                                   {product} {ergonomic}
   size_t MaxHeapSize                              = 536870912                                 {product} {command line}
   size_t MaxMetaspaceSize                         = 268435456                                 {product} {command line}
   size_t MaxNewSize                               = 321912832                                 {product} {ergonomic}
   size_t MinHeapDeltaBytes                        = 1048576                                   {product} {ergonomic}
    uintx NonNMethodCodeHeapSize                   = 5830732                                {pd product} {ergonomic}
    uintx NonProfiledCodeHeapSize                  = 122913754                              {pd product} {ergonomic}
    uintx ProfiledCodeHeapSize                     = 122913754                              {pd product} {ergonomic}
    uintx ReservedCodeCacheSize                    = 251658240                              {pd product} {ergonomic}
     bool SegmentedCodeCache                       = true                                      {product} {ergonomic}
     bool UseCompressedClassPointers               = true                                 {lp64_product} {ergonomic}
     bool UseCompressedOops                        = true                                 {lp64_product} {ergonomic}
     bool UseG1GC                                  = true                                      {product} {ergonomic}
     bool UseLargePagesIndividualAllocation        = false                                  {pd product} {ergonomic}

Logging:
Log output configuration:
 #0: stdout all=warning uptime,level,tags
 #1: stderr all=off uptime,level,tags

Environment Variables:
PATH=C:\Program Files\Common Files\Oracle\Java\javapath;C:\WINDOWS\system32;C:\WINDOWS;C:\WINDOWS\System32\Wbem;C:\WINDOWS\System32\WindowsPowerShell\v1.0\;C:\WINDOWS\System32\OpenSSH\;C:\Program Files\Git\cmd;C:\Program Files\nodejs\;C:\Program Files\MySQL\MySQL Shell 8.0\bin\;C:\Users\pedre\AppData\Local\Microsoft\WindowsApps;;C:\Users\pedre\AppData\Roaming\npm;C:\Program Files\JetBrains\IntelliJ IDEA Community Edition 2022.3.1\bin;
USERNAME=pedre
OS=Windows_NT
PROCESSOR_IDENTIFIER=Intel64 Family 6 Model 122 Stepping 1, GenuineIntel



---------------  S Y S T E M  ---------------

OS: Windows 11 , 64 bit Build 22000 (10.0.22000.1516)

CPU:total 4 (initial active 4) (4 cores per cpu, 1 threads per core) family 6 model 122 stepping 1 microcode 0x34, cmov, cx8, fxsr, mmx, sse, sse2, sse3, ssse3, sse4.1, sse4.2, popcnt, aes, clmul, erms, 3dnowpref, tsc, tscinvbit, sha

Memory: 4k page, system-wide physical 3918M (281M free)
TotalPageFile size 7082M (AvailPageFile size 3M)
current process WorkingSet (physical memory assigned to process): 401M, peak: 401M
current process commit charge ("private bytes"): 469M, peak: 469M

vm_info: Java HotSpot(TM) 64-Bit Server VM (11.0.17+10-LTS-269) for windows-amd64 JRE (11.0.17+10-LTS-269), built on Sep 13 2022 19:26:37 by "mach5one" with MS VC++ 15.9 (VS2017)

END.
